/home/genli/.local/lib/python3.9/site-packages/numpy/lib/nanfunctions.py:1878: RuntimeWarning: Degrees of freedom <= 0 for slice.
  var = nanvar(a, axis=axis, dtype=dtype, out=out, ddof=ddof,
/usr/local/lib64/python3.9/site-packages/scipy/stats/_stats_py.py:4424: ConstantInputWarning: An input array is constant; the correlation coefficient is not defined.
  warnings.warn(stats.ConstantInputWarning(msg))
/usr/local/lib64/python3.9/site-packages/scipy/stats/_stats_py.py:4424: ConstantInputWarning: An input array is constant; the correlation coefficient is not defined.
  warnings.warn(stats.ConstantInputWarning(msg))
/usr/local/lib64/python3.9/site-packages/scipy/stats/_stats_py.py:4424: ConstantInputWarning: An input array is constant; the correlation coefficient is not defined.
  warnings.warn(stats.ConstantInputWarning(msg))
/usr/local/lib64/python3.9/site-packages/scipy/stats/_stats_py.py:4424: ConstantInputWarning: An input array is constant; the correlation coefficient is not defined.
  warnings.warn(stats.ConstantInputWarning(msg))
/home/genli/.local/lib/python3.9/site-packages/numpy/lib/nanfunctions.py:1878: RuntimeWarning: Degrees of freedom <= 0 for slice.
  var = nanvar(a, axis=axis, dtype=dtype, out=out, ddof=ddof,
/usr/local/lib64/python3.9/site-packages/scipy/stats/_stats_py.py:4424: ConstantInputWarning: An input array is constant; the correlation coefficient is not defined.
  warnings.warn(stats.ConstantInputWarning(msg))
/usr/local/lib64/python3.9/site-packages/scipy/stats/_stats_py.py:4424: ConstantInputWarning: An input array is constant; the correlation coefficient is not defined.
  warnings.warn(stats.ConstantInputWarning(msg))
/usr/local/lib64/python3.9/site-packages/scipy/stats/_stats_py.py:4424: ConstantInputWarning: An input array is constant; the correlation coefficient is not defined.
  warnings.warn(stats.ConstantInputWarning(msg))
/usr/local/lib64/python3.9/site-packages/scipy/stats/_stats_py.py:4424: ConstantInputWarning: An input array is constant; the correlation coefficient is not defined.
  warnings.warn(stats.ConstantInputWarning(msg))
/home/genli/.local/lib/python3.9/site-packages/numpy/lib/nanfunctions.py:1878: RuntimeWarning: Degrees of freedom <= 0 for slice.
  var = nanvar(a, axis=axis, dtype=dtype, out=out, ddof=ddof,
/usr/local/lib64/python3.9/site-packages/scipy/stats/_stats_py.py:4424: ConstantInputWarning: An input array is constant; the correlation coefficient is not defined.
  warnings.warn(stats.ConstantInputWarning(msg))
/usr/local/lib64/python3.9/site-packages/scipy/stats/_stats_py.py:4424: ConstantInputWarning: An input array is constant; the correlation coefficient is not defined.
  warnings.warn(stats.ConstantInputWarning(msg))
/usr/local/lib64/python3.9/site-packages/scipy/stats/_stats_py.py:4424: ConstantInputWarning: An input array is constant; the correlation coefficient is not defined.
  warnings.warn(stats.ConstantInputWarning(msg))
/usr/local/lib64/python3.9/site-packages/scipy/stats/_stats_py.py:4424: ConstantInputWarning: An input array is constant; the correlation coefficient is not defined.
  warnings.warn(stats.ConstantInputWarning(msg))
=== Configuration ===
Analysis type: M1
Runs: 15001 to 15003
Output Directory for this job: /raid1/genli/Data_D2O/M1_data/analysis_14977-15096_M1_20251202-205527/subjob_15001-15003
Δt cut: (2197, 10985) ns
Photoelectron cut: (0, 1000) P.E.
Time-std cut: < 40.0 ns
======================
--- Processing run 15001 ---
Length of time: 3597882876672.0 ns
Length of time: 59.964714611199994 minutes
Low-light fits saved to /raid1/genli/Data_D2O/M1_data/analysis_14977-15096_M1_20251202-205527/subjob_15001-15003/run15001_20240601-23/lowlight/Run15001_M1_low_light_fits.png
Low-light fit data saved to /raid1/genli/Data_D2O/M1_data/analysis_14977-15096_M1_20251202-205527/subjob_15001-15003/run15001_20240601-23/lowlight/Run15001_M1_low_light_fits.pkl
Applying 2000 ns time interval cut...
Time interval cut: Kept 2390878 / 2412376 events
Veto efficiency plot saved to /raid1/genli/Data_D2O/M1_data/analysis_14977-15096_M1_20251202-205527/subjob_15001-15003/run15001_20240601-23/histograms/15001_M1_veto_efficiency.png
Veto efficiency data saved to /raid1/genli/Data_D2O/M1_data/analysis_14977-15096_M1_20251202-205527/subjob_15001-15003/run15001_20240601-23/histograms/15001_M1_veto_efficiency.pkl
Run 15001: after NaN drop: 7391 events
Run 15001: after Δt cut: 4885 events
Run 15001: after total_pe cut: 4881 events
Run 15001: after time-std < 40.0 ns cut: 4881 events
Correlation map saved to /raid1/genli/Data_D2O/M1_data/analysis_14977-15096_M1_20251202-205527/subjob_15001-15003/run15001_20240601-23/cuthist/Run_15001_M1_correlation_map.png
--- Processing run 15002 ---
Length of time: 3597975026304.0 ns
Length of time: 59.9662504384 minutes
Low-light fits saved to /raid1/genli/Data_D2O/M1_data/analysis_14977-15096_M1_20251202-205527/subjob_15001-15003/run15002_20240602-00/lowlight/Run15002_M1_low_light_fits.png
Low-light fit data saved to /raid1/genli/Data_D2O/M1_data/analysis_14977-15096_M1_20251202-205527/subjob_15001-15003/run15002_20240602-00/lowlight/Run15002_M1_low_light_fits.pkl
Applying 2000 ns time interval cut...
Time interval cut: Kept 2392792 / 2414421 events
Veto efficiency plot saved to /raid1/genli/Data_D2O/M1_data/analysis_14977-15096_M1_20251202-205527/subjob_15001-15003/run15002_20240602-00/histograms/15002_M1_veto_efficiency.png
Veto efficiency data saved to /raid1/genli/Data_D2O/M1_data/analysis_14977-15096_M1_20251202-205527/subjob_15001-15003/run15002_20240602-00/histograms/15002_M1_veto_efficiency.pkl
Run 15002: after NaN drop: 7451 events
Run 15002: after Δt cut: 5002 events
Run 15002: after total_pe cut: 4998 events
Run 15002: after time-std < 40.0 ns cut: 4998 events
Correlation map saved to /raid1/genli/Data_D2O/M1_data/analysis_14977-15096_M1_20251202-205527/subjob_15001-15003/run15002_20240602-00/cuthist/Run_15002_M1_correlation_map.png
--- Processing run 15003 ---
Length of time: 3597974103952.0 ns
Length of time: 59.96623506586666 minutes
Low-light fits saved to /raid1/genli/Data_D2O/M1_data/analysis_14977-15096_M1_20251202-205527/subjob_15001-15003/run15003_20240602-01/lowlight/Run15003_M1_low_light_fits.png
Low-light fit data saved to /raid1/genli/Data_D2O/M1_data/analysis_14977-15096_M1_20251202-205527/subjob_15001-15003/run15003_20240602-01/lowlight/Run15003_M1_low_light_fits.pkl
Applying 2000 ns time interval cut...
Time interval cut: Kept 2370244 / 2391833 events
Veto efficiency plot saved to /raid1/genli/Data_D2O/M1_data/analysis_14977-15096_M1_20251202-205527/subjob_15001-15003/run15003_20240602-01/histograms/15003_M1_veto_efficiency.png
Veto efficiency data saved to /raid1/genli/Data_D2O/M1_data/analysis_14977-15096_M1_20251202-205527/subjob_15001-15003/run15003_20240602-01/histograms/15003_M1_veto_efficiency.pkl
Run 15003: after NaN drop: 7553 events
Run 15003: after Δt cut: 5139 events
Run 15003: after total_pe cut: 5137 events
Run 15003: after time-std < 40.0 ns cut: 5137 events
Correlation map saved to /raid1/genli/Data_D2O/M1_data/analysis_14977-15096_M1_20251202-205527/subjob_15001-15003/run15003_20240602-01/cuthist/Run_15003_M1_correlation_map.png
Saving aggregated data for sub-job 15001-15003...
Sub-job time length saved to /raid1/genli/Data_D2O/M1_data/analysis_14977-15096_M1_20251202-205527/subjob_15001-15003/subjob_time_length.json
Successfully saved data for master aggregation.
--- Sub-job Analysis Complete ---
