/home/genli/.local/lib/python3.9/site-packages/numpy/lib/nanfunctions.py:1878: RuntimeWarning: Degrees of freedom <= 0 for slice.
  var = nanvar(a, axis=axis, dtype=dtype, out=out, ddof=ddof,
=== Configuration ===
Analysis type: M1
Runs: 23170 to 23170
Output Directory for this job: /raid1/genli/Data_D2O/M1_data/analysis_23163-23172_M1_20251124-161302/subjob_23170-23170
Δt cut: (2197, 10985) ns
Photoelectron cut: (0, 1000) P.E.
Time-std cut: < 40.0 ns
======================
--- Processing run 23170 ---
Length of time: 3596997710496.0 ns
Length of time: 59.9499618416 minutes
Low-light fits saved to /raid1/genli/Data_D2O/M1_data/analysis_23163-23172_M1_20251124-161302/subjob_23170-23170/run23170_20250602-02/lowlight/Run23170_M1_low_light_fits.png
Low-light fit data saved to /raid1/genli/Data_D2O/M1_data/analysis_23163-23172_M1_20251124-161302/subjob_23170-23170/run23170_20250602-02/lowlight/Run23170_M1_low_light_fits.pkl
Applying 2000 ns time interval cut...
Time interval cut: Kept 2100638 / 2142970 events
Veto efficiency plot saved to /raid1/genli/Data_D2O/M1_data/analysis_23163-23172_M1_20251124-161302/subjob_23170-23170/run23170_20250602-02/histograms/23170_M1_veto_efficiency.png
Veto efficiency data saved to /raid1/genli/Data_D2O/M1_data/analysis_23163-23172_M1_20251124-161302/subjob_23170-23170/run23170_20250602-02/histograms/23170_M1_veto_efficiency.pkl
Run 23170: after NaN drop: 7028 events
Run 23170: after Δt cut: 4645 events
Run 23170: after total_pe cut: 4643 events
Run 23170: after time-std < 40.0 ns cut: 4643 events
Correlation map saved to /raid1/genli/Data_D2O/M1_data/analysis_23163-23172_M1_20251124-161302/subjob_23170-23170/run23170_20250602-02/cuthist/Run_23170_M1_correlation_map.png
Saving aggregated data for sub-job 23170-23170...
Sub-job time length saved to /raid1/genli/Data_D2O/M1_data/analysis_23163-23172_M1_20251124-161302/subjob_23170-23170/subjob_time_length.json
Successfully saved data for master aggregation.
--- Sub-job Analysis Complete ---
