/home/genli/.local/lib/python3.9/site-packages/numpy/lib/nanfunctions.py:1878: RuntimeWarning: Degrees of freedom <= 0 for slice.
  var = nanvar(a, axis=axis, dtype=dtype, out=out, ddof=ddof,
/home/genli/.local/lib/python3.9/site-packages/numpy/lib/nanfunctions.py:1878: RuntimeWarning: Degrees of freedom <= 0 for slice.
  var = nanvar(a, axis=axis, dtype=dtype, out=out, ddof=ddof,
/home/genli/.local/lib/python3.9/site-packages/numpy/lib/nanfunctions.py:1878: RuntimeWarning: Degrees of freedom <= 0 for slice.
  var = nanvar(a, axis=axis, dtype=dtype, out=out, ddof=ddof,
/home/genli/.local/lib/python3.9/site-packages/numpy/lib/nanfunctions.py:1878: RuntimeWarning: Degrees of freedom <= 0 for slice.
  var = nanvar(a, axis=axis, dtype=dtype, out=out, ddof=ddof,
/home/genli/.local/lib/python3.9/site-packages/numpy/lib/nanfunctions.py:1878: RuntimeWarning: Degrees of freedom <= 0 for slice.
  var = nanvar(a, axis=axis, dtype=dtype, out=out, ddof=ddof,
/home/genli/D2O_analysis/Codes/Read_Cut_Hist_D2O_multi_veto.py:411: UserWarning: Data has no positive values, and therefore cannot be log-scaled.
  ax.set_yscale('log')
/home/genli/.local/lib/python3.9/site-packages/numpy/lib/nanfunctions.py:1878: RuntimeWarning: Degrees of freedom <= 0 for slice.
  var = nanvar(a, axis=axis, dtype=dtype, out=out, ddof=ddof,
/home/genli/.local/lib/python3.9/site-packages/numpy/lib/nanfunctions.py:1878: RuntimeWarning: Degrees of freedom <= 0 for slice.
  var = nanvar(a, axis=axis, dtype=dtype, out=out, ddof=ddof,
/home/genli/.local/lib/python3.9/site-packages/numpy/lib/nanfunctions.py:1878: RuntimeWarning: Degrees of freedom <= 0 for slice.
  var = nanvar(a, axis=axis, dtype=dtype, out=out, ddof=ddof,
/home/genli/D2O_analysis/Codes/Read_Cut_Hist_D2O_multi_veto.py:411: UserWarning: Data has no positive values, and therefore cannot be log-scaled.
  ax.set_yscale('log')
/home/genli/.local/lib/python3.9/site-packages/numpy/lib/nanfunctions.py:1878: RuntimeWarning: Degrees of freedom <= 0 for slice.
  var = nanvar(a, axis=axis, dtype=dtype, out=out, ddof=ddof,
/home/genli/.local/lib/python3.9/site-packages/numpy/lib/nanfunctions.py:1878: RuntimeWarning: Degrees of freedom <= 0 for slice.
  var = nanvar(a, axis=axis, dtype=dtype, out=out, ddof=ddof,
/home/genli/D2O_analysis/Codes/Read_Cut_Hist_D2O_multi_veto.py:411: UserWarning: Data has no positive values, and therefore cannot be log-scaled.
  ax.set_yscale('log')
/home/genli/.local/lib/python3.9/site-packages/numpy/lib/nanfunctions.py:1878: RuntimeWarning: Degrees of freedom <= 0 for slice.
  var = nanvar(a, axis=axis, dtype=dtype, out=out, ddof=ddof,
/home/genli/.local/lib/python3.9/site-packages/numpy/lib/nanfunctions.py:1878: RuntimeWarning: Degrees of freedom <= 0 for slice.
  var = nanvar(a, axis=axis, dtype=dtype, out=out, ddof=ddof,
/home/genli/D2O_analysis/Codes/Read_Cut_Hist_D2O_multi_veto.py:411: UserWarning: Data has no positive values, and therefore cannot be log-scaled.
  ax.set_yscale('log')
/home/genli/.local/lib/python3.9/site-packages/numpy/lib/nanfunctions.py:1878: RuntimeWarning: Degrees of freedom <= 0 for slice.
  var = nanvar(a, axis=axis, dtype=dtype, out=out, ddof=ddof,
/home/genli/.local/lib/python3.9/site-packages/numpy/lib/nanfunctions.py:1878: RuntimeWarning: Degrees of freedom <= 0 for slice.
  var = nanvar(a, axis=axis, dtype=dtype, out=out, ddof=ddof,
/home/genli/.local/lib/python3.9/site-packages/numpy/lib/nanfunctions.py:1878: RuntimeWarning: Degrees of freedom <= 0 for slice.
  var = nanvar(a, axis=axis, dtype=dtype, out=out, ddof=ddof,
/home/genli/.local/lib/python3.9/site-packages/numpy/lib/nanfunctions.py:1878: RuntimeWarning: Degrees of freedom <= 0 for slice.
  var = nanvar(a, axis=axis, dtype=dtype, out=out, ddof=ddof,
/home/genli/.local/lib/python3.9/site-packages/numpy/lib/nanfunctions.py:1878: RuntimeWarning: Degrees of freedom <= 0 for slice.
  var = nanvar(a, axis=axis, dtype=dtype, out=out, ddof=ddof,
/home/genli/D2O_analysis/Codes/Read_Cut_Hist_D2O_multi_veto.py:411: UserWarning: Data has no positive values, and therefore cannot be log-scaled.
  ax.set_yscale('log')
/home/genli/.local/lib/python3.9/site-packages/numpy/lib/nanfunctions.py:1878: RuntimeWarning: Degrees of freedom <= 0 for slice.
  var = nanvar(a, axis=axis, dtype=dtype, out=out, ddof=ddof,
/home/genli/.local/lib/python3.9/site-packages/numpy/lib/nanfunctions.py:1878: RuntimeWarning: Degrees of freedom <= 0 for slice.
  var = nanvar(a, axis=axis, dtype=dtype, out=out, ddof=ddof,
=== Configuration ===
Analysis type: M1
Runs: 25876 to 25894
Output Directory for this job: /raid1/genli/Data_D2O/M1_data/BRN/analysis_25306-26233_M1_20251030-013056/subjob_25876-25894
Δt cut: (960, 10560) ns
Photoelectron cut: (0, 2000) P.E.
Time-std cut: < 40.0 ns
======================
--- Processing run 25876 ---
Low-light fits saved to /raid1/genli/Data_D2O/M1_data/BRN/analysis_25306-26233_M1_20251030-013056/subjob_25876-25894/run25876_20250924-14/lowlight/Run25876_M1_low_light_fits.png
Low-light fit data saved to /raid1/genli/Data_D2O/M1_data/BRN/analysis_25306-26233_M1_20251030-013056/subjob_25876-25894/run25876_20250924-14/lowlight/Run25876_M1_low_light_fits.pkl
Veto efficiency plot saved to /raid1/genli/Data_D2O/M1_data/BRN/analysis_25306-26233_M1_20251030-013056/subjob_25876-25894/run25876_20250924-14/histograms/25876_M1_veto_efficiency.png
Veto efficiency data saved to /raid1/genli/Data_D2O/M1_data/BRN/analysis_25306-26233_M1_20251030-013056/subjob_25876-25894/run25876_20250924-14/histograms/25876_M1_veto_efficiency.pkl
Run 25876: after NaN drop: 19133 events
Run 25876: after Δt cut: 9192 events
Run 25876: after total_pe cut: 9192 events
Run 25876: after time-std < 40.0 ns cut: 9192 events
Correlation map saved to /raid1/genli/Data_D2O/M1_data/BRN/analysis_25306-26233_M1_20251030-013056/subjob_25876-25894/run25876_20250924-14/cuthist/Run_25876_M1_correlation_map.png
--- Processing run 25877 ---
Low-light fits saved to /raid1/genli/Data_D2O/M1_data/BRN/analysis_25306-26233_M1_20251030-013056/subjob_25876-25894/run25877_20250924-15/lowlight/Run25877_M1_low_light_fits.png
Low-light fit data saved to /raid1/genli/Data_D2O/M1_data/BRN/analysis_25306-26233_M1_20251030-013056/subjob_25876-25894/run25877_20250924-15/lowlight/Run25877_M1_low_light_fits.pkl
Veto efficiency plot saved to /raid1/genli/Data_D2O/M1_data/BRN/analysis_25306-26233_M1_20251030-013056/subjob_25876-25894/run25877_20250924-15/histograms/25877_M1_veto_efficiency.png
Veto efficiency data saved to /raid1/genli/Data_D2O/M1_data/BRN/analysis_25306-26233_M1_20251030-013056/subjob_25876-25894/run25877_20250924-15/histograms/25877_M1_veto_efficiency.pkl
Run 25877: after NaN drop: 18755 events
Run 25877: after Δt cut: 9134 events
Run 25877: after total_pe cut: 9131 events
Run 25877: after time-std < 40.0 ns cut: 9131 events
Correlation map saved to /raid1/genli/Data_D2O/M1_data/BRN/analysis_25306-26233_M1_20251030-013056/subjob_25876-25894/run25877_20250924-15/cuthist/Run_25877_M1_correlation_map.png
--- Processing run 25878 ---
Low-light fits saved to /raid1/genli/Data_D2O/M1_data/BRN/analysis_25306-26233_M1_20251030-013056/subjob_25876-25894/run25878_20250924-16/lowlight/Run25878_M1_low_light_fits.png
Low-light fit data saved to /raid1/genli/Data_D2O/M1_data/BRN/analysis_25306-26233_M1_20251030-013056/subjob_25876-25894/run25878_20250924-16/lowlight/Run25878_M1_low_light_fits.pkl
Veto efficiency plot saved to /raid1/genli/Data_D2O/M1_data/BRN/analysis_25306-26233_M1_20251030-013056/subjob_25876-25894/run25878_20250924-16/histograms/25878_M1_veto_efficiency.png
Veto efficiency data saved to /raid1/genli/Data_D2O/M1_data/BRN/analysis_25306-26233_M1_20251030-013056/subjob_25876-25894/run25878_20250924-16/histograms/25878_M1_veto_efficiency.pkl
Run 25878: after NaN drop: 19259 events
Run 25878: after Δt cut: 9164 events
Run 25878: after total_pe cut: 9162 events
Run 25878: after time-std < 40.0 ns cut: 9162 events
Correlation map saved to /raid1/genli/Data_D2O/M1_data/BRN/analysis_25306-26233_M1_20251030-013056/subjob_25876-25894/run25878_20250924-16/cuthist/Run_25878_M1_correlation_map.png
--- Processing run 25879 ---
Low-light fits saved to /raid1/genli/Data_D2O/M1_data/BRN/analysis_25306-26233_M1_20251030-013056/subjob_25876-25894/run25879_20250924-17/lowlight/Run25879_M1_low_light_fits.png
Low-light fit data saved to /raid1/genli/Data_D2O/M1_data/BRN/analysis_25306-26233_M1_20251030-013056/subjob_25876-25894/run25879_20250924-17/lowlight/Run25879_M1_low_light_fits.pkl
Veto efficiency plot saved to /raid1/genli/Data_D2O/M1_data/BRN/analysis_25306-26233_M1_20251030-013056/subjob_25876-25894/run25879_20250924-17/histograms/25879_M1_veto_efficiency.png
Veto efficiency data saved to /raid1/genli/Data_D2O/M1_data/BRN/analysis_25306-26233_M1_20251030-013056/subjob_25876-25894/run25879_20250924-17/histograms/25879_M1_veto_efficiency.pkl
Run 25879: after NaN drop: 18718 events
Run 25879: after Δt cut: 9011 events
Run 25879: after total_pe cut: 9011 events
Run 25879: after time-std < 40.0 ns cut: 9011 events
Correlation map saved to /raid1/genli/Data_D2O/M1_data/BRN/analysis_25306-26233_M1_20251030-013056/subjob_25876-25894/run25879_20250924-17/cuthist/Run_25879_M1_correlation_map.png
--- Processing run 25880 ---
Low-light fits saved to /raid1/genli/Data_D2O/M1_data/BRN/analysis_25306-26233_M1_20251030-013056/subjob_25876-25894/run25880_20250924-18/lowlight/Run25880_M1_low_light_fits.png
Low-light fit data saved to /raid1/genli/Data_D2O/M1_data/BRN/analysis_25306-26233_M1_20251030-013056/subjob_25876-25894/run25880_20250924-18/lowlight/Run25880_M1_low_light_fits.pkl
Veto efficiency plot saved to /raid1/genli/Data_D2O/M1_data/BRN/analysis_25306-26233_M1_20251030-013056/subjob_25876-25894/run25880_20250924-18/histograms/25880_M1_veto_efficiency.png
Veto efficiency data saved to /raid1/genli/Data_D2O/M1_data/BRN/analysis_25306-26233_M1_20251030-013056/subjob_25876-25894/run25880_20250924-18/histograms/25880_M1_veto_efficiency.pkl
Run 25880: after NaN drop: 19088 events
Run 25880: after Δt cut: 9275 events
Run 25880: after total_pe cut: 9272 events
Run 25880: after time-std < 40.0 ns cut: 9272 events
Correlation map saved to /raid1/genli/Data_D2O/M1_data/BRN/analysis_25306-26233_M1_20251030-013056/subjob_25876-25894/run25880_20250924-18/cuthist/Run_25880_M1_correlation_map.png
--- Processing run 25881 ---
Low-light fits saved to /raid1/genli/Data_D2O/M1_data/BRN/analysis_25306-26233_M1_20251030-013056/subjob_25876-25894/run25881_20250924-19/lowlight/Run25881_M1_low_light_fits.png
Low-light fit data saved to /raid1/genli/Data_D2O/M1_data/BRN/analysis_25306-26233_M1_20251030-013056/subjob_25876-25894/run25881_20250924-19/lowlight/Run25881_M1_low_light_fits.pkl
Veto efficiency plot saved to /raid1/genli/Data_D2O/M1_data/BRN/analysis_25306-26233_M1_20251030-013056/subjob_25876-25894/run25881_20250924-19/histograms/25881_M1_veto_efficiency.png
Veto efficiency data saved to /raid1/genli/Data_D2O/M1_data/BRN/analysis_25306-26233_M1_20251030-013056/subjob_25876-25894/run25881_20250924-19/histograms/25881_M1_veto_efficiency.pkl
Run 25881: after NaN drop: 18975 events
Run 25881: after Δt cut: 9174 events
Run 25881: after total_pe cut: 9174 events
Run 25881: after time-std < 40.0 ns cut: 9174 events
Correlation map saved to /raid1/genli/Data_D2O/M1_data/BRN/analysis_25306-26233_M1_20251030-013056/subjob_25876-25894/run25881_20250924-19/cuthist/Run_25881_M1_correlation_map.png
--- Processing run 25882 ---
Low-light fits saved to /raid1/genli/Data_D2O/M1_data/BRN/analysis_25306-26233_M1_20251030-013056/subjob_25876-25894/run25882_20250924-20/lowlight/Run25882_M1_low_light_fits.png
Low-light fit data saved to /raid1/genli/Data_D2O/M1_data/BRN/analysis_25306-26233_M1_20251030-013056/subjob_25876-25894/run25882_20250924-20/lowlight/Run25882_M1_low_light_fits.pkl
Veto efficiency plot saved to /raid1/genli/Data_D2O/M1_data/BRN/analysis_25306-26233_M1_20251030-013056/subjob_25876-25894/run25882_20250924-20/histograms/25882_M1_veto_efficiency.png
Veto efficiency data saved to /raid1/genli/Data_D2O/M1_data/BRN/analysis_25306-26233_M1_20251030-013056/subjob_25876-25894/run25882_20250924-20/histograms/25882_M1_veto_efficiency.pkl
Run 25882: after NaN drop: 19164 events
Run 25882: after Δt cut: 9304 events
Run 25882: after total_pe cut: 9303 events
Run 25882: after time-std < 40.0 ns cut: 9303 events
Correlation map saved to /raid1/genli/Data_D2O/M1_data/BRN/analysis_25306-26233_M1_20251030-013056/subjob_25876-25894/run25882_20250924-20/cuthist/Run_25882_M1_correlation_map.png
--- Processing run 25883 ---
Low-light fits saved to /raid1/genli/Data_D2O/M1_data/BRN/analysis_25306-26233_M1_20251030-013056/subjob_25876-25894/run25883_20250924-21/lowlight/Run25883_M1_low_light_fits.png
Low-light fit data saved to /raid1/genli/Data_D2O/M1_data/BRN/analysis_25306-26233_M1_20251030-013056/subjob_25876-25894/run25883_20250924-21/lowlight/Run25883_M1_low_light_fits.pkl
Veto efficiency plot saved to /raid1/genli/Data_D2O/M1_data/BRN/analysis_25306-26233_M1_20251030-013056/subjob_25876-25894/run25883_20250924-21/histograms/25883_M1_veto_efficiency.png
Veto efficiency data saved to /raid1/genli/Data_D2O/M1_data/BRN/analysis_25306-26233_M1_20251030-013056/subjob_25876-25894/run25883_20250924-21/histograms/25883_M1_veto_efficiency.pkl
Run 25883: after NaN drop: 18999 events
Run 25883: after Δt cut: 8970 events
Run 25883: after total_pe cut: 8969 events
Run 25883: after time-std < 40.0 ns cut: 8969 events
Correlation map saved to /raid1/genli/Data_D2O/M1_data/BRN/analysis_25306-26233_M1_20251030-013056/subjob_25876-25894/run25883_20250924-21/cuthist/Run_25883_M1_correlation_map.png
--- Processing run 25884 ---
Low-light fits saved to /raid1/genli/Data_D2O/M1_data/BRN/analysis_25306-26233_M1_20251030-013056/subjob_25876-25894/run25884_20250924-22/lowlight/Run25884_M1_low_light_fits.png
Low-light fit data saved to /raid1/genli/Data_D2O/M1_data/BRN/analysis_25306-26233_M1_20251030-013056/subjob_25876-25894/run25884_20250924-22/lowlight/Run25884_M1_low_light_fits.pkl
Veto efficiency plot saved to /raid1/genli/Data_D2O/M1_data/BRN/analysis_25306-26233_M1_20251030-013056/subjob_25876-25894/run25884_20250924-22/histograms/25884_M1_veto_efficiency.png
Veto efficiency data saved to /raid1/genli/Data_D2O/M1_data/BRN/analysis_25306-26233_M1_20251030-013056/subjob_25876-25894/run25884_20250924-22/histograms/25884_M1_veto_efficiency.pkl
Run 25884: after NaN drop: 18956 events
Run 25884: after Δt cut: 9086 events
Run 25884: after total_pe cut: 9083 events
Run 25884: after time-std < 40.0 ns cut: 9083 events
Correlation map saved to /raid1/genli/Data_D2O/M1_data/BRN/analysis_25306-26233_M1_20251030-013056/subjob_25876-25894/run25884_20250924-22/cuthist/Run_25884_M1_correlation_map.png
--- Processing run 25885 ---
Low-light fits saved to /raid1/genli/Data_D2O/M1_data/BRN/analysis_25306-26233_M1_20251030-013056/subjob_25876-25894/run25885_20250924-23/lowlight/Run25885_M1_low_light_fits.png
Low-light fit data saved to /raid1/genli/Data_D2O/M1_data/BRN/analysis_25306-26233_M1_20251030-013056/subjob_25876-25894/run25885_20250924-23/lowlight/Run25885_M1_low_light_fits.pkl
Veto efficiency plot saved to /raid1/genli/Data_D2O/M1_data/BRN/analysis_25306-26233_M1_20251030-013056/subjob_25876-25894/run25885_20250924-23/histograms/25885_M1_veto_efficiency.png
Veto efficiency data saved to /raid1/genli/Data_D2O/M1_data/BRN/analysis_25306-26233_M1_20251030-013056/subjob_25876-25894/run25885_20250924-23/histograms/25885_M1_veto_efficiency.pkl
Run 25885: after NaN drop: 18948 events
Run 25885: after Δt cut: 9139 events
Run 25885: after total_pe cut: 9136 events
Run 25885: after time-std < 40.0 ns cut: 9136 events
Correlation map saved to /raid1/genli/Data_D2O/M1_data/BRN/analysis_25306-26233_M1_20251030-013056/subjob_25876-25894/run25885_20250924-23/cuthist/Run_25885_M1_correlation_map.png
--- Processing run 25886 ---
Low-light fits saved to /raid1/genli/Data_D2O/M1_data/BRN/analysis_25306-26233_M1_20251030-013056/subjob_25876-25894/run25886_20250925-00/lowlight/Run25886_M1_low_light_fits.png
Low-light fit data saved to /raid1/genli/Data_D2O/M1_data/BRN/analysis_25306-26233_M1_20251030-013056/subjob_25876-25894/run25886_20250925-00/lowlight/Run25886_M1_low_light_fits.pkl
Veto efficiency plot saved to /raid1/genli/Data_D2O/M1_data/BRN/analysis_25306-26233_M1_20251030-013056/subjob_25876-25894/run25886_20250925-00/histograms/25886_M1_veto_efficiency.png
Veto efficiency data saved to /raid1/genli/Data_D2O/M1_data/BRN/analysis_25306-26233_M1_20251030-013056/subjob_25876-25894/run25886_20250925-00/histograms/25886_M1_veto_efficiency.pkl
Run 25886: after NaN drop: 18875 events
Run 25886: after Δt cut: 8959 events
Run 25886: after total_pe cut: 8957 events
Run 25886: after time-std < 40.0 ns cut: 8957 events
Correlation map saved to /raid1/genli/Data_D2O/M1_data/BRN/analysis_25306-26233_M1_20251030-013056/subjob_25876-25894/run25886_20250925-00/cuthist/Run_25886_M1_correlation_map.png
--- Processing run 25887 ---
Low-light fits saved to /raid1/genli/Data_D2O/M1_data/BRN/analysis_25306-26233_M1_20251030-013056/subjob_25876-25894/run25887_20250925-01/lowlight/Run25887_M1_low_light_fits.png
Low-light fit data saved to /raid1/genli/Data_D2O/M1_data/BRN/analysis_25306-26233_M1_20251030-013056/subjob_25876-25894/run25887_20250925-01/lowlight/Run25887_M1_low_light_fits.pkl
Veto efficiency plot saved to /raid1/genli/Data_D2O/M1_data/BRN/analysis_25306-26233_M1_20251030-013056/subjob_25876-25894/run25887_20250925-01/histograms/25887_M1_veto_efficiency.png
Veto efficiency data saved to /raid1/genli/Data_D2O/M1_data/BRN/analysis_25306-26233_M1_20251030-013056/subjob_25876-25894/run25887_20250925-01/histograms/25887_M1_veto_efficiency.pkl
Run 25887: after NaN drop: 19067 events
Run 25887: after Δt cut: 9147 events
Run 25887: after total_pe cut: 9146 events
Run 25887: after time-std < 40.0 ns cut: 9146 events
Correlation map saved to /raid1/genli/Data_D2O/M1_data/BRN/analysis_25306-26233_M1_20251030-013056/subjob_25876-25894/run25887_20250925-01/cuthist/Run_25887_M1_correlation_map.png
--- Processing run 25888 ---
Low-light fits saved to /raid1/genli/Data_D2O/M1_data/BRN/analysis_25306-26233_M1_20251030-013056/subjob_25876-25894/run25888_20250925-02/lowlight/Run25888_M1_low_light_fits.png
Low-light fit data saved to /raid1/genli/Data_D2O/M1_data/BRN/analysis_25306-26233_M1_20251030-013056/subjob_25876-25894/run25888_20250925-02/lowlight/Run25888_M1_low_light_fits.pkl
Veto efficiency plot saved to /raid1/genli/Data_D2O/M1_data/BRN/analysis_25306-26233_M1_20251030-013056/subjob_25876-25894/run25888_20250925-02/histograms/25888_M1_veto_efficiency.png
Veto efficiency data saved to /raid1/genli/Data_D2O/M1_data/BRN/analysis_25306-26233_M1_20251030-013056/subjob_25876-25894/run25888_20250925-02/histograms/25888_M1_veto_efficiency.pkl
Run 25888: after NaN drop: 19060 events
Run 25888: after Δt cut: 9181 events
Run 25888: after total_pe cut: 9180 events
Run 25888: after time-std < 40.0 ns cut: 9180 events
Correlation map saved to /raid1/genli/Data_D2O/M1_data/BRN/analysis_25306-26233_M1_20251030-013056/subjob_25876-25894/run25888_20250925-02/cuthist/Run_25888_M1_correlation_map.png
--- Processing run 25889 ---
Low-light fits saved to /raid1/genli/Data_D2O/M1_data/BRN/analysis_25306-26233_M1_20251030-013056/subjob_25876-25894/run25889_20250925-03/lowlight/Run25889_M1_low_light_fits.png
Low-light fit data saved to /raid1/genli/Data_D2O/M1_data/BRN/analysis_25306-26233_M1_20251030-013056/subjob_25876-25894/run25889_20250925-03/lowlight/Run25889_M1_low_light_fits.pkl
Veto efficiency plot saved to /raid1/genli/Data_D2O/M1_data/BRN/analysis_25306-26233_M1_20251030-013056/subjob_25876-25894/run25889_20250925-03/histograms/25889_M1_veto_efficiency.png
Veto efficiency data saved to /raid1/genli/Data_D2O/M1_data/BRN/analysis_25306-26233_M1_20251030-013056/subjob_25876-25894/run25889_20250925-03/histograms/25889_M1_veto_efficiency.pkl
Run 25889: after NaN drop: 19367 events
Run 25889: after Δt cut: 9230 events
Run 25889: after total_pe cut: 9228 events
Run 25889: after time-std < 40.0 ns cut: 9228 events
Correlation map saved to /raid1/genli/Data_D2O/M1_data/BRN/analysis_25306-26233_M1_20251030-013056/subjob_25876-25894/run25889_20250925-03/cuthist/Run_25889_M1_correlation_map.png
--- Processing run 25890 ---
Low-light fits saved to /raid1/genli/Data_D2O/M1_data/BRN/analysis_25306-26233_M1_20251030-013056/subjob_25876-25894/run25890_20250925-04/lowlight/Run25890_M1_low_light_fits.png
Low-light fit data saved to /raid1/genli/Data_D2O/M1_data/BRN/analysis_25306-26233_M1_20251030-013056/subjob_25876-25894/run25890_20250925-04/lowlight/Run25890_M1_low_light_fits.pkl
Veto efficiency plot saved to /raid1/genli/Data_D2O/M1_data/BRN/analysis_25306-26233_M1_20251030-013056/subjob_25876-25894/run25890_20250925-04/histograms/25890_M1_veto_efficiency.png
Veto efficiency data saved to /raid1/genli/Data_D2O/M1_data/BRN/analysis_25306-26233_M1_20251030-013056/subjob_25876-25894/run25890_20250925-04/histograms/25890_M1_veto_efficiency.pkl
Run 25890: after NaN drop: 19333 events
Run 25890: after Δt cut: 9242 events
Run 25890: after total_pe cut: 9241 events
Run 25890: after time-std < 40.0 ns cut: 9241 events
Correlation map saved to /raid1/genli/Data_D2O/M1_data/BRN/analysis_25306-26233_M1_20251030-013056/subjob_25876-25894/run25890_20250925-04/cuthist/Run_25890_M1_correlation_map.png
--- Processing run 25891 ---
Low-light fits saved to /raid1/genli/Data_D2O/M1_data/BRN/analysis_25306-26233_M1_20251030-013056/subjob_25876-25894/run25891_20250925-05/lowlight/Run25891_M1_low_light_fits.png
Low-light fit data saved to /raid1/genli/Data_D2O/M1_data/BRN/analysis_25306-26233_M1_20251030-013056/subjob_25876-25894/run25891_20250925-05/lowlight/Run25891_M1_low_light_fits.pkl
Veto efficiency plot saved to /raid1/genli/Data_D2O/M1_data/BRN/analysis_25306-26233_M1_20251030-013056/subjob_25876-25894/run25891_20250925-05/histograms/25891_M1_veto_efficiency.png
Veto efficiency data saved to /raid1/genli/Data_D2O/M1_data/BRN/analysis_25306-26233_M1_20251030-013056/subjob_25876-25894/run25891_20250925-05/histograms/25891_M1_veto_efficiency.pkl
Run 25891: after NaN drop: 19274 events
Run 25891: after Δt cut: 9203 events
Run 25891: after total_pe cut: 9201 events
Run 25891: after time-std < 40.0 ns cut: 9201 events
Correlation map saved to /raid1/genli/Data_D2O/M1_data/BRN/analysis_25306-26233_M1_20251030-013056/subjob_25876-25894/run25891_20250925-05/cuthist/Run_25891_M1_correlation_map.png
--- Processing run 25892 ---
Low-light fits saved to /raid1/genli/Data_D2O/M1_data/BRN/analysis_25306-26233_M1_20251030-013056/subjob_25876-25894/run25892_20250925-06/lowlight/Run25892_M1_low_light_fits.png
Low-light fit data saved to /raid1/genli/Data_D2O/M1_data/BRN/analysis_25306-26233_M1_20251030-013056/subjob_25876-25894/run25892_20250925-06/lowlight/Run25892_M1_low_light_fits.pkl
Veto efficiency plot saved to /raid1/genli/Data_D2O/M1_data/BRN/analysis_25306-26233_M1_20251030-013056/subjob_25876-25894/run25892_20250925-06/histograms/25892_M1_veto_efficiency.png
Veto efficiency data saved to /raid1/genli/Data_D2O/M1_data/BRN/analysis_25306-26233_M1_20251030-013056/subjob_25876-25894/run25892_20250925-06/histograms/25892_M1_veto_efficiency.pkl
Run 25892: after NaN drop: 18892 events
Run 25892: after Δt cut: 9056 events
Run 25892: after total_pe cut: 9054 events
Run 25892: after time-std < 40.0 ns cut: 9054 events
Correlation map saved to /raid1/genli/Data_D2O/M1_data/BRN/analysis_25306-26233_M1_20251030-013056/subjob_25876-25894/run25892_20250925-06/cuthist/Run_25892_M1_correlation_map.png
--- Processing run 25893 ---
Low-light fits saved to /raid1/genli/Data_D2O/M1_data/BRN/analysis_25306-26233_M1_20251030-013056/subjob_25876-25894/run25893_20250925-07/lowlight/Run25893_M1_low_light_fits.png
Low-light fit data saved to /raid1/genli/Data_D2O/M1_data/BRN/analysis_25306-26233_M1_20251030-013056/subjob_25876-25894/run25893_20250925-07/lowlight/Run25893_M1_low_light_fits.pkl
Veto efficiency plot saved to /raid1/genli/Data_D2O/M1_data/BRN/analysis_25306-26233_M1_20251030-013056/subjob_25876-25894/run25893_20250925-07/histograms/25893_M1_veto_efficiency.png
Veto efficiency data saved to /raid1/genli/Data_D2O/M1_data/BRN/analysis_25306-26233_M1_20251030-013056/subjob_25876-25894/run25893_20250925-07/histograms/25893_M1_veto_efficiency.pkl
Run 25893: after NaN drop: 18910 events
Run 25893: after Δt cut: 9040 events
Run 25893: after total_pe cut: 9037 events
Run 25893: after time-std < 40.0 ns cut: 9037 events
Correlation map saved to /raid1/genli/Data_D2O/M1_data/BRN/analysis_25306-26233_M1_20251030-013056/subjob_25876-25894/run25893_20250925-07/cuthist/Run_25893_M1_correlation_map.png
--- Processing run 25894 ---
Low-light fits saved to /raid1/genli/Data_D2O/M1_data/BRN/analysis_25306-26233_M1_20251030-013056/subjob_25876-25894/run25894_20250925-08/lowlight/Run25894_M1_low_light_fits.png
Low-light fit data saved to /raid1/genli/Data_D2O/M1_data/BRN/analysis_25306-26233_M1_20251030-013056/subjob_25876-25894/run25894_20250925-08/lowlight/Run25894_M1_low_light_fits.pkl
Veto efficiency plot saved to /raid1/genli/Data_D2O/M1_data/BRN/analysis_25306-26233_M1_20251030-013056/subjob_25876-25894/run25894_20250925-08/histograms/25894_M1_veto_efficiency.png
Veto efficiency data saved to /raid1/genli/Data_D2O/M1_data/BRN/analysis_25306-26233_M1_20251030-013056/subjob_25876-25894/run25894_20250925-08/histograms/25894_M1_veto_efficiency.pkl
Run 25894: after NaN drop: 18902 events
Run 25894: after Δt cut: 8838 events
Run 25894: after total_pe cut: 8837 events
Run 25894: after time-std < 40.0 ns cut: 8837 events
Correlation map saved to /raid1/genli/Data_D2O/M1_data/BRN/analysis_25306-26233_M1_20251030-013056/subjob_25876-25894/run25894_20250925-08/cuthist/Run_25894_M1_correlation_map.png
Saving aggregated data for sub-job 25876-25894...
Successfully saved data for master aggregation.
--- Sub-job Analysis Complete ---
