/home/genli/.local/lib/python3.9/site-packages/numpy/lib/nanfunctions.py:1878: RuntimeWarning: Degrees of freedom <= 0 for slice.
  var = nanvar(a, axis=axis, dtype=dtype, out=out, ddof=ddof,
/usr/local/lib64/python3.9/site-packages/scipy/stats/_stats_py.py:4424: ConstantInputWarning: An input array is constant; the correlation coefficient is not defined.
  warnings.warn(stats.ConstantInputWarning(msg))
/usr/local/lib64/python3.9/site-packages/scipy/stats/_stats_py.py:4424: ConstantInputWarning: An input array is constant; the correlation coefficient is not defined.
  warnings.warn(stats.ConstantInputWarning(msg))
/usr/local/lib64/python3.9/site-packages/scipy/stats/_stats_py.py:4424: ConstantInputWarning: An input array is constant; the correlation coefficient is not defined.
  warnings.warn(stats.ConstantInputWarning(msg))
/usr/local/lib64/python3.9/site-packages/scipy/stats/_stats_py.py:4424: ConstantInputWarning: An input array is constant; the correlation coefficient is not defined.
  warnings.warn(stats.ConstantInputWarning(msg))
/home/genli/.local/lib/python3.9/site-packages/numpy/lib/nanfunctions.py:1878: RuntimeWarning: Degrees of freedom <= 0 for slice.
  var = nanvar(a, axis=axis, dtype=dtype, out=out, ddof=ddof,
/usr/local/lib64/python3.9/site-packages/scipy/stats/_stats_py.py:4424: ConstantInputWarning: An input array is constant; the correlation coefficient is not defined.
  warnings.warn(stats.ConstantInputWarning(msg))
/usr/local/lib64/python3.9/site-packages/scipy/stats/_stats_py.py:4424: ConstantInputWarning: An input array is constant; the correlation coefficient is not defined.
  warnings.warn(stats.ConstantInputWarning(msg))
/usr/local/lib64/python3.9/site-packages/scipy/stats/_stats_py.py:4424: ConstantInputWarning: An input array is constant; the correlation coefficient is not defined.
  warnings.warn(stats.ConstantInputWarning(msg))
/usr/local/lib64/python3.9/site-packages/scipy/stats/_stats_py.py:4424: ConstantInputWarning: An input array is constant; the correlation coefficient is not defined.
  warnings.warn(stats.ConstantInputWarning(msg))
/home/genli/.local/lib/python3.9/site-packages/numpy/lib/nanfunctions.py:1878: RuntimeWarning: Degrees of freedom <= 0 for slice.
  var = nanvar(a, axis=axis, dtype=dtype, out=out, ddof=ddof,
/usr/local/lib64/python3.9/site-packages/scipy/stats/_stats_py.py:4424: ConstantInputWarning: An input array is constant; the correlation coefficient is not defined.
  warnings.warn(stats.ConstantInputWarning(msg))
/usr/local/lib64/python3.9/site-packages/scipy/stats/_stats_py.py:4424: ConstantInputWarning: An input array is constant; the correlation coefficient is not defined.
  warnings.warn(stats.ConstantInputWarning(msg))
/usr/local/lib64/python3.9/site-packages/scipy/stats/_stats_py.py:4424: ConstantInputWarning: An input array is constant; the correlation coefficient is not defined.
  warnings.warn(stats.ConstantInputWarning(msg))
/usr/local/lib64/python3.9/site-packages/scipy/stats/_stats_py.py:4424: ConstantInputWarning: An input array is constant; the correlation coefficient is not defined.
  warnings.warn(stats.ConstantInputWarning(msg))
=== Configuration ===
Analysis type: M1
Runs: 15058 to 15060
Output Directory for this job: /raid1/genli/Data_D2O/M1_data/analysis_14977-15096_M1_20251202-213720/subjob_15058-15060
Δt cut: (17576, 219700) ns
Photoelectron cut: (0, 1000) P.E.
Time-std cut: < 40.0 ns
======================
--- Processing run 15058 ---
Length of time: 3597974773200.0 ns
Length of time: 59.96624622 minutes
Low-light fits saved to /raid1/genli/Data_D2O/M1_data/analysis_14977-15096_M1_20251202-213720/subjob_15058-15060/run15058_20240604-08/lowlight/Run15058_M1_low_light_fits.png
Low-light fit data saved to /raid1/genli/Data_D2O/M1_data/analysis_14977-15096_M1_20251202-213720/subjob_15058-15060/run15058_20240604-08/lowlight/Run15058_M1_low_light_fits.pkl
Applying 2000 ns time interval cut...
Time interval cut: Kept 2374910 / 2396422 events
Veto efficiency plot saved to /raid1/genli/Data_D2O/M1_data/analysis_14977-15096_M1_20251202-213720/subjob_15058-15060/run15058_20240604-08/histograms/15058_M1_veto_efficiency.png
Veto efficiency data saved to /raid1/genli/Data_D2O/M1_data/analysis_14977-15096_M1_20251202-213720/subjob_15058-15060/run15058_20240604-08/histograms/15058_M1_veto_efficiency.pkl
Run 15058: after NaN drop: 7387 events
Run 15058: after Δt cut: 290 events
Run 15058: after total_pe cut: 285 events
Run 15058: after time-std < 40.0 ns cut: 285 events
Correlation map saved to /raid1/genli/Data_D2O/M1_data/analysis_14977-15096_M1_20251202-213720/subjob_15058-15060/run15058_20240604-08/cuthist/Run_15058_M1_correlation_map.png
--- Processing run 15059 ---
Length of time: 3597977031296.0 ns
Length of time: 59.96628385493333 minutes
Low-light fits saved to /raid1/genli/Data_D2O/M1_data/analysis_14977-15096_M1_20251202-213720/subjob_15058-15060/run15059_20240604-09/lowlight/Run15059_M1_low_light_fits.png
Low-light fit data saved to /raid1/genli/Data_D2O/M1_data/analysis_14977-15096_M1_20251202-213720/subjob_15058-15060/run15059_20240604-09/lowlight/Run15059_M1_low_light_fits.pkl
Applying 2000 ns time interval cut...
Time interval cut: Kept 2383862 / 2405596 events
Veto efficiency plot saved to /raid1/genli/Data_D2O/M1_data/analysis_14977-15096_M1_20251202-213720/subjob_15058-15060/run15059_20240604-09/histograms/15059_M1_veto_efficiency.png
Veto efficiency data saved to /raid1/genli/Data_D2O/M1_data/analysis_14977-15096_M1_20251202-213720/subjob_15058-15060/run15059_20240604-09/histograms/15059_M1_veto_efficiency.pkl
Run 15059: after NaN drop: 7429 events
Run 15059: after Δt cut: 284 events
Run 15059: after total_pe cut: 280 events
Run 15059: after time-std < 40.0 ns cut: 280 events
Correlation map saved to /raid1/genli/Data_D2O/M1_data/analysis_14977-15096_M1_20251202-213720/subjob_15058-15060/run15059_20240604-09/cuthist/Run_15059_M1_correlation_map.png
--- Processing run 15060 ---
Length of time: 3597971397392.0 ns
Length of time: 59.966189956533334 minutes
Low-light fits saved to /raid1/genli/Data_D2O/M1_data/analysis_14977-15096_M1_20251202-213720/subjob_15058-15060/run15060_20240604-10/lowlight/Run15060_M1_low_light_fits.png
Low-light fit data saved to /raid1/genli/Data_D2O/M1_data/analysis_14977-15096_M1_20251202-213720/subjob_15058-15060/run15060_20240604-10/lowlight/Run15060_M1_low_light_fits.pkl
Applying 2000 ns time interval cut...
Time interval cut: Kept 2371943 / 2393408 events
Veto efficiency plot saved to /raid1/genli/Data_D2O/M1_data/analysis_14977-15096_M1_20251202-213720/subjob_15058-15060/run15060_20240604-10/histograms/15060_M1_veto_efficiency.png
Veto efficiency data saved to /raid1/genli/Data_D2O/M1_data/analysis_14977-15096_M1_20251202-213720/subjob_15058-15060/run15060_20240604-10/histograms/15060_M1_veto_efficiency.pkl
Run 15060: after NaN drop: 7580 events
Run 15060: after Δt cut: 308 events
Run 15060: after total_pe cut: 302 events
Run 15060: after time-std < 40.0 ns cut: 302 events
Correlation map saved to /raid1/genli/Data_D2O/M1_data/analysis_14977-15096_M1_20251202-213720/subjob_15058-15060/run15060_20240604-10/cuthist/Run_15060_M1_correlation_map.png
Saving aggregated data for sub-job 15058-15060...
Sub-job time length saved to /raid1/genli/Data_D2O/M1_data/analysis_14977-15096_M1_20251202-213720/subjob_15058-15060/subjob_time_length.json
Successfully saved data for master aggregation.
--- Sub-job Analysis Complete ---
