/home/genli/.local/lib/python3.9/site-packages/numpy/lib/nanfunctions.py:1878: RuntimeWarning: Degrees of freedom <= 0 for slice.
  var = nanvar(a, axis=axis, dtype=dtype, out=out, ddof=ddof,
/usr/local/lib64/python3.9/site-packages/scipy/stats/_stats_py.py:4424: ConstantInputWarning: An input array is constant; the correlation coefficient is not defined.
  warnings.warn(stats.ConstantInputWarning(msg))
/usr/local/lib64/python3.9/site-packages/scipy/stats/_stats_py.py:4424: ConstantInputWarning: An input array is constant; the correlation coefficient is not defined.
  warnings.warn(stats.ConstantInputWarning(msg))
/usr/local/lib64/python3.9/site-packages/scipy/stats/_stats_py.py:4424: ConstantInputWarning: An input array is constant; the correlation coefficient is not defined.
  warnings.warn(stats.ConstantInputWarning(msg))
/usr/local/lib64/python3.9/site-packages/scipy/stats/_stats_py.py:4424: ConstantInputWarning: An input array is constant; the correlation coefficient is not defined.
  warnings.warn(stats.ConstantInputWarning(msg))
/home/genli/.local/lib/python3.9/site-packages/numpy/lib/nanfunctions.py:1878: RuntimeWarning: Degrees of freedom <= 0 for slice.
  var = nanvar(a, axis=axis, dtype=dtype, out=out, ddof=ddof,
/usr/local/lib64/python3.9/site-packages/scipy/stats/_stats_py.py:4424: ConstantInputWarning: An input array is constant; the correlation coefficient is not defined.
  warnings.warn(stats.ConstantInputWarning(msg))
/usr/local/lib64/python3.9/site-packages/scipy/stats/_stats_py.py:4424: ConstantInputWarning: An input array is constant; the correlation coefficient is not defined.
  warnings.warn(stats.ConstantInputWarning(msg))
/usr/local/lib64/python3.9/site-packages/scipy/stats/_stats_py.py:4424: ConstantInputWarning: An input array is constant; the correlation coefficient is not defined.
  warnings.warn(stats.ConstantInputWarning(msg))
/usr/local/lib64/python3.9/site-packages/scipy/stats/_stats_py.py:4424: ConstantInputWarning: An input array is constant; the correlation coefficient is not defined.
  warnings.warn(stats.ConstantInputWarning(msg))
/home/genli/.local/lib/python3.9/site-packages/numpy/lib/nanfunctions.py:1878: RuntimeWarning: Degrees of freedom <= 0 for slice.
  var = nanvar(a, axis=axis, dtype=dtype, out=out, ddof=ddof,
/usr/local/lib64/python3.9/site-packages/scipy/stats/_stats_py.py:4424: ConstantInputWarning: An input array is constant; the correlation coefficient is not defined.
  warnings.warn(stats.ConstantInputWarning(msg))
/usr/local/lib64/python3.9/site-packages/scipy/stats/_stats_py.py:4424: ConstantInputWarning: An input array is constant; the correlation coefficient is not defined.
  warnings.warn(stats.ConstantInputWarning(msg))
/usr/local/lib64/python3.9/site-packages/scipy/stats/_stats_py.py:4424: ConstantInputWarning: An input array is constant; the correlation coefficient is not defined.
  warnings.warn(stats.ConstantInputWarning(msg))
/usr/local/lib64/python3.9/site-packages/scipy/stats/_stats_py.py:4424: ConstantInputWarning: An input array is constant; the correlation coefficient is not defined.
  warnings.warn(stats.ConstantInputWarning(msg))
=== Configuration ===
Analysis type: M1
Runs: 23211 to 23213
Output Directory for this job: /raid1/genli/Data_D2O/M1_data/analysis_23163-23282_M1_20251202-213413/subjob_23211-23213
Δt cut: (17576, 219700) ns
Photoelectron cut: (0, 1000) P.E.
Time-std cut: < 40.0 ns
======================
--- Processing run 23211 ---
Length of time: 3596996568624.0 ns
Length of time: 59.949942810399996 minutes
Low-light fits saved to /raid1/genli/Data_D2O/M1_data/analysis_23163-23282_M1_20251202-213413/subjob_23211-23213/run23211_20250603-19/lowlight/Run23211_M1_low_light_fits.png
Low-light fit data saved to /raid1/genli/Data_D2O/M1_data/analysis_23163-23282_M1_20251202-213413/subjob_23211-23213/run23211_20250603-19/lowlight/Run23211_M1_low_light_fits.pkl
Applying 2000 ns time interval cut...
Time interval cut: Kept 2108695 / 2151770 events
Veto efficiency plot saved to /raid1/genli/Data_D2O/M1_data/analysis_23163-23282_M1_20251202-213413/subjob_23211-23213/run23211_20250603-19/histograms/23211_M1_veto_efficiency.png
Veto efficiency data saved to /raid1/genli/Data_D2O/M1_data/analysis_23163-23282_M1_20251202-213413/subjob_23211-23213/run23211_20250603-19/histograms/23211_M1_veto_efficiency.pkl
Run 23211: after NaN drop: 6058 events
Run 23211: after Δt cut: 212 events
Run 23211: after total_pe cut: 207 events
Run 23211: after time-std < 40.0 ns cut: 207 events
Correlation map saved to /raid1/genli/Data_D2O/M1_data/analysis_23163-23282_M1_20251202-213413/subjob_23211-23213/run23211_20250603-19/cuthist/Run_23211_M1_correlation_map.png
--- Processing run 23212 ---
Length of time: 3596996112048.0 ns
Length of time: 59.949935200800006 minutes
Low-light fits saved to /raid1/genli/Data_D2O/M1_data/analysis_23163-23282_M1_20251202-213413/subjob_23211-23213/run23212_20250603-20/lowlight/Run23212_M1_low_light_fits.png
Low-light fit data saved to /raid1/genli/Data_D2O/M1_data/analysis_23163-23282_M1_20251202-213413/subjob_23211-23213/run23212_20250603-20/lowlight/Run23212_M1_low_light_fits.pkl
Applying 2000 ns time interval cut...
Time interval cut: Kept 2110666 / 2153423 events
Veto efficiency plot saved to /raid1/genli/Data_D2O/M1_data/analysis_23163-23282_M1_20251202-213413/subjob_23211-23213/run23212_20250603-20/histograms/23212_M1_veto_efficiency.png
Veto efficiency data saved to /raid1/genli/Data_D2O/M1_data/analysis_23163-23282_M1_20251202-213413/subjob_23211-23213/run23212_20250603-20/histograms/23212_M1_veto_efficiency.pkl
Run 23212: after NaN drop: 6254 events
Run 23212: after Δt cut: 203 events
Run 23212: after total_pe cut: 202 events
Run 23212: after time-std < 40.0 ns cut: 202 events
Correlation map saved to /raid1/genli/Data_D2O/M1_data/analysis_23163-23282_M1_20251202-213413/subjob_23211-23213/run23212_20250603-20/cuthist/Run_23212_M1_correlation_map.png
--- Processing run 23213 ---
Length of time: 3596995906048.0 ns
Length of time: 59.949931767466666 minutes
Low-light fits saved to /raid1/genli/Data_D2O/M1_data/analysis_23163-23282_M1_20251202-213413/subjob_23211-23213/run23213_20250603-21/lowlight/Run23213_M1_low_light_fits.png
Low-light fit data saved to /raid1/genli/Data_D2O/M1_data/analysis_23163-23282_M1_20251202-213413/subjob_23211-23213/run23213_20250603-21/lowlight/Run23213_M1_low_light_fits.pkl
Applying 2000 ns time interval cut...
Time interval cut: Kept 2112337 / 2154755 events
Veto efficiency plot saved to /raid1/genli/Data_D2O/M1_data/analysis_23163-23282_M1_20251202-213413/subjob_23211-23213/run23213_20250603-21/histograms/23213_M1_veto_efficiency.png
Veto efficiency data saved to /raid1/genli/Data_D2O/M1_data/analysis_23163-23282_M1_20251202-213413/subjob_23211-23213/run23213_20250603-21/histograms/23213_M1_veto_efficiency.pkl
Run 23213: after NaN drop: 6037 events
Run 23213: after Δt cut: 186 events
Run 23213: after total_pe cut: 180 events
Run 23213: after time-std < 40.0 ns cut: 180 events
Correlation map saved to /raid1/genli/Data_D2O/M1_data/analysis_23163-23282_M1_20251202-213413/subjob_23211-23213/run23213_20250603-21/cuthist/Run_23213_M1_correlation_map.png
Saving aggregated data for sub-job 23211-23213...
Sub-job time length saved to /raid1/genli/Data_D2O/M1_data/analysis_23163-23282_M1_20251202-213413/subjob_23211-23213/subjob_time_length.json
Successfully saved data for master aggregation.
--- Sub-job Analysis Complete ---
