/home/genli/.local/lib/python3.9/site-packages/numpy/lib/nanfunctions.py:1878: RuntimeWarning: Degrees of freedom <= 0 for slice.
  var = nanvar(a, axis=axis, dtype=dtype, out=out, ddof=ddof,
=== Configuration ===
Analysis type: M1
Runs: 25309 to 25309
Output Directory for this job: /raid1/genli/Data_D2O/M1_data/BRN/analysis_25306-25315_M1_20251030-012258/subjob_25309-25309
Δt cut: (960, 10560) ns
Photoelectron cut: (0, 2000) P.E.
Time-std cut: < 40.0 ns
======================
--- Processing run 25309 ---
Low-light fits saved to /raid1/genli/Data_D2O/M1_data/BRN/analysis_25306-25315_M1_20251030-012258/subjob_25309-25309/run25309_20250831-22/lowlight/Run25309_M1_low_light_fits.png
Low-light fit data saved to /raid1/genli/Data_D2O/M1_data/BRN/analysis_25306-25315_M1_20251030-012258/subjob_25309-25309/run25309_20250831-22/lowlight/Run25309_M1_low_light_fits.pkl
Veto efficiency plot saved to /raid1/genli/Data_D2O/M1_data/BRN/analysis_25306-25315_M1_20251030-012258/subjob_25309-25309/run25309_20250831-22/histograms/25309_M1_veto_efficiency.png
Veto efficiency data saved to /raid1/genli/Data_D2O/M1_data/BRN/analysis_25306-25315_M1_20251030-012258/subjob_25309-25309/run25309_20250831-22/histograms/25309_M1_veto_efficiency.pkl
Run 25309: after NaN drop: 18654 events
Run 25309: after Δt cut: 8990 events
Run 25309: after total_pe cut: 8988 events
Run 25309: after time-std < 40.0 ns cut: 8988 events
Correlation map saved to /raid1/genli/Data_D2O/M1_data/BRN/analysis_25306-25315_M1_20251030-012258/subjob_25309-25309/run25309_20250831-22/cuthist/Run_25309_M1_correlation_map.png
Saving aggregated data for sub-job 25309-25309...
Successfully saved data for master aggregation.
--- Sub-job Analysis Complete ---
