/home/genli/.local/lib/python3.9/site-packages/numpy/lib/nanfunctions.py:1878: RuntimeWarning: Degrees of freedom <= 0 for slice.
  var = nanvar(a, axis=axis, dtype=dtype, out=out, ddof=ddof,
/usr/local/lib64/python3.9/site-packages/scipy/stats/_stats_py.py:4424: ConstantInputWarning: An input array is constant; the correlation coefficient is not defined.
  warnings.warn(stats.ConstantInputWarning(msg))
/usr/local/lib64/python3.9/site-packages/scipy/stats/_stats_py.py:4424: ConstantInputWarning: An input array is constant; the correlation coefficient is not defined.
  warnings.warn(stats.ConstantInputWarning(msg))
/usr/local/lib64/python3.9/site-packages/scipy/stats/_stats_py.py:4424: ConstantInputWarning: An input array is constant; the correlation coefficient is not defined.
  warnings.warn(stats.ConstantInputWarning(msg))
/usr/local/lib64/python3.9/site-packages/scipy/stats/_stats_py.py:4424: ConstantInputWarning: An input array is constant; the correlation coefficient is not defined.
  warnings.warn(stats.ConstantInputWarning(msg))
/home/genli/.local/lib/python3.9/site-packages/numpy/lib/nanfunctions.py:1878: RuntimeWarning: Degrees of freedom <= 0 for slice.
  var = nanvar(a, axis=axis, dtype=dtype, out=out, ddof=ddof,
/usr/local/lib64/python3.9/site-packages/scipy/stats/_stats_py.py:4424: ConstantInputWarning: An input array is constant; the correlation coefficient is not defined.
  warnings.warn(stats.ConstantInputWarning(msg))
/usr/local/lib64/python3.9/site-packages/scipy/stats/_stats_py.py:4424: ConstantInputWarning: An input array is constant; the correlation coefficient is not defined.
  warnings.warn(stats.ConstantInputWarning(msg))
/usr/local/lib64/python3.9/site-packages/scipy/stats/_stats_py.py:4424: ConstantInputWarning: An input array is constant; the correlation coefficient is not defined.
  warnings.warn(stats.ConstantInputWarning(msg))
/usr/local/lib64/python3.9/site-packages/scipy/stats/_stats_py.py:4424: ConstantInputWarning: An input array is constant; the correlation coefficient is not defined.
  warnings.warn(stats.ConstantInputWarning(msg))
/home/genli/.local/lib/python3.9/site-packages/numpy/lib/nanfunctions.py:1878: RuntimeWarning: Degrees of freedom <= 0 for slice.
  var = nanvar(a, axis=axis, dtype=dtype, out=out, ddof=ddof,
/usr/local/lib64/python3.9/site-packages/scipy/stats/_stats_py.py:4424: ConstantInputWarning: An input array is constant; the correlation coefficient is not defined.
  warnings.warn(stats.ConstantInputWarning(msg))
/usr/local/lib64/python3.9/site-packages/scipy/stats/_stats_py.py:4424: ConstantInputWarning: An input array is constant; the correlation coefficient is not defined.
  warnings.warn(stats.ConstantInputWarning(msg))
/usr/local/lib64/python3.9/site-packages/scipy/stats/_stats_py.py:4424: ConstantInputWarning: An input array is constant; the correlation coefficient is not defined.
  warnings.warn(stats.ConstantInputWarning(msg))
/usr/local/lib64/python3.9/site-packages/scipy/stats/_stats_py.py:4424: ConstantInputWarning: An input array is constant; the correlation coefficient is not defined.
  warnings.warn(stats.ConstantInputWarning(msg))
=== Configuration ===
Analysis type: M1
Runs: 15043 to 15045
Output Directory for this job: /raid1/genli/Data_D2O/M1_data/analysis_14977-15096_M1_20251202-213720/subjob_15043-15045
Δt cut: (17576, 219700) ns
Photoelectron cut: (0, 1000) P.E.
Time-std cut: < 40.0 ns
======================
--- Processing run 15043 ---
Length of time: 3597975323936.0 ns
Length of time: 59.966255398933335 minutes
Low-light fits saved to /raid1/genli/Data_D2O/M1_data/analysis_14977-15096_M1_20251202-213720/subjob_15043-15045/run15043_20240603-17/lowlight/Run15043_M1_low_light_fits.png
Low-light fit data saved to /raid1/genli/Data_D2O/M1_data/analysis_14977-15096_M1_20251202-213720/subjob_15043-15045/run15043_20240603-17/lowlight/Run15043_M1_low_light_fits.pkl
Applying 2000 ns time interval cut...
Time interval cut: Kept 2392700 / 2414305 events
Veto efficiency plot saved to /raid1/genli/Data_D2O/M1_data/analysis_14977-15096_M1_20251202-213720/subjob_15043-15045/run15043_20240603-17/histograms/15043_M1_veto_efficiency.png
Veto efficiency data saved to /raid1/genli/Data_D2O/M1_data/analysis_14977-15096_M1_20251202-213720/subjob_15043-15045/run15043_20240603-17/histograms/15043_M1_veto_efficiency.pkl
Run 15043: after NaN drop: 7512 events
Run 15043: after Δt cut: 327 events
Run 15043: after total_pe cut: 319 events
Run 15043: after time-std < 40.0 ns cut: 319 events
Correlation map saved to /raid1/genli/Data_D2O/M1_data/analysis_14977-15096_M1_20251202-213720/subjob_15043-15045/run15043_20240603-17/cuthist/Run_15043_M1_correlation_map.png
--- Processing run 15044 ---
Length of time: 3597974268672.0 ns
Length of time: 59.9662378112 minutes
Low-light fits saved to /raid1/genli/Data_D2O/M1_data/analysis_14977-15096_M1_20251202-213720/subjob_15043-15045/run15044_20240603-18/lowlight/Run15044_M1_low_light_fits.png
Low-light fit data saved to /raid1/genli/Data_D2O/M1_data/analysis_14977-15096_M1_20251202-213720/subjob_15043-15045/run15044_20240603-18/lowlight/Run15044_M1_low_light_fits.pkl
Applying 2000 ns time interval cut...
Time interval cut: Kept 2386655 / 2408715 events
Veto efficiency plot saved to /raid1/genli/Data_D2O/M1_data/analysis_14977-15096_M1_20251202-213720/subjob_15043-15045/run15044_20240603-18/histograms/15044_M1_veto_efficiency.png
Veto efficiency data saved to /raid1/genli/Data_D2O/M1_data/analysis_14977-15096_M1_20251202-213720/subjob_15043-15045/run15044_20240603-18/histograms/15044_M1_veto_efficiency.pkl
Run 15044: after NaN drop: 7563 events
Run 15044: after Δt cut: 314 events
Run 15044: after total_pe cut: 310 events
Run 15044: after time-std < 40.0 ns cut: 310 events
Correlation map saved to /raid1/genli/Data_D2O/M1_data/analysis_14977-15096_M1_20251202-213720/subjob_15043-15045/run15044_20240603-18/cuthist/Run_15044_M1_correlation_map.png
--- Processing run 15045 ---
Length of time: 3597971370656.0 ns
Length of time: 59.96618951093333 minutes
Low-light fits saved to /raid1/genli/Data_D2O/M1_data/analysis_14977-15096_M1_20251202-213720/subjob_15043-15045/run15045_20240603-19/lowlight/Run15045_M1_low_light_fits.png
Low-light fit data saved to /raid1/genli/Data_D2O/M1_data/analysis_14977-15096_M1_20251202-213720/subjob_15043-15045/run15045_20240603-19/lowlight/Run15045_M1_low_light_fits.pkl
Applying 2000 ns time interval cut...
Time interval cut: Kept 2376885 / 2398352 events
Veto efficiency plot saved to /raid1/genli/Data_D2O/M1_data/analysis_14977-15096_M1_20251202-213720/subjob_15043-15045/run15045_20240603-19/histograms/15045_M1_veto_efficiency.png
Veto efficiency data saved to /raid1/genli/Data_D2O/M1_data/analysis_14977-15096_M1_20251202-213720/subjob_15043-15045/run15045_20240603-19/histograms/15045_M1_veto_efficiency.pkl
Run 15045: after NaN drop: 7450 events
Run 15045: after Δt cut: 330 events
Run 15045: after total_pe cut: 323 events
Run 15045: after time-std < 40.0 ns cut: 323 events
Correlation map saved to /raid1/genli/Data_D2O/M1_data/analysis_14977-15096_M1_20251202-213720/subjob_15043-15045/run15045_20240603-19/cuthist/Run_15045_M1_correlation_map.png
Saving aggregated data for sub-job 15043-15045...
Sub-job time length saved to /raid1/genli/Data_D2O/M1_data/analysis_14977-15096_M1_20251202-213720/subjob_15043-15045/subjob_time_length.json
Successfully saved data for master aggregation.
--- Sub-job Analysis Complete ---
