/home/genli/.local/lib/python3.9/site-packages/numpy/lib/nanfunctions.py:1878: RuntimeWarning: Degrees of freedom <= 0 for slice.
  var = nanvar(a, axis=axis, dtype=dtype, out=out, ddof=ddof,
/home/genli/D2O_analysis/Codes/Read_Cut_Hist_D2O_multi_veto.py:411: UserWarning: Data has no positive values, and therefore cannot be log-scaled.
  ax.set_yscale('log')
=== Configuration ===
Analysis type: M1
Runs: 25306 to 25306
Output Directory for this job: /raid1/genli/Data_D2O/M1_data/BRN/analysis_25306-25315_M1_20251030-012258/subjob_25306-25306
Δt cut: (960, 10560) ns
Photoelectron cut: (0, 2000) P.E.
Time-std cut: < 40.0 ns
======================
--- Processing run 25306 ---
Low-light fits saved to /raid1/genli/Data_D2O/M1_data/BRN/analysis_25306-25315_M1_20251030-012258/subjob_25306-25306/run25306_20250831-19/lowlight/Run25306_M1_low_light_fits.png
Low-light fit data saved to /raid1/genli/Data_D2O/M1_data/BRN/analysis_25306-25315_M1_20251030-012258/subjob_25306-25306/run25306_20250831-19/lowlight/Run25306_M1_low_light_fits.pkl
Veto efficiency plot saved to /raid1/genli/Data_D2O/M1_data/BRN/analysis_25306-25315_M1_20251030-012258/subjob_25306-25306/run25306_20250831-19/histograms/25306_M1_veto_efficiency.png
Veto efficiency data saved to /raid1/genli/Data_D2O/M1_data/BRN/analysis_25306-25315_M1_20251030-012258/subjob_25306-25306/run25306_20250831-19/histograms/25306_M1_veto_efficiency.pkl
Run 25306: after NaN drop: 18514 events
Run 25306: after Δt cut: 8875 events
Run 25306: after total_pe cut: 8875 events
Run 25306: after time-std < 40.0 ns cut: 8875 events
Correlation map saved to /raid1/genli/Data_D2O/M1_data/BRN/analysis_25306-25315_M1_20251030-012258/subjob_25306-25306/run25306_20250831-19/cuthist/Run_25306_M1_correlation_map.png
Saving aggregated data for sub-job 25306-25306...
Successfully saved data for master aggregation.
--- Sub-job Analysis Complete ---
