/home/genli/.local/lib/python3.9/site-packages/numpy/lib/nanfunctions.py:1878: RuntimeWarning: Degrees of freedom <= 0 for slice.
  var = nanvar(a, axis=axis, dtype=dtype, out=out, ddof=ddof,
/home/genli/.local/lib/python3.9/site-packages/numpy/lib/nanfunctions.py:1878: RuntimeWarning: Degrees of freedom <= 0 for slice.
  var = nanvar(a, axis=axis, dtype=dtype, out=out, ddof=ddof,
/home/genli/D2O_analysis/Codes/Read_Cut_Hist_D2O_multi_veto.py:411: UserWarning: Data has no positive values, and therefore cannot be log-scaled.
  ax.set_yscale('log')
/home/genli/.local/lib/python3.9/site-packages/numpy/lib/nanfunctions.py:1878: RuntimeWarning: Degrees of freedom <= 0 for slice.
  var = nanvar(a, axis=axis, dtype=dtype, out=out, ddof=ddof,
/home/genli/.local/lib/python3.9/site-packages/numpy/lib/nanfunctions.py:1878: RuntimeWarning: Degrees of freedom <= 0 for slice.
  var = nanvar(a, axis=axis, dtype=dtype, out=out, ddof=ddof,
/home/genli/.local/lib/python3.9/site-packages/numpy/lib/nanfunctions.py:1878: RuntimeWarning: Degrees of freedom <= 0 for slice.
  var = nanvar(a, axis=axis, dtype=dtype, out=out, ddof=ddof,
/home/genli/D2O_analysis/Codes/Read_Cut_Hist_D2O_multi_veto.py:411: UserWarning: Data has no positive values, and therefore cannot be log-scaled.
  ax.set_yscale('log')
/home/genli/.local/lib/python3.9/site-packages/numpy/lib/nanfunctions.py:1878: RuntimeWarning: Degrees of freedom <= 0 for slice.
  var = nanvar(a, axis=axis, dtype=dtype, out=out, ddof=ddof,
/home/genli/.local/lib/python3.9/site-packages/numpy/lib/nanfunctions.py:1878: RuntimeWarning: Degrees of freedom <= 0 for slice.
  var = nanvar(a, axis=axis, dtype=dtype, out=out, ddof=ddof,
/home/genli/D2O_analysis/Codes/Read_Cut_Hist_D2O_multi_veto.py:411: UserWarning: Data has no positive values, and therefore cannot be log-scaled.
  ax.set_yscale('log')
/home/genli/.local/lib/python3.9/site-packages/numpy/lib/nanfunctions.py:1878: RuntimeWarning: Degrees of freedom <= 0 for slice.
  var = nanvar(a, axis=axis, dtype=dtype, out=out, ddof=ddof,
/home/genli/.local/lib/python3.9/site-packages/numpy/lib/nanfunctions.py:1878: RuntimeWarning: Degrees of freedom <= 0 for slice.
  var = nanvar(a, axis=axis, dtype=dtype, out=out, ddof=ddof,
/home/genli/D2O_analysis/Codes/Read_Cut_Hist_D2O_multi_veto.py:411: UserWarning: Data has no positive values, and therefore cannot be log-scaled.
  ax.set_yscale('log')
/home/genli/.local/lib/python3.9/site-packages/numpy/lib/nanfunctions.py:1878: RuntimeWarning: Degrees of freedom <= 0 for slice.
  var = nanvar(a, axis=axis, dtype=dtype, out=out, ddof=ddof,
/home/genli/.local/lib/python3.9/site-packages/numpy/lib/nanfunctions.py:1878: RuntimeWarning: Degrees of freedom <= 0 for slice.
  var = nanvar(a, axis=axis, dtype=dtype, out=out, ddof=ddof,
/home/genli/.local/lib/python3.9/site-packages/numpy/lib/nanfunctions.py:1878: RuntimeWarning: Degrees of freedom <= 0 for slice.
  var = nanvar(a, axis=axis, dtype=dtype, out=out, ddof=ddof,
/home/genli/.local/lib/python3.9/site-packages/numpy/lib/nanfunctions.py:1878: RuntimeWarning: Degrees of freedom <= 0 for slice.
  var = nanvar(a, axis=axis, dtype=dtype, out=out, ddof=ddof,
/home/genli/.local/lib/python3.9/site-packages/numpy/lib/nanfunctions.py:1878: RuntimeWarning: Degrees of freedom <= 0 for slice.
  var = nanvar(a, axis=axis, dtype=dtype, out=out, ddof=ddof,
/home/genli/D2O_analysis/Codes/Read_Cut_Hist_D2O_multi_veto.py:411: UserWarning: Data has no positive values, and therefore cannot be log-scaled.
  ax.set_yscale('log')
/home/genli/.local/lib/python3.9/site-packages/numpy/lib/nanfunctions.py:1878: RuntimeWarning: Degrees of freedom <= 0 for slice.
  var = nanvar(a, axis=axis, dtype=dtype, out=out, ddof=ddof,
/home/genli/.local/lib/python3.9/site-packages/numpy/lib/nanfunctions.py:1878: RuntimeWarning: Degrees of freedom <= 0 for slice.
  var = nanvar(a, axis=axis, dtype=dtype, out=out, ddof=ddof,
/home/genli/.local/lib/python3.9/site-packages/numpy/lib/nanfunctions.py:1878: RuntimeWarning: Degrees of freedom <= 0 for slice.
  var = nanvar(a, axis=axis, dtype=dtype, out=out, ddof=ddof,
/home/genli/.local/lib/python3.9/site-packages/numpy/lib/nanfunctions.py:1878: RuntimeWarning: Degrees of freedom <= 0 for slice.
  var = nanvar(a, axis=axis, dtype=dtype, out=out, ddof=ddof,
/home/genli/.local/lib/python3.9/site-packages/numpy/lib/nanfunctions.py:1878: RuntimeWarning: Degrees of freedom <= 0 for slice.
  var = nanvar(a, axis=axis, dtype=dtype, out=out, ddof=ddof,
/home/genli/D2O_analysis/Codes/Read_Cut_Hist_D2O_multi_veto.py:411: UserWarning: Data has no positive values, and therefore cannot be log-scaled.
  ax.set_yscale('log')
=== Configuration ===
Analysis type: M1
Runs: 25895 to 25913
Output Directory for this job: /raid1/genli/Data_D2O/M1_data/BRN/analysis_25306-26233_M1_20251030-013056/subjob_25895-25913
Δt cut: (960, 10560) ns
Photoelectron cut: (0, 2000) P.E.
Time-std cut: < 40.0 ns
======================
--- Processing run 25895 ---
Low-light fits saved to /raid1/genli/Data_D2O/M1_data/BRN/analysis_25306-26233_M1_20251030-013056/subjob_25895-25913/run25895_20250925-09/lowlight/Run25895_M1_low_light_fits.png
Low-light fit data saved to /raid1/genli/Data_D2O/M1_data/BRN/analysis_25306-26233_M1_20251030-013056/subjob_25895-25913/run25895_20250925-09/lowlight/Run25895_M1_low_light_fits.pkl
Veto efficiency plot saved to /raid1/genli/Data_D2O/M1_data/BRN/analysis_25306-26233_M1_20251030-013056/subjob_25895-25913/run25895_20250925-09/histograms/25895_M1_veto_efficiency.png
Veto efficiency data saved to /raid1/genli/Data_D2O/M1_data/BRN/analysis_25306-26233_M1_20251030-013056/subjob_25895-25913/run25895_20250925-09/histograms/25895_M1_veto_efficiency.pkl
Run 25895: after NaN drop: 19303 events
Run 25895: after Δt cut: 9170 events
Run 25895: after total_pe cut: 9168 events
Run 25895: after time-std < 40.0 ns cut: 9168 events
Correlation map saved to /raid1/genli/Data_D2O/M1_data/BRN/analysis_25306-26233_M1_20251030-013056/subjob_25895-25913/run25895_20250925-09/cuthist/Run_25895_M1_correlation_map.png
--- Processing run 25896 ---
Low-light fits saved to /raid1/genli/Data_D2O/M1_data/BRN/analysis_25306-26233_M1_20251030-013056/subjob_25895-25913/run25896_20250925-10/lowlight/Run25896_M1_low_light_fits.png
Low-light fit data saved to /raid1/genli/Data_D2O/M1_data/BRN/analysis_25306-26233_M1_20251030-013056/subjob_25895-25913/run25896_20250925-10/lowlight/Run25896_M1_low_light_fits.pkl
Veto efficiency plot saved to /raid1/genli/Data_D2O/M1_data/BRN/analysis_25306-26233_M1_20251030-013056/subjob_25895-25913/run25896_20250925-10/histograms/25896_M1_veto_efficiency.png
Veto efficiency data saved to /raid1/genli/Data_D2O/M1_data/BRN/analysis_25306-26233_M1_20251030-013056/subjob_25895-25913/run25896_20250925-10/histograms/25896_M1_veto_efficiency.pkl
Run 25896: after NaN drop: 19386 events
Run 25896: after Δt cut: 9223 events
Run 25896: after total_pe cut: 9220 events
Run 25896: after time-std < 40.0 ns cut: 9220 events
Correlation map saved to /raid1/genli/Data_D2O/M1_data/BRN/analysis_25306-26233_M1_20251030-013056/subjob_25895-25913/run25896_20250925-10/cuthist/Run_25896_M1_correlation_map.png
--- Processing run 25897 ---
Low-light fits saved to /raid1/genli/Data_D2O/M1_data/BRN/analysis_25306-26233_M1_20251030-013056/subjob_25895-25913/run25897_20250925-11/lowlight/Run25897_M1_low_light_fits.png
Low-light fit data saved to /raid1/genli/Data_D2O/M1_data/BRN/analysis_25306-26233_M1_20251030-013056/subjob_25895-25913/run25897_20250925-11/lowlight/Run25897_M1_low_light_fits.pkl
Veto efficiency plot saved to /raid1/genli/Data_D2O/M1_data/BRN/analysis_25306-26233_M1_20251030-013056/subjob_25895-25913/run25897_20250925-11/histograms/25897_M1_veto_efficiency.png
Veto efficiency data saved to /raid1/genli/Data_D2O/M1_data/BRN/analysis_25306-26233_M1_20251030-013056/subjob_25895-25913/run25897_20250925-11/histograms/25897_M1_veto_efficiency.pkl
Run 25897: after NaN drop: 19043 events
Run 25897: after Δt cut: 9074 events
Run 25897: after total_pe cut: 9074 events
Run 25897: after time-std < 40.0 ns cut: 9074 events
Correlation map saved to /raid1/genli/Data_D2O/M1_data/BRN/analysis_25306-26233_M1_20251030-013056/subjob_25895-25913/run25897_20250925-11/cuthist/Run_25897_M1_correlation_map.png
--- Processing run 25898 ---
Low-light fits saved to /raid1/genli/Data_D2O/M1_data/BRN/analysis_25306-26233_M1_20251030-013056/subjob_25895-25913/run25898_20250925-12/lowlight/Run25898_M1_low_light_fits.png
Low-light fit data saved to /raid1/genli/Data_D2O/M1_data/BRN/analysis_25306-26233_M1_20251030-013056/subjob_25895-25913/run25898_20250925-12/lowlight/Run25898_M1_low_light_fits.pkl
Veto efficiency plot saved to /raid1/genli/Data_D2O/M1_data/BRN/analysis_25306-26233_M1_20251030-013056/subjob_25895-25913/run25898_20250925-12/histograms/25898_M1_veto_efficiency.png
Veto efficiency data saved to /raid1/genli/Data_D2O/M1_data/BRN/analysis_25306-26233_M1_20251030-013056/subjob_25895-25913/run25898_20250925-12/histograms/25898_M1_veto_efficiency.pkl
Run 25898: after NaN drop: 19265 events
Run 25898: after Δt cut: 9175 events
Run 25898: after total_pe cut: 9175 events
Run 25898: after time-std < 40.0 ns cut: 9175 events
Correlation map saved to /raid1/genli/Data_D2O/M1_data/BRN/analysis_25306-26233_M1_20251030-013056/subjob_25895-25913/run25898_20250925-12/cuthist/Run_25898_M1_correlation_map.png
--- Processing run 25899 ---
Low-light fits saved to /raid1/genli/Data_D2O/M1_data/BRN/analysis_25306-26233_M1_20251030-013056/subjob_25895-25913/run25899_20250925-13/lowlight/Run25899_M1_low_light_fits.png
Low-light fit data saved to /raid1/genli/Data_D2O/M1_data/BRN/analysis_25306-26233_M1_20251030-013056/subjob_25895-25913/run25899_20250925-13/lowlight/Run25899_M1_low_light_fits.pkl
Veto efficiency plot saved to /raid1/genli/Data_D2O/M1_data/BRN/analysis_25306-26233_M1_20251030-013056/subjob_25895-25913/run25899_20250925-13/histograms/25899_M1_veto_efficiency.png
Veto efficiency data saved to /raid1/genli/Data_D2O/M1_data/BRN/analysis_25306-26233_M1_20251030-013056/subjob_25895-25913/run25899_20250925-13/histograms/25899_M1_veto_efficiency.pkl
Run 25899: after NaN drop: 19119 events
Run 25899: after Δt cut: 9054 events
Run 25899: after total_pe cut: 9054 events
Run 25899: after time-std < 40.0 ns cut: 9054 events
Correlation map saved to /raid1/genli/Data_D2O/M1_data/BRN/analysis_25306-26233_M1_20251030-013056/subjob_25895-25913/run25899_20250925-13/cuthist/Run_25899_M1_correlation_map.png
--- Processing run 25900 ---
Low-light fits saved to /raid1/genli/Data_D2O/M1_data/BRN/analysis_25306-26233_M1_20251030-013056/subjob_25895-25913/run25900_20250925-14/lowlight/Run25900_M1_low_light_fits.png
Low-light fit data saved to /raid1/genli/Data_D2O/M1_data/BRN/analysis_25306-26233_M1_20251030-013056/subjob_25895-25913/run25900_20250925-14/lowlight/Run25900_M1_low_light_fits.pkl
Veto efficiency plot saved to /raid1/genli/Data_D2O/M1_data/BRN/analysis_25306-26233_M1_20251030-013056/subjob_25895-25913/run25900_20250925-14/histograms/25900_M1_veto_efficiency.png
Veto efficiency data saved to /raid1/genli/Data_D2O/M1_data/BRN/analysis_25306-26233_M1_20251030-013056/subjob_25895-25913/run25900_20250925-14/histograms/25900_M1_veto_efficiency.pkl
Run 25900: after NaN drop: 19134 events
Run 25900: after Δt cut: 9299 events
Run 25900: after total_pe cut: 9297 events
Run 25900: after time-std < 40.0 ns cut: 9297 events
Correlation map saved to /raid1/genli/Data_D2O/M1_data/BRN/analysis_25306-26233_M1_20251030-013056/subjob_25895-25913/run25900_20250925-14/cuthist/Run_25900_M1_correlation_map.png
--- Processing run 25901 ---
Low-light fits saved to /raid1/genli/Data_D2O/M1_data/BRN/analysis_25306-26233_M1_20251030-013056/subjob_25895-25913/run25901_20250925-15/lowlight/Run25901_M1_low_light_fits.png
Low-light fit data saved to /raid1/genli/Data_D2O/M1_data/BRN/analysis_25306-26233_M1_20251030-013056/subjob_25895-25913/run25901_20250925-15/lowlight/Run25901_M1_low_light_fits.pkl
Veto efficiency plot saved to /raid1/genli/Data_D2O/M1_data/BRN/analysis_25306-26233_M1_20251030-013056/subjob_25895-25913/run25901_20250925-15/histograms/25901_M1_veto_efficiency.png
Veto efficiency data saved to /raid1/genli/Data_D2O/M1_data/BRN/analysis_25306-26233_M1_20251030-013056/subjob_25895-25913/run25901_20250925-15/histograms/25901_M1_veto_efficiency.pkl
Run 25901: after NaN drop: 19048 events
Run 25901: after Δt cut: 9076 events
Run 25901: after total_pe cut: 9075 events
Run 25901: after time-std < 40.0 ns cut: 9075 events
Correlation map saved to /raid1/genli/Data_D2O/M1_data/BRN/analysis_25306-26233_M1_20251030-013056/subjob_25895-25913/run25901_20250925-15/cuthist/Run_25901_M1_correlation_map.png
--- Processing run 25902 ---
Low-light fits saved to /raid1/genli/Data_D2O/M1_data/BRN/analysis_25306-26233_M1_20251030-013056/subjob_25895-25913/run25902_20250925-16/lowlight/Run25902_M1_low_light_fits.png
Low-light fit data saved to /raid1/genli/Data_D2O/M1_data/BRN/analysis_25306-26233_M1_20251030-013056/subjob_25895-25913/run25902_20250925-16/lowlight/Run25902_M1_low_light_fits.pkl
Veto efficiency plot saved to /raid1/genli/Data_D2O/M1_data/BRN/analysis_25306-26233_M1_20251030-013056/subjob_25895-25913/run25902_20250925-16/histograms/25902_M1_veto_efficiency.png
Veto efficiency data saved to /raid1/genli/Data_D2O/M1_data/BRN/analysis_25306-26233_M1_20251030-013056/subjob_25895-25913/run25902_20250925-16/histograms/25902_M1_veto_efficiency.pkl
Run 25902: after NaN drop: 19280 events
Run 25902: after Δt cut: 9169 events
Run 25902: after total_pe cut: 9169 events
Run 25902: after time-std < 40.0 ns cut: 9169 events
Correlation map saved to /raid1/genli/Data_D2O/M1_data/BRN/analysis_25306-26233_M1_20251030-013056/subjob_25895-25913/run25902_20250925-16/cuthist/Run_25902_M1_correlation_map.png
--- Processing run 25903 ---
Low-light fits saved to /raid1/genli/Data_D2O/M1_data/BRN/analysis_25306-26233_M1_20251030-013056/subjob_25895-25913/run25903_20250925-17/lowlight/Run25903_M1_low_light_fits.png
Low-light fit data saved to /raid1/genli/Data_D2O/M1_data/BRN/analysis_25306-26233_M1_20251030-013056/subjob_25895-25913/run25903_20250925-17/lowlight/Run25903_M1_low_light_fits.pkl
Veto efficiency plot saved to /raid1/genli/Data_D2O/M1_data/BRN/analysis_25306-26233_M1_20251030-013056/subjob_25895-25913/run25903_20250925-17/histograms/25903_M1_veto_efficiency.png
Veto efficiency data saved to /raid1/genli/Data_D2O/M1_data/BRN/analysis_25306-26233_M1_20251030-013056/subjob_25895-25913/run25903_20250925-17/histograms/25903_M1_veto_efficiency.pkl
Run 25903: after NaN drop: 19349 events
Run 25903: after Δt cut: 9271 events
Run 25903: after total_pe cut: 9268 events
Run 25903: after time-std < 40.0 ns cut: 9268 events
Correlation map saved to /raid1/genli/Data_D2O/M1_data/BRN/analysis_25306-26233_M1_20251030-013056/subjob_25895-25913/run25903_20250925-17/cuthist/Run_25903_M1_correlation_map.png
--- Processing run 25904 ---
Low-light fits saved to /raid1/genli/Data_D2O/M1_data/BRN/analysis_25306-26233_M1_20251030-013056/subjob_25895-25913/run25904_20250925-18/lowlight/Run25904_M1_low_light_fits.png
Low-light fit data saved to /raid1/genli/Data_D2O/M1_data/BRN/analysis_25306-26233_M1_20251030-013056/subjob_25895-25913/run25904_20250925-18/lowlight/Run25904_M1_low_light_fits.pkl
Veto efficiency plot saved to /raid1/genli/Data_D2O/M1_data/BRN/analysis_25306-26233_M1_20251030-013056/subjob_25895-25913/run25904_20250925-18/histograms/25904_M1_veto_efficiency.png
Veto efficiency data saved to /raid1/genli/Data_D2O/M1_data/BRN/analysis_25306-26233_M1_20251030-013056/subjob_25895-25913/run25904_20250925-18/histograms/25904_M1_veto_efficiency.pkl
Run 25904: after NaN drop: 19221 events
Run 25904: after Δt cut: 9191 events
Run 25904: after total_pe cut: 9191 events
Run 25904: after time-std < 40.0 ns cut: 9191 events
Correlation map saved to /raid1/genli/Data_D2O/M1_data/BRN/analysis_25306-26233_M1_20251030-013056/subjob_25895-25913/run25904_20250925-18/cuthist/Run_25904_M1_correlation_map.png
--- Processing run 25905 ---
Low-light fits saved to /raid1/genli/Data_D2O/M1_data/BRN/analysis_25306-26233_M1_20251030-013056/subjob_25895-25913/run25905_20250925-19/lowlight/Run25905_M1_low_light_fits.png
Low-light fit data saved to /raid1/genli/Data_D2O/M1_data/BRN/analysis_25306-26233_M1_20251030-013056/subjob_25895-25913/run25905_20250925-19/lowlight/Run25905_M1_low_light_fits.pkl
Veto efficiency plot saved to /raid1/genli/Data_D2O/M1_data/BRN/analysis_25306-26233_M1_20251030-013056/subjob_25895-25913/run25905_20250925-19/histograms/25905_M1_veto_efficiency.png
Veto efficiency data saved to /raid1/genli/Data_D2O/M1_data/BRN/analysis_25306-26233_M1_20251030-013056/subjob_25895-25913/run25905_20250925-19/histograms/25905_M1_veto_efficiency.pkl
Run 25905: after NaN drop: 19131 events
Run 25905: after Δt cut: 9194 events
Run 25905: after total_pe cut: 9193 events
Run 25905: after time-std < 40.0 ns cut: 9193 events
Correlation map saved to /raid1/genli/Data_D2O/M1_data/BRN/analysis_25306-26233_M1_20251030-013056/subjob_25895-25913/run25905_20250925-19/cuthist/Run_25905_M1_correlation_map.png
--- Processing run 25906 ---
Low-light fits saved to /raid1/genli/Data_D2O/M1_data/BRN/analysis_25306-26233_M1_20251030-013056/subjob_25895-25913/run25906_20250925-20/lowlight/Run25906_M1_low_light_fits.png
Low-light fit data saved to /raid1/genli/Data_D2O/M1_data/BRN/analysis_25306-26233_M1_20251030-013056/subjob_25895-25913/run25906_20250925-20/lowlight/Run25906_M1_low_light_fits.pkl
Veto efficiency plot saved to /raid1/genli/Data_D2O/M1_data/BRN/analysis_25306-26233_M1_20251030-013056/subjob_25895-25913/run25906_20250925-20/histograms/25906_M1_veto_efficiency.png
Veto efficiency data saved to /raid1/genli/Data_D2O/M1_data/BRN/analysis_25306-26233_M1_20251030-013056/subjob_25895-25913/run25906_20250925-20/histograms/25906_M1_veto_efficiency.pkl
Run 25906: after NaN drop: 19419 events
Run 25906: after Δt cut: 9235 events
Run 25906: after total_pe cut: 9235 events
Run 25906: after time-std < 40.0 ns cut: 9235 events
Correlation map saved to /raid1/genli/Data_D2O/M1_data/BRN/analysis_25306-26233_M1_20251030-013056/subjob_25895-25913/run25906_20250925-20/cuthist/Run_25906_M1_correlation_map.png
--- Processing run 25907 ---
Low-light fits saved to /raid1/genli/Data_D2O/M1_data/BRN/analysis_25306-26233_M1_20251030-013056/subjob_25895-25913/run25907_20250925-21/lowlight/Run25907_M1_low_light_fits.png
Low-light fit data saved to /raid1/genli/Data_D2O/M1_data/BRN/analysis_25306-26233_M1_20251030-013056/subjob_25895-25913/run25907_20250925-21/lowlight/Run25907_M1_low_light_fits.pkl
Veto efficiency plot saved to /raid1/genli/Data_D2O/M1_data/BRN/analysis_25306-26233_M1_20251030-013056/subjob_25895-25913/run25907_20250925-21/histograms/25907_M1_veto_efficiency.png
Veto efficiency data saved to /raid1/genli/Data_D2O/M1_data/BRN/analysis_25306-26233_M1_20251030-013056/subjob_25895-25913/run25907_20250925-21/histograms/25907_M1_veto_efficiency.pkl
Run 25907: after NaN drop: 19366 events
Run 25907: after Δt cut: 9309 events
Run 25907: after total_pe cut: 9307 events
Run 25907: after time-std < 40.0 ns cut: 9307 events
Correlation map saved to /raid1/genli/Data_D2O/M1_data/BRN/analysis_25306-26233_M1_20251030-013056/subjob_25895-25913/run25907_20250925-21/cuthist/Run_25907_M1_correlation_map.png
--- Processing run 25908 ---
Low-light fits saved to /raid1/genli/Data_D2O/M1_data/BRN/analysis_25306-26233_M1_20251030-013056/subjob_25895-25913/run25908_20250925-22/lowlight/Run25908_M1_low_light_fits.png
Low-light fit data saved to /raid1/genli/Data_D2O/M1_data/BRN/analysis_25306-26233_M1_20251030-013056/subjob_25895-25913/run25908_20250925-22/lowlight/Run25908_M1_low_light_fits.pkl
Veto efficiency plot saved to /raid1/genli/Data_D2O/M1_data/BRN/analysis_25306-26233_M1_20251030-013056/subjob_25895-25913/run25908_20250925-22/histograms/25908_M1_veto_efficiency.png
Veto efficiency data saved to /raid1/genli/Data_D2O/M1_data/BRN/analysis_25306-26233_M1_20251030-013056/subjob_25895-25913/run25908_20250925-22/histograms/25908_M1_veto_efficiency.pkl
Run 25908: after NaN drop: 19161 events
Run 25908: after Δt cut: 9203 events
Run 25908: after total_pe cut: 9202 events
Run 25908: after time-std < 40.0 ns cut: 9202 events
Correlation map saved to /raid1/genli/Data_D2O/M1_data/BRN/analysis_25306-26233_M1_20251030-013056/subjob_25895-25913/run25908_20250925-22/cuthist/Run_25908_M1_correlation_map.png
--- Processing run 25909 ---
Low-light fits saved to /raid1/genli/Data_D2O/M1_data/BRN/analysis_25306-26233_M1_20251030-013056/subjob_25895-25913/run25909_20250925-23/lowlight/Run25909_M1_low_light_fits.png
Low-light fit data saved to /raid1/genli/Data_D2O/M1_data/BRN/analysis_25306-26233_M1_20251030-013056/subjob_25895-25913/run25909_20250925-23/lowlight/Run25909_M1_low_light_fits.pkl
Veto efficiency plot saved to /raid1/genli/Data_D2O/M1_data/BRN/analysis_25306-26233_M1_20251030-013056/subjob_25895-25913/run25909_20250925-23/histograms/25909_M1_veto_efficiency.png
Veto efficiency data saved to /raid1/genli/Data_D2O/M1_data/BRN/analysis_25306-26233_M1_20251030-013056/subjob_25895-25913/run25909_20250925-23/histograms/25909_M1_veto_efficiency.pkl
Run 25909: after NaN drop: 19452 events
Run 25909: after Δt cut: 9294 events
Run 25909: after total_pe cut: 9293 events
Run 25909: after time-std < 40.0 ns cut: 9293 events
Correlation map saved to /raid1/genli/Data_D2O/M1_data/BRN/analysis_25306-26233_M1_20251030-013056/subjob_25895-25913/run25909_20250925-23/cuthist/Run_25909_M1_correlation_map.png
--- Processing run 25910 ---
Low-light fits saved to /raid1/genli/Data_D2O/M1_data/BRN/analysis_25306-26233_M1_20251030-013056/subjob_25895-25913/run25910_20250926-00/lowlight/Run25910_M1_low_light_fits.png
Low-light fit data saved to /raid1/genli/Data_D2O/M1_data/BRN/analysis_25306-26233_M1_20251030-013056/subjob_25895-25913/run25910_20250926-00/lowlight/Run25910_M1_low_light_fits.pkl
Veto efficiency plot saved to /raid1/genli/Data_D2O/M1_data/BRN/analysis_25306-26233_M1_20251030-013056/subjob_25895-25913/run25910_20250926-00/histograms/25910_M1_veto_efficiency.png
Veto efficiency data saved to /raid1/genli/Data_D2O/M1_data/BRN/analysis_25306-26233_M1_20251030-013056/subjob_25895-25913/run25910_20250926-00/histograms/25910_M1_veto_efficiency.pkl
Run 25910: after NaN drop: 19078 events
Run 25910: after Δt cut: 9133 events
Run 25910: after total_pe cut: 9132 events
Run 25910: after time-std < 40.0 ns cut: 9132 events
Correlation map saved to /raid1/genli/Data_D2O/M1_data/BRN/analysis_25306-26233_M1_20251030-013056/subjob_25895-25913/run25910_20250926-00/cuthist/Run_25910_M1_correlation_map.png
--- Processing run 25911 ---
Low-light fits saved to /raid1/genli/Data_D2O/M1_data/BRN/analysis_25306-26233_M1_20251030-013056/subjob_25895-25913/run25911_20250926-01/lowlight/Run25911_M1_low_light_fits.png
Low-light fit data saved to /raid1/genli/Data_D2O/M1_data/BRN/analysis_25306-26233_M1_20251030-013056/subjob_25895-25913/run25911_20250926-01/lowlight/Run25911_M1_low_light_fits.pkl
Veto efficiency plot saved to /raid1/genli/Data_D2O/M1_data/BRN/analysis_25306-26233_M1_20251030-013056/subjob_25895-25913/run25911_20250926-01/histograms/25911_M1_veto_efficiency.png
Veto efficiency data saved to /raid1/genli/Data_D2O/M1_data/BRN/analysis_25306-26233_M1_20251030-013056/subjob_25895-25913/run25911_20250926-01/histograms/25911_M1_veto_efficiency.pkl
Run 25911: after NaN drop: 19269 events
Run 25911: after Δt cut: 9295 events
Run 25911: after total_pe cut: 9294 events
Run 25911: after time-std < 40.0 ns cut: 9294 events
Correlation map saved to /raid1/genli/Data_D2O/M1_data/BRN/analysis_25306-26233_M1_20251030-013056/subjob_25895-25913/run25911_20250926-01/cuthist/Run_25911_M1_correlation_map.png
--- Processing run 25912 ---
Low-light fits saved to /raid1/genli/Data_D2O/M1_data/BRN/analysis_25306-26233_M1_20251030-013056/subjob_25895-25913/run25912_20250926-02/lowlight/Run25912_M1_low_light_fits.png
Low-light fit data saved to /raid1/genli/Data_D2O/M1_data/BRN/analysis_25306-26233_M1_20251030-013056/subjob_25895-25913/run25912_20250926-02/lowlight/Run25912_M1_low_light_fits.pkl
Veto efficiency plot saved to /raid1/genli/Data_D2O/M1_data/BRN/analysis_25306-26233_M1_20251030-013056/subjob_25895-25913/run25912_20250926-02/histograms/25912_M1_veto_efficiency.png
Veto efficiency data saved to /raid1/genli/Data_D2O/M1_data/BRN/analysis_25306-26233_M1_20251030-013056/subjob_25895-25913/run25912_20250926-02/histograms/25912_M1_veto_efficiency.pkl
Run 25912: after NaN drop: 19105 events
Run 25912: after Δt cut: 9113 events
Run 25912: after total_pe cut: 9113 events
Run 25912: after time-std < 40.0 ns cut: 9113 events
Correlation map saved to /raid1/genli/Data_D2O/M1_data/BRN/analysis_25306-26233_M1_20251030-013056/subjob_25895-25913/run25912_20250926-02/cuthist/Run_25912_M1_correlation_map.png
--- Processing run 25913 ---
Low-light fits saved to /raid1/genli/Data_D2O/M1_data/BRN/analysis_25306-26233_M1_20251030-013056/subjob_25895-25913/run25913_20250926-03/lowlight/Run25913_M1_low_light_fits.png
Low-light fit data saved to /raid1/genli/Data_D2O/M1_data/BRN/analysis_25306-26233_M1_20251030-013056/subjob_25895-25913/run25913_20250926-03/lowlight/Run25913_M1_low_light_fits.pkl
Veto efficiency plot saved to /raid1/genli/Data_D2O/M1_data/BRN/analysis_25306-26233_M1_20251030-013056/subjob_25895-25913/run25913_20250926-03/histograms/25913_M1_veto_efficiency.png
Veto efficiency data saved to /raid1/genli/Data_D2O/M1_data/BRN/analysis_25306-26233_M1_20251030-013056/subjob_25895-25913/run25913_20250926-03/histograms/25913_M1_veto_efficiency.pkl
Run 25913: after NaN drop: 19238 events
Run 25913: after Δt cut: 9190 events
Run 25913: after total_pe cut: 9187 events
Run 25913: after time-std < 40.0 ns cut: 9187 events
Correlation map saved to /raid1/genli/Data_D2O/M1_data/BRN/analysis_25306-26233_M1_20251030-013056/subjob_25895-25913/run25913_20250926-03/cuthist/Run_25913_M1_correlation_map.png
Saving aggregated data for sub-job 25895-25913...
Successfully saved data for master aggregation.
--- Sub-job Analysis Complete ---
