/home/genli/.local/lib/python3.9/site-packages/numpy/lib/nanfunctions.py:1878: RuntimeWarning: Degrees of freedom <= 0 for slice.
  var = nanvar(a, axis=axis, dtype=dtype, out=out, ddof=ddof,
/usr/local/lib64/python3.9/site-packages/scipy/stats/_stats_py.py:4424: ConstantInputWarning: An input array is constant; the correlation coefficient is not defined.
  warnings.warn(stats.ConstantInputWarning(msg))
/usr/local/lib64/python3.9/site-packages/scipy/stats/_stats_py.py:4424: ConstantInputWarning: An input array is constant; the correlation coefficient is not defined.
  warnings.warn(stats.ConstantInputWarning(msg))
/usr/local/lib64/python3.9/site-packages/scipy/stats/_stats_py.py:4424: ConstantInputWarning: An input array is constant; the correlation coefficient is not defined.
  warnings.warn(stats.ConstantInputWarning(msg))
/usr/local/lib64/python3.9/site-packages/scipy/stats/_stats_py.py:4424: ConstantInputWarning: An input array is constant; the correlation coefficient is not defined.
  warnings.warn(stats.ConstantInputWarning(msg))
/home/genli/.local/lib/python3.9/site-packages/numpy/lib/nanfunctions.py:1878: RuntimeWarning: Degrees of freedom <= 0 for slice.
  var = nanvar(a, axis=axis, dtype=dtype, out=out, ddof=ddof,
/usr/local/lib64/python3.9/site-packages/scipy/stats/_stats_py.py:4424: ConstantInputWarning: An input array is constant; the correlation coefficient is not defined.
  warnings.warn(stats.ConstantInputWarning(msg))
/usr/local/lib64/python3.9/site-packages/scipy/stats/_stats_py.py:4424: ConstantInputWarning: An input array is constant; the correlation coefficient is not defined.
  warnings.warn(stats.ConstantInputWarning(msg))
/usr/local/lib64/python3.9/site-packages/scipy/stats/_stats_py.py:4424: ConstantInputWarning: An input array is constant; the correlation coefficient is not defined.
  warnings.warn(stats.ConstantInputWarning(msg))
/usr/local/lib64/python3.9/site-packages/scipy/stats/_stats_py.py:4424: ConstantInputWarning: An input array is constant; the correlation coefficient is not defined.
  warnings.warn(stats.ConstantInputWarning(msg))
/home/genli/.local/lib/python3.9/site-packages/numpy/lib/nanfunctions.py:1878: RuntimeWarning: Degrees of freedom <= 0 for slice.
  var = nanvar(a, axis=axis, dtype=dtype, out=out, ddof=ddof,
/usr/local/lib64/python3.9/site-packages/scipy/stats/_stats_py.py:4424: ConstantInputWarning: An input array is constant; the correlation coefficient is not defined.
  warnings.warn(stats.ConstantInputWarning(msg))
/usr/local/lib64/python3.9/site-packages/scipy/stats/_stats_py.py:4424: ConstantInputWarning: An input array is constant; the correlation coefficient is not defined.
  warnings.warn(stats.ConstantInputWarning(msg))
/usr/local/lib64/python3.9/site-packages/scipy/stats/_stats_py.py:4424: ConstantInputWarning: An input array is constant; the correlation coefficient is not defined.
  warnings.warn(stats.ConstantInputWarning(msg))
/usr/local/lib64/python3.9/site-packages/scipy/stats/_stats_py.py:4424: ConstantInputWarning: An input array is constant; the correlation coefficient is not defined.
  warnings.warn(stats.ConstantInputWarning(msg))
=== Configuration ===
Analysis type: M1
Runs: 23205 to 23207
Output Directory for this job: /raid1/genli/Data_D2O/M1_data/analysis_23163-23282_M1_20251202-181353/subjob_23205-23207
Δt cut: (2197, 10985) ns
Photoelectron cut: (0, 1000) P.E.
Time-std cut: < 40.0 ns
======================
--- Processing run 23205 ---
Length of time: 3596997899680.0 ns
Length of time: 59.949964994666665 minutes
Low-light fits saved to /raid1/genli/Data_D2O/M1_data/analysis_23163-23282_M1_20251202-181353/subjob_23205-23207/run23205_20250603-13/lowlight/Run23205_M1_low_light_fits.png
Low-light fit data saved to /raid1/genli/Data_D2O/M1_data/analysis_23163-23282_M1_20251202-181353/subjob_23205-23207/run23205_20250603-13/lowlight/Run23205_M1_low_light_fits.pkl
Applying 2000 ns time interval cut...
Time interval cut: Kept 2112878 / 2155576 events
Veto efficiency plot saved to /raid1/genli/Data_D2O/M1_data/analysis_23163-23282_M1_20251202-181353/subjob_23205-23207/run23205_20250603-13/histograms/23205_M1_veto_efficiency.png
Veto efficiency data saved to /raid1/genli/Data_D2O/M1_data/analysis_23163-23282_M1_20251202-181353/subjob_23205-23207/run23205_20250603-13/histograms/23205_M1_veto_efficiency.pkl
Run 23205: after NaN drop: 6005 events
Run 23205: after Δt cut: 4300 events
Run 23205: after total_pe cut: 4300 events
Run 23205: after time-std < 40.0 ns cut: 4300 events
Correlation map saved to /raid1/genli/Data_D2O/M1_data/analysis_23163-23282_M1_20251202-181353/subjob_23205-23207/run23205_20250603-13/cuthist/Run_23205_M1_correlation_map.png
--- Processing run 23206 ---
Length of time: 3596997023344.0 ns
Length of time: 59.949950389066665 minutes
Low-light fits saved to /raid1/genli/Data_D2O/M1_data/analysis_23163-23282_M1_20251202-181353/subjob_23205-23207/run23206_20250603-14/lowlight/Run23206_M1_low_light_fits.png
Low-light fit data saved to /raid1/genli/Data_D2O/M1_data/analysis_23163-23282_M1_20251202-181353/subjob_23205-23207/run23206_20250603-14/lowlight/Run23206_M1_low_light_fits.pkl
Applying 2000 ns time interval cut...
Time interval cut: Kept 2111619 / 2154574 events
Veto efficiency plot saved to /raid1/genli/Data_D2O/M1_data/analysis_23163-23282_M1_20251202-181353/subjob_23205-23207/run23206_20250603-14/histograms/23206_M1_veto_efficiency.png
Veto efficiency data saved to /raid1/genli/Data_D2O/M1_data/analysis_23163-23282_M1_20251202-181353/subjob_23205-23207/run23206_20250603-14/histograms/23206_M1_veto_efficiency.pkl
Run 23206: after NaN drop: 6209 events
Run 23206: after Δt cut: 4459 events
Run 23206: after total_pe cut: 4459 events
Run 23206: after time-std < 40.0 ns cut: 4459 events
Correlation map saved to /raid1/genli/Data_D2O/M1_data/analysis_23163-23282_M1_20251202-181353/subjob_23205-23207/run23206_20250603-14/cuthist/Run_23206_M1_correlation_map.png
--- Processing run 23207 ---
Length of time: 3596996255792.0 ns
Length of time: 59.94993759653333 minutes
Low-light fits saved to /raid1/genli/Data_D2O/M1_data/analysis_23163-23282_M1_20251202-181353/subjob_23205-23207/run23207_20250603-15/lowlight/Run23207_M1_low_light_fits.png
Low-light fit data saved to /raid1/genli/Data_D2O/M1_data/analysis_23163-23282_M1_20251202-181353/subjob_23205-23207/run23207_20250603-15/lowlight/Run23207_M1_low_light_fits.pkl
Applying 2000 ns time interval cut...
Time interval cut: Kept 2116680 / 2159272 events
Veto efficiency plot saved to /raid1/genli/Data_D2O/M1_data/analysis_23163-23282_M1_20251202-181353/subjob_23205-23207/run23207_20250603-15/histograms/23207_M1_veto_efficiency.png
Veto efficiency data saved to /raid1/genli/Data_D2O/M1_data/analysis_23163-23282_M1_20251202-181353/subjob_23205-23207/run23207_20250603-15/histograms/23207_M1_veto_efficiency.pkl
Run 23207: after NaN drop: 6118 events
Run 23207: after Δt cut: 4406 events
Run 23207: after total_pe cut: 4406 events
Run 23207: after time-std < 40.0 ns cut: 4406 events
Correlation map saved to /raid1/genli/Data_D2O/M1_data/analysis_23163-23282_M1_20251202-181353/subjob_23205-23207/run23207_20250603-15/cuthist/Run_23207_M1_correlation_map.png
Saving aggregated data for sub-job 23205-23207...
Sub-job time length saved to /raid1/genli/Data_D2O/M1_data/analysis_23163-23282_M1_20251202-181353/subjob_23205-23207/subjob_time_length.json
Successfully saved data for master aggregation.
--- Sub-job Analysis Complete ---
