/home/genli/.local/lib/python3.9/site-packages/numpy/lib/nanfunctions.py:1878: RuntimeWarning: Degrees of freedom <= 0 for slice.
  var = nanvar(a, axis=axis, dtype=dtype, out=out, ddof=ddof,
/home/genli/.local/lib/python3.9/site-packages/numpy/lib/nanfunctions.py:1878: RuntimeWarning: Degrees of freedom <= 0 for slice.
  var = nanvar(a, axis=axis, dtype=dtype, out=out, ddof=ddof,
=== Configuration ===
Analysis type: M1
Runs: 4125 to 4126
Output Directory for this job: /raid1/genli/Data_D2O/M1_data/analysis_legacy_4123-4128_M1_20250915-173514/subjob_4125-4126
Δt cut: (0, 10000) ns
Photoelectron cut: (0, 2000) P.E.
Time-std cut: < 40.0 ns
Thin Veto Analysis: ENABLED
======================
--- Processing run 4125 ---
Applied legacy muon veto: 601593 events had trigger bits modified (+32)
Low-light fits saved to /raid1/genli/Data_D2O/M1_data/analysis_legacy_4123-4128_M1_20250915-173514/subjob_4125-4126/run4125_20221201-16/lowlight/Run4125_M1_low_light_fits.png
Low-light fit data saved to /raid1/genli/Data_D2O/M1_data/analysis_legacy_4123-4128_M1_20250915-173514/subjob_4125-4126/run4125_20221201-16/lowlight/Run4125_M1_low_light_fits.pkl
Run 4125: Generating veto plots AFTER cuts...
Veto efficiency plot saved to /raid1/genli/Data_D2O/M1_data/analysis_legacy_4123-4128_M1_20250915-173514/subjob_4125-4126/run4125_20221201-16/histograms/4125_M1_veto_efficiency.png
Veto efficiency data saved to /raid1/genli/Data_D2O/M1_data/analysis_legacy_4123-4128_M1_20250915-173514/subjob_4125-4126/run4125_20221201-16/histograms/4125_M1_veto_efficiency.pkl
Run 4125: after NaN drop: 134853 events
Run 4125: after Δt cut: 4711 events
Run 4125: after total_pe cut: 4711 events
Run 4125: after time-std < 40.0 ns cut: 4711 events
Correlation map saved to /raid1/genli/Data_D2O/M1_data/analysis_legacy_4123-4128_M1_20250915-173514/subjob_4125-4126/run4125_20221201-16/cuthist/Run_4125_M1_correlation_map.png
SiPM histograms saved to /raid1/genli/Data_D2O/M1_data/analysis_legacy_4123-4128_M1_20250915-173514/subjob_4125-4126/run4125_20221201-16/Run_4125_M1_sipm_area_histograms.png
SiPM histogram data saved to /raid1/genli/Data_D2O/M1_data/analysis_legacy_4123-4128_M1_20250915-173514/subjob_4125-4126/run4125_20221201-16/Run_4125_M1_sipm_area_histograms.pkl
--- Processing run 4126 ---
Applied legacy muon veto: 602278 events had trigger bits modified (+32)
Low-light fits saved to /raid1/genli/Data_D2O/M1_data/analysis_legacy_4123-4128_M1_20250915-173514/subjob_4125-4126/run4126_20221201-17/lowlight/Run4126_M1_low_light_fits.png
Low-light fit data saved to /raid1/genli/Data_D2O/M1_data/analysis_legacy_4123-4128_M1_20250915-173514/subjob_4125-4126/run4126_20221201-17/lowlight/Run4126_M1_low_light_fits.pkl
Run 4126: Generating veto plots AFTER cuts...
Veto efficiency plot saved to /raid1/genli/Data_D2O/M1_data/analysis_legacy_4123-4128_M1_20250915-173514/subjob_4125-4126/run4126_20221201-17/histograms/4126_M1_veto_efficiency.png
Veto efficiency data saved to /raid1/genli/Data_D2O/M1_data/analysis_legacy_4123-4128_M1_20250915-173514/subjob_4125-4126/run4126_20221201-17/histograms/4126_M1_veto_efficiency.pkl
Run 4126: after NaN drop: 133593 events
Run 4126: after Δt cut: 4704 events
Run 4126: after total_pe cut: 4704 events
Run 4126: after time-std < 40.0 ns cut: 4704 events
Correlation map saved to /raid1/genli/Data_D2O/M1_data/analysis_legacy_4123-4128_M1_20250915-173514/subjob_4125-4126/run4126_20221201-17/cuthist/Run_4126_M1_correlation_map.png
SiPM histograms saved to /raid1/genli/Data_D2O/M1_data/analysis_legacy_4123-4128_M1_20250915-173514/subjob_4125-4126/run4126_20221201-17/Run_4126_M1_sipm_area_histograms.png
SiPM histogram data saved to /raid1/genli/Data_D2O/M1_data/analysis_legacy_4123-4128_M1_20250915-173514/subjob_4125-4126/run4126_20221201-17/Run_4126_M1_sipm_area_histograms.pkl
Veto efficiency plot saved to /raid1/genli/Data_D2O/M1_data/analysis_legacy_4123-4128_M1_20250915-173514/subjob_4125-4126/Runs_4125_4126_M1_veto_efficiency_agg.png
Veto efficiency data saved to /raid1/genli/Data_D2O/M1_data/analysis_legacy_4123-4128_M1_20250915-173514/subjob_4125-4126/Runs_4125_4126_M1_veto_efficiency_agg.pkl
--- Generating Aggregated Thin Veto Comparison Plots ---
Saving aggregated data for sub-job 4125-4126...
Successfully saved data for master aggregation.
--- Sub-job Analysis Complete ---
