/home/genli/.local/lib/python3.9/site-packages/numpy/lib/nanfunctions.py:1878: RuntimeWarning: Degrees of freedom <= 0 for slice.
  var = nanvar(a, axis=axis, dtype=dtype, out=out, ddof=ddof,
=== Configuration ===
Analysis type: M1
Runs: 23165 to 23165
Output Directory for this job: /raid1/genli/Data_D2O/M1_data/analysis_23163-23172_M1_20251124-161302/subjob_23165-23165
Δt cut: (2197, 10985) ns
Photoelectron cut: (0, 1000) P.E.
Time-std cut: < 40.0 ns
======================
--- Processing run 23165 ---
Length of time: 3596998627200.0 ns
Length of time: 59.94997712 minutes
Low-light fits saved to /raid1/genli/Data_D2O/M1_data/analysis_23163-23172_M1_20251124-161302/subjob_23165-23165/run23165_20250601-21/lowlight/Run23165_M1_low_light_fits.png
Low-light fit data saved to /raid1/genli/Data_D2O/M1_data/analysis_23163-23172_M1_20251124-161302/subjob_23165-23165/run23165_20250601-21/lowlight/Run23165_M1_low_light_fits.pkl
Applying 2000 ns time interval cut...
Time interval cut: Kept 2108714 / 2151343 events
Veto efficiency plot saved to /raid1/genli/Data_D2O/M1_data/analysis_23163-23172_M1_20251124-161302/subjob_23165-23165/run23165_20250601-21/histograms/23165_M1_veto_efficiency.png
Veto efficiency data saved to /raid1/genli/Data_D2O/M1_data/analysis_23163-23172_M1_20251124-161302/subjob_23165-23165/run23165_20250601-21/histograms/23165_M1_veto_efficiency.pkl
Run 23165: after NaN drop: 7016 events
Run 23165: after Δt cut: 4659 events
Run 23165: after total_pe cut: 4659 events
Run 23165: after time-std < 40.0 ns cut: 4659 events
Correlation map saved to /raid1/genli/Data_D2O/M1_data/analysis_23163-23172_M1_20251124-161302/subjob_23165-23165/run23165_20250601-21/cuthist/Run_23165_M1_correlation_map.png
Saving aggregated data for sub-job 23165-23165...
Sub-job time length saved to /raid1/genli/Data_D2O/M1_data/analysis_23163-23172_M1_20251124-161302/subjob_23165-23165/subjob_time_length.json
Successfully saved data for master aggregation.
--- Sub-job Analysis Complete ---
