/home/genli/.local/lib/python3.9/site-packages/numpy/lib/nanfunctions.py:1878: RuntimeWarning: Degrees of freedom <= 0 for slice.
  var = nanvar(a, axis=axis, dtype=dtype, out=out, ddof=ddof,
/home/genli/.local/lib/python3.9/site-packages/numpy/lib/nanfunctions.py:1878: RuntimeWarning: Degrees of freedom <= 0 for slice.
  var = nanvar(a, axis=axis, dtype=dtype, out=out, ddof=ddof,
/home/genli/D2O_analysis/Codes/Read_Cut_Hist_D2O_multi_veto.py:411: UserWarning: Data has no positive values, and therefore cannot be log-scaled.
  ax.set_yscale('log')
/home/genli/.local/lib/python3.9/site-packages/numpy/lib/nanfunctions.py:1878: RuntimeWarning: Degrees of freedom <= 0 for slice.
  var = nanvar(a, axis=axis, dtype=dtype, out=out, ddof=ddof,
/home/genli/.local/lib/python3.9/site-packages/numpy/lib/nanfunctions.py:1878: RuntimeWarning: Degrees of freedom <= 0 for slice.
  var = nanvar(a, axis=axis, dtype=dtype, out=out, ddof=ddof,
/home/genli/.local/lib/python3.9/site-packages/numpy/lib/nanfunctions.py:1878: RuntimeWarning: Degrees of freedom <= 0 for slice.
  var = nanvar(a, axis=axis, dtype=dtype, out=out, ddof=ddof,
/home/genli/.local/lib/python3.9/site-packages/numpy/lib/nanfunctions.py:1878: RuntimeWarning: Degrees of freedom <= 0 for slice.
  var = nanvar(a, axis=axis, dtype=dtype, out=out, ddof=ddof,
/home/genli/.local/lib/python3.9/site-packages/numpy/lib/nanfunctions.py:1878: RuntimeWarning: Degrees of freedom <= 0 for slice.
  var = nanvar(a, axis=axis, dtype=dtype, out=out, ddof=ddof,
/home/genli/.local/lib/python3.9/site-packages/numpy/lib/nanfunctions.py:1878: RuntimeWarning: Degrees of freedom <= 0 for slice.
  var = nanvar(a, axis=axis, dtype=dtype, out=out, ddof=ddof,
/home/genli/D2O_analysis/Codes/Read_Cut_Hist_D2O_multi_veto.py:411: UserWarning: Data has no positive values, and therefore cannot be log-scaled.
  ax.set_yscale('log')
/home/genli/.local/lib/python3.9/site-packages/numpy/lib/nanfunctions.py:1878: RuntimeWarning: Degrees of freedom <= 0 for slice.
  var = nanvar(a, axis=axis, dtype=dtype, out=out, ddof=ddof,
/home/genli/.local/lib/python3.9/site-packages/numpy/lib/nanfunctions.py:1878: RuntimeWarning: Degrees of freedom <= 0 for slice.
  var = nanvar(a, axis=axis, dtype=dtype, out=out, ddof=ddof,
/home/genli/.local/lib/python3.9/site-packages/numpy/lib/nanfunctions.py:1878: RuntimeWarning: Degrees of freedom <= 0 for slice.
  var = nanvar(a, axis=axis, dtype=dtype, out=out, ddof=ddof,
/home/genli/D2O_analysis/Codes/Read_Cut_Hist_D2O_multi_veto.py:411: UserWarning: Data has no positive values, and therefore cannot be log-scaled.
  ax.set_yscale('log')
/home/genli/.local/lib/python3.9/site-packages/numpy/lib/nanfunctions.py:1878: RuntimeWarning: Degrees of freedom <= 0 for slice.
  var = nanvar(a, axis=axis, dtype=dtype, out=out, ddof=ddof,
/home/genli/.local/lib/python3.9/site-packages/numpy/lib/nanfunctions.py:1878: RuntimeWarning: Degrees of freedom <= 0 for slice.
  var = nanvar(a, axis=axis, dtype=dtype, out=out, ddof=ddof,
/home/genli/D2O_analysis/Codes/Read_Cut_Hist_D2O_multi_veto.py:411: UserWarning: Data has no positive values, and therefore cannot be log-scaled.
  ax.set_yscale('log')
/home/genli/.local/lib/python3.9/site-packages/numpy/lib/nanfunctions.py:1878: RuntimeWarning: Degrees of freedom <= 0 for slice.
  var = nanvar(a, axis=axis, dtype=dtype, out=out, ddof=ddof,
/home/genli/.local/lib/python3.9/site-packages/numpy/lib/nanfunctions.py:1878: RuntimeWarning: Degrees of freedom <= 0 for slice.
  var = nanvar(a, axis=axis, dtype=dtype, out=out, ddof=ddof,
/home/genli/D2O_analysis/Codes/Read_Cut_Hist_D2O_multi_veto.py:411: UserWarning: Data has no positive values, and therefore cannot be log-scaled.
  ax.set_yscale('log')
/home/genli/.local/lib/python3.9/site-packages/numpy/lib/nanfunctions.py:1878: RuntimeWarning: Degrees of freedom <= 0 for slice.
  var = nanvar(a, axis=axis, dtype=dtype, out=out, ddof=ddof,
/home/genli/.local/lib/python3.9/site-packages/numpy/lib/nanfunctions.py:1878: RuntimeWarning: Degrees of freedom <= 0 for slice.
  var = nanvar(a, axis=axis, dtype=dtype, out=out, ddof=ddof,
/home/genli/D2O_analysis/Codes/Read_Cut_Hist_D2O_multi_veto.py:411: UserWarning: Data has no positive values, and therefore cannot be log-scaled.
  ax.set_yscale('log')
/home/genli/.local/lib/python3.9/site-packages/numpy/lib/nanfunctions.py:1878: RuntimeWarning: Degrees of freedom <= 0 for slice.
  var = nanvar(a, axis=axis, dtype=dtype, out=out, ddof=ddof,
/home/genli/.local/lib/python3.9/site-packages/numpy/lib/nanfunctions.py:1878: RuntimeWarning: Degrees of freedom <= 0 for slice.
  var = nanvar(a, axis=axis, dtype=dtype, out=out, ddof=ddof,
/home/genli/D2O_analysis/Codes/Read_Cut_Hist_D2O_multi_veto.py:411: UserWarning: Data has no positive values, and therefore cannot be log-scaled.
  ax.set_yscale('log')
=== Configuration ===
Analysis type: M1
Runs: 26104 to 26122
Output Directory for this job: /raid1/genli/Data_D2O/M1_data/BRN/analysis_25306-26233_M1_20251030-013056/subjob_26104-26122
Δt cut: (960, 10560) ns
Photoelectron cut: (0, 2000) P.E.
Time-std cut: < 40.0 ns
======================
--- Processing run 26104 ---
Low-light fits saved to /raid1/genli/Data_D2O/M1_data/BRN/analysis_25306-26233_M1_20251030-013056/subjob_26104-26122/run26104_20251004-02/lowlight/Run26104_M1_low_light_fits.png
Low-light fit data saved to /raid1/genli/Data_D2O/M1_data/BRN/analysis_25306-26233_M1_20251030-013056/subjob_26104-26122/run26104_20251004-02/lowlight/Run26104_M1_low_light_fits.pkl
Veto efficiency plot saved to /raid1/genli/Data_D2O/M1_data/BRN/analysis_25306-26233_M1_20251030-013056/subjob_26104-26122/run26104_20251004-02/histograms/26104_M1_veto_efficiency.png
Veto efficiency data saved to /raid1/genli/Data_D2O/M1_data/BRN/analysis_25306-26233_M1_20251030-013056/subjob_26104-26122/run26104_20251004-02/histograms/26104_M1_veto_efficiency.pkl
Run 26104: after NaN drop: 18612 events
Run 26104: after Δt cut: 9033 events
Run 26104: after total_pe cut: 9030 events
Run 26104: after time-std < 40.0 ns cut: 9030 events
Correlation map saved to /raid1/genli/Data_D2O/M1_data/BRN/analysis_25306-26233_M1_20251030-013056/subjob_26104-26122/run26104_20251004-02/cuthist/Run_26104_M1_correlation_map.png
--- Processing run 26105 ---
Low-light fits saved to /raid1/genli/Data_D2O/M1_data/BRN/analysis_25306-26233_M1_20251030-013056/subjob_26104-26122/run26105_20251004-03/lowlight/Run26105_M1_low_light_fits.png
Low-light fit data saved to /raid1/genli/Data_D2O/M1_data/BRN/analysis_25306-26233_M1_20251030-013056/subjob_26104-26122/run26105_20251004-03/lowlight/Run26105_M1_low_light_fits.pkl
Veto efficiency plot saved to /raid1/genli/Data_D2O/M1_data/BRN/analysis_25306-26233_M1_20251030-013056/subjob_26104-26122/run26105_20251004-03/histograms/26105_M1_veto_efficiency.png
Veto efficiency data saved to /raid1/genli/Data_D2O/M1_data/BRN/analysis_25306-26233_M1_20251030-013056/subjob_26104-26122/run26105_20251004-03/histograms/26105_M1_veto_efficiency.pkl
Run 26105: after NaN drop: 18478 events
Run 26105: after Δt cut: 9044 events
Run 26105: after total_pe cut: 9044 events
Run 26105: after time-std < 40.0 ns cut: 9044 events
Correlation map saved to /raid1/genli/Data_D2O/M1_data/BRN/analysis_25306-26233_M1_20251030-013056/subjob_26104-26122/run26105_20251004-03/cuthist/Run_26105_M1_correlation_map.png
--- Processing run 26106 ---
Low-light fits saved to /raid1/genli/Data_D2O/M1_data/BRN/analysis_25306-26233_M1_20251030-013056/subjob_26104-26122/run26106_20251004-04/lowlight/Run26106_M1_low_light_fits.png
Low-light fit data saved to /raid1/genli/Data_D2O/M1_data/BRN/analysis_25306-26233_M1_20251030-013056/subjob_26104-26122/run26106_20251004-04/lowlight/Run26106_M1_low_light_fits.pkl
Veto efficiency plot saved to /raid1/genli/Data_D2O/M1_data/BRN/analysis_25306-26233_M1_20251030-013056/subjob_26104-26122/run26106_20251004-04/histograms/26106_M1_veto_efficiency.png
Veto efficiency data saved to /raid1/genli/Data_D2O/M1_data/BRN/analysis_25306-26233_M1_20251030-013056/subjob_26104-26122/run26106_20251004-04/histograms/26106_M1_veto_efficiency.pkl
Run 26106: after NaN drop: 18340 events
Run 26106: after Δt cut: 8941 events
Run 26106: after total_pe cut: 8941 events
Run 26106: after time-std < 40.0 ns cut: 8941 events
Correlation map saved to /raid1/genli/Data_D2O/M1_data/BRN/analysis_25306-26233_M1_20251030-013056/subjob_26104-26122/run26106_20251004-04/cuthist/Run_26106_M1_correlation_map.png
--- Processing run 26107 ---
Low-light fits saved to /raid1/genli/Data_D2O/M1_data/BRN/analysis_25306-26233_M1_20251030-013056/subjob_26104-26122/run26107_20251004-05/lowlight/Run26107_M1_low_light_fits.png
Low-light fit data saved to /raid1/genli/Data_D2O/M1_data/BRN/analysis_25306-26233_M1_20251030-013056/subjob_26104-26122/run26107_20251004-05/lowlight/Run26107_M1_low_light_fits.pkl
Veto efficiency plot saved to /raid1/genli/Data_D2O/M1_data/BRN/analysis_25306-26233_M1_20251030-013056/subjob_26104-26122/run26107_20251004-05/histograms/26107_M1_veto_efficiency.png
Veto efficiency data saved to /raid1/genli/Data_D2O/M1_data/BRN/analysis_25306-26233_M1_20251030-013056/subjob_26104-26122/run26107_20251004-05/histograms/26107_M1_veto_efficiency.pkl
Run 26107: after NaN drop: 18415 events
Run 26107: after Δt cut: 8932 events
Run 26107: after total_pe cut: 8932 events
Run 26107: after time-std < 40.0 ns cut: 8932 events
Correlation map saved to /raid1/genli/Data_D2O/M1_data/BRN/analysis_25306-26233_M1_20251030-013056/subjob_26104-26122/run26107_20251004-05/cuthist/Run_26107_M1_correlation_map.png
--- Processing run 26108 ---
Low-light fits saved to /raid1/genli/Data_D2O/M1_data/BRN/analysis_25306-26233_M1_20251030-013056/subjob_26104-26122/run26108_20251004-06/lowlight/Run26108_M1_low_light_fits.png
Low-light fit data saved to /raid1/genli/Data_D2O/M1_data/BRN/analysis_25306-26233_M1_20251030-013056/subjob_26104-26122/run26108_20251004-06/lowlight/Run26108_M1_low_light_fits.pkl
Veto efficiency plot saved to /raid1/genli/Data_D2O/M1_data/BRN/analysis_25306-26233_M1_20251030-013056/subjob_26104-26122/run26108_20251004-06/histograms/26108_M1_veto_efficiency.png
Veto efficiency data saved to /raid1/genli/Data_D2O/M1_data/BRN/analysis_25306-26233_M1_20251030-013056/subjob_26104-26122/run26108_20251004-06/histograms/26108_M1_veto_efficiency.pkl
Run 26108: after NaN drop: 18406 events
Run 26108: after Δt cut: 8911 events
Run 26108: after total_pe cut: 8911 events
Run 26108: after time-std < 40.0 ns cut: 8911 events
Correlation map saved to /raid1/genli/Data_D2O/M1_data/BRN/analysis_25306-26233_M1_20251030-013056/subjob_26104-26122/run26108_20251004-06/cuthist/Run_26108_M1_correlation_map.png
--- Processing run 26109 ---
Low-light fits saved to /raid1/genli/Data_D2O/M1_data/BRN/analysis_25306-26233_M1_20251030-013056/subjob_26104-26122/run26109_20251004-07/lowlight/Run26109_M1_low_light_fits.png
Low-light fit data saved to /raid1/genli/Data_D2O/M1_data/BRN/analysis_25306-26233_M1_20251030-013056/subjob_26104-26122/run26109_20251004-07/lowlight/Run26109_M1_low_light_fits.pkl
Veto efficiency plot saved to /raid1/genli/Data_D2O/M1_data/BRN/analysis_25306-26233_M1_20251030-013056/subjob_26104-26122/run26109_20251004-07/histograms/26109_M1_veto_efficiency.png
Veto efficiency data saved to /raid1/genli/Data_D2O/M1_data/BRN/analysis_25306-26233_M1_20251030-013056/subjob_26104-26122/run26109_20251004-07/histograms/26109_M1_veto_efficiency.pkl
Run 26109: after NaN drop: 18533 events
Run 26109: after Δt cut: 9003 events
Run 26109: after total_pe cut: 9000 events
Run 26109: after time-std < 40.0 ns cut: 9000 events
Correlation map saved to /raid1/genli/Data_D2O/M1_data/BRN/analysis_25306-26233_M1_20251030-013056/subjob_26104-26122/run26109_20251004-07/cuthist/Run_26109_M1_correlation_map.png
--- Processing run 26110 ---
Low-light fits saved to /raid1/genli/Data_D2O/M1_data/BRN/analysis_25306-26233_M1_20251030-013056/subjob_26104-26122/run26110_20251004-08/lowlight/Run26110_M1_low_light_fits.png
Low-light fit data saved to /raid1/genli/Data_D2O/M1_data/BRN/analysis_25306-26233_M1_20251030-013056/subjob_26104-26122/run26110_20251004-08/lowlight/Run26110_M1_low_light_fits.pkl
Veto efficiency plot saved to /raid1/genli/Data_D2O/M1_data/BRN/analysis_25306-26233_M1_20251030-013056/subjob_26104-26122/run26110_20251004-08/histograms/26110_M1_veto_efficiency.png
Veto efficiency data saved to /raid1/genli/Data_D2O/M1_data/BRN/analysis_25306-26233_M1_20251030-013056/subjob_26104-26122/run26110_20251004-08/histograms/26110_M1_veto_efficiency.pkl
Run 26110: after NaN drop: 18788 events
Run 26110: after Δt cut: 8962 events
Run 26110: after total_pe cut: 8960 events
Run 26110: after time-std < 40.0 ns cut: 8960 events
Correlation map saved to /raid1/genli/Data_D2O/M1_data/BRN/analysis_25306-26233_M1_20251030-013056/subjob_26104-26122/run26110_20251004-08/cuthist/Run_26110_M1_correlation_map.png
--- Processing run 26111 ---
Low-light fits saved to /raid1/genli/Data_D2O/M1_data/BRN/analysis_25306-26233_M1_20251030-013056/subjob_26104-26122/run26111_20251004-09/lowlight/Run26111_M1_low_light_fits.png
Low-light fit data saved to /raid1/genli/Data_D2O/M1_data/BRN/analysis_25306-26233_M1_20251030-013056/subjob_26104-26122/run26111_20251004-09/lowlight/Run26111_M1_low_light_fits.pkl
Veto efficiency plot saved to /raid1/genli/Data_D2O/M1_data/BRN/analysis_25306-26233_M1_20251030-013056/subjob_26104-26122/run26111_20251004-09/histograms/26111_M1_veto_efficiency.png
Veto efficiency data saved to /raid1/genli/Data_D2O/M1_data/BRN/analysis_25306-26233_M1_20251030-013056/subjob_26104-26122/run26111_20251004-09/histograms/26111_M1_veto_efficiency.pkl
Run 26111: after NaN drop: 18691 events
Run 26111: after Δt cut: 9081 events
Run 26111: after total_pe cut: 9078 events
Run 26111: after time-std < 40.0 ns cut: 9078 events
Correlation map saved to /raid1/genli/Data_D2O/M1_data/BRN/analysis_25306-26233_M1_20251030-013056/subjob_26104-26122/run26111_20251004-09/cuthist/Run_26111_M1_correlation_map.png
--- Processing run 26112 ---
Low-light fits saved to /raid1/genli/Data_D2O/M1_data/BRN/analysis_25306-26233_M1_20251030-013056/subjob_26104-26122/run26112_20251004-10/lowlight/Run26112_M1_low_light_fits.png
Low-light fit data saved to /raid1/genli/Data_D2O/M1_data/BRN/analysis_25306-26233_M1_20251030-013056/subjob_26104-26122/run26112_20251004-10/lowlight/Run26112_M1_low_light_fits.pkl
Veto efficiency plot saved to /raid1/genli/Data_D2O/M1_data/BRN/analysis_25306-26233_M1_20251030-013056/subjob_26104-26122/run26112_20251004-10/histograms/26112_M1_veto_efficiency.png
Veto efficiency data saved to /raid1/genli/Data_D2O/M1_data/BRN/analysis_25306-26233_M1_20251030-013056/subjob_26104-26122/run26112_20251004-10/histograms/26112_M1_veto_efficiency.pkl
Run 26112: after NaN drop: 18491 events
Run 26112: after Δt cut: 9016 events
Run 26112: after total_pe cut: 9016 events
Run 26112: after time-std < 40.0 ns cut: 9016 events
Correlation map saved to /raid1/genli/Data_D2O/M1_data/BRN/analysis_25306-26233_M1_20251030-013056/subjob_26104-26122/run26112_20251004-10/cuthist/Run_26112_M1_correlation_map.png
--- Processing run 26113 ---
Low-light fits saved to /raid1/genli/Data_D2O/M1_data/BRN/analysis_25306-26233_M1_20251030-013056/subjob_26104-26122/run26113_20251004-11/lowlight/Run26113_M1_low_light_fits.png
Low-light fit data saved to /raid1/genli/Data_D2O/M1_data/BRN/analysis_25306-26233_M1_20251030-013056/subjob_26104-26122/run26113_20251004-11/lowlight/Run26113_M1_low_light_fits.pkl
Veto efficiency plot saved to /raid1/genli/Data_D2O/M1_data/BRN/analysis_25306-26233_M1_20251030-013056/subjob_26104-26122/run26113_20251004-11/histograms/26113_M1_veto_efficiency.png
Veto efficiency data saved to /raid1/genli/Data_D2O/M1_data/BRN/analysis_25306-26233_M1_20251030-013056/subjob_26104-26122/run26113_20251004-11/histograms/26113_M1_veto_efficiency.pkl
Run 26113: after NaN drop: 18904 events
Run 26113: after Δt cut: 9243 events
Run 26113: after total_pe cut: 9239 events
Run 26113: after time-std < 40.0 ns cut: 9239 events
Correlation map saved to /raid1/genli/Data_D2O/M1_data/BRN/analysis_25306-26233_M1_20251030-013056/subjob_26104-26122/run26113_20251004-11/cuthist/Run_26113_M1_correlation_map.png
--- Processing run 26114 ---
Low-light fits saved to /raid1/genli/Data_D2O/M1_data/BRN/analysis_25306-26233_M1_20251030-013056/subjob_26104-26122/run26114_20251004-12/lowlight/Run26114_M1_low_light_fits.png
Low-light fit data saved to /raid1/genli/Data_D2O/M1_data/BRN/analysis_25306-26233_M1_20251030-013056/subjob_26104-26122/run26114_20251004-12/lowlight/Run26114_M1_low_light_fits.pkl
Veto efficiency plot saved to /raid1/genli/Data_D2O/M1_data/BRN/analysis_25306-26233_M1_20251030-013056/subjob_26104-26122/run26114_20251004-12/histograms/26114_M1_veto_efficiency.png
Veto efficiency data saved to /raid1/genli/Data_D2O/M1_data/BRN/analysis_25306-26233_M1_20251030-013056/subjob_26104-26122/run26114_20251004-12/histograms/26114_M1_veto_efficiency.pkl
Run 26114: after NaN drop: 18648 events
Run 26114: after Δt cut: 9094 events
Run 26114: after total_pe cut: 9092 events
Run 26114: after time-std < 40.0 ns cut: 9092 events
Correlation map saved to /raid1/genli/Data_D2O/M1_data/BRN/analysis_25306-26233_M1_20251030-013056/subjob_26104-26122/run26114_20251004-12/cuthist/Run_26114_M1_correlation_map.png
--- Processing run 26115 ---
Low-light fits saved to /raid1/genli/Data_D2O/M1_data/BRN/analysis_25306-26233_M1_20251030-013056/subjob_26104-26122/run26115_20251004-13/lowlight/Run26115_M1_low_light_fits.png
Low-light fit data saved to /raid1/genli/Data_D2O/M1_data/BRN/analysis_25306-26233_M1_20251030-013056/subjob_26104-26122/run26115_20251004-13/lowlight/Run26115_M1_low_light_fits.pkl
Veto efficiency plot saved to /raid1/genli/Data_D2O/M1_data/BRN/analysis_25306-26233_M1_20251030-013056/subjob_26104-26122/run26115_20251004-13/histograms/26115_M1_veto_efficiency.png
Veto efficiency data saved to /raid1/genli/Data_D2O/M1_data/BRN/analysis_25306-26233_M1_20251030-013056/subjob_26104-26122/run26115_20251004-13/histograms/26115_M1_veto_efficiency.pkl
Run 26115: after NaN drop: 18823 events
Run 26115: after Δt cut: 9107 events
Run 26115: after total_pe cut: 9105 events
Run 26115: after time-std < 40.0 ns cut: 9105 events
Correlation map saved to /raid1/genli/Data_D2O/M1_data/BRN/analysis_25306-26233_M1_20251030-013056/subjob_26104-26122/run26115_20251004-13/cuthist/Run_26115_M1_correlation_map.png
--- Processing run 26116 ---
Low-light fits saved to /raid1/genli/Data_D2O/M1_data/BRN/analysis_25306-26233_M1_20251030-013056/subjob_26104-26122/run26116_20251004-14/lowlight/Run26116_M1_low_light_fits.png
Low-light fit data saved to /raid1/genli/Data_D2O/M1_data/BRN/analysis_25306-26233_M1_20251030-013056/subjob_26104-26122/run26116_20251004-14/lowlight/Run26116_M1_low_light_fits.pkl
Veto efficiency plot saved to /raid1/genli/Data_D2O/M1_data/BRN/analysis_25306-26233_M1_20251030-013056/subjob_26104-26122/run26116_20251004-14/histograms/26116_M1_veto_efficiency.png
Veto efficiency data saved to /raid1/genli/Data_D2O/M1_data/BRN/analysis_25306-26233_M1_20251030-013056/subjob_26104-26122/run26116_20251004-14/histograms/26116_M1_veto_efficiency.pkl
Run 26116: after NaN drop: 18241 events
Run 26116: after Δt cut: 8929 events
Run 26116: after total_pe cut: 8929 events
Run 26116: after time-std < 40.0 ns cut: 8929 events
Correlation map saved to /raid1/genli/Data_D2O/M1_data/BRN/analysis_25306-26233_M1_20251030-013056/subjob_26104-26122/run26116_20251004-14/cuthist/Run_26116_M1_correlation_map.png
--- Processing run 26117 ---
Low-light fits saved to /raid1/genli/Data_D2O/M1_data/BRN/analysis_25306-26233_M1_20251030-013056/subjob_26104-26122/run26117_20251004-15/lowlight/Run26117_M1_low_light_fits.png
Low-light fit data saved to /raid1/genli/Data_D2O/M1_data/BRN/analysis_25306-26233_M1_20251030-013056/subjob_26104-26122/run26117_20251004-15/lowlight/Run26117_M1_low_light_fits.pkl
Veto efficiency plot saved to /raid1/genli/Data_D2O/M1_data/BRN/analysis_25306-26233_M1_20251030-013056/subjob_26104-26122/run26117_20251004-15/histograms/26117_M1_veto_efficiency.png
Veto efficiency data saved to /raid1/genli/Data_D2O/M1_data/BRN/analysis_25306-26233_M1_20251030-013056/subjob_26104-26122/run26117_20251004-15/histograms/26117_M1_veto_efficiency.pkl
Run 26117: after NaN drop: 18750 events
Run 26117: after Δt cut: 9187 events
Run 26117: after total_pe cut: 9187 events
Run 26117: after time-std < 40.0 ns cut: 9187 events
Correlation map saved to /raid1/genli/Data_D2O/M1_data/BRN/analysis_25306-26233_M1_20251030-013056/subjob_26104-26122/run26117_20251004-15/cuthist/Run_26117_M1_correlation_map.png
--- Processing run 26118 ---
Low-light fits saved to /raid1/genli/Data_D2O/M1_data/BRN/analysis_25306-26233_M1_20251030-013056/subjob_26104-26122/run26118_20251004-16/lowlight/Run26118_M1_low_light_fits.png
Low-light fit data saved to /raid1/genli/Data_D2O/M1_data/BRN/analysis_25306-26233_M1_20251030-013056/subjob_26104-26122/run26118_20251004-16/lowlight/Run26118_M1_low_light_fits.pkl
Veto efficiency plot saved to /raid1/genli/Data_D2O/M1_data/BRN/analysis_25306-26233_M1_20251030-013056/subjob_26104-26122/run26118_20251004-16/histograms/26118_M1_veto_efficiency.png
Veto efficiency data saved to /raid1/genli/Data_D2O/M1_data/BRN/analysis_25306-26233_M1_20251030-013056/subjob_26104-26122/run26118_20251004-16/histograms/26118_M1_veto_efficiency.pkl
Run 26118: after NaN drop: 18801 events
Run 26118: after Δt cut: 9157 events
Run 26118: after total_pe cut: 9157 events
Run 26118: after time-std < 40.0 ns cut: 9157 events
Correlation map saved to /raid1/genli/Data_D2O/M1_data/BRN/analysis_25306-26233_M1_20251030-013056/subjob_26104-26122/run26118_20251004-16/cuthist/Run_26118_M1_correlation_map.png
--- Processing run 26119 ---
Low-light fits saved to /raid1/genli/Data_D2O/M1_data/BRN/analysis_25306-26233_M1_20251030-013056/subjob_26104-26122/run26119_20251004-17/lowlight/Run26119_M1_low_light_fits.png
Low-light fit data saved to /raid1/genli/Data_D2O/M1_data/BRN/analysis_25306-26233_M1_20251030-013056/subjob_26104-26122/run26119_20251004-17/lowlight/Run26119_M1_low_light_fits.pkl
Veto efficiency plot saved to /raid1/genli/Data_D2O/M1_data/BRN/analysis_25306-26233_M1_20251030-013056/subjob_26104-26122/run26119_20251004-17/histograms/26119_M1_veto_efficiency.png
Veto efficiency data saved to /raid1/genli/Data_D2O/M1_data/BRN/analysis_25306-26233_M1_20251030-013056/subjob_26104-26122/run26119_20251004-17/histograms/26119_M1_veto_efficiency.pkl
Run 26119: after NaN drop: 18396 events
Run 26119: after Δt cut: 8988 events
Run 26119: after total_pe cut: 8987 events
Run 26119: after time-std < 40.0 ns cut: 8987 events
Correlation map saved to /raid1/genli/Data_D2O/M1_data/BRN/analysis_25306-26233_M1_20251030-013056/subjob_26104-26122/run26119_20251004-17/cuthist/Run_26119_M1_correlation_map.png
--- Processing run 26120 ---
Low-light fits saved to /raid1/genli/Data_D2O/M1_data/BRN/analysis_25306-26233_M1_20251030-013056/subjob_26104-26122/run26120_20251004-18/lowlight/Run26120_M1_low_light_fits.png
Low-light fit data saved to /raid1/genli/Data_D2O/M1_data/BRN/analysis_25306-26233_M1_20251030-013056/subjob_26104-26122/run26120_20251004-18/lowlight/Run26120_M1_low_light_fits.pkl
Veto efficiency plot saved to /raid1/genli/Data_D2O/M1_data/BRN/analysis_25306-26233_M1_20251030-013056/subjob_26104-26122/run26120_20251004-18/histograms/26120_M1_veto_efficiency.png
Veto efficiency data saved to /raid1/genli/Data_D2O/M1_data/BRN/analysis_25306-26233_M1_20251030-013056/subjob_26104-26122/run26120_20251004-18/histograms/26120_M1_veto_efficiency.pkl
Run 26120: after NaN drop: 18575 events
Run 26120: after Δt cut: 9106 events
Run 26120: after total_pe cut: 9106 events
Run 26120: after time-std < 40.0 ns cut: 9106 events
Correlation map saved to /raid1/genli/Data_D2O/M1_data/BRN/analysis_25306-26233_M1_20251030-013056/subjob_26104-26122/run26120_20251004-18/cuthist/Run_26120_M1_correlation_map.png
--- Processing run 26121 ---
Low-light fits saved to /raid1/genli/Data_D2O/M1_data/BRN/analysis_25306-26233_M1_20251030-013056/subjob_26104-26122/run26121_20251004-19/lowlight/Run26121_M1_low_light_fits.png
Low-light fit data saved to /raid1/genli/Data_D2O/M1_data/BRN/analysis_25306-26233_M1_20251030-013056/subjob_26104-26122/run26121_20251004-19/lowlight/Run26121_M1_low_light_fits.pkl
Veto efficiency plot saved to /raid1/genli/Data_D2O/M1_data/BRN/analysis_25306-26233_M1_20251030-013056/subjob_26104-26122/run26121_20251004-19/histograms/26121_M1_veto_efficiency.png
Veto efficiency data saved to /raid1/genli/Data_D2O/M1_data/BRN/analysis_25306-26233_M1_20251030-013056/subjob_26104-26122/run26121_20251004-19/histograms/26121_M1_veto_efficiency.pkl
Run 26121: after NaN drop: 18578 events
Run 26121: after Δt cut: 9064 events
Run 26121: after total_pe cut: 9062 events
Run 26121: after time-std < 40.0 ns cut: 9062 events
Correlation map saved to /raid1/genli/Data_D2O/M1_data/BRN/analysis_25306-26233_M1_20251030-013056/subjob_26104-26122/run26121_20251004-19/cuthist/Run_26121_M1_correlation_map.png
--- Processing run 26122 ---
Low-light fits saved to /raid1/genli/Data_D2O/M1_data/BRN/analysis_25306-26233_M1_20251030-013056/subjob_26104-26122/run26122_20251004-20/lowlight/Run26122_M1_low_light_fits.png
Low-light fit data saved to /raid1/genli/Data_D2O/M1_data/BRN/analysis_25306-26233_M1_20251030-013056/subjob_26104-26122/run26122_20251004-20/lowlight/Run26122_M1_low_light_fits.pkl
Veto efficiency plot saved to /raid1/genli/Data_D2O/M1_data/BRN/analysis_25306-26233_M1_20251030-013056/subjob_26104-26122/run26122_20251004-20/histograms/26122_M1_veto_efficiency.png
Veto efficiency data saved to /raid1/genli/Data_D2O/M1_data/BRN/analysis_25306-26233_M1_20251030-013056/subjob_26104-26122/run26122_20251004-20/histograms/26122_M1_veto_efficiency.pkl
Run 26122: after NaN drop: 18485 events
Run 26122: after Δt cut: 9096 events
Run 26122: after total_pe cut: 9095 events
Run 26122: after time-std < 40.0 ns cut: 9095 events
Correlation map saved to /raid1/genli/Data_D2O/M1_data/BRN/analysis_25306-26233_M1_20251030-013056/subjob_26104-26122/run26122_20251004-20/cuthist/Run_26122_M1_correlation_map.png
Saving aggregated data for sub-job 26104-26122...
Successfully saved data for master aggregation.
--- Sub-job Analysis Complete ---
