/usr/local/lib64/python3.9/site-packages/scipy/stats/_stats_py.py:4424: ConstantInputWarning: An input array is constant; the correlation coefficient is not defined.
  warnings.warn(stats.ConstantInputWarning(msg))
/usr/local/lib64/python3.9/site-packages/scipy/stats/_stats_py.py:4424: ConstantInputWarning: An input array is constant; the correlation coefficient is not defined.
  warnings.warn(stats.ConstantInputWarning(msg))
/usr/local/lib64/python3.9/site-packages/scipy/stats/_stats_py.py:4424: ConstantInputWarning: An input array is constant; the correlation coefficient is not defined.
  warnings.warn(stats.ConstantInputWarning(msg))
/usr/local/lib64/python3.9/site-packages/scipy/stats/_stats_py.py:4424: ConstantInputWarning: An input array is constant; the correlation coefficient is not defined.
  warnings.warn(stats.ConstantInputWarning(msg))
No artists with labels found to put in legend.  Note that artists whose label start with an underscore are ignored when legend() is called with no argument.
No artists with labels found to put in legend.  Note that artists whose label start with an underscore are ignored when legend() is called with no argument.
Master output will be saved to: /raid1/genli/Data_D2O/M1_data/analysis_14977-15096_M1_20251202-205527/MASTER_RESULTS
Found 7 sub-job directories to aggregate.
Processing subjob_15076-15078...
Processing subjob_15079-15081...
Processing subjob_15082-15084...
Processing subjob_15085-15087...
Processing subjob_15088-15090...
Processing subjob_15091-15093...
Processing subjob_15094-15096...
Aggregating delta_t, total_pe, and fitting for tau...
Generating aggregate plots for Master Runs 14977-15096
Correlation map saved to /raid1/genli/Data_D2O/M1_data/analysis_14977-15096_M1_20251202-205527/MASTER_RESULTS/Master_Runs_14977_15096_M1_correlation_map.png
Aggregating veto efficiency data...
Veto efficiency plot saved to /raid1/genli/Data_D2O/M1_data/analysis_14977-15096_M1_20251202-205527/MASTER_RESULTS/Master_Runs_14977_15096_M1_veto_efficiency_master.png
Veto efficiency data saved to /raid1/genli/Data_D2O/M1_data/analysis_14977-15096_M1_20251202-205527/MASTER_RESULTS/Master_Runs_14977_15096_M1_veto_efficiency_master.pkl
Plotting aggregated Low-Light data...
Low-light fits saved to /raid1/genli/Data_D2O/M1_data/analysis_14977-15096_M1_20251202-205527/MASTER_RESULTS/Master_Runs_14977_15096_M1_low_light_fits.png
Low-light fit data saved to /raid1/genli/Data_D2O/M1_data/analysis_14977-15096_M1_20251202-205527/MASTER_RESULTS/Master_Runs_14977_15096_M1_low_light_fits.pkl
Plotting aggregated SiPM area data...
SiPM histograms saved to /raid1/genli/Data_D2O/M1_data/analysis_14977-15096_M1_20251202-205527/MASTER_RESULTS/Master_Runs_14977_15096_M1_sipm_area_histograms.png
SiPM histogram data saved to /raid1/genli/Data_D2O/M1_data/analysis_14977-15096_M1_20251202-205527/MASTER_RESULTS/Master_Runs_14977_15096_M1_sipm_area_histograms.pkl
Aggregating Thin Veto data...
Total time length saved to /raid1/genli/Data_D2O/M1_data/analysis_14977-15096_M1_20251202-205527/MASTER_RESULTS/total_time_length.json
Total time: 1199.33 minutes (19.99 hours)
Total time: 0.83 days
Run info saved to /raid1/genli/Data_D2O/M1_data/analysis_14977-15096_M1_20251202-205527/MASTER_RESULTS/run_info.txt

--- Master Aggregation Complete ---
