/home/genli/.local/lib/python3.9/site-packages/numpy/lib/nanfunctions.py:1878: RuntimeWarning: Degrees of freedom <= 0 for slice.
  var = nanvar(a, axis=axis, dtype=dtype, out=out, ddof=ddof,
=== Configuration ===
Analysis type: M1
Runs: 23164 to 23164
Output Directory for this job: /raid1/genli/Data_D2O/M1_data/analysis_23163-23172_M1_20251124-161302/subjob_23164-23164
Δt cut: (2197, 10985) ns
Photoelectron cut: (0, 1000) P.E.
Time-std cut: < 40.0 ns
======================
--- Processing run 23164 ---
Length of time: 3596999276880.0 ns
Length of time: 59.94998794799999 minutes
Low-light fits saved to /raid1/genli/Data_D2O/M1_data/analysis_23163-23172_M1_20251124-161302/subjob_23164-23164/run23164_20250601-20/lowlight/Run23164_M1_low_light_fits.png
Low-light fit data saved to /raid1/genli/Data_D2O/M1_data/analysis_23163-23172_M1_20251124-161302/subjob_23164-23164/run23164_20250601-20/lowlight/Run23164_M1_low_light_fits.pkl
Applying 2000 ns time interval cut...
Time interval cut: Kept 2112275 / 2154872 events
Veto efficiency plot saved to /raid1/genli/Data_D2O/M1_data/analysis_23163-23172_M1_20251124-161302/subjob_23164-23164/run23164_20250601-20/histograms/23164_M1_veto_efficiency.png
Veto efficiency data saved to /raid1/genli/Data_D2O/M1_data/analysis_23163-23172_M1_20251124-161302/subjob_23164-23164/run23164_20250601-20/histograms/23164_M1_veto_efficiency.pkl
Run 23164: after NaN drop: 6979 events
Run 23164: after Δt cut: 4674 events
Run 23164: after total_pe cut: 4673 events
Run 23164: after time-std < 40.0 ns cut: 4673 events
Correlation map saved to /raid1/genli/Data_D2O/M1_data/analysis_23163-23172_M1_20251124-161302/subjob_23164-23164/run23164_20250601-20/cuthist/Run_23164_M1_correlation_map.png
Saving aggregated data for sub-job 23164-23164...
Sub-job time length saved to /raid1/genli/Data_D2O/M1_data/analysis_23163-23172_M1_20251124-161302/subjob_23164-23164/subjob_time_length.json
Successfully saved data for master aggregation.
--- Sub-job Analysis Complete ---
