/home/genli/.local/lib/python3.9/site-packages/numpy/lib/nanfunctions.py:1878: RuntimeWarning: Degrees of freedom <= 0 for slice.
  var = nanvar(a, axis=axis, dtype=dtype, out=out, ddof=ddof,
=== Configuration ===
Analysis type: M2
Runs: 894 to 894
Output Directory for this job: /raid1/genli/Data_D2O/M2_data/analysis_894-895_M2_20250820-125757/subjob_894-894
Δt cut: (0, 10000) ns
Photoelectron cut: (0, 2000) P.E.
Time-std cut: < 40.0 ns
Thin Veto Analysis: ENABLED
======================
--- Processing run 894 ---
Low-light fits saved to /raid1/genli/Data_D2O/M2_data/analysis_894-895_M2_20250820-125757/subjob_894-894/run894_20250819-20/lowlight/Run894_M2_low_light_fits.png
Low-light fit data saved to /raid1/genli/Data_D2O/M2_data/analysis_894-895_M2_20250820-125757/subjob_894-894/run894_20250819-20/lowlight/Run894_M2_low_light_fits.pkl
Run 894: Generating veto plots AFTER cuts...
Veto efficiency plot saved to /raid1/genli/Data_D2O/M2_data/analysis_894-895_M2_20250820-125757/subjob_894-894/run894_20250819-20/histograms/894_M2_veto_efficiency.png
Veto efficiency data saved to /raid1/genli/Data_D2O/M2_data/analysis_894-895_M2_20250820-125757/subjob_894-894/run894_20250819-20/histograms/894_M2_veto_efficiency.pkl
Run 894: after NaN drop: 385048 events
Run 894: after Δt cut: 828 events
Run 894: after total_pe cut: 734 events
Run 894: after time-std < 40.0 ns cut: 734 events
Correlation map saved to /raid1/genli/Data_D2O/M2_data/analysis_894-895_M2_20250820-125757/subjob_894-894/run894_20250819-20/cuthist/Run_894_M2_correlation_map.png
SiPM histograms saved to /raid1/genli/Data_D2O/M2_data/analysis_894-895_M2_20250820-125757/subjob_894-894/run894_20250819-20/Run_894_M2_sipm_area_histograms.png
SiPM histogram data saved to /raid1/genli/Data_D2O/M2_data/analysis_894-895_M2_20250820-125757/subjob_894-894/run894_20250819-20/Run_894_M2_sipm_area_histograms.pkl
Veto efficiency plot saved to /raid1/genli/Data_D2O/M2_data/analysis_894-895_M2_20250820-125757/subjob_894-894/Runs_894_894_M2_veto_efficiency_agg.png
Veto efficiency data saved to /raid1/genli/Data_D2O/M2_data/analysis_894-895_M2_20250820-125757/subjob_894-894/Runs_894_894_M2_veto_efficiency_agg.pkl
--- Generating Aggregated Thin Veto Comparison Plots ---
Saving aggregated data for sub-job 894-894...
Successfully saved data for master aggregation.
--- Sub-job Analysis Complete ---
