/home/genli/.local/lib/python3.9/site-packages/numpy/lib/nanfunctions.py:1878: RuntimeWarning: Degrees of freedom <= 0 for slice.
  var = nanvar(a, axis=axis, dtype=dtype, out=out, ddof=ddof,
/home/genli/.local/lib/python3.9/site-packages/numpy/lib/nanfunctions.py:1878: RuntimeWarning: Degrees of freedom <= 0 for slice.
  var = nanvar(a, axis=axis, dtype=dtype, out=out, ddof=ddof,
/home/genli/D2O_analysis/Codes/Read_Cut_Hist_D2O_multi_veto.py:411: UserWarning: Data has no positive values, and therefore cannot be log-scaled.
  ax.set_yscale('log')
/home/genli/.local/lib/python3.9/site-packages/numpy/lib/nanfunctions.py:1878: RuntimeWarning: Degrees of freedom <= 0 for slice.
  var = nanvar(a, axis=axis, dtype=dtype, out=out, ddof=ddof,
/home/genli/D2O_analysis/Codes/Read_Cut_Hist_D2O_multi_veto.py:411: UserWarning: Data has no positive values, and therefore cannot be log-scaled.
  ax.set_yscale('log')
/home/genli/.local/lib/python3.9/site-packages/numpy/lib/nanfunctions.py:1878: RuntimeWarning: Degrees of freedom <= 0 for slice.
  var = nanvar(a, axis=axis, dtype=dtype, out=out, ddof=ddof,
/home/genli/D2O_analysis/Codes/Read_Cut_Hist_D2O_multi_veto.py:411: UserWarning: Data has no positive values, and therefore cannot be log-scaled.
  ax.set_yscale('log')
/home/genli/.local/lib/python3.9/site-packages/numpy/lib/nanfunctions.py:1878: RuntimeWarning: Degrees of freedom <= 0 for slice.
  var = nanvar(a, axis=axis, dtype=dtype, out=out, ddof=ddof,
/home/genli/.local/lib/python3.9/site-packages/numpy/lib/nanfunctions.py:1878: RuntimeWarning: Degrees of freedom <= 0 for slice.
  var = nanvar(a, axis=axis, dtype=dtype, out=out, ddof=ddof,
/home/genli/.local/lib/python3.9/site-packages/numpy/lib/nanfunctions.py:1878: RuntimeWarning: Degrees of freedom <= 0 for slice.
  var = nanvar(a, axis=axis, dtype=dtype, out=out, ddof=ddof,
/home/genli/.local/lib/python3.9/site-packages/numpy/lib/nanfunctions.py:1878: RuntimeWarning: Degrees of freedom <= 0 for slice.
  var = nanvar(a, axis=axis, dtype=dtype, out=out, ddof=ddof,
/home/genli/.local/lib/python3.9/site-packages/numpy/lib/nanfunctions.py:1878: RuntimeWarning: Degrees of freedom <= 0 for slice.
  var = nanvar(a, axis=axis, dtype=dtype, out=out, ddof=ddof,
/home/genli/D2O_analysis/Codes/Read_Cut_Hist_D2O_multi_veto.py:411: UserWarning: Data has no positive values, and therefore cannot be log-scaled.
  ax.set_yscale('log')
/home/genli/.local/lib/python3.9/site-packages/numpy/lib/nanfunctions.py:1878: RuntimeWarning: Degrees of freedom <= 0 for slice.
  var = nanvar(a, axis=axis, dtype=dtype, out=out, ddof=ddof,
/home/genli/.local/lib/python3.9/site-packages/numpy/lib/nanfunctions.py:1878: RuntimeWarning: Degrees of freedom <= 0 for slice.
  var = nanvar(a, axis=axis, dtype=dtype, out=out, ddof=ddof,
/home/genli/.local/lib/python3.9/site-packages/numpy/lib/nanfunctions.py:1878: RuntimeWarning: Degrees of freedom <= 0 for slice.
  var = nanvar(a, axis=axis, dtype=dtype, out=out, ddof=ddof,
/home/genli/.local/lib/python3.9/site-packages/numpy/lib/nanfunctions.py:1878: RuntimeWarning: Degrees of freedom <= 0 for slice.
  var = nanvar(a, axis=axis, dtype=dtype, out=out, ddof=ddof,
/home/genli/D2O_analysis/Codes/Read_Cut_Hist_D2O_multi_veto.py:411: UserWarning: Data has no positive values, and therefore cannot be log-scaled.
  ax.set_yscale('log')
/home/genli/.local/lib/python3.9/site-packages/numpy/lib/nanfunctions.py:1878: RuntimeWarning: Degrees of freedom <= 0 for slice.
  var = nanvar(a, axis=axis, dtype=dtype, out=out, ddof=ddof,
/home/genli/.local/lib/python3.9/site-packages/numpy/lib/nanfunctions.py:1878: RuntimeWarning: Degrees of freedom <= 0 for slice.
  var = nanvar(a, axis=axis, dtype=dtype, out=out, ddof=ddof,
/home/genli/D2O_analysis/Codes/Read_Cut_Hist_D2O_multi_veto.py:411: UserWarning: Data has no positive values, and therefore cannot be log-scaled.
  ax.set_yscale('log')
/home/genli/.local/lib/python3.9/site-packages/numpy/lib/nanfunctions.py:1878: RuntimeWarning: Degrees of freedom <= 0 for slice.
  var = nanvar(a, axis=axis, dtype=dtype, out=out, ddof=ddof,
/home/genli/.local/lib/python3.9/site-packages/numpy/lib/nanfunctions.py:1878: RuntimeWarning: Degrees of freedom <= 0 for slice.
  var = nanvar(a, axis=axis, dtype=dtype, out=out, ddof=ddof,
/home/genli/.local/lib/python3.9/site-packages/numpy/lib/nanfunctions.py:1878: RuntimeWarning: Degrees of freedom <= 0 for slice.
  var = nanvar(a, axis=axis, dtype=dtype, out=out, ddof=ddof,
/home/genli/.local/lib/python3.9/site-packages/numpy/lib/nanfunctions.py:1878: RuntimeWarning: Degrees of freedom <= 0 for slice.
  var = nanvar(a, axis=axis, dtype=dtype, out=out, ddof=ddof,
=== Configuration ===
Analysis type: M1
Runs: 25477 to 25495
Output Directory for this job: /raid1/genli/Data_D2O/M1_data/BRN/analysis_25306-26233_M1_20251030-013056/subjob_25477-25495
Δt cut: (960, 10560) ns
Photoelectron cut: (0, 2000) P.E.
Time-std cut: < 40.0 ns
======================
--- Processing run 25477 ---
Low-light fits saved to /raid1/genli/Data_D2O/M1_data/BRN/analysis_25306-26233_M1_20251030-013056/subjob_25477-25495/run25477_20250907-23/lowlight/Run25477_M1_low_light_fits.png
Low-light fit data saved to /raid1/genli/Data_D2O/M1_data/BRN/analysis_25306-26233_M1_20251030-013056/subjob_25477-25495/run25477_20250907-23/lowlight/Run25477_M1_low_light_fits.pkl
Veto efficiency plot saved to /raid1/genli/Data_D2O/M1_data/BRN/analysis_25306-26233_M1_20251030-013056/subjob_25477-25495/run25477_20250907-23/histograms/25477_M1_veto_efficiency.png
Veto efficiency data saved to /raid1/genli/Data_D2O/M1_data/BRN/analysis_25306-26233_M1_20251030-013056/subjob_25477-25495/run25477_20250907-23/histograms/25477_M1_veto_efficiency.pkl
Run 25477: after NaN drop: 18793 events
Run 25477: after Δt cut: 9011 events
Run 25477: after total_pe cut: 9011 events
Run 25477: after time-std < 40.0 ns cut: 9011 events
Correlation map saved to /raid1/genli/Data_D2O/M1_data/BRN/analysis_25306-26233_M1_20251030-013056/subjob_25477-25495/run25477_20250907-23/cuthist/Run_25477_M1_correlation_map.png
--- Processing run 25478 ---
Low-light fits saved to /raid1/genli/Data_D2O/M1_data/BRN/analysis_25306-26233_M1_20251030-013056/subjob_25477-25495/run25478_20250908-00/lowlight/Run25478_M1_low_light_fits.png
Low-light fit data saved to /raid1/genli/Data_D2O/M1_data/BRN/analysis_25306-26233_M1_20251030-013056/subjob_25477-25495/run25478_20250908-00/lowlight/Run25478_M1_low_light_fits.pkl
Veto efficiency plot saved to /raid1/genli/Data_D2O/M1_data/BRN/analysis_25306-26233_M1_20251030-013056/subjob_25477-25495/run25478_20250908-00/histograms/25478_M1_veto_efficiency.png
Veto efficiency data saved to /raid1/genli/Data_D2O/M1_data/BRN/analysis_25306-26233_M1_20251030-013056/subjob_25477-25495/run25478_20250908-00/histograms/25478_M1_veto_efficiency.pkl
Run 25478: after NaN drop: 18786 events
Run 25478: after Δt cut: 8851 events
Run 25478: after total_pe cut: 8846 events
Run 25478: after time-std < 40.0 ns cut: 8846 events
Correlation map saved to /raid1/genli/Data_D2O/M1_data/BRN/analysis_25306-26233_M1_20251030-013056/subjob_25477-25495/run25478_20250908-00/cuthist/Run_25478_M1_correlation_map.png
--- Processing run 25479 ---
Low-light fits saved to /raid1/genli/Data_D2O/M1_data/BRN/analysis_25306-26233_M1_20251030-013056/subjob_25477-25495/run25479_20250908-01/lowlight/Run25479_M1_low_light_fits.png
Low-light fit data saved to /raid1/genli/Data_D2O/M1_data/BRN/analysis_25306-26233_M1_20251030-013056/subjob_25477-25495/run25479_20250908-01/lowlight/Run25479_M1_low_light_fits.pkl
Veto efficiency plot saved to /raid1/genli/Data_D2O/M1_data/BRN/analysis_25306-26233_M1_20251030-013056/subjob_25477-25495/run25479_20250908-01/histograms/25479_M1_veto_efficiency.png
Veto efficiency data saved to /raid1/genli/Data_D2O/M1_data/BRN/analysis_25306-26233_M1_20251030-013056/subjob_25477-25495/run25479_20250908-01/histograms/25479_M1_veto_efficiency.pkl
Run 25479: after NaN drop: 18646 events
Run 25479: after Δt cut: 9063 events
Run 25479: after total_pe cut: 9062 events
Run 25479: after time-std < 40.0 ns cut: 9062 events
Correlation map saved to /raid1/genli/Data_D2O/M1_data/BRN/analysis_25306-26233_M1_20251030-013056/subjob_25477-25495/run25479_20250908-01/cuthist/Run_25479_M1_correlation_map.png
--- Processing run 25480 ---
Low-light fits saved to /raid1/genli/Data_D2O/M1_data/BRN/analysis_25306-26233_M1_20251030-013056/subjob_25477-25495/run25480_20250908-02/lowlight/Run25480_M1_low_light_fits.png
Low-light fit data saved to /raid1/genli/Data_D2O/M1_data/BRN/analysis_25306-26233_M1_20251030-013056/subjob_25477-25495/run25480_20250908-02/lowlight/Run25480_M1_low_light_fits.pkl
Veto efficiency plot saved to /raid1/genli/Data_D2O/M1_data/BRN/analysis_25306-26233_M1_20251030-013056/subjob_25477-25495/run25480_20250908-02/histograms/25480_M1_veto_efficiency.png
Veto efficiency data saved to /raid1/genli/Data_D2O/M1_data/BRN/analysis_25306-26233_M1_20251030-013056/subjob_25477-25495/run25480_20250908-02/histograms/25480_M1_veto_efficiency.pkl
Run 25480: after NaN drop: 18988 events
Run 25480: after Δt cut: 9089 events
Run 25480: after total_pe cut: 9086 events
Run 25480: after time-std < 40.0 ns cut: 9086 events
Correlation map saved to /raid1/genli/Data_D2O/M1_data/BRN/analysis_25306-26233_M1_20251030-013056/subjob_25477-25495/run25480_20250908-02/cuthist/Run_25480_M1_correlation_map.png
--- Processing run 25481 ---
Low-light fits saved to /raid1/genli/Data_D2O/M1_data/BRN/analysis_25306-26233_M1_20251030-013056/subjob_25477-25495/run25481_20250908-03/lowlight/Run25481_M1_low_light_fits.png
Low-light fit data saved to /raid1/genli/Data_D2O/M1_data/BRN/analysis_25306-26233_M1_20251030-013056/subjob_25477-25495/run25481_20250908-03/lowlight/Run25481_M1_low_light_fits.pkl
Veto efficiency plot saved to /raid1/genli/Data_D2O/M1_data/BRN/analysis_25306-26233_M1_20251030-013056/subjob_25477-25495/run25481_20250908-03/histograms/25481_M1_veto_efficiency.png
Veto efficiency data saved to /raid1/genli/Data_D2O/M1_data/BRN/analysis_25306-26233_M1_20251030-013056/subjob_25477-25495/run25481_20250908-03/histograms/25481_M1_veto_efficiency.pkl
Run 25481: after NaN drop: 18794 events
Run 25481: after Δt cut: 9059 events
Run 25481: after total_pe cut: 9058 events
Run 25481: after time-std < 40.0 ns cut: 9058 events
Correlation map saved to /raid1/genli/Data_D2O/M1_data/BRN/analysis_25306-26233_M1_20251030-013056/subjob_25477-25495/run25481_20250908-03/cuthist/Run_25481_M1_correlation_map.png
--- Processing run 25482 ---
Low-light fits saved to /raid1/genli/Data_D2O/M1_data/BRN/analysis_25306-26233_M1_20251030-013056/subjob_25477-25495/run25482_20250908-04/lowlight/Run25482_M1_low_light_fits.png
Low-light fit data saved to /raid1/genli/Data_D2O/M1_data/BRN/analysis_25306-26233_M1_20251030-013056/subjob_25477-25495/run25482_20250908-04/lowlight/Run25482_M1_low_light_fits.pkl
Veto efficiency plot saved to /raid1/genli/Data_D2O/M1_data/BRN/analysis_25306-26233_M1_20251030-013056/subjob_25477-25495/run25482_20250908-04/histograms/25482_M1_veto_efficiency.png
Veto efficiency data saved to /raid1/genli/Data_D2O/M1_data/BRN/analysis_25306-26233_M1_20251030-013056/subjob_25477-25495/run25482_20250908-04/histograms/25482_M1_veto_efficiency.pkl
Run 25482: after NaN drop: 19017 events
Run 25482: after Δt cut: 9085 events
Run 25482: after total_pe cut: 9083 events
Run 25482: after time-std < 40.0 ns cut: 9083 events
Correlation map saved to /raid1/genli/Data_D2O/M1_data/BRN/analysis_25306-26233_M1_20251030-013056/subjob_25477-25495/run25482_20250908-04/cuthist/Run_25482_M1_correlation_map.png
--- Processing run 25483 ---
Low-light fits saved to /raid1/genli/Data_D2O/M1_data/BRN/analysis_25306-26233_M1_20251030-013056/subjob_25477-25495/run25483_20250908-05/lowlight/Run25483_M1_low_light_fits.png
Low-light fit data saved to /raid1/genli/Data_D2O/M1_data/BRN/analysis_25306-26233_M1_20251030-013056/subjob_25477-25495/run25483_20250908-05/lowlight/Run25483_M1_low_light_fits.pkl
Veto efficiency plot saved to /raid1/genli/Data_D2O/M1_data/BRN/analysis_25306-26233_M1_20251030-013056/subjob_25477-25495/run25483_20250908-05/histograms/25483_M1_veto_efficiency.png
Veto efficiency data saved to /raid1/genli/Data_D2O/M1_data/BRN/analysis_25306-26233_M1_20251030-013056/subjob_25477-25495/run25483_20250908-05/histograms/25483_M1_veto_efficiency.pkl
Run 25483: after NaN drop: 18815 events
Run 25483: after Δt cut: 8980 events
Run 25483: after total_pe cut: 8978 events
Run 25483: after time-std < 40.0 ns cut: 8978 events
Correlation map saved to /raid1/genli/Data_D2O/M1_data/BRN/analysis_25306-26233_M1_20251030-013056/subjob_25477-25495/run25483_20250908-05/cuthist/Run_25483_M1_correlation_map.png
--- Processing run 25484 ---
Low-light fits saved to /raid1/genli/Data_D2O/M1_data/BRN/analysis_25306-26233_M1_20251030-013056/subjob_25477-25495/run25484_20250908-06/lowlight/Run25484_M1_low_light_fits.png
Low-light fit data saved to /raid1/genli/Data_D2O/M1_data/BRN/analysis_25306-26233_M1_20251030-013056/subjob_25477-25495/run25484_20250908-06/lowlight/Run25484_M1_low_light_fits.pkl
Veto efficiency plot saved to /raid1/genli/Data_D2O/M1_data/BRN/analysis_25306-26233_M1_20251030-013056/subjob_25477-25495/run25484_20250908-06/histograms/25484_M1_veto_efficiency.png
Veto efficiency data saved to /raid1/genli/Data_D2O/M1_data/BRN/analysis_25306-26233_M1_20251030-013056/subjob_25477-25495/run25484_20250908-06/histograms/25484_M1_veto_efficiency.pkl
Run 25484: after NaN drop: 18598 events
Run 25484: after Δt cut: 8943 events
Run 25484: after total_pe cut: 8943 events
Run 25484: after time-std < 40.0 ns cut: 8943 events
Correlation map saved to /raid1/genli/Data_D2O/M1_data/BRN/analysis_25306-26233_M1_20251030-013056/subjob_25477-25495/run25484_20250908-06/cuthist/Run_25484_M1_correlation_map.png
--- Processing run 25485 ---
Low-light fits saved to /raid1/genli/Data_D2O/M1_data/BRN/analysis_25306-26233_M1_20251030-013056/subjob_25477-25495/run25485_20250908-07/lowlight/Run25485_M1_low_light_fits.png
Low-light fit data saved to /raid1/genli/Data_D2O/M1_data/BRN/analysis_25306-26233_M1_20251030-013056/subjob_25477-25495/run25485_20250908-07/lowlight/Run25485_M1_low_light_fits.pkl
Veto efficiency plot saved to /raid1/genli/Data_D2O/M1_data/BRN/analysis_25306-26233_M1_20251030-013056/subjob_25477-25495/run25485_20250908-07/histograms/25485_M1_veto_efficiency.png
Veto efficiency data saved to /raid1/genli/Data_D2O/M1_data/BRN/analysis_25306-26233_M1_20251030-013056/subjob_25477-25495/run25485_20250908-07/histograms/25485_M1_veto_efficiency.pkl
Run 25485: after NaN drop: 18734 events
Run 25485: after Δt cut: 8905 events
Run 25485: after total_pe cut: 8904 events
Run 25485: after time-std < 40.0 ns cut: 8904 events
Correlation map saved to /raid1/genli/Data_D2O/M1_data/BRN/analysis_25306-26233_M1_20251030-013056/subjob_25477-25495/run25485_20250908-07/cuthist/Run_25485_M1_correlation_map.png
--- Processing run 25486 ---
Low-light fits saved to /raid1/genli/Data_D2O/M1_data/BRN/analysis_25306-26233_M1_20251030-013056/subjob_25477-25495/run25486_20250908-08/lowlight/Run25486_M1_low_light_fits.png
Low-light fit data saved to /raid1/genli/Data_D2O/M1_data/BRN/analysis_25306-26233_M1_20251030-013056/subjob_25477-25495/run25486_20250908-08/lowlight/Run25486_M1_low_light_fits.pkl
Veto efficiency plot saved to /raid1/genli/Data_D2O/M1_data/BRN/analysis_25306-26233_M1_20251030-013056/subjob_25477-25495/run25486_20250908-08/histograms/25486_M1_veto_efficiency.png
Veto efficiency data saved to /raid1/genli/Data_D2O/M1_data/BRN/analysis_25306-26233_M1_20251030-013056/subjob_25477-25495/run25486_20250908-08/histograms/25486_M1_veto_efficiency.pkl
Run 25486: after NaN drop: 18820 events
Run 25486: after Δt cut: 8859 events
Run 25486: after total_pe cut: 8859 events
Run 25486: after time-std < 40.0 ns cut: 8859 events
Correlation map saved to /raid1/genli/Data_D2O/M1_data/BRN/analysis_25306-26233_M1_20251030-013056/subjob_25477-25495/run25486_20250908-08/cuthist/Run_25486_M1_correlation_map.png
--- Processing run 25487 ---
Low-light fits saved to /raid1/genli/Data_D2O/M1_data/BRN/analysis_25306-26233_M1_20251030-013056/subjob_25477-25495/run25487_20250908-09/lowlight/Run25487_M1_low_light_fits.png
Low-light fit data saved to /raid1/genli/Data_D2O/M1_data/BRN/analysis_25306-26233_M1_20251030-013056/subjob_25477-25495/run25487_20250908-09/lowlight/Run25487_M1_low_light_fits.pkl
Veto efficiency plot saved to /raid1/genli/Data_D2O/M1_data/BRN/analysis_25306-26233_M1_20251030-013056/subjob_25477-25495/run25487_20250908-09/histograms/25487_M1_veto_efficiency.png
Veto efficiency data saved to /raid1/genli/Data_D2O/M1_data/BRN/analysis_25306-26233_M1_20251030-013056/subjob_25477-25495/run25487_20250908-09/histograms/25487_M1_veto_efficiency.pkl
Run 25487: after NaN drop: 18832 events
Run 25487: after Δt cut: 8995 events
Run 25487: after total_pe cut: 8994 events
Run 25487: after time-std < 40.0 ns cut: 8994 events
Correlation map saved to /raid1/genli/Data_D2O/M1_data/BRN/analysis_25306-26233_M1_20251030-013056/subjob_25477-25495/run25487_20250908-09/cuthist/Run_25487_M1_correlation_map.png
--- Processing run 25488 ---
Low-light fits saved to /raid1/genli/Data_D2O/M1_data/BRN/analysis_25306-26233_M1_20251030-013056/subjob_25477-25495/run25488_20250908-10/lowlight/Run25488_M1_low_light_fits.png
Low-light fit data saved to /raid1/genli/Data_D2O/M1_data/BRN/analysis_25306-26233_M1_20251030-013056/subjob_25477-25495/run25488_20250908-10/lowlight/Run25488_M1_low_light_fits.pkl
Veto efficiency plot saved to /raid1/genli/Data_D2O/M1_data/BRN/analysis_25306-26233_M1_20251030-013056/subjob_25477-25495/run25488_20250908-10/histograms/25488_M1_veto_efficiency.png
Veto efficiency data saved to /raid1/genli/Data_D2O/M1_data/BRN/analysis_25306-26233_M1_20251030-013056/subjob_25477-25495/run25488_20250908-10/histograms/25488_M1_veto_efficiency.pkl
Run 25488: after NaN drop: 19218 events
Run 25488: after Δt cut: 9208 events
Run 25488: after total_pe cut: 9208 events
Run 25488: after time-std < 40.0 ns cut: 9208 events
Correlation map saved to /raid1/genli/Data_D2O/M1_data/BRN/analysis_25306-26233_M1_20251030-013056/subjob_25477-25495/run25488_20250908-10/cuthist/Run_25488_M1_correlation_map.png
--- Processing run 25489 ---
Low-light fits saved to /raid1/genli/Data_D2O/M1_data/BRN/analysis_25306-26233_M1_20251030-013056/subjob_25477-25495/run25489_20250908-11/lowlight/Run25489_M1_low_light_fits.png
Low-light fit data saved to /raid1/genli/Data_D2O/M1_data/BRN/analysis_25306-26233_M1_20251030-013056/subjob_25477-25495/run25489_20250908-11/lowlight/Run25489_M1_low_light_fits.pkl
Veto efficiency plot saved to /raid1/genli/Data_D2O/M1_data/BRN/analysis_25306-26233_M1_20251030-013056/subjob_25477-25495/run25489_20250908-11/histograms/25489_M1_veto_efficiency.png
Veto efficiency data saved to /raid1/genli/Data_D2O/M1_data/BRN/analysis_25306-26233_M1_20251030-013056/subjob_25477-25495/run25489_20250908-11/histograms/25489_M1_veto_efficiency.pkl
Run 25489: after NaN drop: 18646 events
Run 25489: after Δt cut: 8825 events
Run 25489: after total_pe cut: 8822 events
Run 25489: after time-std < 40.0 ns cut: 8822 events
Correlation map saved to /raid1/genli/Data_D2O/M1_data/BRN/analysis_25306-26233_M1_20251030-013056/subjob_25477-25495/run25489_20250908-11/cuthist/Run_25489_M1_correlation_map.png
--- Processing run 25490 ---
Low-light fits saved to /raid1/genli/Data_D2O/M1_data/BRN/analysis_25306-26233_M1_20251030-013056/subjob_25477-25495/run25490_20250908-12/lowlight/Run25490_M1_low_light_fits.png
Low-light fit data saved to /raid1/genli/Data_D2O/M1_data/BRN/analysis_25306-26233_M1_20251030-013056/subjob_25477-25495/run25490_20250908-12/lowlight/Run25490_M1_low_light_fits.pkl
Veto efficiency plot saved to /raid1/genli/Data_D2O/M1_data/BRN/analysis_25306-26233_M1_20251030-013056/subjob_25477-25495/run25490_20250908-12/histograms/25490_M1_veto_efficiency.png
Veto efficiency data saved to /raid1/genli/Data_D2O/M1_data/BRN/analysis_25306-26233_M1_20251030-013056/subjob_25477-25495/run25490_20250908-12/histograms/25490_M1_veto_efficiency.pkl
Run 25490: after NaN drop: 18604 events
Run 25490: after Δt cut: 8911 events
Run 25490: after total_pe cut: 8910 events
Run 25490: after time-std < 40.0 ns cut: 8910 events
Correlation map saved to /raid1/genli/Data_D2O/M1_data/BRN/analysis_25306-26233_M1_20251030-013056/subjob_25477-25495/run25490_20250908-12/cuthist/Run_25490_M1_correlation_map.png
--- Processing run 25491 ---
Low-light fits saved to /raid1/genli/Data_D2O/M1_data/BRN/analysis_25306-26233_M1_20251030-013056/subjob_25477-25495/run25491_20250908-13/lowlight/Run25491_M1_low_light_fits.png
Low-light fit data saved to /raid1/genli/Data_D2O/M1_data/BRN/analysis_25306-26233_M1_20251030-013056/subjob_25477-25495/run25491_20250908-13/lowlight/Run25491_M1_low_light_fits.pkl
Veto efficiency plot saved to /raid1/genli/Data_D2O/M1_data/BRN/analysis_25306-26233_M1_20251030-013056/subjob_25477-25495/run25491_20250908-13/histograms/25491_M1_veto_efficiency.png
Veto efficiency data saved to /raid1/genli/Data_D2O/M1_data/BRN/analysis_25306-26233_M1_20251030-013056/subjob_25477-25495/run25491_20250908-13/histograms/25491_M1_veto_efficiency.pkl
Run 25491: after NaN drop: 18558 events
Run 25491: after Δt cut: 8857 events
Run 25491: after total_pe cut: 8854 events
Run 25491: after time-std < 40.0 ns cut: 8854 events
Correlation map saved to /raid1/genli/Data_D2O/M1_data/BRN/analysis_25306-26233_M1_20251030-013056/subjob_25477-25495/run25491_20250908-13/cuthist/Run_25491_M1_correlation_map.png
--- Processing run 25492 ---
Low-light fits saved to /raid1/genli/Data_D2O/M1_data/BRN/analysis_25306-26233_M1_20251030-013056/subjob_25477-25495/run25492_20250908-14/lowlight/Run25492_M1_low_light_fits.png
Low-light fit data saved to /raid1/genli/Data_D2O/M1_data/BRN/analysis_25306-26233_M1_20251030-013056/subjob_25477-25495/run25492_20250908-14/lowlight/Run25492_M1_low_light_fits.pkl
Veto efficiency plot saved to /raid1/genli/Data_D2O/M1_data/BRN/analysis_25306-26233_M1_20251030-013056/subjob_25477-25495/run25492_20250908-14/histograms/25492_M1_veto_efficiency.png
Veto efficiency data saved to /raid1/genli/Data_D2O/M1_data/BRN/analysis_25306-26233_M1_20251030-013056/subjob_25477-25495/run25492_20250908-14/histograms/25492_M1_veto_efficiency.pkl
Run 25492: after NaN drop: 18764 events
Run 25492: after Δt cut: 8996 events
Run 25492: after total_pe cut: 8993 events
Run 25492: after time-std < 40.0 ns cut: 8993 events
Correlation map saved to /raid1/genli/Data_D2O/M1_data/BRN/analysis_25306-26233_M1_20251030-013056/subjob_25477-25495/run25492_20250908-14/cuthist/Run_25492_M1_correlation_map.png
--- Processing run 25493 ---
Low-light fits saved to /raid1/genli/Data_D2O/M1_data/BRN/analysis_25306-26233_M1_20251030-013056/subjob_25477-25495/run25493_20250908-15/lowlight/Run25493_M1_low_light_fits.png
Low-light fit data saved to /raid1/genli/Data_D2O/M1_data/BRN/analysis_25306-26233_M1_20251030-013056/subjob_25477-25495/run25493_20250908-15/lowlight/Run25493_M1_low_light_fits.pkl
Veto efficiency plot saved to /raid1/genli/Data_D2O/M1_data/BRN/analysis_25306-26233_M1_20251030-013056/subjob_25477-25495/run25493_20250908-15/histograms/25493_M1_veto_efficiency.png
Veto efficiency data saved to /raid1/genli/Data_D2O/M1_data/BRN/analysis_25306-26233_M1_20251030-013056/subjob_25477-25495/run25493_20250908-15/histograms/25493_M1_veto_efficiency.pkl
Run 25493: after NaN drop: 18836 events
Run 25493: after Δt cut: 8985 events
Run 25493: after total_pe cut: 8984 events
Run 25493: after time-std < 40.0 ns cut: 8984 events
Correlation map saved to /raid1/genli/Data_D2O/M1_data/BRN/analysis_25306-26233_M1_20251030-013056/subjob_25477-25495/run25493_20250908-15/cuthist/Run_25493_M1_correlation_map.png
--- Processing run 25494 ---
Low-light fits saved to /raid1/genli/Data_D2O/M1_data/BRN/analysis_25306-26233_M1_20251030-013056/subjob_25477-25495/run25494_20250908-16/lowlight/Run25494_M1_low_light_fits.png
Low-light fit data saved to /raid1/genli/Data_D2O/M1_data/BRN/analysis_25306-26233_M1_20251030-013056/subjob_25477-25495/run25494_20250908-16/lowlight/Run25494_M1_low_light_fits.pkl
Veto efficiency plot saved to /raid1/genli/Data_D2O/M1_data/BRN/analysis_25306-26233_M1_20251030-013056/subjob_25477-25495/run25494_20250908-16/histograms/25494_M1_veto_efficiency.png
Veto efficiency data saved to /raid1/genli/Data_D2O/M1_data/BRN/analysis_25306-26233_M1_20251030-013056/subjob_25477-25495/run25494_20250908-16/histograms/25494_M1_veto_efficiency.pkl
Run 25494: after NaN drop: 18753 events
Run 25494: after Δt cut: 8917 events
Run 25494: after total_pe cut: 8917 events
Run 25494: after time-std < 40.0 ns cut: 8917 events
Correlation map saved to /raid1/genli/Data_D2O/M1_data/BRN/analysis_25306-26233_M1_20251030-013056/subjob_25477-25495/run25494_20250908-16/cuthist/Run_25494_M1_correlation_map.png
--- Processing run 25495 ---
Low-light fits saved to /raid1/genli/Data_D2O/M1_data/BRN/analysis_25306-26233_M1_20251030-013056/subjob_25477-25495/run25495_20250908-17/lowlight/Run25495_M1_low_light_fits.png
Low-light fit data saved to /raid1/genli/Data_D2O/M1_data/BRN/analysis_25306-26233_M1_20251030-013056/subjob_25477-25495/run25495_20250908-17/lowlight/Run25495_M1_low_light_fits.pkl
Veto efficiency plot saved to /raid1/genli/Data_D2O/M1_data/BRN/analysis_25306-26233_M1_20251030-013056/subjob_25477-25495/run25495_20250908-17/histograms/25495_M1_veto_efficiency.png
Veto efficiency data saved to /raid1/genli/Data_D2O/M1_data/BRN/analysis_25306-26233_M1_20251030-013056/subjob_25477-25495/run25495_20250908-17/histograms/25495_M1_veto_efficiency.pkl
Run 25495: after NaN drop: 18653 events
Run 25495: after Δt cut: 8945 events
Run 25495: after total_pe cut: 8943 events
Run 25495: after time-std < 40.0 ns cut: 8943 events
Correlation map saved to /raid1/genli/Data_D2O/M1_data/BRN/analysis_25306-26233_M1_20251030-013056/subjob_25477-25495/run25495_20250908-17/cuthist/Run_25495_M1_correlation_map.png
Saving aggregated data for sub-job 25477-25495...
Successfully saved data for master aggregation.
--- Sub-job Analysis Complete ---
