/home/genli/.local/lib/python3.9/site-packages/numpy/lib/nanfunctions.py:1878: RuntimeWarning: Degrees of freedom <= 0 for slice.
  var = nanvar(a, axis=axis, dtype=dtype, out=out, ddof=ddof,
=== Configuration ===
Analysis type: M2
Runs: 891 to 891
Output Directory for this job: /raid1/genli/Data_D2O/M2_data/analysis_890-891_M2_20250819-213833/subjob_891-891
Δt cut: (0, 10000) ns
Photoelectron cut: (0, 2000) P.E.
Time-std cut: < 40.0 ns
Thin Veto Analysis: ENABLED
======================
--- Processing run 891 ---
Low-light fits saved to /raid1/genli/Data_D2O/M2_data/analysis_890-891_M2_20250819-213833/subjob_891-891/run891_20250819-17/lowlight/Run891_M2_low_light_fits.png
Low-light fit data saved to /raid1/genli/Data_D2O/M2_data/analysis_890-891_M2_20250819-213833/subjob_891-891/run891_20250819-17/lowlight/Run891_M2_low_light_fits.pkl
Run 891: Generating veto plots AFTER cuts...
Veto efficiency plot saved to /raid1/genli/Data_D2O/M2_data/analysis_890-891_M2_20250819-213833/subjob_891-891/run891_20250819-17/histograms/891_M2_veto_efficiency.png
Veto efficiency data saved to /raid1/genli/Data_D2O/M2_data/analysis_890-891_M2_20250819-213833/subjob_891-891/run891_20250819-17/histograms/891_M2_veto_efficiency.pkl
Run 891: after NaN drop: 385729 events
Run 891: after Δt cut: 8848 events
Run 891: after total_pe cut: 7039 events
Run 891: after time-std < 40.0 ns cut: 7039 events
Correlation map saved to /raid1/genli/Data_D2O/M2_data/analysis_890-891_M2_20250819-213833/subjob_891-891/run891_20250819-17/cuthist/Run_891_M2_correlation_map.png
SiPM histograms saved to /raid1/genli/Data_D2O/M2_data/analysis_890-891_M2_20250819-213833/subjob_891-891/run891_20250819-17/Run_891_M2_sipm_area_histograms.png
SiPM histogram data saved to /raid1/genli/Data_D2O/M2_data/analysis_890-891_M2_20250819-213833/subjob_891-891/run891_20250819-17/Run_891_M2_sipm_area_histograms.pkl
Veto efficiency plot saved to /raid1/genli/Data_D2O/M2_data/analysis_890-891_M2_20250819-213833/subjob_891-891/Runs_891_891_M2_veto_efficiency_agg.png
Veto efficiency data saved to /raid1/genli/Data_D2O/M2_data/analysis_890-891_M2_20250819-213833/subjob_891-891/Runs_891_891_M2_veto_efficiency_agg.pkl
--- Generating Aggregated Thin Veto Comparison Plots ---
Saving aggregated data for sub-job 891-891...
Successfully saved data for master aggregation.
--- Sub-job Analysis Complete ---
