/home/genli/.local/lib/python3.9/site-packages/numpy/lib/nanfunctions.py:1878: RuntimeWarning: Degrees of freedom <= 0 for slice.
  var = nanvar(a, axis=axis, dtype=dtype, out=out, ddof=ddof,
=== Configuration ===
Analysis type: M2
Runs: 895 to 895
Output Directory for this job: /raid1/genli/Data_D2O/M2_data/analysis_894-895_M2_20250820-125757/subjob_895-895
Δt cut: (0, 10000) ns
Photoelectron cut: (0, 2000) P.E.
Time-std cut: < 40.0 ns
Thin Veto Analysis: ENABLED
======================
--- Processing run 895 ---
Low-light fits saved to /raid1/genli/Data_D2O/M2_data/analysis_894-895_M2_20250820-125757/subjob_895-895/run895_20250819-21/lowlight/Run895_M2_low_light_fits.png
Low-light fit data saved to /raid1/genli/Data_D2O/M2_data/analysis_894-895_M2_20250820-125757/subjob_895-895/run895_20250819-21/lowlight/Run895_M2_low_light_fits.pkl
Run 895: Generating veto plots AFTER cuts...
Veto efficiency plot saved to /raid1/genli/Data_D2O/M2_data/analysis_894-895_M2_20250820-125757/subjob_895-895/run895_20250819-21/histograms/895_M2_veto_efficiency.png
Veto efficiency data saved to /raid1/genli/Data_D2O/M2_data/analysis_894-895_M2_20250820-125757/subjob_895-895/run895_20250819-21/histograms/895_M2_veto_efficiency.pkl
Run 895: after NaN drop: 385892 events
Run 895: after Δt cut: 854 events
Run 895: after total_pe cut: 770 events
Run 895: after time-std < 40.0 ns cut: 770 events
Correlation map saved to /raid1/genli/Data_D2O/M2_data/analysis_894-895_M2_20250820-125757/subjob_895-895/run895_20250819-21/cuthist/Run_895_M2_correlation_map.png
SiPM histograms saved to /raid1/genli/Data_D2O/M2_data/analysis_894-895_M2_20250820-125757/subjob_895-895/run895_20250819-21/Run_895_M2_sipm_area_histograms.png
SiPM histogram data saved to /raid1/genli/Data_D2O/M2_data/analysis_894-895_M2_20250820-125757/subjob_895-895/run895_20250819-21/Run_895_M2_sipm_area_histograms.pkl
Veto efficiency plot saved to /raid1/genli/Data_D2O/M2_data/analysis_894-895_M2_20250820-125757/subjob_895-895/Runs_895_895_M2_veto_efficiency_agg.png
Veto efficiency data saved to /raid1/genli/Data_D2O/M2_data/analysis_894-895_M2_20250820-125757/subjob_895-895/Runs_895_895_M2_veto_efficiency_agg.pkl
--- Generating Aggregated Thin Veto Comparison Plots ---
Saving aggregated data for sub-job 895-895...
Successfully saved data for master aggregation.
--- Sub-job Analysis Complete ---
