/home/genli/.local/lib/python3.9/site-packages/numpy/lib/nanfunctions.py:1878: RuntimeWarning: Degrees of freedom <= 0 for slice.
  var = nanvar(a, axis=axis, dtype=dtype, out=out, ddof=ddof,
/usr/local/lib64/python3.9/site-packages/scipy/stats/_stats_py.py:4424: ConstantInputWarning: An input array is constant; the correlation coefficient is not defined.
  warnings.warn(stats.ConstantInputWarning(msg))
/usr/local/lib64/python3.9/site-packages/scipy/stats/_stats_py.py:4424: ConstantInputWarning: An input array is constant; the correlation coefficient is not defined.
  warnings.warn(stats.ConstantInputWarning(msg))
/usr/local/lib64/python3.9/site-packages/scipy/stats/_stats_py.py:4424: ConstantInputWarning: An input array is constant; the correlation coefficient is not defined.
  warnings.warn(stats.ConstantInputWarning(msg))
/usr/local/lib64/python3.9/site-packages/scipy/stats/_stats_py.py:4424: ConstantInputWarning: An input array is constant; the correlation coefficient is not defined.
  warnings.warn(stats.ConstantInputWarning(msg))
/home/genli/.local/lib/python3.9/site-packages/numpy/lib/nanfunctions.py:1878: RuntimeWarning: Degrees of freedom <= 0 for slice.
  var = nanvar(a, axis=axis, dtype=dtype, out=out, ddof=ddof,
/usr/local/lib64/python3.9/site-packages/scipy/stats/_stats_py.py:4424: ConstantInputWarning: An input array is constant; the correlation coefficient is not defined.
  warnings.warn(stats.ConstantInputWarning(msg))
/usr/local/lib64/python3.9/site-packages/scipy/stats/_stats_py.py:4424: ConstantInputWarning: An input array is constant; the correlation coefficient is not defined.
  warnings.warn(stats.ConstantInputWarning(msg))
/usr/local/lib64/python3.9/site-packages/scipy/stats/_stats_py.py:4424: ConstantInputWarning: An input array is constant; the correlation coefficient is not defined.
  warnings.warn(stats.ConstantInputWarning(msg))
/usr/local/lib64/python3.9/site-packages/scipy/stats/_stats_py.py:4424: ConstantInputWarning: An input array is constant; the correlation coefficient is not defined.
  warnings.warn(stats.ConstantInputWarning(msg))
/home/genli/.local/lib/python3.9/site-packages/numpy/lib/nanfunctions.py:1878: RuntimeWarning: Degrees of freedom <= 0 for slice.
  var = nanvar(a, axis=axis, dtype=dtype, out=out, ddof=ddof,
/usr/local/lib64/python3.9/site-packages/scipy/stats/_stats_py.py:4424: ConstantInputWarning: An input array is constant; the correlation coefficient is not defined.
  warnings.warn(stats.ConstantInputWarning(msg))
/usr/local/lib64/python3.9/site-packages/scipy/stats/_stats_py.py:4424: ConstantInputWarning: An input array is constant; the correlation coefficient is not defined.
  warnings.warn(stats.ConstantInputWarning(msg))
/usr/local/lib64/python3.9/site-packages/scipy/stats/_stats_py.py:4424: ConstantInputWarning: An input array is constant; the correlation coefficient is not defined.
  warnings.warn(stats.ConstantInputWarning(msg))
/usr/local/lib64/python3.9/site-packages/scipy/stats/_stats_py.py:4424: ConstantInputWarning: An input array is constant; the correlation coefficient is not defined.
  warnings.warn(stats.ConstantInputWarning(msg))
=== Configuration ===
Analysis type: M1
Runs: 23199 to 23201
Output Directory for this job: /raid1/genli/Data_D2O/M1_data/analysis_23163-23282_M1_20251202-181353/subjob_23199-23201
Δt cut: (2197, 10985) ns
Photoelectron cut: (0, 1000) P.E.
Time-std cut: < 40.0 ns
======================
--- Processing run 23199 ---
Length of time: 3596999606688.0 ns
Length of time: 59.9499934448 minutes
Low-light fits saved to /raid1/genli/Data_D2O/M1_data/analysis_23163-23282_M1_20251202-181353/subjob_23199-23201/run23199_20250603-07/lowlight/Run23199_M1_low_light_fits.png
Low-light fit data saved to /raid1/genli/Data_D2O/M1_data/analysis_23163-23282_M1_20251202-181353/subjob_23199-23201/run23199_20250603-07/lowlight/Run23199_M1_low_light_fits.pkl
Applying 2000 ns time interval cut...
Time interval cut: Kept 2115634 / 2158473 events
Veto efficiency plot saved to /raid1/genli/Data_D2O/M1_data/analysis_23163-23282_M1_20251202-181353/subjob_23199-23201/run23199_20250603-07/histograms/23199_M1_veto_efficiency.png
Veto efficiency data saved to /raid1/genli/Data_D2O/M1_data/analysis_23163-23282_M1_20251202-181353/subjob_23199-23201/run23199_20250603-07/histograms/23199_M1_veto_efficiency.pkl
Run 23199: after NaN drop: 6025 events
Run 23199: after Δt cut: 4384 events
Run 23199: after total_pe cut: 4384 events
Run 23199: after time-std < 40.0 ns cut: 4384 events
Correlation map saved to /raid1/genli/Data_D2O/M1_data/analysis_23163-23282_M1_20251202-181353/subjob_23199-23201/run23199_20250603-07/cuthist/Run_23199_M1_correlation_map.png
--- Processing run 23200 ---
Length of time: 3596999551536.0 ns
Length of time: 59.9499925256 minutes
Low-light fits saved to /raid1/genli/Data_D2O/M1_data/analysis_23163-23282_M1_20251202-181353/subjob_23199-23201/run23200_20250603-08/lowlight/Run23200_M1_low_light_fits.png
Low-light fit data saved to /raid1/genli/Data_D2O/M1_data/analysis_23163-23282_M1_20251202-181353/subjob_23199-23201/run23200_20250603-08/lowlight/Run23200_M1_low_light_fits.pkl
Applying 2000 ns time interval cut...
Time interval cut: Kept 2109470 / 2152624 events
Veto efficiency plot saved to /raid1/genli/Data_D2O/M1_data/analysis_23163-23282_M1_20251202-181353/subjob_23199-23201/run23200_20250603-08/histograms/23200_M1_veto_efficiency.png
Veto efficiency data saved to /raid1/genli/Data_D2O/M1_data/analysis_23163-23282_M1_20251202-181353/subjob_23199-23201/run23200_20250603-08/histograms/23200_M1_veto_efficiency.pkl
Run 23200: after NaN drop: 6315 events
Run 23200: after Δt cut: 4598 events
Run 23200: after total_pe cut: 4598 events
Run 23200: after time-std < 40.0 ns cut: 4598 events
Correlation map saved to /raid1/genli/Data_D2O/M1_data/analysis_23163-23282_M1_20251202-181353/subjob_23199-23201/run23200_20250603-08/cuthist/Run_23200_M1_correlation_map.png
--- Processing run 23201 ---
Length of time: 3596995001648.0 ns
Length of time: 59.949916694133336 minutes
Low-light fits saved to /raid1/genli/Data_D2O/M1_data/analysis_23163-23282_M1_20251202-181353/subjob_23199-23201/run23201_20250603-09/lowlight/Run23201_M1_low_light_fits.png
Low-light fit data saved to /raid1/genli/Data_D2O/M1_data/analysis_23163-23282_M1_20251202-181353/subjob_23199-23201/run23201_20250603-09/lowlight/Run23201_M1_low_light_fits.pkl
Applying 2000 ns time interval cut...
Time interval cut: Kept 2114073 / 2156560 events
Veto efficiency plot saved to /raid1/genli/Data_D2O/M1_data/analysis_23163-23282_M1_20251202-181353/subjob_23199-23201/run23201_20250603-09/histograms/23201_M1_veto_efficiency.png
Veto efficiency data saved to /raid1/genli/Data_D2O/M1_data/analysis_23163-23282_M1_20251202-181353/subjob_23199-23201/run23201_20250603-09/histograms/23201_M1_veto_efficiency.pkl
Run 23201: after NaN drop: 6275 events
Run 23201: after Δt cut: 4528 events
Run 23201: after total_pe cut: 4528 events
Run 23201: after time-std < 40.0 ns cut: 4528 events
Correlation map saved to /raid1/genli/Data_D2O/M1_data/analysis_23163-23282_M1_20251202-181353/subjob_23199-23201/run23201_20250603-09/cuthist/Run_23201_M1_correlation_map.png
Saving aggregated data for sub-job 23199-23201...
Sub-job time length saved to /raid1/genli/Data_D2O/M1_data/analysis_23163-23282_M1_20251202-181353/subjob_23199-23201/subjob_time_length.json
Successfully saved data for master aggregation.
--- Sub-job Analysis Complete ---
