/home/genli/.local/lib/python3.9/site-packages/numpy/lib/nanfunctions.py:1878: RuntimeWarning: Degrees of freedom <= 0 for slice.
  var = nanvar(a, axis=axis, dtype=dtype, out=out, ddof=ddof,
=== Configuration ===
Analysis type: M2
Runs: 396 to 396
Output Directory for this job: /raid1/genli/Data_D2O/M2_data/analysis_396-397_M2_20250820-220918/subjob_396-396
Δt cut: (0, 10000) ns
Photoelectron cut: (0, 2000) P.E.
Time-std cut: < 40.0 ns
Thin Veto Analysis: ENABLED
======================
--- Processing run 396 ---
Low-light fits saved to /raid1/genli/Data_D2O/M2_data/analysis_396-397_M2_20250820-220918/subjob_396-396/run396_20250728-08/lowlight/Run396_M2_low_light_fits.png
Low-light fit data saved to /raid1/genli/Data_D2O/M2_data/analysis_396-397_M2_20250820-220918/subjob_396-396/run396_20250728-08/lowlight/Run396_M2_low_light_fits.pkl
Run 396: Generating veto plots AFTER cuts...
Veto efficiency plot saved to /raid1/genli/Data_D2O/M2_data/analysis_396-397_M2_20250820-220918/subjob_396-396/run396_20250728-08/histograms/396_M2_veto_efficiency.png
Veto efficiency data saved to /raid1/genli/Data_D2O/M2_data/analysis_396-397_M2_20250820-220918/subjob_396-396/run396_20250728-08/histograms/396_M2_veto_efficiency.pkl
Run 396: after NaN drop: 51872 events
Run 396: after Δt cut: 10380 events
Run 396: after total_pe cut: 10372 events
Run 396: after time-std < 40.0 ns cut: 10372 events
Correlation map saved to /raid1/genli/Data_D2O/M2_data/analysis_396-397_M2_20250820-220918/subjob_396-396/run396_20250728-08/cuthist/Run_396_M2_correlation_map.png
SiPM histograms saved to /raid1/genli/Data_D2O/M2_data/analysis_396-397_M2_20250820-220918/subjob_396-396/run396_20250728-08/Run_396_M2_sipm_area_histograms.png
SiPM histogram data saved to /raid1/genli/Data_D2O/M2_data/analysis_396-397_M2_20250820-220918/subjob_396-396/run396_20250728-08/Run_396_M2_sipm_area_histograms.pkl
Veto efficiency plot saved to /raid1/genli/Data_D2O/M2_data/analysis_396-397_M2_20250820-220918/subjob_396-396/Runs_396_396_M2_veto_efficiency_agg.png
Veto efficiency data saved to /raid1/genli/Data_D2O/M2_data/analysis_396-397_M2_20250820-220918/subjob_396-396/Runs_396_396_M2_veto_efficiency_agg.pkl
--- Generating Aggregated Thin Veto Comparison Plots ---
Saving aggregated data for sub-job 396-396...
Successfully saved data for master aggregation.
--- Sub-job Analysis Complete ---
