/home/genli/.local/lib/python3.9/site-packages/numpy/lib/nanfunctions.py:1878: RuntimeWarning: Degrees of freedom <= 0 for slice.
  var = nanvar(a, axis=axis, dtype=dtype, out=out, ddof=ddof,
/home/genli/.local/lib/python3.9/site-packages/numpy/lib/nanfunctions.py:1878: RuntimeWarning: Degrees of freedom <= 0 for slice.
  var = nanvar(a, axis=axis, dtype=dtype, out=out, ddof=ddof,
/home/genli/.local/lib/python3.9/site-packages/numpy/lib/nanfunctions.py:1878: RuntimeWarning: Degrees of freedom <= 0 for slice.
  var = nanvar(a, axis=axis, dtype=dtype, out=out, ddof=ddof,
/home/genli/.local/lib/python3.9/site-packages/numpy/lib/nanfunctions.py:1878: RuntimeWarning: Degrees of freedom <= 0 for slice.
  var = nanvar(a, axis=axis, dtype=dtype, out=out, ddof=ddof,
/home/genli/.local/lib/python3.9/site-packages/numpy/lib/nanfunctions.py:1878: RuntimeWarning: Degrees of freedom <= 0 for slice.
  var = nanvar(a, axis=axis, dtype=dtype, out=out, ddof=ddof,
/home/genli/.local/lib/python3.9/site-packages/numpy/lib/nanfunctions.py:1878: RuntimeWarning: Degrees of freedom <= 0 for slice.
  var = nanvar(a, axis=axis, dtype=dtype, out=out, ddof=ddof,
/home/genli/.local/lib/python3.9/site-packages/numpy/lib/nanfunctions.py:1878: RuntimeWarning: Degrees of freedom <= 0 for slice.
  var = nanvar(a, axis=axis, dtype=dtype, out=out, ddof=ddof,
/home/genli/.local/lib/python3.9/site-packages/numpy/lib/nanfunctions.py:1878: RuntimeWarning: Degrees of freedom <= 0 for slice.
  var = nanvar(a, axis=axis, dtype=dtype, out=out, ddof=ddof,
/home/genli/.local/lib/python3.9/site-packages/numpy/lib/nanfunctions.py:1878: RuntimeWarning: Degrees of freedom <= 0 for slice.
  var = nanvar(a, axis=axis, dtype=dtype, out=out, ddof=ddof,
/home/genli/D2O_analysis/Codes/Read_Cut_Hist_D2O_multi_veto.py:411: UserWarning: Data has no positive values, and therefore cannot be log-scaled.
  ax.set_yscale('log')
/home/genli/.local/lib/python3.9/site-packages/numpy/lib/nanfunctions.py:1878: RuntimeWarning: Degrees of freedom <= 0 for slice.
  var = nanvar(a, axis=axis, dtype=dtype, out=out, ddof=ddof,
/home/genli/.local/lib/python3.9/site-packages/numpy/lib/nanfunctions.py:1878: RuntimeWarning: Degrees of freedom <= 0 for slice.
  var = nanvar(a, axis=axis, dtype=dtype, out=out, ddof=ddof,
/home/genli/.local/lib/python3.9/site-packages/numpy/lib/nanfunctions.py:1878: RuntimeWarning: Degrees of freedom <= 0 for slice.
  var = nanvar(a, axis=axis, dtype=dtype, out=out, ddof=ddof,
/home/genli/.local/lib/python3.9/site-packages/numpy/lib/nanfunctions.py:1878: RuntimeWarning: Degrees of freedom <= 0 for slice.
  var = nanvar(a, axis=axis, dtype=dtype, out=out, ddof=ddof,
/home/genli/.local/lib/python3.9/site-packages/numpy/lib/nanfunctions.py:1878: RuntimeWarning: Degrees of freedom <= 0 for slice.
  var = nanvar(a, axis=axis, dtype=dtype, out=out, ddof=ddof,
/home/genli/.local/lib/python3.9/site-packages/numpy/lib/nanfunctions.py:1878: RuntimeWarning: Degrees of freedom <= 0 for slice.
  var = nanvar(a, axis=axis, dtype=dtype, out=out, ddof=ddof,
/home/genli/D2O_analysis/Codes/Read_Cut_Hist_D2O_multi_veto.py:411: UserWarning: Data has no positive values, and therefore cannot be log-scaled.
  ax.set_yscale('log')
/home/genli/.local/lib/python3.9/site-packages/numpy/lib/nanfunctions.py:1878: RuntimeWarning: Degrees of freedom <= 0 for slice.
  var = nanvar(a, axis=axis, dtype=dtype, out=out, ddof=ddof,
/home/genli/.local/lib/python3.9/site-packages/numpy/lib/nanfunctions.py:1878: RuntimeWarning: Degrees of freedom <= 0 for slice.
  var = nanvar(a, axis=axis, dtype=dtype, out=out, ddof=ddof,
/home/genli/.local/lib/python3.9/site-packages/numpy/lib/nanfunctions.py:1878: RuntimeWarning: Degrees of freedom <= 0 for slice.
  var = nanvar(a, axis=axis, dtype=dtype, out=out, ddof=ddof,
/home/genli/.local/lib/python3.9/site-packages/numpy/lib/nanfunctions.py:1878: RuntimeWarning: Degrees of freedom <= 0 for slice.
  var = nanvar(a, axis=axis, dtype=dtype, out=out, ddof=ddof,
=== Configuration ===
Analysis type: M1
Runs: 25743 to 25761
Output Directory for this job: /raid1/genli/Data_D2O/M1_data/BRN/analysis_25306-26233_M1_20251030-013056/subjob_25743-25761
Δt cut: (960, 10560) ns
Photoelectron cut: (0, 2000) P.E.
Time-std cut: < 40.0 ns
======================
--- Processing run 25743 ---
Low-light fits saved to /raid1/genli/Data_D2O/M1_data/BRN/analysis_25306-26233_M1_20251030-013056/subjob_25743-25761/run25743_20250919-01/lowlight/Run25743_M1_low_light_fits.png
Low-light fit data saved to /raid1/genli/Data_D2O/M1_data/BRN/analysis_25306-26233_M1_20251030-013056/subjob_25743-25761/run25743_20250919-01/lowlight/Run25743_M1_low_light_fits.pkl
Veto efficiency plot saved to /raid1/genli/Data_D2O/M1_data/BRN/analysis_25306-26233_M1_20251030-013056/subjob_25743-25761/run25743_20250919-01/histograms/25743_M1_veto_efficiency.png
Veto efficiency data saved to /raid1/genli/Data_D2O/M1_data/BRN/analysis_25306-26233_M1_20251030-013056/subjob_25743-25761/run25743_20250919-01/histograms/25743_M1_veto_efficiency.pkl
Run 25743: after NaN drop: 18755 events
Run 25743: after Δt cut: 9136 events
Run 25743: after total_pe cut: 9135 events
Run 25743: after time-std < 40.0 ns cut: 9135 events
Correlation map saved to /raid1/genli/Data_D2O/M1_data/BRN/analysis_25306-26233_M1_20251030-013056/subjob_25743-25761/run25743_20250919-01/cuthist/Run_25743_M1_correlation_map.png
--- Processing run 25744 ---
Low-light fits saved to /raid1/genli/Data_D2O/M1_data/BRN/analysis_25306-26233_M1_20251030-013056/subjob_25743-25761/run25744_20250919-02/lowlight/Run25744_M1_low_light_fits.png
Low-light fit data saved to /raid1/genli/Data_D2O/M1_data/BRN/analysis_25306-26233_M1_20251030-013056/subjob_25743-25761/run25744_20250919-02/lowlight/Run25744_M1_low_light_fits.pkl
Veto efficiency plot saved to /raid1/genli/Data_D2O/M1_data/BRN/analysis_25306-26233_M1_20251030-013056/subjob_25743-25761/run25744_20250919-02/histograms/25744_M1_veto_efficiency.png
Veto efficiency data saved to /raid1/genli/Data_D2O/M1_data/BRN/analysis_25306-26233_M1_20251030-013056/subjob_25743-25761/run25744_20250919-02/histograms/25744_M1_veto_efficiency.pkl
Run 25744: after NaN drop: 18748 events
Run 25744: after Δt cut: 8990 events
Run 25744: after total_pe cut: 8987 events
Run 25744: after time-std < 40.0 ns cut: 8987 events
Correlation map saved to /raid1/genli/Data_D2O/M1_data/BRN/analysis_25306-26233_M1_20251030-013056/subjob_25743-25761/run25744_20250919-02/cuthist/Run_25744_M1_correlation_map.png
--- Processing run 25745 ---
Low-light fits saved to /raid1/genli/Data_D2O/M1_data/BRN/analysis_25306-26233_M1_20251030-013056/subjob_25743-25761/run25745_20250919-03/lowlight/Run25745_M1_low_light_fits.png
Low-light fit data saved to /raid1/genli/Data_D2O/M1_data/BRN/analysis_25306-26233_M1_20251030-013056/subjob_25743-25761/run25745_20250919-03/lowlight/Run25745_M1_low_light_fits.pkl
Veto efficiency plot saved to /raid1/genli/Data_D2O/M1_data/BRN/analysis_25306-26233_M1_20251030-013056/subjob_25743-25761/run25745_20250919-03/histograms/25745_M1_veto_efficiency.png
Veto efficiency data saved to /raid1/genli/Data_D2O/M1_data/BRN/analysis_25306-26233_M1_20251030-013056/subjob_25743-25761/run25745_20250919-03/histograms/25745_M1_veto_efficiency.pkl
Run 25745: after NaN drop: 18632 events
Run 25745: after Δt cut: 9105 events
Run 25745: after total_pe cut: 9104 events
Run 25745: after time-std < 40.0 ns cut: 9104 events
Correlation map saved to /raid1/genli/Data_D2O/M1_data/BRN/analysis_25306-26233_M1_20251030-013056/subjob_25743-25761/run25745_20250919-03/cuthist/Run_25745_M1_correlation_map.png
--- Processing run 25746 ---
Low-light fits saved to /raid1/genli/Data_D2O/M1_data/BRN/analysis_25306-26233_M1_20251030-013056/subjob_25743-25761/run25746_20250919-04/lowlight/Run25746_M1_low_light_fits.png
Low-light fit data saved to /raid1/genli/Data_D2O/M1_data/BRN/analysis_25306-26233_M1_20251030-013056/subjob_25743-25761/run25746_20250919-04/lowlight/Run25746_M1_low_light_fits.pkl
Veto efficiency plot saved to /raid1/genli/Data_D2O/M1_data/BRN/analysis_25306-26233_M1_20251030-013056/subjob_25743-25761/run25746_20250919-04/histograms/25746_M1_veto_efficiency.png
Veto efficiency data saved to /raid1/genli/Data_D2O/M1_data/BRN/analysis_25306-26233_M1_20251030-013056/subjob_25743-25761/run25746_20250919-04/histograms/25746_M1_veto_efficiency.pkl
Run 25746: after NaN drop: 18853 events
Run 25746: after Δt cut: 8987 events
Run 25746: after total_pe cut: 8986 events
Run 25746: after time-std < 40.0 ns cut: 8986 events
Correlation map saved to /raid1/genli/Data_D2O/M1_data/BRN/analysis_25306-26233_M1_20251030-013056/subjob_25743-25761/run25746_20250919-04/cuthist/Run_25746_M1_correlation_map.png
--- Processing run 25747 ---
Low-light fits saved to /raid1/genli/Data_D2O/M1_data/BRN/analysis_25306-26233_M1_20251030-013056/subjob_25743-25761/run25747_20250919-05/lowlight/Run25747_M1_low_light_fits.png
Low-light fit data saved to /raid1/genli/Data_D2O/M1_data/BRN/analysis_25306-26233_M1_20251030-013056/subjob_25743-25761/run25747_20250919-05/lowlight/Run25747_M1_low_light_fits.pkl
Veto efficiency plot saved to /raid1/genli/Data_D2O/M1_data/BRN/analysis_25306-26233_M1_20251030-013056/subjob_25743-25761/run25747_20250919-05/histograms/25747_M1_veto_efficiency.png
Veto efficiency data saved to /raid1/genli/Data_D2O/M1_data/BRN/analysis_25306-26233_M1_20251030-013056/subjob_25743-25761/run25747_20250919-05/histograms/25747_M1_veto_efficiency.pkl
Run 25747: after NaN drop: 18732 events
Run 25747: after Δt cut: 9139 events
Run 25747: after total_pe cut: 9136 events
Run 25747: after time-std < 40.0 ns cut: 9136 events
Correlation map saved to /raid1/genli/Data_D2O/M1_data/BRN/analysis_25306-26233_M1_20251030-013056/subjob_25743-25761/run25747_20250919-05/cuthist/Run_25747_M1_correlation_map.png
--- Processing run 25748 ---
Low-light fits saved to /raid1/genli/Data_D2O/M1_data/BRN/analysis_25306-26233_M1_20251030-013056/subjob_25743-25761/run25748_20250919-06/lowlight/Run25748_M1_low_light_fits.png
Low-light fit data saved to /raid1/genli/Data_D2O/M1_data/BRN/analysis_25306-26233_M1_20251030-013056/subjob_25743-25761/run25748_20250919-06/lowlight/Run25748_M1_low_light_fits.pkl
Veto efficiency plot saved to /raid1/genli/Data_D2O/M1_data/BRN/analysis_25306-26233_M1_20251030-013056/subjob_25743-25761/run25748_20250919-06/histograms/25748_M1_veto_efficiency.png
Veto efficiency data saved to /raid1/genli/Data_D2O/M1_data/BRN/analysis_25306-26233_M1_20251030-013056/subjob_25743-25761/run25748_20250919-06/histograms/25748_M1_veto_efficiency.pkl
Run 25748: after NaN drop: 18976 events
Run 25748: after Δt cut: 9183 events
Run 25748: after total_pe cut: 9183 events
Run 25748: after time-std < 40.0 ns cut: 9183 events
Correlation map saved to /raid1/genli/Data_D2O/M1_data/BRN/analysis_25306-26233_M1_20251030-013056/subjob_25743-25761/run25748_20250919-06/cuthist/Run_25748_M1_correlation_map.png
--- Processing run 25749 ---
Low-light fits saved to /raid1/genli/Data_D2O/M1_data/BRN/analysis_25306-26233_M1_20251030-013056/subjob_25743-25761/run25749_20250919-07/lowlight/Run25749_M1_low_light_fits.png
Low-light fit data saved to /raid1/genli/Data_D2O/M1_data/BRN/analysis_25306-26233_M1_20251030-013056/subjob_25743-25761/run25749_20250919-07/lowlight/Run25749_M1_low_light_fits.pkl
Veto efficiency plot saved to /raid1/genli/Data_D2O/M1_data/BRN/analysis_25306-26233_M1_20251030-013056/subjob_25743-25761/run25749_20250919-07/histograms/25749_M1_veto_efficiency.png
Veto efficiency data saved to /raid1/genli/Data_D2O/M1_data/BRN/analysis_25306-26233_M1_20251030-013056/subjob_25743-25761/run25749_20250919-07/histograms/25749_M1_veto_efficiency.pkl
Run 25749: after NaN drop: 19063 events
Run 25749: after Δt cut: 9059 events
Run 25749: after total_pe cut: 9056 events
Run 25749: after time-std < 40.0 ns cut: 9056 events
Correlation map saved to /raid1/genli/Data_D2O/M1_data/BRN/analysis_25306-26233_M1_20251030-013056/subjob_25743-25761/run25749_20250919-07/cuthist/Run_25749_M1_correlation_map.png
--- Processing run 25750 ---
Low-light fits saved to /raid1/genli/Data_D2O/M1_data/BRN/analysis_25306-26233_M1_20251030-013056/subjob_25743-25761/run25750_20250919-08/lowlight/Run25750_M1_low_light_fits.png
Low-light fit data saved to /raid1/genli/Data_D2O/M1_data/BRN/analysis_25306-26233_M1_20251030-013056/subjob_25743-25761/run25750_20250919-08/lowlight/Run25750_M1_low_light_fits.pkl
Veto efficiency plot saved to /raid1/genli/Data_D2O/M1_data/BRN/analysis_25306-26233_M1_20251030-013056/subjob_25743-25761/run25750_20250919-08/histograms/25750_M1_veto_efficiency.png
Veto efficiency data saved to /raid1/genli/Data_D2O/M1_data/BRN/analysis_25306-26233_M1_20251030-013056/subjob_25743-25761/run25750_20250919-08/histograms/25750_M1_veto_efficiency.pkl
Run 25750: after NaN drop: 18997 events
Run 25750: after Δt cut: 9250 events
Run 25750: after total_pe cut: 9250 events
Run 25750: after time-std < 40.0 ns cut: 9250 events
Correlation map saved to /raid1/genli/Data_D2O/M1_data/BRN/analysis_25306-26233_M1_20251030-013056/subjob_25743-25761/run25750_20250919-08/cuthist/Run_25750_M1_correlation_map.png
--- Processing run 25751 ---
Low-light fits saved to /raid1/genli/Data_D2O/M1_data/BRN/analysis_25306-26233_M1_20251030-013056/subjob_25743-25761/run25751_20250919-09/lowlight/Run25751_M1_low_light_fits.png
Low-light fit data saved to /raid1/genli/Data_D2O/M1_data/BRN/analysis_25306-26233_M1_20251030-013056/subjob_25743-25761/run25751_20250919-09/lowlight/Run25751_M1_low_light_fits.pkl
Veto efficiency plot saved to /raid1/genli/Data_D2O/M1_data/BRN/analysis_25306-26233_M1_20251030-013056/subjob_25743-25761/run25751_20250919-09/histograms/25751_M1_veto_efficiency.png
Veto efficiency data saved to /raid1/genli/Data_D2O/M1_data/BRN/analysis_25306-26233_M1_20251030-013056/subjob_25743-25761/run25751_20250919-09/histograms/25751_M1_veto_efficiency.pkl
Run 25751: after NaN drop: 18613 events
Run 25751: after Δt cut: 9026 events
Run 25751: after total_pe cut: 9023 events
Run 25751: after time-std < 40.0 ns cut: 9023 events
Correlation map saved to /raid1/genli/Data_D2O/M1_data/BRN/analysis_25306-26233_M1_20251030-013056/subjob_25743-25761/run25751_20250919-09/cuthist/Run_25751_M1_correlation_map.png
--- Processing run 25752 ---
Low-light fits saved to /raid1/genli/Data_D2O/M1_data/BRN/analysis_25306-26233_M1_20251030-013056/subjob_25743-25761/run25752_20250919-10/lowlight/Run25752_M1_low_light_fits.png
Low-light fit data saved to /raid1/genli/Data_D2O/M1_data/BRN/analysis_25306-26233_M1_20251030-013056/subjob_25743-25761/run25752_20250919-10/lowlight/Run25752_M1_low_light_fits.pkl
Veto efficiency plot saved to /raid1/genli/Data_D2O/M1_data/BRN/analysis_25306-26233_M1_20251030-013056/subjob_25743-25761/run25752_20250919-10/histograms/25752_M1_veto_efficiency.png
Veto efficiency data saved to /raid1/genli/Data_D2O/M1_data/BRN/analysis_25306-26233_M1_20251030-013056/subjob_25743-25761/run25752_20250919-10/histograms/25752_M1_veto_efficiency.pkl
Run 25752: after NaN drop: 18751 events
Run 25752: after Δt cut: 9080 events
Run 25752: after total_pe cut: 9080 events
Run 25752: after time-std < 40.0 ns cut: 9080 events
Correlation map saved to /raid1/genli/Data_D2O/M1_data/BRN/analysis_25306-26233_M1_20251030-013056/subjob_25743-25761/run25752_20250919-10/cuthist/Run_25752_M1_correlation_map.png
--- Processing run 25753 ---
Low-light fits saved to /raid1/genli/Data_D2O/M1_data/BRN/analysis_25306-26233_M1_20251030-013056/subjob_25743-25761/run25753_20250919-11/lowlight/Run25753_M1_low_light_fits.png
Low-light fit data saved to /raid1/genli/Data_D2O/M1_data/BRN/analysis_25306-26233_M1_20251030-013056/subjob_25743-25761/run25753_20250919-11/lowlight/Run25753_M1_low_light_fits.pkl
Veto efficiency plot saved to /raid1/genli/Data_D2O/M1_data/BRN/analysis_25306-26233_M1_20251030-013056/subjob_25743-25761/run25753_20250919-11/histograms/25753_M1_veto_efficiency.png
Veto efficiency data saved to /raid1/genli/Data_D2O/M1_data/BRN/analysis_25306-26233_M1_20251030-013056/subjob_25743-25761/run25753_20250919-11/histograms/25753_M1_veto_efficiency.pkl
Run 25753: after NaN drop: 18678 events
Run 25753: after Δt cut: 8986 events
Run 25753: after total_pe cut: 8984 events
Run 25753: after time-std < 40.0 ns cut: 8984 events
Correlation map saved to /raid1/genli/Data_D2O/M1_data/BRN/analysis_25306-26233_M1_20251030-013056/subjob_25743-25761/run25753_20250919-11/cuthist/Run_25753_M1_correlation_map.png
--- Processing run 25754 ---
Low-light fits saved to /raid1/genli/Data_D2O/M1_data/BRN/analysis_25306-26233_M1_20251030-013056/subjob_25743-25761/run25754_20250919-12/lowlight/Run25754_M1_low_light_fits.png
Low-light fit data saved to /raid1/genli/Data_D2O/M1_data/BRN/analysis_25306-26233_M1_20251030-013056/subjob_25743-25761/run25754_20250919-12/lowlight/Run25754_M1_low_light_fits.pkl
Veto efficiency plot saved to /raid1/genli/Data_D2O/M1_data/BRN/analysis_25306-26233_M1_20251030-013056/subjob_25743-25761/run25754_20250919-12/histograms/25754_M1_veto_efficiency.png
Veto efficiency data saved to /raid1/genli/Data_D2O/M1_data/BRN/analysis_25306-26233_M1_20251030-013056/subjob_25743-25761/run25754_20250919-12/histograms/25754_M1_veto_efficiency.pkl
Run 25754: after NaN drop: 18849 events
Run 25754: after Δt cut: 9061 events
Run 25754: after total_pe cut: 9059 events
Run 25754: after time-std < 40.0 ns cut: 9059 events
Correlation map saved to /raid1/genli/Data_D2O/M1_data/BRN/analysis_25306-26233_M1_20251030-013056/subjob_25743-25761/run25754_20250919-12/cuthist/Run_25754_M1_correlation_map.png
--- Processing run 25755 ---
Low-light fits saved to /raid1/genli/Data_D2O/M1_data/BRN/analysis_25306-26233_M1_20251030-013056/subjob_25743-25761/run25755_20250919-13/lowlight/Run25755_M1_low_light_fits.png
Low-light fit data saved to /raid1/genli/Data_D2O/M1_data/BRN/analysis_25306-26233_M1_20251030-013056/subjob_25743-25761/run25755_20250919-13/lowlight/Run25755_M1_low_light_fits.pkl
Veto efficiency plot saved to /raid1/genli/Data_D2O/M1_data/BRN/analysis_25306-26233_M1_20251030-013056/subjob_25743-25761/run25755_20250919-13/histograms/25755_M1_veto_efficiency.png
Veto efficiency data saved to /raid1/genli/Data_D2O/M1_data/BRN/analysis_25306-26233_M1_20251030-013056/subjob_25743-25761/run25755_20250919-13/histograms/25755_M1_veto_efficiency.pkl
Run 25755: after NaN drop: 18894 events
Run 25755: after Δt cut: 9218 events
Run 25755: after total_pe cut: 9216 events
Run 25755: after time-std < 40.0 ns cut: 9216 events
Correlation map saved to /raid1/genli/Data_D2O/M1_data/BRN/analysis_25306-26233_M1_20251030-013056/subjob_25743-25761/run25755_20250919-13/cuthist/Run_25755_M1_correlation_map.png
--- Processing run 25756 ---
Low-light fits saved to /raid1/genli/Data_D2O/M1_data/BRN/analysis_25306-26233_M1_20251030-013056/subjob_25743-25761/run25756_20250919-14/lowlight/Run25756_M1_low_light_fits.png
Low-light fit data saved to /raid1/genli/Data_D2O/M1_data/BRN/analysis_25306-26233_M1_20251030-013056/subjob_25743-25761/run25756_20250919-14/lowlight/Run25756_M1_low_light_fits.pkl
Veto efficiency plot saved to /raid1/genli/Data_D2O/M1_data/BRN/analysis_25306-26233_M1_20251030-013056/subjob_25743-25761/run25756_20250919-14/histograms/25756_M1_veto_efficiency.png
Veto efficiency data saved to /raid1/genli/Data_D2O/M1_data/BRN/analysis_25306-26233_M1_20251030-013056/subjob_25743-25761/run25756_20250919-14/histograms/25756_M1_veto_efficiency.pkl
Run 25756: after NaN drop: 18799 events
Run 25756: after Δt cut: 9057 events
Run 25756: after total_pe cut: 9057 events
Run 25756: after time-std < 40.0 ns cut: 9057 events
Correlation map saved to /raid1/genli/Data_D2O/M1_data/BRN/analysis_25306-26233_M1_20251030-013056/subjob_25743-25761/run25756_20250919-14/cuthist/Run_25756_M1_correlation_map.png
--- Processing run 25757 ---
Low-light fits saved to /raid1/genli/Data_D2O/M1_data/BRN/analysis_25306-26233_M1_20251030-013056/subjob_25743-25761/run25757_20250919-15/lowlight/Run25757_M1_low_light_fits.png
Low-light fit data saved to /raid1/genli/Data_D2O/M1_data/BRN/analysis_25306-26233_M1_20251030-013056/subjob_25743-25761/run25757_20250919-15/lowlight/Run25757_M1_low_light_fits.pkl
Veto efficiency plot saved to /raid1/genli/Data_D2O/M1_data/BRN/analysis_25306-26233_M1_20251030-013056/subjob_25743-25761/run25757_20250919-15/histograms/25757_M1_veto_efficiency.png
Veto efficiency data saved to /raid1/genli/Data_D2O/M1_data/BRN/analysis_25306-26233_M1_20251030-013056/subjob_25743-25761/run25757_20250919-15/histograms/25757_M1_veto_efficiency.pkl
Run 25757: after NaN drop: 18941 events
Run 25757: after Δt cut: 9214 events
Run 25757: after total_pe cut: 9214 events
Run 25757: after time-std < 40.0 ns cut: 9214 events
Correlation map saved to /raid1/genli/Data_D2O/M1_data/BRN/analysis_25306-26233_M1_20251030-013056/subjob_25743-25761/run25757_20250919-15/cuthist/Run_25757_M1_correlation_map.png
--- Processing run 25758 ---
Low-light fits saved to /raid1/genli/Data_D2O/M1_data/BRN/analysis_25306-26233_M1_20251030-013056/subjob_25743-25761/run25758_20250919-16/lowlight/Run25758_M1_low_light_fits.png
Low-light fit data saved to /raid1/genli/Data_D2O/M1_data/BRN/analysis_25306-26233_M1_20251030-013056/subjob_25743-25761/run25758_20250919-16/lowlight/Run25758_M1_low_light_fits.pkl
Veto efficiency plot saved to /raid1/genli/Data_D2O/M1_data/BRN/analysis_25306-26233_M1_20251030-013056/subjob_25743-25761/run25758_20250919-16/histograms/25758_M1_veto_efficiency.png
Veto efficiency data saved to /raid1/genli/Data_D2O/M1_data/BRN/analysis_25306-26233_M1_20251030-013056/subjob_25743-25761/run25758_20250919-16/histograms/25758_M1_veto_efficiency.pkl
Run 25758: after NaN drop: 19004 events
Run 25758: after Δt cut: 9187 events
Run 25758: after total_pe cut: 9185 events
Run 25758: after time-std < 40.0 ns cut: 9185 events
Correlation map saved to /raid1/genli/Data_D2O/M1_data/BRN/analysis_25306-26233_M1_20251030-013056/subjob_25743-25761/run25758_20250919-16/cuthist/Run_25758_M1_correlation_map.png
--- Processing run 25759 ---
Low-light fits saved to /raid1/genli/Data_D2O/M1_data/BRN/analysis_25306-26233_M1_20251030-013056/subjob_25743-25761/run25759_20250919-17/lowlight/Run25759_M1_low_light_fits.png
Low-light fit data saved to /raid1/genli/Data_D2O/M1_data/BRN/analysis_25306-26233_M1_20251030-013056/subjob_25743-25761/run25759_20250919-17/lowlight/Run25759_M1_low_light_fits.pkl
Veto efficiency plot saved to /raid1/genli/Data_D2O/M1_data/BRN/analysis_25306-26233_M1_20251030-013056/subjob_25743-25761/run25759_20250919-17/histograms/25759_M1_veto_efficiency.png
Veto efficiency data saved to /raid1/genli/Data_D2O/M1_data/BRN/analysis_25306-26233_M1_20251030-013056/subjob_25743-25761/run25759_20250919-17/histograms/25759_M1_veto_efficiency.pkl
Run 25759: after NaN drop: 18745 events
Run 25759: after Δt cut: 9027 events
Run 25759: after total_pe cut: 9027 events
Run 25759: after time-std < 40.0 ns cut: 9027 events
Correlation map saved to /raid1/genli/Data_D2O/M1_data/BRN/analysis_25306-26233_M1_20251030-013056/subjob_25743-25761/run25759_20250919-17/cuthist/Run_25759_M1_correlation_map.png
--- Processing run 25760 ---
Low-light fits saved to /raid1/genli/Data_D2O/M1_data/BRN/analysis_25306-26233_M1_20251030-013056/subjob_25743-25761/run25760_20250919-18/lowlight/Run25760_M1_low_light_fits.png
Low-light fit data saved to /raid1/genli/Data_D2O/M1_data/BRN/analysis_25306-26233_M1_20251030-013056/subjob_25743-25761/run25760_20250919-18/lowlight/Run25760_M1_low_light_fits.pkl
Veto efficiency plot saved to /raid1/genli/Data_D2O/M1_data/BRN/analysis_25306-26233_M1_20251030-013056/subjob_25743-25761/run25760_20250919-18/histograms/25760_M1_veto_efficiency.png
Veto efficiency data saved to /raid1/genli/Data_D2O/M1_data/BRN/analysis_25306-26233_M1_20251030-013056/subjob_25743-25761/run25760_20250919-18/histograms/25760_M1_veto_efficiency.pkl
Run 25760: after NaN drop: 18985 events
Run 25760: after Δt cut: 9181 events
Run 25760: after total_pe cut: 9180 events
Run 25760: after time-std < 40.0 ns cut: 9180 events
Correlation map saved to /raid1/genli/Data_D2O/M1_data/BRN/analysis_25306-26233_M1_20251030-013056/subjob_25743-25761/run25760_20250919-18/cuthist/Run_25760_M1_correlation_map.png
--- Processing run 25761 ---
Low-light fits saved to /raid1/genli/Data_D2O/M1_data/BRN/analysis_25306-26233_M1_20251030-013056/subjob_25743-25761/run25761_20250919-19/lowlight/Run25761_M1_low_light_fits.png
Low-light fit data saved to /raid1/genli/Data_D2O/M1_data/BRN/analysis_25306-26233_M1_20251030-013056/subjob_25743-25761/run25761_20250919-19/lowlight/Run25761_M1_low_light_fits.pkl
Veto efficiency plot saved to /raid1/genli/Data_D2O/M1_data/BRN/analysis_25306-26233_M1_20251030-013056/subjob_25743-25761/run25761_20250919-19/histograms/25761_M1_veto_efficiency.png
Veto efficiency data saved to /raid1/genli/Data_D2O/M1_data/BRN/analysis_25306-26233_M1_20251030-013056/subjob_25743-25761/run25761_20250919-19/histograms/25761_M1_veto_efficiency.pkl
Run 25761: after NaN drop: 18768 events
Run 25761: after Δt cut: 9007 events
Run 25761: after total_pe cut: 9005 events
Run 25761: after time-std < 40.0 ns cut: 9005 events
Correlation map saved to /raid1/genli/Data_D2O/M1_data/BRN/analysis_25306-26233_M1_20251030-013056/subjob_25743-25761/run25761_20250919-19/cuthist/Run_25761_M1_correlation_map.png
Saving aggregated data for sub-job 25743-25761...
Successfully saved data for master aggregation.
--- Sub-job Analysis Complete ---
