An error occurred: [Errno 2] No such file or directory: '/raid1/genli/Data_D2O/M1_data/analysis_14977-15096_M1_20251202-210845/MASTER_RESULTS/aggregated_delta_t_M1.png'
Master output will be saved to: /raid1/genli/Data_D2O/M1_data/analysis_14977-15096_M1_20251202-210845/MASTER_RESULTS
Found 40 sub-job directories to aggregate.
Processing subjob_14977-14979...
Processing subjob_14980-14982...
Processing subjob_14983-14985...
Processing subjob_14986-14988...
Processing subjob_14989-14991...
Processing subjob_14992-14994...
Processing subjob_14995-14997...
Processing subjob_14998-15000...
Processing subjob_15001-15003...
Processing subjob_15004-15006...
Processing subjob_15007-15009...
Processing subjob_15010-15012...
Processing subjob_15013-15015...
Processing subjob_15016-15018...
Processing subjob_15019-15021...
Processing subjob_15022-15024...
Processing subjob_15025-15027...
Processing subjob_15028-15030...
Processing subjob_15031-15033...
Processing subjob_15034-15036...
Processing subjob_15037-15039...
Processing subjob_15040-15042...
Processing subjob_15043-15045...
Processing subjob_15046-15048...
Processing subjob_15049-15051...
Processing subjob_15052-15054...
  Warning: /raid1/genli/Data_D2O/M1_data/analysis_14977-15096_M1_20251202-210845/subjob_15052-15054/subjob_time_length.json not found. Falling back to summing individual runs.
Processing subjob_15055-15057...
  Warning: /raid1/genli/Data_D2O/M1_data/analysis_14977-15096_M1_20251202-210845/subjob_15055-15057/subjob_time_length.json not found. Falling back to summing individual runs.
Processing subjob_15058-15060...
  Warning: /raid1/genli/Data_D2O/M1_data/analysis_14977-15096_M1_20251202-210845/subjob_15058-15060/subjob_time_length.json not found. Falling back to summing individual runs.
Processing subjob_15061-15063...
  Warning: /raid1/genli/Data_D2O/M1_data/analysis_14977-15096_M1_20251202-210845/subjob_15061-15063/subjob_time_length.json not found. Falling back to summing individual runs.
Processing subjob_15064-15066...
  Warning: /raid1/genli/Data_D2O/M1_data/analysis_14977-15096_M1_20251202-210845/subjob_15064-15066/subjob_time_length.json not found. Falling back to summing individual runs.
Processing subjob_15067-15069...
  Warning: /raid1/genli/Data_D2O/M1_data/analysis_14977-15096_M1_20251202-210845/subjob_15067-15069/subjob_time_length.json not found. Falling back to summing individual runs.
Processing subjob_15070-15072...
Processing subjob_15073-15075...
  Warning: /raid1/genli/Data_D2O/M1_data/analysis_14977-15096_M1_20251202-210845/subjob_15073-15075/subjob_time_length.json not found. Falling back to summing individual runs.
Processing subjob_15076-15078...
  Warning: /raid1/genli/Data_D2O/M1_data/analysis_14977-15096_M1_20251202-210845/subjob_15076-15078/subjob_time_length.json not found. Falling back to summing individual runs.
Processing subjob_15079-15081...
  Warning: /raid1/genli/Data_D2O/M1_data/analysis_14977-15096_M1_20251202-210845/subjob_15079-15081/subjob_time_length.json not found. Falling back to summing individual runs.
Processing subjob_15082-15084...
  Warning: /raid1/genli/Data_D2O/M1_data/analysis_14977-15096_M1_20251202-210845/subjob_15082-15084/subjob_time_length.json not found. Falling back to summing individual runs.
Processing subjob_15085-15087...
  Warning: /raid1/genli/Data_D2O/M1_data/analysis_14977-15096_M1_20251202-210845/subjob_15085-15087/subjob_time_length.json not found. Falling back to summing individual runs.
Processing subjob_15088-15090...
  Warning: /raid1/genli/Data_D2O/M1_data/analysis_14977-15096_M1_20251202-210845/subjob_15088-15090/subjob_time_length.json not found. Falling back to summing individual runs.
Processing subjob_15091-15093...
  Warning: /raid1/genli/Data_D2O/M1_data/analysis_14977-15096_M1_20251202-210845/subjob_15091-15093/subjob_time_length.json not found. Falling back to summing individual runs.
Processing subjob_15094-15096...
  Warning: /raid1/genli/Data_D2O/M1_data/analysis_14977-15096_M1_20251202-210845/subjob_15094-15096/subjob_time_length.json not found. Falling back to summing individual runs.
Aggregating delta_t, total_pe, and fitting for tau...
Generating aggregate plots for Master Runs 14977-15096
