/home/genli/.local/lib/python3.9/site-packages/numpy/lib/nanfunctions.py:1878: RuntimeWarning: Degrees of freedom <= 0 for slice.
  var = nanvar(a, axis=axis, dtype=dtype, out=out, ddof=ddof,
/home/genli/.local/lib/python3.9/site-packages/numpy/lib/nanfunctions.py:1878: RuntimeWarning: Degrees of freedom <= 0 for slice.
  var = nanvar(a, axis=axis, dtype=dtype, out=out, ddof=ddof,
/home/genli/D2O_analysis/Codes/Read_Cut_Hist_D2O_multi_veto.py:411: UserWarning: Data has no positive values, and therefore cannot be log-scaled.
  ax.set_yscale('log')
/home/genli/.local/lib/python3.9/site-packages/numpy/lib/nanfunctions.py:1878: RuntimeWarning: Degrees of freedom <= 0 for slice.
  var = nanvar(a, axis=axis, dtype=dtype, out=out, ddof=ddof,
/home/genli/.local/lib/python3.9/site-packages/numpy/lib/nanfunctions.py:1878: RuntimeWarning: Degrees of freedom <= 0 for slice.
  var = nanvar(a, axis=axis, dtype=dtype, out=out, ddof=ddof,
/home/genli/.local/lib/python3.9/site-packages/numpy/lib/nanfunctions.py:1878: RuntimeWarning: Degrees of freedom <= 0 for slice.
  var = nanvar(a, axis=axis, dtype=dtype, out=out, ddof=ddof,
/home/genli/.local/lib/python3.9/site-packages/numpy/lib/nanfunctions.py:1878: RuntimeWarning: Degrees of freedom <= 0 for slice.
  var = nanvar(a, axis=axis, dtype=dtype, out=out, ddof=ddof,
/home/genli/.local/lib/python3.9/site-packages/numpy/lib/nanfunctions.py:1878: RuntimeWarning: Degrees of freedom <= 0 for slice.
  var = nanvar(a, axis=axis, dtype=dtype, out=out, ddof=ddof,
/home/genli/.local/lib/python3.9/site-packages/numpy/lib/nanfunctions.py:1878: RuntimeWarning: Degrees of freedom <= 0 for slice.
  var = nanvar(a, axis=axis, dtype=dtype, out=out, ddof=ddof,
/home/genli/.local/lib/python3.9/site-packages/numpy/lib/nanfunctions.py:1878: RuntimeWarning: Degrees of freedom <= 0 for slice.
  var = nanvar(a, axis=axis, dtype=dtype, out=out, ddof=ddof,
/home/genli/.local/lib/python3.9/site-packages/numpy/lib/nanfunctions.py:1878: RuntimeWarning: Degrees of freedom <= 0 for slice.
  var = nanvar(a, axis=axis, dtype=dtype, out=out, ddof=ddof,
/home/genli/.local/lib/python3.9/site-packages/numpy/lib/nanfunctions.py:1878: RuntimeWarning: Degrees of freedom <= 0 for slice.
  var = nanvar(a, axis=axis, dtype=dtype, out=out, ddof=ddof,
/home/genli/.local/lib/python3.9/site-packages/numpy/lib/nanfunctions.py:1878: RuntimeWarning: Degrees of freedom <= 0 for slice.
  var = nanvar(a, axis=axis, dtype=dtype, out=out, ddof=ddof,
/home/genli/.local/lib/python3.9/site-packages/numpy/lib/nanfunctions.py:1878: RuntimeWarning: Degrees of freedom <= 0 for slice.
  var = nanvar(a, axis=axis, dtype=dtype, out=out, ddof=ddof,
/home/genli/.local/lib/python3.9/site-packages/numpy/lib/nanfunctions.py:1878: RuntimeWarning: Degrees of freedom <= 0 for slice.
  var = nanvar(a, axis=axis, dtype=dtype, out=out, ddof=ddof,
/home/genli/.local/lib/python3.9/site-packages/numpy/lib/nanfunctions.py:1878: RuntimeWarning: Degrees of freedom <= 0 for slice.
  var = nanvar(a, axis=axis, dtype=dtype, out=out, ddof=ddof,
/home/genli/D2O_analysis/Codes/Read_Cut_Hist_D2O_multi_veto.py:411: UserWarning: Data has no positive values, and therefore cannot be log-scaled.
  ax.set_yscale('log')
/home/genli/.local/lib/python3.9/site-packages/numpy/lib/nanfunctions.py:1878: RuntimeWarning: Degrees of freedom <= 0 for slice.
  var = nanvar(a, axis=axis, dtype=dtype, out=out, ddof=ddof,
/home/genli/.local/lib/python3.9/site-packages/numpy/lib/nanfunctions.py:1878: RuntimeWarning: Degrees of freedom <= 0 for slice.
  var = nanvar(a, axis=axis, dtype=dtype, out=out, ddof=ddof,
/home/genli/.local/lib/python3.9/site-packages/numpy/lib/nanfunctions.py:1878: RuntimeWarning: Degrees of freedom <= 0 for slice.
  var = nanvar(a, axis=axis, dtype=dtype, out=out, ddof=ddof,
/home/genli/.local/lib/python3.9/site-packages/numpy/lib/nanfunctions.py:1878: RuntimeWarning: Degrees of freedom <= 0 for slice.
  var = nanvar(a, axis=axis, dtype=dtype, out=out, ddof=ddof,
/home/genli/D2O_analysis/Codes/Read_Cut_Hist_D2O_multi_veto.py:411: UserWarning: Data has no positive values, and therefore cannot be log-scaled.
  ax.set_yscale('log')
=== Configuration ===
Analysis type: M1
Runs: 26180 to 26198
Output Directory for this job: /raid1/genli/Data_D2O/M1_data/BRN/analysis_25306-26233_M1_20251030-013056/subjob_26180-26198
Δt cut: (960, 10560) ns
Photoelectron cut: (0, 2000) P.E.
Time-std cut: < 40.0 ns
======================
--- Processing run 26180 ---
Low-light fits saved to /raid1/genli/Data_D2O/M1_data/BRN/analysis_25306-26233_M1_20251030-013056/subjob_26180-26198/run26180_20251007-06/lowlight/Run26180_M1_low_light_fits.png
Low-light fit data saved to /raid1/genli/Data_D2O/M1_data/BRN/analysis_25306-26233_M1_20251030-013056/subjob_26180-26198/run26180_20251007-06/lowlight/Run26180_M1_low_light_fits.pkl
Veto efficiency plot saved to /raid1/genli/Data_D2O/M1_data/BRN/analysis_25306-26233_M1_20251030-013056/subjob_26180-26198/run26180_20251007-06/histograms/26180_M1_veto_efficiency.png
Veto efficiency data saved to /raid1/genli/Data_D2O/M1_data/BRN/analysis_25306-26233_M1_20251030-013056/subjob_26180-26198/run26180_20251007-06/histograms/26180_M1_veto_efficiency.pkl
Run 26180: after NaN drop: 18221 events
Run 26180: after Δt cut: 8987 events
Run 26180: after total_pe cut: 8985 events
Run 26180: after time-std < 40.0 ns cut: 8985 events
Correlation map saved to /raid1/genli/Data_D2O/M1_data/BRN/analysis_25306-26233_M1_20251030-013056/subjob_26180-26198/run26180_20251007-06/cuthist/Run_26180_M1_correlation_map.png
--- Processing run 26181 ---
Low-light fits saved to /raid1/genli/Data_D2O/M1_data/BRN/analysis_25306-26233_M1_20251030-013056/subjob_26180-26198/run26181_20251007-07/lowlight/Run26181_M1_low_light_fits.png
Low-light fit data saved to /raid1/genli/Data_D2O/M1_data/BRN/analysis_25306-26233_M1_20251030-013056/subjob_26180-26198/run26181_20251007-07/lowlight/Run26181_M1_low_light_fits.pkl
Veto efficiency plot saved to /raid1/genli/Data_D2O/M1_data/BRN/analysis_25306-26233_M1_20251030-013056/subjob_26180-26198/run26181_20251007-07/histograms/26181_M1_veto_efficiency.png
Veto efficiency data saved to /raid1/genli/Data_D2O/M1_data/BRN/analysis_25306-26233_M1_20251030-013056/subjob_26180-26198/run26181_20251007-07/histograms/26181_M1_veto_efficiency.pkl
Run 26181: after NaN drop: 18140 events
Run 26181: after Δt cut: 9007 events
Run 26181: after total_pe cut: 9006 events
Run 26181: after time-std < 40.0 ns cut: 9006 events
Correlation map saved to /raid1/genli/Data_D2O/M1_data/BRN/analysis_25306-26233_M1_20251030-013056/subjob_26180-26198/run26181_20251007-07/cuthist/Run_26181_M1_correlation_map.png
--- Processing run 26182 ---
Low-light fits saved to /raid1/genli/Data_D2O/M1_data/BRN/analysis_25306-26233_M1_20251030-013056/subjob_26180-26198/run26182_20251007-08/lowlight/Run26182_M1_low_light_fits.png
Low-light fit data saved to /raid1/genli/Data_D2O/M1_data/BRN/analysis_25306-26233_M1_20251030-013056/subjob_26180-26198/run26182_20251007-08/lowlight/Run26182_M1_low_light_fits.pkl
Veto efficiency plot saved to /raid1/genli/Data_D2O/M1_data/BRN/analysis_25306-26233_M1_20251030-013056/subjob_26180-26198/run26182_20251007-08/histograms/26182_M1_veto_efficiency.png
Veto efficiency data saved to /raid1/genli/Data_D2O/M1_data/BRN/analysis_25306-26233_M1_20251030-013056/subjob_26180-26198/run26182_20251007-08/histograms/26182_M1_veto_efficiency.pkl
Run 26182: after NaN drop: 18226 events
Run 26182: after Δt cut: 8958 events
Run 26182: after total_pe cut: 8956 events
Run 26182: after time-std < 40.0 ns cut: 8956 events
Correlation map saved to /raid1/genli/Data_D2O/M1_data/BRN/analysis_25306-26233_M1_20251030-013056/subjob_26180-26198/run26182_20251007-08/cuthist/Run_26182_M1_correlation_map.png
--- Processing run 26183 ---
Low-light fits saved to /raid1/genli/Data_D2O/M1_data/BRN/analysis_25306-26233_M1_20251030-013056/subjob_26180-26198/run26183_20251007-09/lowlight/Run26183_M1_low_light_fits.png
Low-light fit data saved to /raid1/genli/Data_D2O/M1_data/BRN/analysis_25306-26233_M1_20251030-013056/subjob_26180-26198/run26183_20251007-09/lowlight/Run26183_M1_low_light_fits.pkl
Veto efficiency plot saved to /raid1/genli/Data_D2O/M1_data/BRN/analysis_25306-26233_M1_20251030-013056/subjob_26180-26198/run26183_20251007-09/histograms/26183_M1_veto_efficiency.png
Veto efficiency data saved to /raid1/genli/Data_D2O/M1_data/BRN/analysis_25306-26233_M1_20251030-013056/subjob_26180-26198/run26183_20251007-09/histograms/26183_M1_veto_efficiency.pkl
Run 26183: after NaN drop: 18266 events
Run 26183: after Δt cut: 9008 events
Run 26183: after total_pe cut: 9007 events
Run 26183: after time-std < 40.0 ns cut: 9007 events
Correlation map saved to /raid1/genli/Data_D2O/M1_data/BRN/analysis_25306-26233_M1_20251030-013056/subjob_26180-26198/run26183_20251007-09/cuthist/Run_26183_M1_correlation_map.png
--- Processing run 26184 ---
Low-light fits saved to /raid1/genli/Data_D2O/M1_data/BRN/analysis_25306-26233_M1_20251030-013056/subjob_26180-26198/run26184_20251007-10/lowlight/Run26184_M1_low_light_fits.png
Low-light fit data saved to /raid1/genli/Data_D2O/M1_data/BRN/analysis_25306-26233_M1_20251030-013056/subjob_26180-26198/run26184_20251007-10/lowlight/Run26184_M1_low_light_fits.pkl
Veto efficiency plot saved to /raid1/genli/Data_D2O/M1_data/BRN/analysis_25306-26233_M1_20251030-013056/subjob_26180-26198/run26184_20251007-10/histograms/26184_M1_veto_efficiency.png
Veto efficiency data saved to /raid1/genli/Data_D2O/M1_data/BRN/analysis_25306-26233_M1_20251030-013056/subjob_26180-26198/run26184_20251007-10/histograms/26184_M1_veto_efficiency.pkl
Run 26184: after NaN drop: 18016 events
Run 26184: after Δt cut: 9010 events
Run 26184: after total_pe cut: 9008 events
Run 26184: after time-std < 40.0 ns cut: 9008 events
Correlation map saved to /raid1/genli/Data_D2O/M1_data/BRN/analysis_25306-26233_M1_20251030-013056/subjob_26180-26198/run26184_20251007-10/cuthist/Run_26184_M1_correlation_map.png
--- Processing run 26185 ---
Low-light fits saved to /raid1/genli/Data_D2O/M1_data/BRN/analysis_25306-26233_M1_20251030-013056/subjob_26180-26198/run26185_20251007-11/lowlight/Run26185_M1_low_light_fits.png
Low-light fit data saved to /raid1/genli/Data_D2O/M1_data/BRN/analysis_25306-26233_M1_20251030-013056/subjob_26180-26198/run26185_20251007-11/lowlight/Run26185_M1_low_light_fits.pkl
Veto efficiency plot saved to /raid1/genli/Data_D2O/M1_data/BRN/analysis_25306-26233_M1_20251030-013056/subjob_26180-26198/run26185_20251007-11/histograms/26185_M1_veto_efficiency.png
Veto efficiency data saved to /raid1/genli/Data_D2O/M1_data/BRN/analysis_25306-26233_M1_20251030-013056/subjob_26180-26198/run26185_20251007-11/histograms/26185_M1_veto_efficiency.pkl
Run 26185: after NaN drop: 18071 events
Run 26185: after Δt cut: 8983 events
Run 26185: after total_pe cut: 8983 events
Run 26185: after time-std < 40.0 ns cut: 8983 events
Correlation map saved to /raid1/genli/Data_D2O/M1_data/BRN/analysis_25306-26233_M1_20251030-013056/subjob_26180-26198/run26185_20251007-11/cuthist/Run_26185_M1_correlation_map.png
--- Processing run 26186 ---
Low-light fits saved to /raid1/genli/Data_D2O/M1_data/BRN/analysis_25306-26233_M1_20251030-013056/subjob_26180-26198/run26186_20251007-12/lowlight/Run26186_M1_low_light_fits.png
Low-light fit data saved to /raid1/genli/Data_D2O/M1_data/BRN/analysis_25306-26233_M1_20251030-013056/subjob_26180-26198/run26186_20251007-12/lowlight/Run26186_M1_low_light_fits.pkl
Veto efficiency plot saved to /raid1/genli/Data_D2O/M1_data/BRN/analysis_25306-26233_M1_20251030-013056/subjob_26180-26198/run26186_20251007-12/histograms/26186_M1_veto_efficiency.png
Veto efficiency data saved to /raid1/genli/Data_D2O/M1_data/BRN/analysis_25306-26233_M1_20251030-013056/subjob_26180-26198/run26186_20251007-12/histograms/26186_M1_veto_efficiency.pkl
Run 26186: after NaN drop: 18049 events
Run 26186: after Δt cut: 8950 events
Run 26186: after total_pe cut: 8946 events
Run 26186: after time-std < 40.0 ns cut: 8946 events
Correlation map saved to /raid1/genli/Data_D2O/M1_data/BRN/analysis_25306-26233_M1_20251030-013056/subjob_26180-26198/run26186_20251007-12/cuthist/Run_26186_M1_correlation_map.png
--- Processing run 26187 ---
Low-light fits saved to /raid1/genli/Data_D2O/M1_data/BRN/analysis_25306-26233_M1_20251030-013056/subjob_26180-26198/run26187_20251007-13/lowlight/Run26187_M1_low_light_fits.png
Low-light fit data saved to /raid1/genli/Data_D2O/M1_data/BRN/analysis_25306-26233_M1_20251030-013056/subjob_26180-26198/run26187_20251007-13/lowlight/Run26187_M1_low_light_fits.pkl
Veto efficiency plot saved to /raid1/genli/Data_D2O/M1_data/BRN/analysis_25306-26233_M1_20251030-013056/subjob_26180-26198/run26187_20251007-13/histograms/26187_M1_veto_efficiency.png
Veto efficiency data saved to /raid1/genli/Data_D2O/M1_data/BRN/analysis_25306-26233_M1_20251030-013056/subjob_26180-26198/run26187_20251007-13/histograms/26187_M1_veto_efficiency.pkl
Run 26187: after NaN drop: 17958 events
Run 26187: after Δt cut: 9031 events
Run 26187: after total_pe cut: 9030 events
Run 26187: after time-std < 40.0 ns cut: 9030 events
Correlation map saved to /raid1/genli/Data_D2O/M1_data/BRN/analysis_25306-26233_M1_20251030-013056/subjob_26180-26198/run26187_20251007-13/cuthist/Run_26187_M1_correlation_map.png
--- Processing run 26188 ---
Low-light fits saved to /raid1/genli/Data_D2O/M1_data/BRN/analysis_25306-26233_M1_20251030-013056/subjob_26180-26198/run26188_20251007-14/lowlight/Run26188_M1_low_light_fits.png
Low-light fit data saved to /raid1/genli/Data_D2O/M1_data/BRN/analysis_25306-26233_M1_20251030-013056/subjob_26180-26198/run26188_20251007-14/lowlight/Run26188_M1_low_light_fits.pkl
Veto efficiency plot saved to /raid1/genli/Data_D2O/M1_data/BRN/analysis_25306-26233_M1_20251030-013056/subjob_26180-26198/run26188_20251007-14/histograms/26188_M1_veto_efficiency.png
Veto efficiency data saved to /raid1/genli/Data_D2O/M1_data/BRN/analysis_25306-26233_M1_20251030-013056/subjob_26180-26198/run26188_20251007-14/histograms/26188_M1_veto_efficiency.pkl
Run 26188: after NaN drop: 18049 events
Run 26188: after Δt cut: 9064 events
Run 26188: after total_pe cut: 9063 events
Run 26188: after time-std < 40.0 ns cut: 9063 events
Correlation map saved to /raid1/genli/Data_D2O/M1_data/BRN/analysis_25306-26233_M1_20251030-013056/subjob_26180-26198/run26188_20251007-14/cuthist/Run_26188_M1_correlation_map.png
--- Processing run 26189 ---
Low-light fits saved to /raid1/genli/Data_D2O/M1_data/BRN/analysis_25306-26233_M1_20251030-013056/subjob_26180-26198/run26189_20251007-15/lowlight/Run26189_M1_low_light_fits.png
Low-light fit data saved to /raid1/genli/Data_D2O/M1_data/BRN/analysis_25306-26233_M1_20251030-013056/subjob_26180-26198/run26189_20251007-15/lowlight/Run26189_M1_low_light_fits.pkl
Veto efficiency plot saved to /raid1/genli/Data_D2O/M1_data/BRN/analysis_25306-26233_M1_20251030-013056/subjob_26180-26198/run26189_20251007-15/histograms/26189_M1_veto_efficiency.png
Veto efficiency data saved to /raid1/genli/Data_D2O/M1_data/BRN/analysis_25306-26233_M1_20251030-013056/subjob_26180-26198/run26189_20251007-15/histograms/26189_M1_veto_efficiency.pkl
Run 26189: after NaN drop: 17738 events
Run 26189: after Δt cut: 9089 events
Run 26189: after total_pe cut: 9089 events
Run 26189: after time-std < 40.0 ns cut: 9089 events
Correlation map saved to /raid1/genli/Data_D2O/M1_data/BRN/analysis_25306-26233_M1_20251030-013056/subjob_26180-26198/run26189_20251007-15/cuthist/Run_26189_M1_correlation_map.png
--- Processing run 26190 ---
Low-light fits saved to /raid1/genli/Data_D2O/M1_data/BRN/analysis_25306-26233_M1_20251030-013056/subjob_26180-26198/run26190_20251007-16/lowlight/Run26190_M1_low_light_fits.png
Low-light fit data saved to /raid1/genli/Data_D2O/M1_data/BRN/analysis_25306-26233_M1_20251030-013056/subjob_26180-26198/run26190_20251007-16/lowlight/Run26190_M1_low_light_fits.pkl
Veto efficiency plot saved to /raid1/genli/Data_D2O/M1_data/BRN/analysis_25306-26233_M1_20251030-013056/subjob_26180-26198/run26190_20251007-16/histograms/26190_M1_veto_efficiency.png
Veto efficiency data saved to /raid1/genli/Data_D2O/M1_data/BRN/analysis_25306-26233_M1_20251030-013056/subjob_26180-26198/run26190_20251007-16/histograms/26190_M1_veto_efficiency.pkl
Run 26190: after NaN drop: 17661 events
Run 26190: after Δt cut: 8985 events
Run 26190: after total_pe cut: 8983 events
Run 26190: after time-std < 40.0 ns cut: 8983 events
Correlation map saved to /raid1/genli/Data_D2O/M1_data/BRN/analysis_25306-26233_M1_20251030-013056/subjob_26180-26198/run26190_20251007-16/cuthist/Run_26190_M1_correlation_map.png
--- Processing run 26191 ---
Low-light fits saved to /raid1/genli/Data_D2O/M1_data/BRN/analysis_25306-26233_M1_20251030-013056/subjob_26180-26198/run26191_20251007-17/lowlight/Run26191_M1_low_light_fits.png
Low-light fit data saved to /raid1/genli/Data_D2O/M1_data/BRN/analysis_25306-26233_M1_20251030-013056/subjob_26180-26198/run26191_20251007-17/lowlight/Run26191_M1_low_light_fits.pkl
Veto efficiency plot saved to /raid1/genli/Data_D2O/M1_data/BRN/analysis_25306-26233_M1_20251030-013056/subjob_26180-26198/run26191_20251007-17/histograms/26191_M1_veto_efficiency.png
Veto efficiency data saved to /raid1/genli/Data_D2O/M1_data/BRN/analysis_25306-26233_M1_20251030-013056/subjob_26180-26198/run26191_20251007-17/histograms/26191_M1_veto_efficiency.pkl
Run 26191: after NaN drop: 17861 events
Run 26191: after Δt cut: 9058 events
Run 26191: after total_pe cut: 9057 events
Run 26191: after time-std < 40.0 ns cut: 9057 events
Correlation map saved to /raid1/genli/Data_D2O/M1_data/BRN/analysis_25306-26233_M1_20251030-013056/subjob_26180-26198/run26191_20251007-17/cuthist/Run_26191_M1_correlation_map.png
--- Processing run 26192 ---
Low-light fits saved to /raid1/genli/Data_D2O/M1_data/BRN/analysis_25306-26233_M1_20251030-013056/subjob_26180-26198/run26192_20251007-18/lowlight/Run26192_M1_low_light_fits.png
Low-light fit data saved to /raid1/genli/Data_D2O/M1_data/BRN/analysis_25306-26233_M1_20251030-013056/subjob_26180-26198/run26192_20251007-18/lowlight/Run26192_M1_low_light_fits.pkl
Veto efficiency plot saved to /raid1/genli/Data_D2O/M1_data/BRN/analysis_25306-26233_M1_20251030-013056/subjob_26180-26198/run26192_20251007-18/histograms/26192_M1_veto_efficiency.png
Veto efficiency data saved to /raid1/genli/Data_D2O/M1_data/BRN/analysis_25306-26233_M1_20251030-013056/subjob_26180-26198/run26192_20251007-18/histograms/26192_M1_veto_efficiency.pkl
Run 26192: after NaN drop: 17714 events
Run 26192: after Δt cut: 8946 events
Run 26192: after total_pe cut: 8946 events
Run 26192: after time-std < 40.0 ns cut: 8946 events
Correlation map saved to /raid1/genli/Data_D2O/M1_data/BRN/analysis_25306-26233_M1_20251030-013056/subjob_26180-26198/run26192_20251007-18/cuthist/Run_26192_M1_correlation_map.png
--- Processing run 26193 ---
Low-light fits saved to /raid1/genli/Data_D2O/M1_data/BRN/analysis_25306-26233_M1_20251030-013056/subjob_26180-26198/run26193_20251007-19/lowlight/Run26193_M1_low_light_fits.png
Low-light fit data saved to /raid1/genli/Data_D2O/M1_data/BRN/analysis_25306-26233_M1_20251030-013056/subjob_26180-26198/run26193_20251007-19/lowlight/Run26193_M1_low_light_fits.pkl
Veto efficiency plot saved to /raid1/genli/Data_D2O/M1_data/BRN/analysis_25306-26233_M1_20251030-013056/subjob_26180-26198/run26193_20251007-19/histograms/26193_M1_veto_efficiency.png
Veto efficiency data saved to /raid1/genli/Data_D2O/M1_data/BRN/analysis_25306-26233_M1_20251030-013056/subjob_26180-26198/run26193_20251007-19/histograms/26193_M1_veto_efficiency.pkl
Run 26193: after NaN drop: 18317 events
Run 26193: after Δt cut: 9144 events
Run 26193: after total_pe cut: 9141 events
Run 26193: after time-std < 40.0 ns cut: 9141 events
Correlation map saved to /raid1/genli/Data_D2O/M1_data/BRN/analysis_25306-26233_M1_20251030-013056/subjob_26180-26198/run26193_20251007-19/cuthist/Run_26193_M1_correlation_map.png
--- Processing run 26194 ---
Low-light fits saved to /raid1/genli/Data_D2O/M1_data/BRN/analysis_25306-26233_M1_20251030-013056/subjob_26180-26198/run26194_20251007-20/lowlight/Run26194_M1_low_light_fits.png
Low-light fit data saved to /raid1/genli/Data_D2O/M1_data/BRN/analysis_25306-26233_M1_20251030-013056/subjob_26180-26198/run26194_20251007-20/lowlight/Run26194_M1_low_light_fits.pkl
Veto efficiency plot saved to /raid1/genli/Data_D2O/M1_data/BRN/analysis_25306-26233_M1_20251030-013056/subjob_26180-26198/run26194_20251007-20/histograms/26194_M1_veto_efficiency.png
Veto efficiency data saved to /raid1/genli/Data_D2O/M1_data/BRN/analysis_25306-26233_M1_20251030-013056/subjob_26180-26198/run26194_20251007-20/histograms/26194_M1_veto_efficiency.pkl
Run 26194: after NaN drop: 18017 events
Run 26194: after Δt cut: 8957 events
Run 26194: after total_pe cut: 8957 events
Run 26194: after time-std < 40.0 ns cut: 8957 events
Correlation map saved to /raid1/genli/Data_D2O/M1_data/BRN/analysis_25306-26233_M1_20251030-013056/subjob_26180-26198/run26194_20251007-20/cuthist/Run_26194_M1_correlation_map.png
--- Processing run 26195 ---
Low-light fits saved to /raid1/genli/Data_D2O/M1_data/BRN/analysis_25306-26233_M1_20251030-013056/subjob_26180-26198/run26195_20251007-21/lowlight/Run26195_M1_low_light_fits.png
Low-light fit data saved to /raid1/genli/Data_D2O/M1_data/BRN/analysis_25306-26233_M1_20251030-013056/subjob_26180-26198/run26195_20251007-21/lowlight/Run26195_M1_low_light_fits.pkl
Veto efficiency plot saved to /raid1/genli/Data_D2O/M1_data/BRN/analysis_25306-26233_M1_20251030-013056/subjob_26180-26198/run26195_20251007-21/histograms/26195_M1_veto_efficiency.png
Veto efficiency data saved to /raid1/genli/Data_D2O/M1_data/BRN/analysis_25306-26233_M1_20251030-013056/subjob_26180-26198/run26195_20251007-21/histograms/26195_M1_veto_efficiency.pkl
Run 26195: after NaN drop: 17949 events
Run 26195: after Δt cut: 8990 events
Run 26195: after total_pe cut: 8990 events
Run 26195: after time-std < 40.0 ns cut: 8990 events
Correlation map saved to /raid1/genli/Data_D2O/M1_data/BRN/analysis_25306-26233_M1_20251030-013056/subjob_26180-26198/run26195_20251007-21/cuthist/Run_26195_M1_correlation_map.png
--- Processing run 26196 ---
Low-light fits saved to /raid1/genli/Data_D2O/M1_data/BRN/analysis_25306-26233_M1_20251030-013056/subjob_26180-26198/run26196_20251007-22/lowlight/Run26196_M1_low_light_fits.png
Low-light fit data saved to /raid1/genli/Data_D2O/M1_data/BRN/analysis_25306-26233_M1_20251030-013056/subjob_26180-26198/run26196_20251007-22/lowlight/Run26196_M1_low_light_fits.pkl
Veto efficiency plot saved to /raid1/genli/Data_D2O/M1_data/BRN/analysis_25306-26233_M1_20251030-013056/subjob_26180-26198/run26196_20251007-22/histograms/26196_M1_veto_efficiency.png
Veto efficiency data saved to /raid1/genli/Data_D2O/M1_data/BRN/analysis_25306-26233_M1_20251030-013056/subjob_26180-26198/run26196_20251007-22/histograms/26196_M1_veto_efficiency.pkl
Run 26196: after NaN drop: 18133 events
Run 26196: after Δt cut: 9034 events
Run 26196: after total_pe cut: 9034 events
Run 26196: after time-std < 40.0 ns cut: 9034 events
Correlation map saved to /raid1/genli/Data_D2O/M1_data/BRN/analysis_25306-26233_M1_20251030-013056/subjob_26180-26198/run26196_20251007-22/cuthist/Run_26196_M1_correlation_map.png
--- Processing run 26197 ---
Low-light fits saved to /raid1/genli/Data_D2O/M1_data/BRN/analysis_25306-26233_M1_20251030-013056/subjob_26180-26198/run26197_20251007-23/lowlight/Run26197_M1_low_light_fits.png
Low-light fit data saved to /raid1/genli/Data_D2O/M1_data/BRN/analysis_25306-26233_M1_20251030-013056/subjob_26180-26198/run26197_20251007-23/lowlight/Run26197_M1_low_light_fits.pkl
Veto efficiency plot saved to /raid1/genli/Data_D2O/M1_data/BRN/analysis_25306-26233_M1_20251030-013056/subjob_26180-26198/run26197_20251007-23/histograms/26197_M1_veto_efficiency.png
Veto efficiency data saved to /raid1/genli/Data_D2O/M1_data/BRN/analysis_25306-26233_M1_20251030-013056/subjob_26180-26198/run26197_20251007-23/histograms/26197_M1_veto_efficiency.pkl
Run 26197: after NaN drop: 17925 events
Run 26197: after Δt cut: 8972 events
Run 26197: after total_pe cut: 8971 events
Run 26197: after time-std < 40.0 ns cut: 8971 events
Correlation map saved to /raid1/genli/Data_D2O/M1_data/BRN/analysis_25306-26233_M1_20251030-013056/subjob_26180-26198/run26197_20251007-23/cuthist/Run_26197_M1_correlation_map.png
--- Processing run 26198 ---
Low-light fits saved to /raid1/genli/Data_D2O/M1_data/BRN/analysis_25306-26233_M1_20251030-013056/subjob_26180-26198/run26198_20251008-00/lowlight/Run26198_M1_low_light_fits.png
Low-light fit data saved to /raid1/genli/Data_D2O/M1_data/BRN/analysis_25306-26233_M1_20251030-013056/subjob_26180-26198/run26198_20251008-00/lowlight/Run26198_M1_low_light_fits.pkl
Veto efficiency plot saved to /raid1/genli/Data_D2O/M1_data/BRN/analysis_25306-26233_M1_20251030-013056/subjob_26180-26198/run26198_20251008-00/histograms/26198_M1_veto_efficiency.png
Veto efficiency data saved to /raid1/genli/Data_D2O/M1_data/BRN/analysis_25306-26233_M1_20251030-013056/subjob_26180-26198/run26198_20251008-00/histograms/26198_M1_veto_efficiency.pkl
Run 26198: after NaN drop: 18018 events
Run 26198: after Δt cut: 8896 events
Run 26198: after total_pe cut: 8896 events
Run 26198: after time-std < 40.0 ns cut: 8896 events
Correlation map saved to /raid1/genli/Data_D2O/M1_data/BRN/analysis_25306-26233_M1_20251030-013056/subjob_26180-26198/run26198_20251008-00/cuthist/Run_26198_M1_correlation_map.png
Saving aggregated data for sub-job 26180-26198...
Successfully saved data for master aggregation.
--- Sub-job Analysis Complete ---
