/home/genli/.local/lib/python3.9/site-packages/numpy/lib/nanfunctions.py:1878: RuntimeWarning: Degrees of freedom <= 0 for slice.
  var = nanvar(a, axis=axis, dtype=dtype, out=out, ddof=ddof,
/home/genli/.local/lib/python3.9/site-packages/numpy/lib/nanfunctions.py:1878: RuntimeWarning: Degrees of freedom <= 0 for slice.
  var = nanvar(a, axis=axis, dtype=dtype, out=out, ddof=ddof,
/home/genli/.local/lib/python3.9/site-packages/numpy/lib/nanfunctions.py:1878: RuntimeWarning: Degrees of freedom <= 0 for slice.
  var = nanvar(a, axis=axis, dtype=dtype, out=out, ddof=ddof,
/home/genli/.local/lib/python3.9/site-packages/numpy/lib/nanfunctions.py:1878: RuntimeWarning: Degrees of freedom <= 0 for slice.
  var = nanvar(a, axis=axis, dtype=dtype, out=out, ddof=ddof,
/home/genli/.local/lib/python3.9/site-packages/numpy/lib/nanfunctions.py:1878: RuntimeWarning: Degrees of freedom <= 0 for slice.
  var = nanvar(a, axis=axis, dtype=dtype, out=out, ddof=ddof,
/home/genli/.local/lib/python3.9/site-packages/numpy/lib/nanfunctions.py:1878: RuntimeWarning: Degrees of freedom <= 0 for slice.
  var = nanvar(a, axis=axis, dtype=dtype, out=out, ddof=ddof,
/home/genli/.local/lib/python3.9/site-packages/numpy/lib/nanfunctions.py:1878: RuntimeWarning: Degrees of freedom <= 0 for slice.
  var = nanvar(a, axis=axis, dtype=dtype, out=out, ddof=ddof,
/home/genli/D2O_analysis/Codes/Read_Cut_Hist_D2O_multi_veto.py:411: UserWarning: Data has no positive values, and therefore cannot be log-scaled.
  ax.set_yscale('log')
/home/genli/.local/lib/python3.9/site-packages/numpy/lib/nanfunctions.py:1878: RuntimeWarning: Degrees of freedom <= 0 for slice.
  var = nanvar(a, axis=axis, dtype=dtype, out=out, ddof=ddof,
/home/genli/.local/lib/python3.9/site-packages/numpy/lib/nanfunctions.py:1878: RuntimeWarning: Degrees of freedom <= 0 for slice.
  var = nanvar(a, axis=axis, dtype=dtype, out=out, ddof=ddof,
/home/genli/.local/lib/python3.9/site-packages/numpy/lib/nanfunctions.py:1878: RuntimeWarning: Degrees of freedom <= 0 for slice.
  var = nanvar(a, axis=axis, dtype=dtype, out=out, ddof=ddof,
/home/genli/.local/lib/python3.9/site-packages/numpy/lib/nanfunctions.py:1878: RuntimeWarning: Degrees of freedom <= 0 for slice.
  var = nanvar(a, axis=axis, dtype=dtype, out=out, ddof=ddof,
/home/genli/D2O_analysis/Codes/Read_Cut_Hist_D2O_multi_veto.py:411: UserWarning: Data has no positive values, and therefore cannot be log-scaled.
  ax.set_yscale('log')
/home/genli/.local/lib/python3.9/site-packages/numpy/lib/nanfunctions.py:1878: RuntimeWarning: Degrees of freedom <= 0 for slice.
  var = nanvar(a, axis=axis, dtype=dtype, out=out, ddof=ddof,
/home/genli/.local/lib/python3.9/site-packages/numpy/lib/nanfunctions.py:1878: RuntimeWarning: Degrees of freedom <= 0 for slice.
  var = nanvar(a, axis=axis, dtype=dtype, out=out, ddof=ddof,
/home/genli/.local/lib/python3.9/site-packages/numpy/lib/nanfunctions.py:1878: RuntimeWarning: Degrees of freedom <= 0 for slice.
  var = nanvar(a, axis=axis, dtype=dtype, out=out, ddof=ddof,
/home/genli/.local/lib/python3.9/site-packages/numpy/lib/nanfunctions.py:1878: RuntimeWarning: Degrees of freedom <= 0 for slice.
  var = nanvar(a, axis=axis, dtype=dtype, out=out, ddof=ddof,
/home/genli/.local/lib/python3.9/site-packages/numpy/lib/nanfunctions.py:1878: RuntimeWarning: Degrees of freedom <= 0 for slice.
  var = nanvar(a, axis=axis, dtype=dtype, out=out, ddof=ddof,
/home/genli/D2O_analysis/Codes/Read_Cut_Hist_D2O_multi_veto.py:411: UserWarning: Data has no positive values, and therefore cannot be log-scaled.
  ax.set_yscale('log')
/home/genli/.local/lib/python3.9/site-packages/numpy/lib/nanfunctions.py:1878: RuntimeWarning: Degrees of freedom <= 0 for slice.
  var = nanvar(a, axis=axis, dtype=dtype, out=out, ddof=ddof,
/home/genli/.local/lib/python3.9/site-packages/numpy/lib/nanfunctions.py:1878: RuntimeWarning: Degrees of freedom <= 0 for slice.
  var = nanvar(a, axis=axis, dtype=dtype, out=out, ddof=ddof,
/home/genli/.local/lib/python3.9/site-packages/numpy/lib/nanfunctions.py:1878: RuntimeWarning: Degrees of freedom <= 0 for slice.
  var = nanvar(a, axis=axis, dtype=dtype, out=out, ddof=ddof,
=== Configuration ===
Analysis type: M1
Runs: 25952 to 25970
Output Directory for this job: /raid1/genli/Data_D2O/M1_data/BRN/analysis_25306-26233_M1_20251030-013056/subjob_25952-25970
Δt cut: (960, 10560) ns
Photoelectron cut: (0, 2000) P.E.
Time-std cut: < 40.0 ns
======================
--- Processing run 25952 ---
Low-light fits saved to /raid1/genli/Data_D2O/M1_data/BRN/analysis_25306-26233_M1_20251030-013056/subjob_25952-25970/run25952_20250927-18/lowlight/Run25952_M1_low_light_fits.png
Low-light fit data saved to /raid1/genli/Data_D2O/M1_data/BRN/analysis_25306-26233_M1_20251030-013056/subjob_25952-25970/run25952_20250927-18/lowlight/Run25952_M1_low_light_fits.pkl
Veto efficiency plot saved to /raid1/genli/Data_D2O/M1_data/BRN/analysis_25306-26233_M1_20251030-013056/subjob_25952-25970/run25952_20250927-18/histograms/25952_M1_veto_efficiency.png
Veto efficiency data saved to /raid1/genli/Data_D2O/M1_data/BRN/analysis_25306-26233_M1_20251030-013056/subjob_25952-25970/run25952_20250927-18/histograms/25952_M1_veto_efficiency.pkl
Run 25952: after NaN drop: 18630 events
Run 25952: after Δt cut: 9063 events
Run 25952: after total_pe cut: 9061 events
Run 25952: after time-std < 40.0 ns cut: 9061 events
Correlation map saved to /raid1/genli/Data_D2O/M1_data/BRN/analysis_25306-26233_M1_20251030-013056/subjob_25952-25970/run25952_20250927-18/cuthist/Run_25952_M1_correlation_map.png
--- Processing run 25953 ---
Low-light fits saved to /raid1/genli/Data_D2O/M1_data/BRN/analysis_25306-26233_M1_20251030-013056/subjob_25952-25970/run25953_20250927-19/lowlight/Run25953_M1_low_light_fits.png
Low-light fit data saved to /raid1/genli/Data_D2O/M1_data/BRN/analysis_25306-26233_M1_20251030-013056/subjob_25952-25970/run25953_20250927-19/lowlight/Run25953_M1_low_light_fits.pkl
Veto efficiency plot saved to /raid1/genli/Data_D2O/M1_data/BRN/analysis_25306-26233_M1_20251030-013056/subjob_25952-25970/run25953_20250927-19/histograms/25953_M1_veto_efficiency.png
Veto efficiency data saved to /raid1/genli/Data_D2O/M1_data/BRN/analysis_25306-26233_M1_20251030-013056/subjob_25952-25970/run25953_20250927-19/histograms/25953_M1_veto_efficiency.pkl
Run 25953: after NaN drop: 19016 events
Run 25953: after Δt cut: 9351 events
Run 25953: after total_pe cut: 9350 events
Run 25953: after time-std < 40.0 ns cut: 9350 events
Correlation map saved to /raid1/genli/Data_D2O/M1_data/BRN/analysis_25306-26233_M1_20251030-013056/subjob_25952-25970/run25953_20250927-19/cuthist/Run_25953_M1_correlation_map.png
--- Processing run 25954 ---
Low-light fits saved to /raid1/genli/Data_D2O/M1_data/BRN/analysis_25306-26233_M1_20251030-013056/subjob_25952-25970/run25954_20250927-20/lowlight/Run25954_M1_low_light_fits.png
Low-light fit data saved to /raid1/genli/Data_D2O/M1_data/BRN/analysis_25306-26233_M1_20251030-013056/subjob_25952-25970/run25954_20250927-20/lowlight/Run25954_M1_low_light_fits.pkl
Veto efficiency plot saved to /raid1/genli/Data_D2O/M1_data/BRN/analysis_25306-26233_M1_20251030-013056/subjob_25952-25970/run25954_20250927-20/histograms/25954_M1_veto_efficiency.png
Veto efficiency data saved to /raid1/genli/Data_D2O/M1_data/BRN/analysis_25306-26233_M1_20251030-013056/subjob_25952-25970/run25954_20250927-20/histograms/25954_M1_veto_efficiency.pkl
Run 25954: after NaN drop: 18806 events
Run 25954: after Δt cut: 9077 events
Run 25954: after total_pe cut: 9076 events
Run 25954: after time-std < 40.0 ns cut: 9076 events
Correlation map saved to /raid1/genli/Data_D2O/M1_data/BRN/analysis_25306-26233_M1_20251030-013056/subjob_25952-25970/run25954_20250927-20/cuthist/Run_25954_M1_correlation_map.png
--- Processing run 25955 ---
Low-light fits saved to /raid1/genli/Data_D2O/M1_data/BRN/analysis_25306-26233_M1_20251030-013056/subjob_25952-25970/run25955_20250927-21/lowlight/Run25955_M1_low_light_fits.png
Low-light fit data saved to /raid1/genli/Data_D2O/M1_data/BRN/analysis_25306-26233_M1_20251030-013056/subjob_25952-25970/run25955_20250927-21/lowlight/Run25955_M1_low_light_fits.pkl
Veto efficiency plot saved to /raid1/genli/Data_D2O/M1_data/BRN/analysis_25306-26233_M1_20251030-013056/subjob_25952-25970/run25955_20250927-21/histograms/25955_M1_veto_efficiency.png
Veto efficiency data saved to /raid1/genli/Data_D2O/M1_data/BRN/analysis_25306-26233_M1_20251030-013056/subjob_25952-25970/run25955_20250927-21/histograms/25955_M1_veto_efficiency.pkl
Run 25955: after NaN drop: 18751 events
Run 25955: after Δt cut: 9139 events
Run 25955: after total_pe cut: 9139 events
Run 25955: after time-std < 40.0 ns cut: 9139 events
Correlation map saved to /raid1/genli/Data_D2O/M1_data/BRN/analysis_25306-26233_M1_20251030-013056/subjob_25952-25970/run25955_20250927-21/cuthist/Run_25955_M1_correlation_map.png
--- Processing run 25956 ---
Low-light fits saved to /raid1/genli/Data_D2O/M1_data/BRN/analysis_25306-26233_M1_20251030-013056/subjob_25952-25970/run25956_20250927-22/lowlight/Run25956_M1_low_light_fits.png
Low-light fit data saved to /raid1/genli/Data_D2O/M1_data/BRN/analysis_25306-26233_M1_20251030-013056/subjob_25952-25970/run25956_20250927-22/lowlight/Run25956_M1_low_light_fits.pkl
Veto efficiency plot saved to /raid1/genli/Data_D2O/M1_data/BRN/analysis_25306-26233_M1_20251030-013056/subjob_25952-25970/run25956_20250927-22/histograms/25956_M1_veto_efficiency.png
Veto efficiency data saved to /raid1/genli/Data_D2O/M1_data/BRN/analysis_25306-26233_M1_20251030-013056/subjob_25952-25970/run25956_20250927-22/histograms/25956_M1_veto_efficiency.pkl
Run 25956: after NaN drop: 18906 events
Run 25956: after Δt cut: 9362 events
Run 25956: after total_pe cut: 9360 events
Run 25956: after time-std < 40.0 ns cut: 9360 events
Correlation map saved to /raid1/genli/Data_D2O/M1_data/BRN/analysis_25306-26233_M1_20251030-013056/subjob_25952-25970/run25956_20250927-22/cuthist/Run_25956_M1_correlation_map.png
--- Processing run 25957 ---
Low-light fits saved to /raid1/genli/Data_D2O/M1_data/BRN/analysis_25306-26233_M1_20251030-013056/subjob_25952-25970/run25957_20250927-23/lowlight/Run25957_M1_low_light_fits.png
Low-light fit data saved to /raid1/genli/Data_D2O/M1_data/BRN/analysis_25306-26233_M1_20251030-013056/subjob_25952-25970/run25957_20250927-23/lowlight/Run25957_M1_low_light_fits.pkl
Veto efficiency plot saved to /raid1/genli/Data_D2O/M1_data/BRN/analysis_25306-26233_M1_20251030-013056/subjob_25952-25970/run25957_20250927-23/histograms/25957_M1_veto_efficiency.png
Veto efficiency data saved to /raid1/genli/Data_D2O/M1_data/BRN/analysis_25306-26233_M1_20251030-013056/subjob_25952-25970/run25957_20250927-23/histograms/25957_M1_veto_efficiency.pkl
Run 25957: after NaN drop: 18491 events
Run 25957: after Δt cut: 9057 events
Run 25957: after total_pe cut: 9057 events
Run 25957: after time-std < 40.0 ns cut: 9057 events
Correlation map saved to /raid1/genli/Data_D2O/M1_data/BRN/analysis_25306-26233_M1_20251030-013056/subjob_25952-25970/run25957_20250927-23/cuthist/Run_25957_M1_correlation_map.png
--- Processing run 25958 ---
Low-light fits saved to /raid1/genli/Data_D2O/M1_data/BRN/analysis_25306-26233_M1_20251030-013056/subjob_25952-25970/run25958_20250928-00/lowlight/Run25958_M1_low_light_fits.png
Low-light fit data saved to /raid1/genli/Data_D2O/M1_data/BRN/analysis_25306-26233_M1_20251030-013056/subjob_25952-25970/run25958_20250928-00/lowlight/Run25958_M1_low_light_fits.pkl
Veto efficiency plot saved to /raid1/genli/Data_D2O/M1_data/BRN/analysis_25306-26233_M1_20251030-013056/subjob_25952-25970/run25958_20250928-00/histograms/25958_M1_veto_efficiency.png
Veto efficiency data saved to /raid1/genli/Data_D2O/M1_data/BRN/analysis_25306-26233_M1_20251030-013056/subjob_25952-25970/run25958_20250928-00/histograms/25958_M1_veto_efficiency.pkl
Run 25958: after NaN drop: 18852 events
Run 25958: after Δt cut: 9190 events
Run 25958: after total_pe cut: 9190 events
Run 25958: after time-std < 40.0 ns cut: 9190 events
Correlation map saved to /raid1/genli/Data_D2O/M1_data/BRN/analysis_25306-26233_M1_20251030-013056/subjob_25952-25970/run25958_20250928-00/cuthist/Run_25958_M1_correlation_map.png
--- Processing run 25959 ---
Low-light fits saved to /raid1/genli/Data_D2O/M1_data/BRN/analysis_25306-26233_M1_20251030-013056/subjob_25952-25970/run25959_20250928-01/lowlight/Run25959_M1_low_light_fits.png
Low-light fit data saved to /raid1/genli/Data_D2O/M1_data/BRN/analysis_25306-26233_M1_20251030-013056/subjob_25952-25970/run25959_20250928-01/lowlight/Run25959_M1_low_light_fits.pkl
Veto efficiency plot saved to /raid1/genli/Data_D2O/M1_data/BRN/analysis_25306-26233_M1_20251030-013056/subjob_25952-25970/run25959_20250928-01/histograms/25959_M1_veto_efficiency.png
Veto efficiency data saved to /raid1/genli/Data_D2O/M1_data/BRN/analysis_25306-26233_M1_20251030-013056/subjob_25952-25970/run25959_20250928-01/histograms/25959_M1_veto_efficiency.pkl
Run 25959: after NaN drop: 18876 events
Run 25959: after Δt cut: 9162 events
Run 25959: after total_pe cut: 9162 events
Run 25959: after time-std < 40.0 ns cut: 9162 events
Correlation map saved to /raid1/genli/Data_D2O/M1_data/BRN/analysis_25306-26233_M1_20251030-013056/subjob_25952-25970/run25959_20250928-01/cuthist/Run_25959_M1_correlation_map.png
--- Processing run 25960 ---
Low-light fits saved to /raid1/genli/Data_D2O/M1_data/BRN/analysis_25306-26233_M1_20251030-013056/subjob_25952-25970/run25960_20250928-02/lowlight/Run25960_M1_low_light_fits.png
Low-light fit data saved to /raid1/genli/Data_D2O/M1_data/BRN/analysis_25306-26233_M1_20251030-013056/subjob_25952-25970/run25960_20250928-02/lowlight/Run25960_M1_low_light_fits.pkl
Veto efficiency plot saved to /raid1/genli/Data_D2O/M1_data/BRN/analysis_25306-26233_M1_20251030-013056/subjob_25952-25970/run25960_20250928-02/histograms/25960_M1_veto_efficiency.png
Veto efficiency data saved to /raid1/genli/Data_D2O/M1_data/BRN/analysis_25306-26233_M1_20251030-013056/subjob_25952-25970/run25960_20250928-02/histograms/25960_M1_veto_efficiency.pkl
Run 25960: after NaN drop: 18495 events
Run 25960: after Δt cut: 8936 events
Run 25960: after total_pe cut: 8935 events
Run 25960: after time-std < 40.0 ns cut: 8935 events
Correlation map saved to /raid1/genli/Data_D2O/M1_data/BRN/analysis_25306-26233_M1_20251030-013056/subjob_25952-25970/run25960_20250928-02/cuthist/Run_25960_M1_correlation_map.png
--- Processing run 25961 ---
Low-light fits saved to /raid1/genli/Data_D2O/M1_data/BRN/analysis_25306-26233_M1_20251030-013056/subjob_25952-25970/run25961_20250928-03/lowlight/Run25961_M1_low_light_fits.png
Low-light fit data saved to /raid1/genli/Data_D2O/M1_data/BRN/analysis_25306-26233_M1_20251030-013056/subjob_25952-25970/run25961_20250928-03/lowlight/Run25961_M1_low_light_fits.pkl
Veto efficiency plot saved to /raid1/genli/Data_D2O/M1_data/BRN/analysis_25306-26233_M1_20251030-013056/subjob_25952-25970/run25961_20250928-03/histograms/25961_M1_veto_efficiency.png
Veto efficiency data saved to /raid1/genli/Data_D2O/M1_data/BRN/analysis_25306-26233_M1_20251030-013056/subjob_25952-25970/run25961_20250928-03/histograms/25961_M1_veto_efficiency.pkl
Run 25961: after NaN drop: 18646 events
Run 25961: after Δt cut: 9073 events
Run 25961: after total_pe cut: 9073 events
Run 25961: after time-std < 40.0 ns cut: 9073 events
Correlation map saved to /raid1/genli/Data_D2O/M1_data/BRN/analysis_25306-26233_M1_20251030-013056/subjob_25952-25970/run25961_20250928-03/cuthist/Run_25961_M1_correlation_map.png
--- Processing run 25962 ---
Low-light fits saved to /raid1/genli/Data_D2O/M1_data/BRN/analysis_25306-26233_M1_20251030-013056/subjob_25952-25970/run25962_20250928-04/lowlight/Run25962_M1_low_light_fits.png
Low-light fit data saved to /raid1/genli/Data_D2O/M1_data/BRN/analysis_25306-26233_M1_20251030-013056/subjob_25952-25970/run25962_20250928-04/lowlight/Run25962_M1_low_light_fits.pkl
Veto efficiency plot saved to /raid1/genli/Data_D2O/M1_data/BRN/analysis_25306-26233_M1_20251030-013056/subjob_25952-25970/run25962_20250928-04/histograms/25962_M1_veto_efficiency.png
Veto efficiency data saved to /raid1/genli/Data_D2O/M1_data/BRN/analysis_25306-26233_M1_20251030-013056/subjob_25952-25970/run25962_20250928-04/histograms/25962_M1_veto_efficiency.pkl
Run 25962: after NaN drop: 18474 events
Run 25962: after Δt cut: 8919 events
Run 25962: after total_pe cut: 8918 events
Run 25962: after time-std < 40.0 ns cut: 8918 events
Correlation map saved to /raid1/genli/Data_D2O/M1_data/BRN/analysis_25306-26233_M1_20251030-013056/subjob_25952-25970/run25962_20250928-04/cuthist/Run_25962_M1_correlation_map.png
--- Processing run 25963 ---
Low-light fits saved to /raid1/genli/Data_D2O/M1_data/BRN/analysis_25306-26233_M1_20251030-013056/subjob_25952-25970/run25963_20250928-05/lowlight/Run25963_M1_low_light_fits.png
Low-light fit data saved to /raid1/genli/Data_D2O/M1_data/BRN/analysis_25306-26233_M1_20251030-013056/subjob_25952-25970/run25963_20250928-05/lowlight/Run25963_M1_low_light_fits.pkl
Veto efficiency plot saved to /raid1/genli/Data_D2O/M1_data/BRN/analysis_25306-26233_M1_20251030-013056/subjob_25952-25970/run25963_20250928-05/histograms/25963_M1_veto_efficiency.png
Veto efficiency data saved to /raid1/genli/Data_D2O/M1_data/BRN/analysis_25306-26233_M1_20251030-013056/subjob_25952-25970/run25963_20250928-05/histograms/25963_M1_veto_efficiency.pkl
Run 25963: after NaN drop: 18696 events
Run 25963: after Δt cut: 8969 events
Run 25963: after total_pe cut: 8969 events
Run 25963: after time-std < 40.0 ns cut: 8969 events
Correlation map saved to /raid1/genli/Data_D2O/M1_data/BRN/analysis_25306-26233_M1_20251030-013056/subjob_25952-25970/run25963_20250928-05/cuthist/Run_25963_M1_correlation_map.png
--- Processing run 25964 ---
Low-light fits saved to /raid1/genli/Data_D2O/M1_data/BRN/analysis_25306-26233_M1_20251030-013056/subjob_25952-25970/run25964_20250928-06/lowlight/Run25964_M1_low_light_fits.png
Low-light fit data saved to /raid1/genli/Data_D2O/M1_data/BRN/analysis_25306-26233_M1_20251030-013056/subjob_25952-25970/run25964_20250928-06/lowlight/Run25964_M1_low_light_fits.pkl
Veto efficiency plot saved to /raid1/genli/Data_D2O/M1_data/BRN/analysis_25306-26233_M1_20251030-013056/subjob_25952-25970/run25964_20250928-06/histograms/25964_M1_veto_efficiency.png
Veto efficiency data saved to /raid1/genli/Data_D2O/M1_data/BRN/analysis_25306-26233_M1_20251030-013056/subjob_25952-25970/run25964_20250928-06/histograms/25964_M1_veto_efficiency.pkl
Run 25964: after NaN drop: 18654 events
Run 25964: after Δt cut: 8855 events
Run 25964: after total_pe cut: 8853 events
Run 25964: after time-std < 40.0 ns cut: 8853 events
Correlation map saved to /raid1/genli/Data_D2O/M1_data/BRN/analysis_25306-26233_M1_20251030-013056/subjob_25952-25970/run25964_20250928-06/cuthist/Run_25964_M1_correlation_map.png
--- Processing run 25965 ---
Low-light fits saved to /raid1/genli/Data_D2O/M1_data/BRN/analysis_25306-26233_M1_20251030-013056/subjob_25952-25970/run25965_20250928-07/lowlight/Run25965_M1_low_light_fits.png
Low-light fit data saved to /raid1/genli/Data_D2O/M1_data/BRN/analysis_25306-26233_M1_20251030-013056/subjob_25952-25970/run25965_20250928-07/lowlight/Run25965_M1_low_light_fits.pkl
Veto efficiency plot saved to /raid1/genli/Data_D2O/M1_data/BRN/analysis_25306-26233_M1_20251030-013056/subjob_25952-25970/run25965_20250928-07/histograms/25965_M1_veto_efficiency.png
Veto efficiency data saved to /raid1/genli/Data_D2O/M1_data/BRN/analysis_25306-26233_M1_20251030-013056/subjob_25952-25970/run25965_20250928-07/histograms/25965_M1_veto_efficiency.pkl
Run 25965: after NaN drop: 18845 events
Run 25965: after Δt cut: 8935 events
Run 25965: after total_pe cut: 8932 events
Run 25965: after time-std < 40.0 ns cut: 8932 events
Correlation map saved to /raid1/genli/Data_D2O/M1_data/BRN/analysis_25306-26233_M1_20251030-013056/subjob_25952-25970/run25965_20250928-07/cuthist/Run_25965_M1_correlation_map.png
--- Processing run 25966 ---
Low-light fits saved to /raid1/genli/Data_D2O/M1_data/BRN/analysis_25306-26233_M1_20251030-013056/subjob_25952-25970/run25966_20250928-08/lowlight/Run25966_M1_low_light_fits.png
Low-light fit data saved to /raid1/genli/Data_D2O/M1_data/BRN/analysis_25306-26233_M1_20251030-013056/subjob_25952-25970/run25966_20250928-08/lowlight/Run25966_M1_low_light_fits.pkl
Veto efficiency plot saved to /raid1/genli/Data_D2O/M1_data/BRN/analysis_25306-26233_M1_20251030-013056/subjob_25952-25970/run25966_20250928-08/histograms/25966_M1_veto_efficiency.png
Veto efficiency data saved to /raid1/genli/Data_D2O/M1_data/BRN/analysis_25306-26233_M1_20251030-013056/subjob_25952-25970/run25966_20250928-08/histograms/25966_M1_veto_efficiency.pkl
Run 25966: after NaN drop: 18915 events
Run 25966: after Δt cut: 9024 events
Run 25966: after total_pe cut: 9022 events
Run 25966: after time-std < 40.0 ns cut: 9022 events
Correlation map saved to /raid1/genli/Data_D2O/M1_data/BRN/analysis_25306-26233_M1_20251030-013056/subjob_25952-25970/run25966_20250928-08/cuthist/Run_25966_M1_correlation_map.png
--- Processing run 25967 ---
Low-light fits saved to /raid1/genli/Data_D2O/M1_data/BRN/analysis_25306-26233_M1_20251030-013056/subjob_25952-25970/run25967_20250928-09/lowlight/Run25967_M1_low_light_fits.png
Low-light fit data saved to /raid1/genli/Data_D2O/M1_data/BRN/analysis_25306-26233_M1_20251030-013056/subjob_25952-25970/run25967_20250928-09/lowlight/Run25967_M1_low_light_fits.pkl
Veto efficiency plot saved to /raid1/genli/Data_D2O/M1_data/BRN/analysis_25306-26233_M1_20251030-013056/subjob_25952-25970/run25967_20250928-09/histograms/25967_M1_veto_efficiency.png
Veto efficiency data saved to /raid1/genli/Data_D2O/M1_data/BRN/analysis_25306-26233_M1_20251030-013056/subjob_25952-25970/run25967_20250928-09/histograms/25967_M1_veto_efficiency.pkl
Run 25967: after NaN drop: 19109 events
Run 25967: after Δt cut: 9213 events
Run 25967: after total_pe cut: 9211 events
Run 25967: after time-std < 40.0 ns cut: 9211 events
Correlation map saved to /raid1/genli/Data_D2O/M1_data/BRN/analysis_25306-26233_M1_20251030-013056/subjob_25952-25970/run25967_20250928-09/cuthist/Run_25967_M1_correlation_map.png
--- Processing run 25968 ---
Low-light fits saved to /raid1/genli/Data_D2O/M1_data/BRN/analysis_25306-26233_M1_20251030-013056/subjob_25952-25970/run25968_20250928-10/lowlight/Run25968_M1_low_light_fits.png
Low-light fit data saved to /raid1/genli/Data_D2O/M1_data/BRN/analysis_25306-26233_M1_20251030-013056/subjob_25952-25970/run25968_20250928-10/lowlight/Run25968_M1_low_light_fits.pkl
Veto efficiency plot saved to /raid1/genli/Data_D2O/M1_data/BRN/analysis_25306-26233_M1_20251030-013056/subjob_25952-25970/run25968_20250928-10/histograms/25968_M1_veto_efficiency.png
Veto efficiency data saved to /raid1/genli/Data_D2O/M1_data/BRN/analysis_25306-26233_M1_20251030-013056/subjob_25952-25970/run25968_20250928-10/histograms/25968_M1_veto_efficiency.pkl
Run 25968: after NaN drop: 18993 events
Run 25968: after Δt cut: 9079 events
Run 25968: after total_pe cut: 9078 events
Run 25968: after time-std < 40.0 ns cut: 9078 events
Correlation map saved to /raid1/genli/Data_D2O/M1_data/BRN/analysis_25306-26233_M1_20251030-013056/subjob_25952-25970/run25968_20250928-10/cuthist/Run_25968_M1_correlation_map.png
--- Processing run 25969 ---
Low-light fits saved to /raid1/genli/Data_D2O/M1_data/BRN/analysis_25306-26233_M1_20251030-013056/subjob_25952-25970/run25969_20250928-11/lowlight/Run25969_M1_low_light_fits.png
Low-light fit data saved to /raid1/genli/Data_D2O/M1_data/BRN/analysis_25306-26233_M1_20251030-013056/subjob_25952-25970/run25969_20250928-11/lowlight/Run25969_M1_low_light_fits.pkl
Veto efficiency plot saved to /raid1/genli/Data_D2O/M1_data/BRN/analysis_25306-26233_M1_20251030-013056/subjob_25952-25970/run25969_20250928-11/histograms/25969_M1_veto_efficiency.png
Veto efficiency data saved to /raid1/genli/Data_D2O/M1_data/BRN/analysis_25306-26233_M1_20251030-013056/subjob_25952-25970/run25969_20250928-11/histograms/25969_M1_veto_efficiency.pkl
Run 25969: after NaN drop: 19032 events
Run 25969: after Δt cut: 9059 events
Run 25969: after total_pe cut: 9059 events
Run 25969: after time-std < 40.0 ns cut: 9059 events
Correlation map saved to /raid1/genli/Data_D2O/M1_data/BRN/analysis_25306-26233_M1_20251030-013056/subjob_25952-25970/run25969_20250928-11/cuthist/Run_25969_M1_correlation_map.png
--- Processing run 25970 ---
Low-light fits saved to /raid1/genli/Data_D2O/M1_data/BRN/analysis_25306-26233_M1_20251030-013056/subjob_25952-25970/run25970_20250928-12/lowlight/Run25970_M1_low_light_fits.png
Low-light fit data saved to /raid1/genli/Data_D2O/M1_data/BRN/analysis_25306-26233_M1_20251030-013056/subjob_25952-25970/run25970_20250928-12/lowlight/Run25970_M1_low_light_fits.pkl
Veto efficiency plot saved to /raid1/genli/Data_D2O/M1_data/BRN/analysis_25306-26233_M1_20251030-013056/subjob_25952-25970/run25970_20250928-12/histograms/25970_M1_veto_efficiency.png
Veto efficiency data saved to /raid1/genli/Data_D2O/M1_data/BRN/analysis_25306-26233_M1_20251030-013056/subjob_25952-25970/run25970_20250928-12/histograms/25970_M1_veto_efficiency.pkl
Run 25970: after NaN drop: 18566 events
Run 25970: after Δt cut: 8869 events
Run 25970: after total_pe cut: 8865 events
Run 25970: after time-std < 40.0 ns cut: 8865 events
Correlation map saved to /raid1/genli/Data_D2O/M1_data/BRN/analysis_25306-26233_M1_20251030-013056/subjob_25952-25970/run25970_20250928-12/cuthist/Run_25970_M1_correlation_map.png
Saving aggregated data for sub-job 25952-25970...
Successfully saved data for master aggregation.
--- Sub-job Analysis Complete ---
