/home/genli/.local/lib/python3.9/site-packages/numpy/lib/nanfunctions.py:1878: RuntimeWarning: Degrees of freedom <= 0 for slice.
  var = nanvar(a, axis=axis, dtype=dtype, out=out, ddof=ddof,
/usr/local/lib64/python3.9/site-packages/scipy/stats/_stats_py.py:4424: ConstantInputWarning: An input array is constant; the correlation coefficient is not defined.
  warnings.warn(stats.ConstantInputWarning(msg))
/usr/local/lib64/python3.9/site-packages/scipy/stats/_stats_py.py:4424: ConstantInputWarning: An input array is constant; the correlation coefficient is not defined.
  warnings.warn(stats.ConstantInputWarning(msg))
/usr/local/lib64/python3.9/site-packages/scipy/stats/_stats_py.py:4424: ConstantInputWarning: An input array is constant; the correlation coefficient is not defined.
  warnings.warn(stats.ConstantInputWarning(msg))
/usr/local/lib64/python3.9/site-packages/scipy/stats/_stats_py.py:4424: ConstantInputWarning: An input array is constant; the correlation coefficient is not defined.
  warnings.warn(stats.ConstantInputWarning(msg))
/home/genli/.local/lib/python3.9/site-packages/numpy/lib/nanfunctions.py:1878: RuntimeWarning: Degrees of freedom <= 0 for slice.
  var = nanvar(a, axis=axis, dtype=dtype, out=out, ddof=ddof,
/usr/local/lib64/python3.9/site-packages/scipy/stats/_stats_py.py:4424: ConstantInputWarning: An input array is constant; the correlation coefficient is not defined.
  warnings.warn(stats.ConstantInputWarning(msg))
/usr/local/lib64/python3.9/site-packages/scipy/stats/_stats_py.py:4424: ConstantInputWarning: An input array is constant; the correlation coefficient is not defined.
  warnings.warn(stats.ConstantInputWarning(msg))
/usr/local/lib64/python3.9/site-packages/scipy/stats/_stats_py.py:4424: ConstantInputWarning: An input array is constant; the correlation coefficient is not defined.
  warnings.warn(stats.ConstantInputWarning(msg))
/usr/local/lib64/python3.9/site-packages/scipy/stats/_stats_py.py:4424: ConstantInputWarning: An input array is constant; the correlation coefficient is not defined.
  warnings.warn(stats.ConstantInputWarning(msg))
/home/genli/.local/lib/python3.9/site-packages/numpy/lib/nanfunctions.py:1878: RuntimeWarning: Degrees of freedom <= 0 for slice.
  var = nanvar(a, axis=axis, dtype=dtype, out=out, ddof=ddof,
/usr/local/lib64/python3.9/site-packages/scipy/stats/_stats_py.py:4424: ConstantInputWarning: An input array is constant; the correlation coefficient is not defined.
  warnings.warn(stats.ConstantInputWarning(msg))
/usr/local/lib64/python3.9/site-packages/scipy/stats/_stats_py.py:4424: ConstantInputWarning: An input array is constant; the correlation coefficient is not defined.
  warnings.warn(stats.ConstantInputWarning(msg))
/usr/local/lib64/python3.9/site-packages/scipy/stats/_stats_py.py:4424: ConstantInputWarning: An input array is constant; the correlation coefficient is not defined.
  warnings.warn(stats.ConstantInputWarning(msg))
/usr/local/lib64/python3.9/site-packages/scipy/stats/_stats_py.py:4424: ConstantInputWarning: An input array is constant; the correlation coefficient is not defined.
  warnings.warn(stats.ConstantInputWarning(msg))
=== Configuration ===
Analysis type: M1
Runs: 15016 to 15018
Output Directory for this job: /raid1/genli/Data_D2O/M1_data/analysis_14977-15096_M1_20251202-213720/subjob_15016-15018
Δt cut: (17576, 219700) ns
Photoelectron cut: (0, 1000) P.E.
Time-std cut: < 40.0 ns
======================
--- Processing run 15016 ---
Length of time: 3597971514688.0 ns
Length of time: 59.966191911466666 minutes
Low-light fits saved to /raid1/genli/Data_D2O/M1_data/analysis_14977-15096_M1_20251202-213720/subjob_15016-15018/run15016_20240602-14/lowlight/Run15016_M1_low_light_fits.png
Low-light fit data saved to /raid1/genli/Data_D2O/M1_data/analysis_14977-15096_M1_20251202-213720/subjob_15016-15018/run15016_20240602-14/lowlight/Run15016_M1_low_light_fits.pkl
Applying 2000 ns time interval cut...
Time interval cut: Kept 2380503 / 2402255 events
Veto efficiency plot saved to /raid1/genli/Data_D2O/M1_data/analysis_14977-15096_M1_20251202-213720/subjob_15016-15018/run15016_20240602-14/histograms/15016_M1_veto_efficiency.png
Veto efficiency data saved to /raid1/genli/Data_D2O/M1_data/analysis_14977-15096_M1_20251202-213720/subjob_15016-15018/run15016_20240602-14/histograms/15016_M1_veto_efficiency.pkl
Run 15016: after NaN drop: 7341 events
Run 15016: after Δt cut: 331 events
Run 15016: after total_pe cut: 324 events
Run 15016: after time-std < 40.0 ns cut: 324 events
Correlation map saved to /raid1/genli/Data_D2O/M1_data/analysis_14977-15096_M1_20251202-213720/subjob_15016-15018/run15016_20240602-14/cuthist/Run_15016_M1_correlation_map.png
--- Processing run 15017 ---
Length of time: 3597975497408.0 ns
Length of time: 59.96625829013333 minutes
Low-light fits saved to /raid1/genli/Data_D2O/M1_data/analysis_14977-15096_M1_20251202-213720/subjob_15016-15018/run15017_20240602-15/lowlight/Run15017_M1_low_light_fits.png
Low-light fit data saved to /raid1/genli/Data_D2O/M1_data/analysis_14977-15096_M1_20251202-213720/subjob_15016-15018/run15017_20240602-15/lowlight/Run15017_M1_low_light_fits.pkl
Applying 2000 ns time interval cut...
Time interval cut: Kept 2378269 / 2399871 events
Veto efficiency plot saved to /raid1/genli/Data_D2O/M1_data/analysis_14977-15096_M1_20251202-213720/subjob_15016-15018/run15017_20240602-15/histograms/15017_M1_veto_efficiency.png
Veto efficiency data saved to /raid1/genli/Data_D2O/M1_data/analysis_14977-15096_M1_20251202-213720/subjob_15016-15018/run15017_20240602-15/histograms/15017_M1_veto_efficiency.pkl
Run 15017: after NaN drop: 7398 events
Run 15017: after Δt cut: 331 events
Run 15017: after total_pe cut: 321 events
Run 15017: after time-std < 40.0 ns cut: 321 events
Correlation map saved to /raid1/genli/Data_D2O/M1_data/analysis_14977-15096_M1_20251202-213720/subjob_15016-15018/run15017_20240602-15/cuthist/Run_15017_M1_correlation_map.png
--- Processing run 15018 ---
Length of time: 3597973051952.0 ns
Length of time: 59.96621753253333 minutes
Low-light fits saved to /raid1/genli/Data_D2O/M1_data/analysis_14977-15096_M1_20251202-213720/subjob_15016-15018/run15018_20240602-16/lowlight/Run15018_M1_low_light_fits.png
Low-light fit data saved to /raid1/genli/Data_D2O/M1_data/analysis_14977-15096_M1_20251202-213720/subjob_15016-15018/run15018_20240602-16/lowlight/Run15018_M1_low_light_fits.pkl
Applying 2000 ns time interval cut...
Time interval cut: Kept 2368482 / 2390371 events
Veto efficiency plot saved to /raid1/genli/Data_D2O/M1_data/analysis_14977-15096_M1_20251202-213720/subjob_15016-15018/run15018_20240602-16/histograms/15018_M1_veto_efficiency.png
Veto efficiency data saved to /raid1/genli/Data_D2O/M1_data/analysis_14977-15096_M1_20251202-213720/subjob_15016-15018/run15018_20240602-16/histograms/15018_M1_veto_efficiency.pkl
Run 15018: after NaN drop: 7483 events
Run 15018: after Δt cut: 316 events
Run 15018: after total_pe cut: 306 events
Run 15018: after time-std < 40.0 ns cut: 306 events
Correlation map saved to /raid1/genli/Data_D2O/M1_data/analysis_14977-15096_M1_20251202-213720/subjob_15016-15018/run15018_20240602-16/cuthist/Run_15018_M1_correlation_map.png
Saving aggregated data for sub-job 15016-15018...
Sub-job time length saved to /raid1/genli/Data_D2O/M1_data/analysis_14977-15096_M1_20251202-213720/subjob_15016-15018/subjob_time_length.json
Successfully saved data for master aggregation.
--- Sub-job Analysis Complete ---
