/home/genli/.local/lib/python3.9/site-packages/numpy/lib/nanfunctions.py:1878: RuntimeWarning: Degrees of freedom <= 0 for slice.
  var = nanvar(a, axis=axis, dtype=dtype, out=out, ddof=ddof,
/home/genli/.local/lib/python3.9/site-packages/numpy/lib/nanfunctions.py:1878: RuntimeWarning: Degrees of freedom <= 0 for slice.
  var = nanvar(a, axis=axis, dtype=dtype, out=out, ddof=ddof,
=== Configuration ===
Analysis type: M1
Runs: 4127 to 4128
Output Directory for this job: /raid1/genli/Data_D2O/M1_data/analysis_legacy_4123-4128_M1_20250915-180358/subjob_4127-4128
Δt cut: (0, 10000) ns
Photoelectron cut: (0, 2000) P.E.
Time-std cut: < 40.0 ns
Thin Veto Analysis: ENABLED
======================
--- Processing run 4127 ---
Applied legacy muon veto: 601971 events had trigger bits modified (+32)
Low-light fits saved to /raid1/genli/Data_D2O/M1_data/analysis_legacy_4123-4128_M1_20250915-180358/subjob_4127-4128/run4127_20221201-18/lowlight/Run4127_M1_low_light_fits.png
Low-light fit data saved to /raid1/genli/Data_D2O/M1_data/analysis_legacy_4123-4128_M1_20250915-180358/subjob_4127-4128/run4127_20221201-18/lowlight/Run4127_M1_low_light_fits.pkl
Run 4127: Generating veto plots AFTER cuts...
Veto efficiency plot saved to /raid1/genli/Data_D2O/M1_data/analysis_legacy_4123-4128_M1_20250915-180358/subjob_4127-4128/run4127_20221201-18/histograms/4127_M1_veto_efficiency.png
Veto efficiency data saved to /raid1/genli/Data_D2O/M1_data/analysis_legacy_4123-4128_M1_20250915-180358/subjob_4127-4128/run4127_20221201-18/histograms/4127_M1_veto_efficiency.pkl
Run 4127: after NaN drop: 252531 events
Run 4127: after Δt cut: 4936 events
Run 4127: after total_pe cut: 4936 events
Run 4127: after time-std < 40.0 ns cut: 4936 events
Correlation map saved to /raid1/genli/Data_D2O/M1_data/analysis_legacy_4123-4128_M1_20250915-180358/subjob_4127-4128/run4127_20221201-18/cuthist/Run_4127_M1_correlation_map.png
SiPM histograms saved to /raid1/genli/Data_D2O/M1_data/analysis_legacy_4123-4128_M1_20250915-180358/subjob_4127-4128/run4127_20221201-18/Run_4127_M1_sipm_area_histograms.png
SiPM histogram data saved to /raid1/genli/Data_D2O/M1_data/analysis_legacy_4123-4128_M1_20250915-180358/subjob_4127-4128/run4127_20221201-18/Run_4127_M1_sipm_area_histograms.pkl
--- Processing run 4128 ---
Applied legacy muon veto: 600996 events had trigger bits modified (+32)
Low-light fits saved to /raid1/genli/Data_D2O/M1_data/analysis_legacy_4123-4128_M1_20250915-180358/subjob_4127-4128/run4128_20221201-19/lowlight/Run4128_M1_low_light_fits.png
Low-light fit data saved to /raid1/genli/Data_D2O/M1_data/analysis_legacy_4123-4128_M1_20250915-180358/subjob_4127-4128/run4128_20221201-19/lowlight/Run4128_M1_low_light_fits.pkl
Run 4128: Generating veto plots AFTER cuts...
Veto efficiency plot saved to /raid1/genli/Data_D2O/M1_data/analysis_legacy_4123-4128_M1_20250915-180358/subjob_4127-4128/run4128_20221201-19/histograms/4128_M1_veto_efficiency.png
Veto efficiency data saved to /raid1/genli/Data_D2O/M1_data/analysis_legacy_4123-4128_M1_20250915-180358/subjob_4127-4128/run4128_20221201-19/histograms/4128_M1_veto_efficiency.pkl
Run 4128: after NaN drop: 252478 events
Run 4128: after Δt cut: 4965 events
Run 4128: after total_pe cut: 4965 events
Run 4128: after time-std < 40.0 ns cut: 4965 events
Correlation map saved to /raid1/genli/Data_D2O/M1_data/analysis_legacy_4123-4128_M1_20250915-180358/subjob_4127-4128/run4128_20221201-19/cuthist/Run_4128_M1_correlation_map.png
SiPM histograms saved to /raid1/genli/Data_D2O/M1_data/analysis_legacy_4123-4128_M1_20250915-180358/subjob_4127-4128/run4128_20221201-19/Run_4128_M1_sipm_area_histograms.png
SiPM histogram data saved to /raid1/genli/Data_D2O/M1_data/analysis_legacy_4123-4128_M1_20250915-180358/subjob_4127-4128/run4128_20221201-19/Run_4128_M1_sipm_area_histograms.pkl
Veto efficiency plot saved to /raid1/genli/Data_D2O/M1_data/analysis_legacy_4123-4128_M1_20250915-180358/subjob_4127-4128/Runs_4127_4128_M1_veto_efficiency_agg.png
Veto efficiency data saved to /raid1/genli/Data_D2O/M1_data/analysis_legacy_4123-4128_M1_20250915-180358/subjob_4127-4128/Runs_4127_4128_M1_veto_efficiency_agg.pkl
--- Generating Aggregated Thin Veto Comparison Plots ---
Saving aggregated data for sub-job 4127-4128...
Successfully saved data for master aggregation.
--- Sub-job Analysis Complete ---
