/home/genli/.local/lib/python3.9/site-packages/numpy/lib/nanfunctions.py:1878: RuntimeWarning: Degrees of freedom <= 0 for slice.
  var = nanvar(a, axis=axis, dtype=dtype, out=out, ddof=ddof,
/home/genli/.local/lib/python3.9/site-packages/numpy/lib/nanfunctions.py:1878: RuntimeWarning: Degrees of freedom <= 0 for slice.
  var = nanvar(a, axis=axis, dtype=dtype, out=out, ddof=ddof,
/home/genli/.local/lib/python3.9/site-packages/numpy/lib/nanfunctions.py:1878: RuntimeWarning: Degrees of freedom <= 0 for slice.
  var = nanvar(a, axis=axis, dtype=dtype, out=out, ddof=ddof,
/home/genli/.local/lib/python3.9/site-packages/numpy/lib/nanfunctions.py:1878: RuntimeWarning: Degrees of freedom <= 0 for slice.
  var = nanvar(a, axis=axis, dtype=dtype, out=out, ddof=ddof,
/home/genli/.local/lib/python3.9/site-packages/numpy/lib/nanfunctions.py:1878: RuntimeWarning: Degrees of freedom <= 0 for slice.
  var = nanvar(a, axis=axis, dtype=dtype, out=out, ddof=ddof,
/home/genli/D2O_analysis/Codes/Read_Cut_Hist_D2O_multi_veto.py:411: UserWarning: Data has no positive values, and therefore cannot be log-scaled.
  ax.set_yscale('log')
/home/genli/.local/lib/python3.9/site-packages/numpy/lib/nanfunctions.py:1878: RuntimeWarning: Degrees of freedom <= 0 for slice.
  var = nanvar(a, axis=axis, dtype=dtype, out=out, ddof=ddof,
/home/genli/.local/lib/python3.9/site-packages/numpy/lib/nanfunctions.py:1878: RuntimeWarning: Degrees of freedom <= 0 for slice.
  var = nanvar(a, axis=axis, dtype=dtype, out=out, ddof=ddof,
/home/genli/D2O_analysis/Codes/Read_Cut_Hist_D2O_multi_veto.py:411: UserWarning: Data has no positive values, and therefore cannot be log-scaled.
  ax.set_yscale('log')
/home/genli/.local/lib/python3.9/site-packages/numpy/lib/nanfunctions.py:1878: RuntimeWarning: Degrees of freedom <= 0 for slice.
  var = nanvar(a, axis=axis, dtype=dtype, out=out, ddof=ddof,
/home/genli/.local/lib/python3.9/site-packages/numpy/lib/nanfunctions.py:1878: RuntimeWarning: Degrees of freedom <= 0 for slice.
  var = nanvar(a, axis=axis, dtype=dtype, out=out, ddof=ddof,
/home/genli/.local/lib/python3.9/site-packages/numpy/lib/nanfunctions.py:1878: RuntimeWarning: Degrees of freedom <= 0 for slice.
  var = nanvar(a, axis=axis, dtype=dtype, out=out, ddof=ddof,
/home/genli/.local/lib/python3.9/site-packages/numpy/lib/nanfunctions.py:1878: RuntimeWarning: Degrees of freedom <= 0 for slice.
  var = nanvar(a, axis=axis, dtype=dtype, out=out, ddof=ddof,
/home/genli/.local/lib/python3.9/site-packages/numpy/lib/nanfunctions.py:1878: RuntimeWarning: Degrees of freedom <= 0 for slice.
  var = nanvar(a, axis=axis, dtype=dtype, out=out, ddof=ddof,
/home/genli/D2O_analysis/Codes/Read_Cut_Hist_D2O_multi_veto.py:411: UserWarning: Data has no positive values, and therefore cannot be log-scaled.
  ax.set_yscale('log')
/home/genli/.local/lib/python3.9/site-packages/numpy/lib/nanfunctions.py:1878: RuntimeWarning: Degrees of freedom <= 0 for slice.
  var = nanvar(a, axis=axis, dtype=dtype, out=out, ddof=ddof,
/home/genli/.local/lib/python3.9/site-packages/numpy/lib/nanfunctions.py:1878: RuntimeWarning: Degrees of freedom <= 0 for slice.
  var = nanvar(a, axis=axis, dtype=dtype, out=out, ddof=ddof,
/home/genli/.local/lib/python3.9/site-packages/numpy/lib/nanfunctions.py:1878: RuntimeWarning: Degrees of freedom <= 0 for slice.
  var = nanvar(a, axis=axis, dtype=dtype, out=out, ddof=ddof,
/home/genli/.local/lib/python3.9/site-packages/numpy/lib/nanfunctions.py:1878: RuntimeWarning: Degrees of freedom <= 0 for slice.
  var = nanvar(a, axis=axis, dtype=dtype, out=out, ddof=ddof,
/home/genli/D2O_analysis/Codes/Read_Cut_Hist_D2O_multi_veto.py:411: UserWarning: Data has no positive values, and therefore cannot be log-scaled.
  ax.set_yscale('log')
/home/genli/.local/lib/python3.9/site-packages/numpy/lib/nanfunctions.py:1878: RuntimeWarning: Degrees of freedom <= 0 for slice.
  var = nanvar(a, axis=axis, dtype=dtype, out=out, ddof=ddof,
/home/genli/.local/lib/python3.9/site-packages/numpy/lib/nanfunctions.py:1878: RuntimeWarning: Degrees of freedom <= 0 for slice.
  var = nanvar(a, axis=axis, dtype=dtype, out=out, ddof=ddof,
/home/genli/D2O_analysis/Codes/Read_Cut_Hist_D2O_multi_veto.py:411: UserWarning: Data has no positive values, and therefore cannot be log-scaled.
  ax.set_yscale('log')
/home/genli/.local/lib/python3.9/site-packages/numpy/lib/nanfunctions.py:1878: RuntimeWarning: Degrees of freedom <= 0 for slice.
  var = nanvar(a, axis=axis, dtype=dtype, out=out, ddof=ddof,
/home/genli/D2O_analysis/Codes/Read_Cut_Hist_D2O_multi_veto.py:411: UserWarning: Data has no positive values, and therefore cannot be log-scaled.
  ax.set_yscale('log')
=== Configuration ===
Analysis type: M1
Runs: 25971 to 25989
Output Directory for this job: /raid1/genli/Data_D2O/M1_data/BRN/analysis_25306-26233_M1_20251030-013056/subjob_25971-25989
Δt cut: (960, 10560) ns
Photoelectron cut: (0, 2000) P.E.
Time-std cut: < 40.0 ns
======================
--- Processing run 25971 ---
Low-light fits saved to /raid1/genli/Data_D2O/M1_data/BRN/analysis_25306-26233_M1_20251030-013056/subjob_25971-25989/run25971_20250928-13/lowlight/Run25971_M1_low_light_fits.png
Low-light fit data saved to /raid1/genli/Data_D2O/M1_data/BRN/analysis_25306-26233_M1_20251030-013056/subjob_25971-25989/run25971_20250928-13/lowlight/Run25971_M1_low_light_fits.pkl
Veto efficiency plot saved to /raid1/genli/Data_D2O/M1_data/BRN/analysis_25306-26233_M1_20251030-013056/subjob_25971-25989/run25971_20250928-13/histograms/25971_M1_veto_efficiency.png
Veto efficiency data saved to /raid1/genli/Data_D2O/M1_data/BRN/analysis_25306-26233_M1_20251030-013056/subjob_25971-25989/run25971_20250928-13/histograms/25971_M1_veto_efficiency.pkl
Run 25971: after NaN drop: 19002 events
Run 25971: after Δt cut: 9089 events
Run 25971: after total_pe cut: 9087 events
Run 25971: after time-std < 40.0 ns cut: 9087 events
Correlation map saved to /raid1/genli/Data_D2O/M1_data/BRN/analysis_25306-26233_M1_20251030-013056/subjob_25971-25989/run25971_20250928-13/cuthist/Run_25971_M1_correlation_map.png
--- Processing run 25972 ---
Low-light fits saved to /raid1/genli/Data_D2O/M1_data/BRN/analysis_25306-26233_M1_20251030-013056/subjob_25971-25989/run25972_20250928-14/lowlight/Run25972_M1_low_light_fits.png
Low-light fit data saved to /raid1/genli/Data_D2O/M1_data/BRN/analysis_25306-26233_M1_20251030-013056/subjob_25971-25989/run25972_20250928-14/lowlight/Run25972_M1_low_light_fits.pkl
Veto efficiency plot saved to /raid1/genli/Data_D2O/M1_data/BRN/analysis_25306-26233_M1_20251030-013056/subjob_25971-25989/run25972_20250928-14/histograms/25972_M1_veto_efficiency.png
Veto efficiency data saved to /raid1/genli/Data_D2O/M1_data/BRN/analysis_25306-26233_M1_20251030-013056/subjob_25971-25989/run25972_20250928-14/histograms/25972_M1_veto_efficiency.pkl
Run 25972: after NaN drop: 19392 events
Run 25972: after Δt cut: 9354 events
Run 25972: after total_pe cut: 9352 events
Run 25972: after time-std < 40.0 ns cut: 9352 events
Correlation map saved to /raid1/genli/Data_D2O/M1_data/BRN/analysis_25306-26233_M1_20251030-013056/subjob_25971-25989/run25972_20250928-14/cuthist/Run_25972_M1_correlation_map.png
--- Processing run 25973 ---
Low-light fits saved to /raid1/genli/Data_D2O/M1_data/BRN/analysis_25306-26233_M1_20251030-013056/subjob_25971-25989/run25973_20250928-15/lowlight/Run25973_M1_low_light_fits.png
Low-light fit data saved to /raid1/genli/Data_D2O/M1_data/BRN/analysis_25306-26233_M1_20251030-013056/subjob_25971-25989/run25973_20250928-15/lowlight/Run25973_M1_low_light_fits.pkl
Veto efficiency plot saved to /raid1/genli/Data_D2O/M1_data/BRN/analysis_25306-26233_M1_20251030-013056/subjob_25971-25989/run25973_20250928-15/histograms/25973_M1_veto_efficiency.png
Veto efficiency data saved to /raid1/genli/Data_D2O/M1_data/BRN/analysis_25306-26233_M1_20251030-013056/subjob_25971-25989/run25973_20250928-15/histograms/25973_M1_veto_efficiency.pkl
Run 25973: after NaN drop: 18916 events
Run 25973: after Δt cut: 9148 events
Run 25973: after total_pe cut: 9148 events
Run 25973: after time-std < 40.0 ns cut: 9148 events
Correlation map saved to /raid1/genli/Data_D2O/M1_data/BRN/analysis_25306-26233_M1_20251030-013056/subjob_25971-25989/run25973_20250928-15/cuthist/Run_25973_M1_correlation_map.png
--- Processing run 25974 ---
Low-light fits saved to /raid1/genli/Data_D2O/M1_data/BRN/analysis_25306-26233_M1_20251030-013056/subjob_25971-25989/run25974_20250928-16/lowlight/Run25974_M1_low_light_fits.png
Low-light fit data saved to /raid1/genli/Data_D2O/M1_data/BRN/analysis_25306-26233_M1_20251030-013056/subjob_25971-25989/run25974_20250928-16/lowlight/Run25974_M1_low_light_fits.pkl
Veto efficiency plot saved to /raid1/genli/Data_D2O/M1_data/BRN/analysis_25306-26233_M1_20251030-013056/subjob_25971-25989/run25974_20250928-16/histograms/25974_M1_veto_efficiency.png
Veto efficiency data saved to /raid1/genli/Data_D2O/M1_data/BRN/analysis_25306-26233_M1_20251030-013056/subjob_25971-25989/run25974_20250928-16/histograms/25974_M1_veto_efficiency.pkl
Run 25974: after NaN drop: 19065 events
Run 25974: after Δt cut: 9176 events
Run 25974: after total_pe cut: 9175 events
Run 25974: after time-std < 40.0 ns cut: 9175 events
Correlation map saved to /raid1/genli/Data_D2O/M1_data/BRN/analysis_25306-26233_M1_20251030-013056/subjob_25971-25989/run25974_20250928-16/cuthist/Run_25974_M1_correlation_map.png
--- Processing run 25975 ---
Low-light fits saved to /raid1/genli/Data_D2O/M1_data/BRN/analysis_25306-26233_M1_20251030-013056/subjob_25971-25989/run25975_20250928-17/lowlight/Run25975_M1_low_light_fits.png
Low-light fit data saved to /raid1/genli/Data_D2O/M1_data/BRN/analysis_25306-26233_M1_20251030-013056/subjob_25971-25989/run25975_20250928-17/lowlight/Run25975_M1_low_light_fits.pkl
Veto efficiency plot saved to /raid1/genli/Data_D2O/M1_data/BRN/analysis_25306-26233_M1_20251030-013056/subjob_25971-25989/run25975_20250928-17/histograms/25975_M1_veto_efficiency.png
Veto efficiency data saved to /raid1/genli/Data_D2O/M1_data/BRN/analysis_25306-26233_M1_20251030-013056/subjob_25971-25989/run25975_20250928-17/histograms/25975_M1_veto_efficiency.pkl
Run 25975: after NaN drop: 18881 events
Run 25975: after Δt cut: 8998 events
Run 25975: after total_pe cut: 8997 events
Run 25975: after time-std < 40.0 ns cut: 8997 events
Correlation map saved to /raid1/genli/Data_D2O/M1_data/BRN/analysis_25306-26233_M1_20251030-013056/subjob_25971-25989/run25975_20250928-17/cuthist/Run_25975_M1_correlation_map.png
--- Processing run 25976 ---
Low-light fits saved to /raid1/genli/Data_D2O/M1_data/BRN/analysis_25306-26233_M1_20251030-013056/subjob_25971-25989/run25976_20250928-18/lowlight/Run25976_M1_low_light_fits.png
Low-light fit data saved to /raid1/genli/Data_D2O/M1_data/BRN/analysis_25306-26233_M1_20251030-013056/subjob_25971-25989/run25976_20250928-18/lowlight/Run25976_M1_low_light_fits.pkl
Veto efficiency plot saved to /raid1/genli/Data_D2O/M1_data/BRN/analysis_25306-26233_M1_20251030-013056/subjob_25971-25989/run25976_20250928-18/histograms/25976_M1_veto_efficiency.png
Veto efficiency data saved to /raid1/genli/Data_D2O/M1_data/BRN/analysis_25306-26233_M1_20251030-013056/subjob_25971-25989/run25976_20250928-18/histograms/25976_M1_veto_efficiency.pkl
Run 25976: after NaN drop: 19140 events
Run 25976: after Δt cut: 8916 events
Run 25976: after total_pe cut: 8915 events
Run 25976: after time-std < 40.0 ns cut: 8915 events
Correlation map saved to /raid1/genli/Data_D2O/M1_data/BRN/analysis_25306-26233_M1_20251030-013056/subjob_25971-25989/run25976_20250928-18/cuthist/Run_25976_M1_correlation_map.png
--- Processing run 25977 ---
Low-light fits saved to /raid1/genli/Data_D2O/M1_data/BRN/analysis_25306-26233_M1_20251030-013056/subjob_25971-25989/run25977_20250928-19/lowlight/Run25977_M1_low_light_fits.png
Low-light fit data saved to /raid1/genli/Data_D2O/M1_data/BRN/analysis_25306-26233_M1_20251030-013056/subjob_25971-25989/run25977_20250928-19/lowlight/Run25977_M1_low_light_fits.pkl
Veto efficiency plot saved to /raid1/genli/Data_D2O/M1_data/BRN/analysis_25306-26233_M1_20251030-013056/subjob_25971-25989/run25977_20250928-19/histograms/25977_M1_veto_efficiency.png
Veto efficiency data saved to /raid1/genli/Data_D2O/M1_data/BRN/analysis_25306-26233_M1_20251030-013056/subjob_25971-25989/run25977_20250928-19/histograms/25977_M1_veto_efficiency.pkl
Run 25977: after NaN drop: 18796 events
Run 25977: after Δt cut: 8952 events
Run 25977: after total_pe cut: 8951 events
Run 25977: after time-std < 40.0 ns cut: 8951 events
Correlation map saved to /raid1/genli/Data_D2O/M1_data/BRN/analysis_25306-26233_M1_20251030-013056/subjob_25971-25989/run25977_20250928-19/cuthist/Run_25977_M1_correlation_map.png
--- Processing run 25978 ---
Low-light fits saved to /raid1/genli/Data_D2O/M1_data/BRN/analysis_25306-26233_M1_20251030-013056/subjob_25971-25989/run25978_20250928-20/lowlight/Run25978_M1_low_light_fits.png
Low-light fit data saved to /raid1/genli/Data_D2O/M1_data/BRN/analysis_25306-26233_M1_20251030-013056/subjob_25971-25989/run25978_20250928-20/lowlight/Run25978_M1_low_light_fits.pkl
Veto efficiency plot saved to /raid1/genli/Data_D2O/M1_data/BRN/analysis_25306-26233_M1_20251030-013056/subjob_25971-25989/run25978_20250928-20/histograms/25978_M1_veto_efficiency.png
Veto efficiency data saved to /raid1/genli/Data_D2O/M1_data/BRN/analysis_25306-26233_M1_20251030-013056/subjob_25971-25989/run25978_20250928-20/histograms/25978_M1_veto_efficiency.pkl
Run 25978: after NaN drop: 18808 events
Run 25978: after Δt cut: 9046 events
Run 25978: after total_pe cut: 9042 events
Run 25978: after time-std < 40.0 ns cut: 9042 events
Correlation map saved to /raid1/genli/Data_D2O/M1_data/BRN/analysis_25306-26233_M1_20251030-013056/subjob_25971-25989/run25978_20250928-20/cuthist/Run_25978_M1_correlation_map.png
--- Processing run 25979 ---
Low-light fits saved to /raid1/genli/Data_D2O/M1_data/BRN/analysis_25306-26233_M1_20251030-013056/subjob_25971-25989/run25979_20250928-21/lowlight/Run25979_M1_low_light_fits.png
Low-light fit data saved to /raid1/genli/Data_D2O/M1_data/BRN/analysis_25306-26233_M1_20251030-013056/subjob_25971-25989/run25979_20250928-21/lowlight/Run25979_M1_low_light_fits.pkl
Veto efficiency plot saved to /raid1/genli/Data_D2O/M1_data/BRN/analysis_25306-26233_M1_20251030-013056/subjob_25971-25989/run25979_20250928-21/histograms/25979_M1_veto_efficiency.png
Veto efficiency data saved to /raid1/genli/Data_D2O/M1_data/BRN/analysis_25306-26233_M1_20251030-013056/subjob_25971-25989/run25979_20250928-21/histograms/25979_M1_veto_efficiency.pkl
Run 25979: after NaN drop: 18913 events
Run 25979: after Δt cut: 8955 events
Run 25979: after total_pe cut: 8954 events
Run 25979: after time-std < 40.0 ns cut: 8954 events
Correlation map saved to /raid1/genli/Data_D2O/M1_data/BRN/analysis_25306-26233_M1_20251030-013056/subjob_25971-25989/run25979_20250928-21/cuthist/Run_25979_M1_correlation_map.png
--- Processing run 25980 ---
Low-light fits saved to /raid1/genli/Data_D2O/M1_data/BRN/analysis_25306-26233_M1_20251030-013056/subjob_25971-25989/run25980_20250928-22/lowlight/Run25980_M1_low_light_fits.png
Low-light fit data saved to /raid1/genli/Data_D2O/M1_data/BRN/analysis_25306-26233_M1_20251030-013056/subjob_25971-25989/run25980_20250928-22/lowlight/Run25980_M1_low_light_fits.pkl
Veto efficiency plot saved to /raid1/genli/Data_D2O/M1_data/BRN/analysis_25306-26233_M1_20251030-013056/subjob_25971-25989/run25980_20250928-22/histograms/25980_M1_veto_efficiency.png
Veto efficiency data saved to /raid1/genli/Data_D2O/M1_data/BRN/analysis_25306-26233_M1_20251030-013056/subjob_25971-25989/run25980_20250928-22/histograms/25980_M1_veto_efficiency.pkl
Run 25980: after NaN drop: 18813 events
Run 25980: after Δt cut: 8931 events
Run 25980: after total_pe cut: 8930 events
Run 25980: after time-std < 40.0 ns cut: 8930 events
Correlation map saved to /raid1/genli/Data_D2O/M1_data/BRN/analysis_25306-26233_M1_20251030-013056/subjob_25971-25989/run25980_20250928-22/cuthist/Run_25980_M1_correlation_map.png
--- Processing run 25981 ---
Low-light fits saved to /raid1/genli/Data_D2O/M1_data/BRN/analysis_25306-26233_M1_20251030-013056/subjob_25971-25989/run25981_20250928-23/lowlight/Run25981_M1_low_light_fits.png
Low-light fit data saved to /raid1/genli/Data_D2O/M1_data/BRN/analysis_25306-26233_M1_20251030-013056/subjob_25971-25989/run25981_20250928-23/lowlight/Run25981_M1_low_light_fits.pkl
Veto efficiency plot saved to /raid1/genli/Data_D2O/M1_data/BRN/analysis_25306-26233_M1_20251030-013056/subjob_25971-25989/run25981_20250928-23/histograms/25981_M1_veto_efficiency.png
Veto efficiency data saved to /raid1/genli/Data_D2O/M1_data/BRN/analysis_25306-26233_M1_20251030-013056/subjob_25971-25989/run25981_20250928-23/histograms/25981_M1_veto_efficiency.pkl
Run 25981: after NaN drop: 18467 events
Run 25981: after Δt cut: 8938 events
Run 25981: after total_pe cut: 8937 events
Run 25981: after time-std < 40.0 ns cut: 8937 events
Correlation map saved to /raid1/genli/Data_D2O/M1_data/BRN/analysis_25306-26233_M1_20251030-013056/subjob_25971-25989/run25981_20250928-23/cuthist/Run_25981_M1_correlation_map.png
--- Processing run 25982 ---
Low-light fits saved to /raid1/genli/Data_D2O/M1_data/BRN/analysis_25306-26233_M1_20251030-013056/subjob_25971-25989/run25982_20250929-00/lowlight/Run25982_M1_low_light_fits.png
Low-light fit data saved to /raid1/genli/Data_D2O/M1_data/BRN/analysis_25306-26233_M1_20251030-013056/subjob_25971-25989/run25982_20250929-00/lowlight/Run25982_M1_low_light_fits.pkl
Veto efficiency plot saved to /raid1/genli/Data_D2O/M1_data/BRN/analysis_25306-26233_M1_20251030-013056/subjob_25971-25989/run25982_20250929-00/histograms/25982_M1_veto_efficiency.png
Veto efficiency data saved to /raid1/genli/Data_D2O/M1_data/BRN/analysis_25306-26233_M1_20251030-013056/subjob_25971-25989/run25982_20250929-00/histograms/25982_M1_veto_efficiency.pkl
Run 25982: after NaN drop: 18712 events
Run 25982: after Δt cut: 9024 events
Run 25982: after total_pe cut: 9022 events
Run 25982: after time-std < 40.0 ns cut: 9022 events
Correlation map saved to /raid1/genli/Data_D2O/M1_data/BRN/analysis_25306-26233_M1_20251030-013056/subjob_25971-25989/run25982_20250929-00/cuthist/Run_25982_M1_correlation_map.png
--- Processing run 25983 ---
Low-light fits saved to /raid1/genli/Data_D2O/M1_data/BRN/analysis_25306-26233_M1_20251030-013056/subjob_25971-25989/run25983_20250929-01/lowlight/Run25983_M1_low_light_fits.png
Low-light fit data saved to /raid1/genli/Data_D2O/M1_data/BRN/analysis_25306-26233_M1_20251030-013056/subjob_25971-25989/run25983_20250929-01/lowlight/Run25983_M1_low_light_fits.pkl
Veto efficiency plot saved to /raid1/genli/Data_D2O/M1_data/BRN/analysis_25306-26233_M1_20251030-013056/subjob_25971-25989/run25983_20250929-01/histograms/25983_M1_veto_efficiency.png
Veto efficiency data saved to /raid1/genli/Data_D2O/M1_data/BRN/analysis_25306-26233_M1_20251030-013056/subjob_25971-25989/run25983_20250929-01/histograms/25983_M1_veto_efficiency.pkl
Run 25983: after NaN drop: 18610 events
Run 25983: after Δt cut: 8776 events
Run 25983: after total_pe cut: 8774 events
Run 25983: after time-std < 40.0 ns cut: 8774 events
Correlation map saved to /raid1/genli/Data_D2O/M1_data/BRN/analysis_25306-26233_M1_20251030-013056/subjob_25971-25989/run25983_20250929-01/cuthist/Run_25983_M1_correlation_map.png
--- Processing run 25984 ---
Low-light fits saved to /raid1/genli/Data_D2O/M1_data/BRN/analysis_25306-26233_M1_20251030-013056/subjob_25971-25989/run25984_20250929-02/lowlight/Run25984_M1_low_light_fits.png
Low-light fit data saved to /raid1/genli/Data_D2O/M1_data/BRN/analysis_25306-26233_M1_20251030-013056/subjob_25971-25989/run25984_20250929-02/lowlight/Run25984_M1_low_light_fits.pkl
Veto efficiency plot saved to /raid1/genli/Data_D2O/M1_data/BRN/analysis_25306-26233_M1_20251030-013056/subjob_25971-25989/run25984_20250929-02/histograms/25984_M1_veto_efficiency.png
Veto efficiency data saved to /raid1/genli/Data_D2O/M1_data/BRN/analysis_25306-26233_M1_20251030-013056/subjob_25971-25989/run25984_20250929-02/histograms/25984_M1_veto_efficiency.pkl
Run 25984: after NaN drop: 18862 events
Run 25984: after Δt cut: 8970 events
Run 25984: after total_pe cut: 8969 events
Run 25984: after time-std < 40.0 ns cut: 8969 events
Correlation map saved to /raid1/genli/Data_D2O/M1_data/BRN/analysis_25306-26233_M1_20251030-013056/subjob_25971-25989/run25984_20250929-02/cuthist/Run_25984_M1_correlation_map.png
--- Processing run 25985 ---
Low-light fits saved to /raid1/genli/Data_D2O/M1_data/BRN/analysis_25306-26233_M1_20251030-013056/subjob_25971-25989/run25985_20250929-03/lowlight/Run25985_M1_low_light_fits.png
Low-light fit data saved to /raid1/genli/Data_D2O/M1_data/BRN/analysis_25306-26233_M1_20251030-013056/subjob_25971-25989/run25985_20250929-03/lowlight/Run25985_M1_low_light_fits.pkl
Veto efficiency plot saved to /raid1/genli/Data_D2O/M1_data/BRN/analysis_25306-26233_M1_20251030-013056/subjob_25971-25989/run25985_20250929-03/histograms/25985_M1_veto_efficiency.png
Veto efficiency data saved to /raid1/genli/Data_D2O/M1_data/BRN/analysis_25306-26233_M1_20251030-013056/subjob_25971-25989/run25985_20250929-03/histograms/25985_M1_veto_efficiency.pkl
Run 25985: after NaN drop: 18381 events
Run 25985: after Δt cut: 8806 events
Run 25985: after total_pe cut: 8806 events
Run 25985: after time-std < 40.0 ns cut: 8806 events
Correlation map saved to /raid1/genli/Data_D2O/M1_data/BRN/analysis_25306-26233_M1_20251030-013056/subjob_25971-25989/run25985_20250929-03/cuthist/Run_25985_M1_correlation_map.png
--- Processing run 25986 ---
Low-light fits saved to /raid1/genli/Data_D2O/M1_data/BRN/analysis_25306-26233_M1_20251030-013056/subjob_25971-25989/run25986_20250929-04/lowlight/Run25986_M1_low_light_fits.png
Low-light fit data saved to /raid1/genli/Data_D2O/M1_data/BRN/analysis_25306-26233_M1_20251030-013056/subjob_25971-25989/run25986_20250929-04/lowlight/Run25986_M1_low_light_fits.pkl
Veto efficiency plot saved to /raid1/genli/Data_D2O/M1_data/BRN/analysis_25306-26233_M1_20251030-013056/subjob_25971-25989/run25986_20250929-04/histograms/25986_M1_veto_efficiency.png
Veto efficiency data saved to /raid1/genli/Data_D2O/M1_data/BRN/analysis_25306-26233_M1_20251030-013056/subjob_25971-25989/run25986_20250929-04/histograms/25986_M1_veto_efficiency.pkl
Run 25986: after NaN drop: 18960 events
Run 25986: after Δt cut: 9034 events
Run 25986: after total_pe cut: 9033 events
Run 25986: after time-std < 40.0 ns cut: 9033 events
Correlation map saved to /raid1/genli/Data_D2O/M1_data/BRN/analysis_25306-26233_M1_20251030-013056/subjob_25971-25989/run25986_20250929-04/cuthist/Run_25986_M1_correlation_map.png
--- Processing run 25987 ---
Low-light fits saved to /raid1/genli/Data_D2O/M1_data/BRN/analysis_25306-26233_M1_20251030-013056/subjob_25971-25989/run25987_20250929-05/lowlight/Run25987_M1_low_light_fits.png
Low-light fit data saved to /raid1/genli/Data_D2O/M1_data/BRN/analysis_25306-26233_M1_20251030-013056/subjob_25971-25989/run25987_20250929-05/lowlight/Run25987_M1_low_light_fits.pkl
Veto efficiency plot saved to /raid1/genli/Data_D2O/M1_data/BRN/analysis_25306-26233_M1_20251030-013056/subjob_25971-25989/run25987_20250929-05/histograms/25987_M1_veto_efficiency.png
Veto efficiency data saved to /raid1/genli/Data_D2O/M1_data/BRN/analysis_25306-26233_M1_20251030-013056/subjob_25971-25989/run25987_20250929-05/histograms/25987_M1_veto_efficiency.pkl
Run 25987: after NaN drop: 18541 events
Run 25987: after Δt cut: 8902 events
Run 25987: after total_pe cut: 8900 events
Run 25987: after time-std < 40.0 ns cut: 8900 events
Correlation map saved to /raid1/genli/Data_D2O/M1_data/BRN/analysis_25306-26233_M1_20251030-013056/subjob_25971-25989/run25987_20250929-05/cuthist/Run_25987_M1_correlation_map.png
--- Processing run 25988 ---
Low-light fits saved to /raid1/genli/Data_D2O/M1_data/BRN/analysis_25306-26233_M1_20251030-013056/subjob_25971-25989/run25988_20250929-06/lowlight/Run25988_M1_low_light_fits.png
Low-light fit data saved to /raid1/genli/Data_D2O/M1_data/BRN/analysis_25306-26233_M1_20251030-013056/subjob_25971-25989/run25988_20250929-06/lowlight/Run25988_M1_low_light_fits.pkl
Veto efficiency plot saved to /raid1/genli/Data_D2O/M1_data/BRN/analysis_25306-26233_M1_20251030-013056/subjob_25971-25989/run25988_20250929-06/histograms/25988_M1_veto_efficiency.png
Veto efficiency data saved to /raid1/genli/Data_D2O/M1_data/BRN/analysis_25306-26233_M1_20251030-013056/subjob_25971-25989/run25988_20250929-06/histograms/25988_M1_veto_efficiency.pkl
Run 25988: after NaN drop: 18925 events
Run 25988: after Δt cut: 9017 events
Run 25988: after total_pe cut: 9017 events
Run 25988: after time-std < 40.0 ns cut: 9017 events
Correlation map saved to /raid1/genli/Data_D2O/M1_data/BRN/analysis_25306-26233_M1_20251030-013056/subjob_25971-25989/run25988_20250929-06/cuthist/Run_25988_M1_correlation_map.png
--- Processing run 25989 ---
Low-light fits saved to /raid1/genli/Data_D2O/M1_data/BRN/analysis_25306-26233_M1_20251030-013056/subjob_25971-25989/run25989_20250929-07/lowlight/Run25989_M1_low_light_fits.png
Low-light fit data saved to /raid1/genli/Data_D2O/M1_data/BRN/analysis_25306-26233_M1_20251030-013056/subjob_25971-25989/run25989_20250929-07/lowlight/Run25989_M1_low_light_fits.pkl
Veto efficiency plot saved to /raid1/genli/Data_D2O/M1_data/BRN/analysis_25306-26233_M1_20251030-013056/subjob_25971-25989/run25989_20250929-07/histograms/25989_M1_veto_efficiency.png
Veto efficiency data saved to /raid1/genli/Data_D2O/M1_data/BRN/analysis_25306-26233_M1_20251030-013056/subjob_25971-25989/run25989_20250929-07/histograms/25989_M1_veto_efficiency.pkl
Run 25989: after NaN drop: 18814 events
Run 25989: after Δt cut: 8857 events
Run 25989: after total_pe cut: 8854 events
Run 25989: after time-std < 40.0 ns cut: 8854 events
Correlation map saved to /raid1/genli/Data_D2O/M1_data/BRN/analysis_25306-26233_M1_20251030-013056/subjob_25971-25989/run25989_20250929-07/cuthist/Run_25989_M1_correlation_map.png
Saving aggregated data for sub-job 25971-25989...
Successfully saved data for master aggregation.
--- Sub-job Analysis Complete ---
