/home/genli/.local/lib/python3.9/site-packages/numpy/lib/nanfunctions.py:1878: RuntimeWarning: Degrees of freedom <= 0 for slice.
  var = nanvar(a, axis=axis, dtype=dtype, out=out, ddof=ddof,
/usr/local/lib64/python3.9/site-packages/scipy/stats/_stats_py.py:4424: ConstantInputWarning: An input array is constant; the correlation coefficient is not defined.
  warnings.warn(stats.ConstantInputWarning(msg))
/usr/local/lib64/python3.9/site-packages/scipy/stats/_stats_py.py:4424: ConstantInputWarning: An input array is constant; the correlation coefficient is not defined.
  warnings.warn(stats.ConstantInputWarning(msg))
/usr/local/lib64/python3.9/site-packages/scipy/stats/_stats_py.py:4424: ConstantInputWarning: An input array is constant; the correlation coefficient is not defined.
  warnings.warn(stats.ConstantInputWarning(msg))
/usr/local/lib64/python3.9/site-packages/scipy/stats/_stats_py.py:4424: ConstantInputWarning: An input array is constant; the correlation coefficient is not defined.
  warnings.warn(stats.ConstantInputWarning(msg))
/home/genli/.local/lib/python3.9/site-packages/numpy/lib/nanfunctions.py:1878: RuntimeWarning: Degrees of freedom <= 0 for slice.
  var = nanvar(a, axis=axis, dtype=dtype, out=out, ddof=ddof,
/usr/local/lib64/python3.9/site-packages/scipy/stats/_stats_py.py:4424: ConstantInputWarning: An input array is constant; the correlation coefficient is not defined.
  warnings.warn(stats.ConstantInputWarning(msg))
/usr/local/lib64/python3.9/site-packages/scipy/stats/_stats_py.py:4424: ConstantInputWarning: An input array is constant; the correlation coefficient is not defined.
  warnings.warn(stats.ConstantInputWarning(msg))
/usr/local/lib64/python3.9/site-packages/scipy/stats/_stats_py.py:4424: ConstantInputWarning: An input array is constant; the correlation coefficient is not defined.
  warnings.warn(stats.ConstantInputWarning(msg))
/usr/local/lib64/python3.9/site-packages/scipy/stats/_stats_py.py:4424: ConstantInputWarning: An input array is constant; the correlation coefficient is not defined.
  warnings.warn(stats.ConstantInputWarning(msg))
/home/genli/.local/lib/python3.9/site-packages/numpy/lib/nanfunctions.py:1878: RuntimeWarning: Degrees of freedom <= 0 for slice.
  var = nanvar(a, axis=axis, dtype=dtype, out=out, ddof=ddof,
/usr/local/lib64/python3.9/site-packages/scipy/stats/_stats_py.py:4424: ConstantInputWarning: An input array is constant; the correlation coefficient is not defined.
  warnings.warn(stats.ConstantInputWarning(msg))
/usr/local/lib64/python3.9/site-packages/scipy/stats/_stats_py.py:4424: ConstantInputWarning: An input array is constant; the correlation coefficient is not defined.
  warnings.warn(stats.ConstantInputWarning(msg))
/usr/local/lib64/python3.9/site-packages/scipy/stats/_stats_py.py:4424: ConstantInputWarning: An input array is constant; the correlation coefficient is not defined.
  warnings.warn(stats.ConstantInputWarning(msg))
/usr/local/lib64/python3.9/site-packages/scipy/stats/_stats_py.py:4424: ConstantInputWarning: An input array is constant; the correlation coefficient is not defined.
  warnings.warn(stats.ConstantInputWarning(msg))
=== Configuration ===
Analysis type: M1
Runs: 23214 to 23216
Output Directory for this job: /raid1/genli/Data_D2O/M1_data/analysis_23163-23282_M1_20251202-213413/subjob_23214-23216
Δt cut: (17576, 219700) ns
Photoelectron cut: (0, 1000) P.E.
Time-std cut: < 40.0 ns
======================
--- Processing run 23214 ---
Length of time: 3596998666512.0 ns
Length of time: 59.9499777752 minutes
Low-light fits saved to /raid1/genli/Data_D2O/M1_data/analysis_23163-23282_M1_20251202-213413/subjob_23214-23216/run23214_20250603-22/lowlight/Run23214_M1_low_light_fits.png
Low-light fit data saved to /raid1/genli/Data_D2O/M1_data/analysis_23163-23282_M1_20251202-213413/subjob_23214-23216/run23214_20250603-22/lowlight/Run23214_M1_low_light_fits.pkl
Applying 2000 ns time interval cut...
Time interval cut: Kept 2106845 / 2149716 events
Veto efficiency plot saved to /raid1/genli/Data_D2O/M1_data/analysis_23163-23282_M1_20251202-213413/subjob_23214-23216/run23214_20250603-22/histograms/23214_M1_veto_efficiency.png
Veto efficiency data saved to /raid1/genli/Data_D2O/M1_data/analysis_23163-23282_M1_20251202-213413/subjob_23214-23216/run23214_20250603-22/histograms/23214_M1_veto_efficiency.pkl
Run 23214: after NaN drop: 6128 events
Run 23214: after Δt cut: 200 events
Run 23214: after total_pe cut: 199 events
Run 23214: after time-std < 40.0 ns cut: 199 events
Correlation map saved to /raid1/genli/Data_D2O/M1_data/analysis_23163-23282_M1_20251202-213413/subjob_23214-23216/run23214_20250603-22/cuthist/Run_23214_M1_correlation_map.png
--- Processing run 23215 ---
Length of time: 3596995376352.0 ns
Length of time: 59.9499229392 minutes
Low-light fits saved to /raid1/genli/Data_D2O/M1_data/analysis_23163-23282_M1_20251202-213413/subjob_23214-23216/run23215_20250603-23/lowlight/Run23215_M1_low_light_fits.png
Low-light fit data saved to /raid1/genli/Data_D2O/M1_data/analysis_23163-23282_M1_20251202-213413/subjob_23214-23216/run23215_20250603-23/lowlight/Run23215_M1_low_light_fits.pkl
Applying 2000 ns time interval cut...
Time interval cut: Kept 2106549 / 2149630 events
Veto efficiency plot saved to /raid1/genli/Data_D2O/M1_data/analysis_23163-23282_M1_20251202-213413/subjob_23214-23216/run23215_20250603-23/histograms/23215_M1_veto_efficiency.png
Veto efficiency data saved to /raid1/genli/Data_D2O/M1_data/analysis_23163-23282_M1_20251202-213413/subjob_23214-23216/run23215_20250603-23/histograms/23215_M1_veto_efficiency.pkl
Run 23215: after NaN drop: 6145 events
Run 23215: after Δt cut: 176 events
Run 23215: after total_pe cut: 175 events
Run 23215: after time-std < 40.0 ns cut: 175 events
Correlation map saved to /raid1/genli/Data_D2O/M1_data/analysis_23163-23282_M1_20251202-213413/subjob_23214-23216/run23215_20250603-23/cuthist/Run_23215_M1_correlation_map.png
--- Processing run 23216 ---
Length of time: 3596997838960.0 ns
Length of time: 59.94996398266667 minutes
Low-light fits saved to /raid1/genli/Data_D2O/M1_data/analysis_23163-23282_M1_20251202-213413/subjob_23214-23216/run23216_20250604-00/lowlight/Run23216_M1_low_light_fits.png
Low-light fit data saved to /raid1/genli/Data_D2O/M1_data/analysis_23163-23282_M1_20251202-213413/subjob_23214-23216/run23216_20250604-00/lowlight/Run23216_M1_low_light_fits.pkl
Applying 2000 ns time interval cut...
Time interval cut: Kept 2105695 / 2148358 events
Veto efficiency plot saved to /raid1/genli/Data_D2O/M1_data/analysis_23163-23282_M1_20251202-213413/subjob_23214-23216/run23216_20250604-00/histograms/23216_M1_veto_efficiency.png
Veto efficiency data saved to /raid1/genli/Data_D2O/M1_data/analysis_23163-23282_M1_20251202-213413/subjob_23214-23216/run23216_20250604-00/histograms/23216_M1_veto_efficiency.pkl
Run 23216: after NaN drop: 6030 events
Run 23216: after Δt cut: 204 events
Run 23216: after total_pe cut: 202 events
Run 23216: after time-std < 40.0 ns cut: 202 events
Correlation map saved to /raid1/genli/Data_D2O/M1_data/analysis_23163-23282_M1_20251202-213413/subjob_23214-23216/run23216_20250604-00/cuthist/Run_23216_M1_correlation_map.png
Saving aggregated data for sub-job 23214-23216...
Sub-job time length saved to /raid1/genli/Data_D2O/M1_data/analysis_23163-23282_M1_20251202-213413/subjob_23214-23216/subjob_time_length.json
Successfully saved data for master aggregation.
--- Sub-job Analysis Complete ---
