/home/genli/.local/lib/python3.9/site-packages/numpy/lib/nanfunctions.py:1878: RuntimeWarning: Degrees of freedom <= 0 for slice.
  var = nanvar(a, axis=axis, dtype=dtype, out=out, ddof=ddof,
=== Configuration ===
Analysis type: M1
Runs: 25308 to 25308
Output Directory for this job: /raid1/genli/Data_D2O/M1_data/BRN/analysis_25306-25315_M1_20251030-012258/subjob_25308-25308
Δt cut: (960, 10560) ns
Photoelectron cut: (0, 2000) P.E.
Time-std cut: < 40.0 ns
======================
--- Processing run 25308 ---
Low-light fits saved to /raid1/genli/Data_D2O/M1_data/BRN/analysis_25306-25315_M1_20251030-012258/subjob_25308-25308/run25308_20250831-21/lowlight/Run25308_M1_low_light_fits.png
Low-light fit data saved to /raid1/genli/Data_D2O/M1_data/BRN/analysis_25306-25315_M1_20251030-012258/subjob_25308-25308/run25308_20250831-21/lowlight/Run25308_M1_low_light_fits.pkl
Veto efficiency plot saved to /raid1/genli/Data_D2O/M1_data/BRN/analysis_25306-25315_M1_20251030-012258/subjob_25308-25308/run25308_20250831-21/histograms/25308_M1_veto_efficiency.png
Veto efficiency data saved to /raid1/genli/Data_D2O/M1_data/BRN/analysis_25306-25315_M1_20251030-012258/subjob_25308-25308/run25308_20250831-21/histograms/25308_M1_veto_efficiency.pkl
Run 25308: after NaN drop: 18590 events
Run 25308: after Δt cut: 8990 events
Run 25308: after total_pe cut: 8989 events
Run 25308: after time-std < 40.0 ns cut: 8989 events
Correlation map saved to /raid1/genli/Data_D2O/M1_data/BRN/analysis_25306-25315_M1_20251030-012258/subjob_25308-25308/run25308_20250831-21/cuthist/Run_25308_M1_correlation_map.png
Saving aggregated data for sub-job 25308-25308...
Successfully saved data for master aggregation.
--- Sub-job Analysis Complete ---
