/home/genli/.local/lib/python3.9/site-packages/numpy/lib/nanfunctions.py:1878: RuntimeWarning: Degrees of freedom <= 0 for slice.
  var = nanvar(a, axis=axis, dtype=dtype, out=out, ddof=ddof,
=== Configuration ===
Analysis type: M1
Runs: 14986 to 14986
Output Directory for this job: /raid1/genli/Data_D2O/M1_data/analysis_14977-14986_M1_20251124-161506/subjob_14986-14986
Δt cut: (2197, 10985) ns
Photoelectron cut: (0, 1000) P.E.
Time-std cut: < 40.0 ns
======================
--- Processing run 14986 ---
Length of time: 3597975635248.0 ns
Length of time: 59.966260587466664 minutes
Low-light fits saved to /raid1/genli/Data_D2O/M1_data/analysis_14977-14986_M1_20251124-161506/subjob_14986-14986/run14986_20240601-08/lowlight/Run14986_M1_low_light_fits.png
Low-light fit data saved to /raid1/genli/Data_D2O/M1_data/analysis_14977-14986_M1_20251124-161506/subjob_14986-14986/run14986_20240601-08/lowlight/Run14986_M1_low_light_fits.pkl
Applying 2000 ns time interval cut...
Time interval cut: Kept 2382514 / 2403939 events
Veto efficiency plot saved to /raid1/genli/Data_D2O/M1_data/analysis_14977-14986_M1_20251124-161506/subjob_14986-14986/run14986_20240601-08/histograms/14986_M1_veto_efficiency.png
Veto efficiency data saved to /raid1/genli/Data_D2O/M1_data/analysis_14977-14986_M1_20251124-161506/subjob_14986-14986/run14986_20240601-08/histograms/14986_M1_veto_efficiency.pkl
Run 14986: after NaN drop: 8959 events
Run 14986: after Δt cut: 5213 events
Run 14986: after total_pe cut: 5211 events
Run 14986: after time-std < 40.0 ns cut: 5211 events
Correlation map saved to /raid1/genli/Data_D2O/M1_data/analysis_14977-14986_M1_20251124-161506/subjob_14986-14986/run14986_20240601-08/cuthist/Run_14986_M1_correlation_map.png
Saving aggregated data for sub-job 14986-14986...
Sub-job time length saved to /raid1/genli/Data_D2O/M1_data/analysis_14977-14986_M1_20251124-161506/subjob_14986-14986/subjob_time_length.json
Successfully saved data for master aggregation.
--- Sub-job Analysis Complete ---
