/home/genli/.local/lib/python3.9/site-packages/numpy/lib/nanfunctions.py:1878: RuntimeWarning: Degrees of freedom <= 0 for slice.
  var = nanvar(a, axis=axis, dtype=dtype, out=out, ddof=ddof,
/usr/local/lib64/python3.9/site-packages/scipy/stats/_stats_py.py:4424: ConstantInputWarning: An input array is constant; the correlation coefficient is not defined.
  warnings.warn(stats.ConstantInputWarning(msg))
/usr/local/lib64/python3.9/site-packages/scipy/stats/_stats_py.py:4424: ConstantInputWarning: An input array is constant; the correlation coefficient is not defined.
  warnings.warn(stats.ConstantInputWarning(msg))
/usr/local/lib64/python3.9/site-packages/scipy/stats/_stats_py.py:4424: ConstantInputWarning: An input array is constant; the correlation coefficient is not defined.
  warnings.warn(stats.ConstantInputWarning(msg))
/usr/local/lib64/python3.9/site-packages/scipy/stats/_stats_py.py:4424: ConstantInputWarning: An input array is constant; the correlation coefficient is not defined.
  warnings.warn(stats.ConstantInputWarning(msg))
/home/genli/.local/lib/python3.9/site-packages/numpy/lib/nanfunctions.py:1878: RuntimeWarning: Degrees of freedom <= 0 for slice.
  var = nanvar(a, axis=axis, dtype=dtype, out=out, ddof=ddof,
/usr/local/lib64/python3.9/site-packages/scipy/stats/_stats_py.py:4424: ConstantInputWarning: An input array is constant; the correlation coefficient is not defined.
  warnings.warn(stats.ConstantInputWarning(msg))
/usr/local/lib64/python3.9/site-packages/scipy/stats/_stats_py.py:4424: ConstantInputWarning: An input array is constant; the correlation coefficient is not defined.
  warnings.warn(stats.ConstantInputWarning(msg))
/usr/local/lib64/python3.9/site-packages/scipy/stats/_stats_py.py:4424: ConstantInputWarning: An input array is constant; the correlation coefficient is not defined.
  warnings.warn(stats.ConstantInputWarning(msg))
/usr/local/lib64/python3.9/site-packages/scipy/stats/_stats_py.py:4424: ConstantInputWarning: An input array is constant; the correlation coefficient is not defined.
  warnings.warn(stats.ConstantInputWarning(msg))
/home/genli/.local/lib/python3.9/site-packages/numpy/lib/nanfunctions.py:1878: RuntimeWarning: Degrees of freedom <= 0 for slice.
  var = nanvar(a, axis=axis, dtype=dtype, out=out, ddof=ddof,
/usr/local/lib64/python3.9/site-packages/scipy/stats/_stats_py.py:4424: ConstantInputWarning: An input array is constant; the correlation coefficient is not defined.
  warnings.warn(stats.ConstantInputWarning(msg))
/usr/local/lib64/python3.9/site-packages/scipy/stats/_stats_py.py:4424: ConstantInputWarning: An input array is constant; the correlation coefficient is not defined.
  warnings.warn(stats.ConstantInputWarning(msg))
/usr/local/lib64/python3.9/site-packages/scipy/stats/_stats_py.py:4424: ConstantInputWarning: An input array is constant; the correlation coefficient is not defined.
  warnings.warn(stats.ConstantInputWarning(msg))
/usr/local/lib64/python3.9/site-packages/scipy/stats/_stats_py.py:4424: ConstantInputWarning: An input array is constant; the correlation coefficient is not defined.
  warnings.warn(stats.ConstantInputWarning(msg))
=== Configuration ===
Analysis type: M1
Runs: 15070 to 15072
Output Directory for this job: /raid1/genli/Data_D2O/M1_data/analysis_14977-15096_M1_20251202-205527/subjob_15070-15072
Δt cut: (17576, 219700) ns
Photoelectron cut: (0, 1000) P.E.
Time-std cut: < 40.0 ns
======================
--- Processing run 15070 ---
Length of time: 3597974406032.0 ns
Length of time: 59.966240100533334 minutes
Low-light fits saved to /raid1/genli/Data_D2O/M1_data/analysis_14977-15096_M1_20251202-205527/subjob_15070-15072/run15070_20240604-20/lowlight/Run15070_M1_low_light_fits.png
Low-light fit data saved to /raid1/genli/Data_D2O/M1_data/analysis_14977-15096_M1_20251202-205527/subjob_15070-15072/run15070_20240604-20/lowlight/Run15070_M1_low_light_fits.pkl
Applying 2000 ns time interval cut...
Time interval cut: Kept 2384017 / 2405794 events
Veto efficiency plot saved to /raid1/genli/Data_D2O/M1_data/analysis_14977-15096_M1_20251202-205527/subjob_15070-15072/run15070_20240604-20/histograms/15070_M1_veto_efficiency.png
Veto efficiency data saved to /raid1/genli/Data_D2O/M1_data/analysis_14977-15096_M1_20251202-205527/subjob_15070-15072/run15070_20240604-20/histograms/15070_M1_veto_efficiency.pkl
Run 15070: after NaN drop: 7562 events
Run 15070: after Δt cut: 322 events
Run 15070: after total_pe cut: 316 events
Run 15070: after time-std < 40.0 ns cut: 316 events
Correlation map saved to /raid1/genli/Data_D2O/M1_data/analysis_14977-15096_M1_20251202-205527/subjob_15070-15072/run15070_20240604-20/cuthist/Run_15070_M1_correlation_map.png
--- Processing run 15071 ---
Length of time: 3597975461680.0 ns
Length of time: 59.966257694666666 minutes
Low-light fits saved to /raid1/genli/Data_D2O/M1_data/analysis_14977-15096_M1_20251202-205527/subjob_15070-15072/run15071_20240604-21/lowlight/Run15071_M1_low_light_fits.png
Low-light fit data saved to /raid1/genli/Data_D2O/M1_data/analysis_14977-15096_M1_20251202-205527/subjob_15070-15072/run15071_20240604-21/lowlight/Run15071_M1_low_light_fits.pkl
Applying 2000 ns time interval cut...
Time interval cut: Kept 2390506 / 2412033 events
Veto efficiency plot saved to /raid1/genli/Data_D2O/M1_data/analysis_14977-15096_M1_20251202-205527/subjob_15070-15072/run15071_20240604-21/histograms/15071_M1_veto_efficiency.png
Veto efficiency data saved to /raid1/genli/Data_D2O/M1_data/analysis_14977-15096_M1_20251202-205527/subjob_15070-15072/run15071_20240604-21/histograms/15071_M1_veto_efficiency.pkl
Run 15071: after NaN drop: 7577 events
Run 15071: after Δt cut: 309 events
Run 15071: after total_pe cut: 307 events
Run 15071: after time-std < 40.0 ns cut: 307 events
Correlation map saved to /raid1/genli/Data_D2O/M1_data/analysis_14977-15096_M1_20251202-205527/subjob_15070-15072/run15071_20240604-21/cuthist/Run_15071_M1_correlation_map.png
--- Processing run 15072 ---
Length of time: 3597971988272.0 ns
Length of time: 59.96619980453333 minutes
Low-light fits saved to /raid1/genli/Data_D2O/M1_data/analysis_14977-15096_M1_20251202-205527/subjob_15070-15072/run15072_20240604-22/lowlight/Run15072_M1_low_light_fits.png
Low-light fit data saved to /raid1/genli/Data_D2O/M1_data/analysis_14977-15096_M1_20251202-205527/subjob_15070-15072/run15072_20240604-22/lowlight/Run15072_M1_low_light_fits.pkl
Applying 2000 ns time interval cut...
Time interval cut: Kept 2396131 / 2417868 events
Veto efficiency plot saved to /raid1/genli/Data_D2O/M1_data/analysis_14977-15096_M1_20251202-205527/subjob_15070-15072/run15072_20240604-22/histograms/15072_M1_veto_efficiency.png
Veto efficiency data saved to /raid1/genli/Data_D2O/M1_data/analysis_14977-15096_M1_20251202-205527/subjob_15070-15072/run15072_20240604-22/histograms/15072_M1_veto_efficiency.pkl
Run 15072: after NaN drop: 7325 events
Run 15072: after Δt cut: 307 events
Run 15072: after total_pe cut: 301 events
Run 15072: after time-std < 40.0 ns cut: 301 events
Correlation map saved to /raid1/genli/Data_D2O/M1_data/analysis_14977-15096_M1_20251202-205527/subjob_15070-15072/run15072_20240604-22/cuthist/Run_15072_M1_correlation_map.png
Saving aggregated data for sub-job 15070-15072...
Sub-job time length saved to /raid1/genli/Data_D2O/M1_data/analysis_14977-15096_M1_20251202-205527/subjob_15070-15072/subjob_time_length.json
Successfully saved data for master aggregation.
--- Sub-job Analysis Complete ---
