/home/genli/.local/lib/python3.9/site-packages/numpy/lib/nanfunctions.py:1878: RuntimeWarning: Degrees of freedom <= 0 for slice.
  var = nanvar(a, axis=axis, dtype=dtype, out=out, ddof=ddof,
=== Configuration ===
Analysis type: M1
Runs: 25312 to 25312
Output Directory for this job: /raid1/genli/Data_D2O/M1_data/BRN/analysis_25306-25315_M1_20251030-012258/subjob_25312-25312
Δt cut: (960, 10560) ns
Photoelectron cut: (0, 2000) P.E.
Time-std cut: < 40.0 ns
======================
--- Processing run 25312 ---
Low-light fits saved to /raid1/genli/Data_D2O/M1_data/BRN/analysis_25306-25315_M1_20251030-012258/subjob_25312-25312/run25312_20250901-01/lowlight/Run25312_M1_low_light_fits.png
Low-light fit data saved to /raid1/genli/Data_D2O/M1_data/BRN/analysis_25306-25315_M1_20251030-012258/subjob_25312-25312/run25312_20250901-01/lowlight/Run25312_M1_low_light_fits.pkl
Veto efficiency plot saved to /raid1/genli/Data_D2O/M1_data/BRN/analysis_25306-25315_M1_20251030-012258/subjob_25312-25312/run25312_20250901-01/histograms/25312_M1_veto_efficiency.png
Veto efficiency data saved to /raid1/genli/Data_D2O/M1_data/BRN/analysis_25306-25315_M1_20251030-012258/subjob_25312-25312/run25312_20250901-01/histograms/25312_M1_veto_efficiency.pkl
Run 25312: after NaN drop: 18913 events
Run 25312: after Δt cut: 9155 events
Run 25312: after total_pe cut: 9153 events
Run 25312: after time-std < 40.0 ns cut: 9153 events
Correlation map saved to /raid1/genli/Data_D2O/M1_data/BRN/analysis_25306-25315_M1_20251030-012258/subjob_25312-25312/run25312_20250901-01/cuthist/Run_25312_M1_correlation_map.png
Saving aggregated data for sub-job 25312-25312...
Successfully saved data for master aggregation.
--- Sub-job Analysis Complete ---
