/home/genli/.local/lib/python3.9/site-packages/numpy/lib/nanfunctions.py:1878: RuntimeWarning: Degrees of freedom <= 0 for slice.
  var = nanvar(a, axis=axis, dtype=dtype, out=out, ddof=ddof,
/home/genli/D2O_analysis/Codes/Read_Cut_Hist_D2O_multi_veto.py:411: UserWarning: Data has no positive values, and therefore cannot be log-scaled.
  ax.set_yscale('log')
/home/genli/.local/lib/python3.9/site-packages/numpy/lib/nanfunctions.py:1878: RuntimeWarning: Degrees of freedom <= 0 for slice.
  var = nanvar(a, axis=axis, dtype=dtype, out=out, ddof=ddof,
/home/genli/.local/lib/python3.9/site-packages/numpy/lib/nanfunctions.py:1878: RuntimeWarning: Degrees of freedom <= 0 for slice.
  var = nanvar(a, axis=axis, dtype=dtype, out=out, ddof=ddof,
/home/genli/.local/lib/python3.9/site-packages/numpy/lib/nanfunctions.py:1878: RuntimeWarning: Degrees of freedom <= 0 for slice.
  var = nanvar(a, axis=axis, dtype=dtype, out=out, ddof=ddof,
/home/genli/.local/lib/python3.9/site-packages/numpy/lib/nanfunctions.py:1878: RuntimeWarning: Degrees of freedom <= 0 for slice.
  var = nanvar(a, axis=axis, dtype=dtype, out=out, ddof=ddof,
/home/genli/.local/lib/python3.9/site-packages/numpy/lib/nanfunctions.py:1878: RuntimeWarning: Degrees of freedom <= 0 for slice.
  var = nanvar(a, axis=axis, dtype=dtype, out=out, ddof=ddof,
/home/genli/.local/lib/python3.9/site-packages/numpy/lib/nanfunctions.py:1878: RuntimeWarning: Degrees of freedom <= 0 for slice.
  var = nanvar(a, axis=axis, dtype=dtype, out=out, ddof=ddof,
/home/genli/.local/lib/python3.9/site-packages/numpy/lib/nanfunctions.py:1878: RuntimeWarning: Degrees of freedom <= 0 for slice.
  var = nanvar(a, axis=axis, dtype=dtype, out=out, ddof=ddof,
/home/genli/D2O_analysis/Codes/Read_Cut_Hist_D2O_multi_veto.py:411: UserWarning: Data has no positive values, and therefore cannot be log-scaled.
  ax.set_yscale('log')
/home/genli/.local/lib/python3.9/site-packages/numpy/lib/nanfunctions.py:1878: RuntimeWarning: Degrees of freedom <= 0 for slice.
  var = nanvar(a, axis=axis, dtype=dtype, out=out, ddof=ddof,
/home/genli/.local/lib/python3.9/site-packages/numpy/lib/nanfunctions.py:1878: RuntimeWarning: Degrees of freedom <= 0 for slice.
  var = nanvar(a, axis=axis, dtype=dtype, out=out, ddof=ddof,
/home/genli/.local/lib/python3.9/site-packages/numpy/lib/nanfunctions.py:1878: RuntimeWarning: Degrees of freedom <= 0 for slice.
  var = nanvar(a, axis=axis, dtype=dtype, out=out, ddof=ddof,
/home/genli/D2O_analysis/Codes/Read_Cut_Hist_D2O_multi_veto.py:411: UserWarning: Data has no positive values, and therefore cannot be log-scaled.
  ax.set_yscale('log')
/home/genli/.local/lib/python3.9/site-packages/numpy/lib/nanfunctions.py:1878: RuntimeWarning: Degrees of freedom <= 0 for slice.
  var = nanvar(a, axis=axis, dtype=dtype, out=out, ddof=ddof,
/home/genli/.local/lib/python3.9/site-packages/numpy/lib/nanfunctions.py:1878: RuntimeWarning: Degrees of freedom <= 0 for slice.
  var = nanvar(a, axis=axis, dtype=dtype, out=out, ddof=ddof,
/home/genli/D2O_analysis/Codes/Read_Cut_Hist_D2O_multi_veto.py:411: UserWarning: Data has no positive values, and therefore cannot be log-scaled.
  ax.set_yscale('log')
/home/genli/.local/lib/python3.9/site-packages/numpy/lib/nanfunctions.py:1878: RuntimeWarning: Degrees of freedom <= 0 for slice.
  var = nanvar(a, axis=axis, dtype=dtype, out=out, ddof=ddof,
/home/genli/.local/lib/python3.9/site-packages/numpy/lib/nanfunctions.py:1878: RuntimeWarning: Degrees of freedom <= 0 for slice.
  var = nanvar(a, axis=axis, dtype=dtype, out=out, ddof=ddof,
/home/genli/D2O_analysis/Codes/Read_Cut_Hist_D2O_multi_veto.py:411: UserWarning: Data has no positive values, and therefore cannot be log-scaled.
  ax.set_yscale('log')
/home/genli/.local/lib/python3.9/site-packages/numpy/lib/nanfunctions.py:1878: RuntimeWarning: Degrees of freedom <= 0 for slice.
  var = nanvar(a, axis=axis, dtype=dtype, out=out, ddof=ddof,
/home/genli/.local/lib/python3.9/site-packages/numpy/lib/nanfunctions.py:1878: RuntimeWarning: Degrees of freedom <= 0 for slice.
  var = nanvar(a, axis=axis, dtype=dtype, out=out, ddof=ddof,
/home/genli/D2O_analysis/Codes/Read_Cut_Hist_D2O_multi_veto.py:411: UserWarning: Data has no positive values, and therefore cannot be log-scaled.
  ax.set_yscale('log')
/home/genli/.local/lib/python3.9/site-packages/numpy/lib/nanfunctions.py:1878: RuntimeWarning: Degrees of freedom <= 0 for slice.
  var = nanvar(a, axis=axis, dtype=dtype, out=out, ddof=ddof,
/home/genli/.local/lib/python3.9/site-packages/numpy/lib/nanfunctions.py:1878: RuntimeWarning: Degrees of freedom <= 0 for slice.
  var = nanvar(a, axis=axis, dtype=dtype, out=out, ddof=ddof,
=== Configuration ===
Analysis type: M1
Runs: 25553 to 25571
Output Directory for this job: /raid1/genli/Data_D2O/M1_data/BRN/analysis_25306-26233_M1_20251030-013056/subjob_25553-25571
Δt cut: (960, 10560) ns
Photoelectron cut: (0, 2000) P.E.
Time-std cut: < 40.0 ns
======================
--- Processing run 25553 ---
Low-light fits saved to /raid1/genli/Data_D2O/M1_data/BRN/analysis_25306-26233_M1_20251030-013056/subjob_25553-25571/run25553_20250911-03/lowlight/Run25553_M1_low_light_fits.png
Low-light fit data saved to /raid1/genli/Data_D2O/M1_data/BRN/analysis_25306-26233_M1_20251030-013056/subjob_25553-25571/run25553_20250911-03/lowlight/Run25553_M1_low_light_fits.pkl
Veto efficiency plot saved to /raid1/genli/Data_D2O/M1_data/BRN/analysis_25306-26233_M1_20251030-013056/subjob_25553-25571/run25553_20250911-03/histograms/25553_M1_veto_efficiency.png
Veto efficiency data saved to /raid1/genli/Data_D2O/M1_data/BRN/analysis_25306-26233_M1_20251030-013056/subjob_25553-25571/run25553_20250911-03/histograms/25553_M1_veto_efficiency.pkl
Run 25553: after NaN drop: 18605 events
Run 25553: after Δt cut: 9002 events
Run 25553: after total_pe cut: 8999 events
Run 25553: after time-std < 40.0 ns cut: 8999 events
Correlation map saved to /raid1/genli/Data_D2O/M1_data/BRN/analysis_25306-26233_M1_20251030-013056/subjob_25553-25571/run25553_20250911-03/cuthist/Run_25553_M1_correlation_map.png
--- Processing run 25554 ---
Low-light fits saved to /raid1/genli/Data_D2O/M1_data/BRN/analysis_25306-26233_M1_20251030-013056/subjob_25553-25571/run25554_20250911-04/lowlight/Run25554_M1_low_light_fits.png
Low-light fit data saved to /raid1/genli/Data_D2O/M1_data/BRN/analysis_25306-26233_M1_20251030-013056/subjob_25553-25571/run25554_20250911-04/lowlight/Run25554_M1_low_light_fits.pkl
Veto efficiency plot saved to /raid1/genli/Data_D2O/M1_data/BRN/analysis_25306-26233_M1_20251030-013056/subjob_25553-25571/run25554_20250911-04/histograms/25554_M1_veto_efficiency.png
Veto efficiency data saved to /raid1/genli/Data_D2O/M1_data/BRN/analysis_25306-26233_M1_20251030-013056/subjob_25553-25571/run25554_20250911-04/histograms/25554_M1_veto_efficiency.pkl
Run 25554: after NaN drop: 18609 events
Run 25554: after Δt cut: 8981 events
Run 25554: after total_pe cut: 8978 events
Run 25554: after time-std < 40.0 ns cut: 8978 events
Correlation map saved to /raid1/genli/Data_D2O/M1_data/BRN/analysis_25306-26233_M1_20251030-013056/subjob_25553-25571/run25554_20250911-04/cuthist/Run_25554_M1_correlation_map.png
--- Processing run 25555 ---
Low-light fits saved to /raid1/genli/Data_D2O/M1_data/BRN/analysis_25306-26233_M1_20251030-013056/subjob_25553-25571/run25555_20250911-05/lowlight/Run25555_M1_low_light_fits.png
Low-light fit data saved to /raid1/genli/Data_D2O/M1_data/BRN/analysis_25306-26233_M1_20251030-013056/subjob_25553-25571/run25555_20250911-05/lowlight/Run25555_M1_low_light_fits.pkl
Veto efficiency plot saved to /raid1/genli/Data_D2O/M1_data/BRN/analysis_25306-26233_M1_20251030-013056/subjob_25553-25571/run25555_20250911-05/histograms/25555_M1_veto_efficiency.png
Veto efficiency data saved to /raid1/genli/Data_D2O/M1_data/BRN/analysis_25306-26233_M1_20251030-013056/subjob_25553-25571/run25555_20250911-05/histograms/25555_M1_veto_efficiency.pkl
Run 25555: after NaN drop: 18688 events
Run 25555: after Δt cut: 9043 events
Run 25555: after total_pe cut: 9040 events
Run 25555: after time-std < 40.0 ns cut: 9040 events
Correlation map saved to /raid1/genli/Data_D2O/M1_data/BRN/analysis_25306-26233_M1_20251030-013056/subjob_25553-25571/run25555_20250911-05/cuthist/Run_25555_M1_correlation_map.png
--- Processing run 25556 ---
Low-light fits saved to /raid1/genli/Data_D2O/M1_data/BRN/analysis_25306-26233_M1_20251030-013056/subjob_25553-25571/run25556_20250911-06/lowlight/Run25556_M1_low_light_fits.png
Low-light fit data saved to /raid1/genli/Data_D2O/M1_data/BRN/analysis_25306-26233_M1_20251030-013056/subjob_25553-25571/run25556_20250911-06/lowlight/Run25556_M1_low_light_fits.pkl
Veto efficiency plot saved to /raid1/genli/Data_D2O/M1_data/BRN/analysis_25306-26233_M1_20251030-013056/subjob_25553-25571/run25556_20250911-06/histograms/25556_M1_veto_efficiency.png
Veto efficiency data saved to /raid1/genli/Data_D2O/M1_data/BRN/analysis_25306-26233_M1_20251030-013056/subjob_25553-25571/run25556_20250911-06/histograms/25556_M1_veto_efficiency.pkl
Run 25556: after NaN drop: 18495 events
Run 25556: after Δt cut: 9111 events
Run 25556: after total_pe cut: 9110 events
Run 25556: after time-std < 40.0 ns cut: 9110 events
Correlation map saved to /raid1/genli/Data_D2O/M1_data/BRN/analysis_25306-26233_M1_20251030-013056/subjob_25553-25571/run25556_20250911-06/cuthist/Run_25556_M1_correlation_map.png
--- Processing run 25557 ---
Low-light fits saved to /raid1/genli/Data_D2O/M1_data/BRN/analysis_25306-26233_M1_20251030-013056/subjob_25553-25571/run25557_20250911-07/lowlight/Run25557_M1_low_light_fits.png
Low-light fit data saved to /raid1/genli/Data_D2O/M1_data/BRN/analysis_25306-26233_M1_20251030-013056/subjob_25553-25571/run25557_20250911-07/lowlight/Run25557_M1_low_light_fits.pkl
Veto efficiency plot saved to /raid1/genli/Data_D2O/M1_data/BRN/analysis_25306-26233_M1_20251030-013056/subjob_25553-25571/run25557_20250911-07/histograms/25557_M1_veto_efficiency.png
Veto efficiency data saved to /raid1/genli/Data_D2O/M1_data/BRN/analysis_25306-26233_M1_20251030-013056/subjob_25553-25571/run25557_20250911-07/histograms/25557_M1_veto_efficiency.pkl
Run 25557: after NaN drop: 18568 events
Run 25557: after Δt cut: 8920 events
Run 25557: after total_pe cut: 8919 events
Run 25557: after time-std < 40.0 ns cut: 8919 events
Correlation map saved to /raid1/genli/Data_D2O/M1_data/BRN/analysis_25306-26233_M1_20251030-013056/subjob_25553-25571/run25557_20250911-07/cuthist/Run_25557_M1_correlation_map.png
--- Processing run 25558 ---
Low-light fits saved to /raid1/genli/Data_D2O/M1_data/BRN/analysis_25306-26233_M1_20251030-013056/subjob_25553-25571/run25558_20250911-08/lowlight/Run25558_M1_low_light_fits.png
Low-light fit data saved to /raid1/genli/Data_D2O/M1_data/BRN/analysis_25306-26233_M1_20251030-013056/subjob_25553-25571/run25558_20250911-08/lowlight/Run25558_M1_low_light_fits.pkl
Veto efficiency plot saved to /raid1/genli/Data_D2O/M1_data/BRN/analysis_25306-26233_M1_20251030-013056/subjob_25553-25571/run25558_20250911-08/histograms/25558_M1_veto_efficiency.png
Veto efficiency data saved to /raid1/genli/Data_D2O/M1_data/BRN/analysis_25306-26233_M1_20251030-013056/subjob_25553-25571/run25558_20250911-08/histograms/25558_M1_veto_efficiency.pkl
Run 25558: after NaN drop: 18624 events
Run 25558: after Δt cut: 8947 events
Run 25558: after total_pe cut: 8945 events
Run 25558: after time-std < 40.0 ns cut: 8945 events
Correlation map saved to /raid1/genli/Data_D2O/M1_data/BRN/analysis_25306-26233_M1_20251030-013056/subjob_25553-25571/run25558_20250911-08/cuthist/Run_25558_M1_correlation_map.png
--- Processing run 25559 ---
Low-light fits saved to /raid1/genli/Data_D2O/M1_data/BRN/analysis_25306-26233_M1_20251030-013056/subjob_25553-25571/run25559_20250911-09/lowlight/Run25559_M1_low_light_fits.png
Low-light fit data saved to /raid1/genli/Data_D2O/M1_data/BRN/analysis_25306-26233_M1_20251030-013056/subjob_25553-25571/run25559_20250911-09/lowlight/Run25559_M1_low_light_fits.pkl
Veto efficiency plot saved to /raid1/genli/Data_D2O/M1_data/BRN/analysis_25306-26233_M1_20251030-013056/subjob_25553-25571/run25559_20250911-09/histograms/25559_M1_veto_efficiency.png
Veto efficiency data saved to /raid1/genli/Data_D2O/M1_data/BRN/analysis_25306-26233_M1_20251030-013056/subjob_25553-25571/run25559_20250911-09/histograms/25559_M1_veto_efficiency.pkl
Run 25559: after NaN drop: 18763 events
Run 25559: after Δt cut: 8995 events
Run 25559: after total_pe cut: 8995 events
Run 25559: after time-std < 40.0 ns cut: 8995 events
Correlation map saved to /raid1/genli/Data_D2O/M1_data/BRN/analysis_25306-26233_M1_20251030-013056/subjob_25553-25571/run25559_20250911-09/cuthist/Run_25559_M1_correlation_map.png
--- Processing run 25560 ---
Low-light fits saved to /raid1/genli/Data_D2O/M1_data/BRN/analysis_25306-26233_M1_20251030-013056/subjob_25553-25571/run25560_20250911-10/lowlight/Run25560_M1_low_light_fits.png
Low-light fit data saved to /raid1/genli/Data_D2O/M1_data/BRN/analysis_25306-26233_M1_20251030-013056/subjob_25553-25571/run25560_20250911-10/lowlight/Run25560_M1_low_light_fits.pkl
Veto efficiency plot saved to /raid1/genli/Data_D2O/M1_data/BRN/analysis_25306-26233_M1_20251030-013056/subjob_25553-25571/run25560_20250911-10/histograms/25560_M1_veto_efficiency.png
Veto efficiency data saved to /raid1/genli/Data_D2O/M1_data/BRN/analysis_25306-26233_M1_20251030-013056/subjob_25553-25571/run25560_20250911-10/histograms/25560_M1_veto_efficiency.pkl
Run 25560: after NaN drop: 18713 events
Run 25560: after Δt cut: 8902 events
Run 25560: after total_pe cut: 8901 events
Run 25560: after time-std < 40.0 ns cut: 8901 events
Correlation map saved to /raid1/genli/Data_D2O/M1_data/BRN/analysis_25306-26233_M1_20251030-013056/subjob_25553-25571/run25560_20250911-10/cuthist/Run_25560_M1_correlation_map.png
--- Processing run 25561 ---
Low-light fits saved to /raid1/genli/Data_D2O/M1_data/BRN/analysis_25306-26233_M1_20251030-013056/subjob_25553-25571/run25561_20250911-11/lowlight/Run25561_M1_low_light_fits.png
Low-light fit data saved to /raid1/genli/Data_D2O/M1_data/BRN/analysis_25306-26233_M1_20251030-013056/subjob_25553-25571/run25561_20250911-11/lowlight/Run25561_M1_low_light_fits.pkl
Veto efficiency plot saved to /raid1/genli/Data_D2O/M1_data/BRN/analysis_25306-26233_M1_20251030-013056/subjob_25553-25571/run25561_20250911-11/histograms/25561_M1_veto_efficiency.png
Veto efficiency data saved to /raid1/genli/Data_D2O/M1_data/BRN/analysis_25306-26233_M1_20251030-013056/subjob_25553-25571/run25561_20250911-11/histograms/25561_M1_veto_efficiency.pkl
Run 25561: after NaN drop: 18631 events
Run 25561: after Δt cut: 8973 events
Run 25561: after total_pe cut: 8972 events
Run 25561: after time-std < 40.0 ns cut: 8972 events
Correlation map saved to /raid1/genli/Data_D2O/M1_data/BRN/analysis_25306-26233_M1_20251030-013056/subjob_25553-25571/run25561_20250911-11/cuthist/Run_25561_M1_correlation_map.png
--- Processing run 25562 ---
Low-light fits saved to /raid1/genli/Data_D2O/M1_data/BRN/analysis_25306-26233_M1_20251030-013056/subjob_25553-25571/run25562_20250911-12/lowlight/Run25562_M1_low_light_fits.png
Low-light fit data saved to /raid1/genli/Data_D2O/M1_data/BRN/analysis_25306-26233_M1_20251030-013056/subjob_25553-25571/run25562_20250911-12/lowlight/Run25562_M1_low_light_fits.pkl
Veto efficiency plot saved to /raid1/genli/Data_D2O/M1_data/BRN/analysis_25306-26233_M1_20251030-013056/subjob_25553-25571/run25562_20250911-12/histograms/25562_M1_veto_efficiency.png
Veto efficiency data saved to /raid1/genli/Data_D2O/M1_data/BRN/analysis_25306-26233_M1_20251030-013056/subjob_25553-25571/run25562_20250911-12/histograms/25562_M1_veto_efficiency.pkl
Run 25562: after NaN drop: 18649 events
Run 25562: after Δt cut: 8955 events
Run 25562: after total_pe cut: 8953 events
Run 25562: after time-std < 40.0 ns cut: 8953 events
Correlation map saved to /raid1/genli/Data_D2O/M1_data/BRN/analysis_25306-26233_M1_20251030-013056/subjob_25553-25571/run25562_20250911-12/cuthist/Run_25562_M1_correlation_map.png
--- Processing run 25563 ---
Low-light fits saved to /raid1/genli/Data_D2O/M1_data/BRN/analysis_25306-26233_M1_20251030-013056/subjob_25553-25571/run25563_20250911-13/lowlight/Run25563_M1_low_light_fits.png
Low-light fit data saved to /raid1/genli/Data_D2O/M1_data/BRN/analysis_25306-26233_M1_20251030-013056/subjob_25553-25571/run25563_20250911-13/lowlight/Run25563_M1_low_light_fits.pkl
Veto efficiency plot saved to /raid1/genli/Data_D2O/M1_data/BRN/analysis_25306-26233_M1_20251030-013056/subjob_25553-25571/run25563_20250911-13/histograms/25563_M1_veto_efficiency.png
Veto efficiency data saved to /raid1/genli/Data_D2O/M1_data/BRN/analysis_25306-26233_M1_20251030-013056/subjob_25553-25571/run25563_20250911-13/histograms/25563_M1_veto_efficiency.pkl
Run 25563: after NaN drop: 18802 events
Run 25563: after Δt cut: 9073 events
Run 25563: after total_pe cut: 9070 events
Run 25563: after time-std < 40.0 ns cut: 9070 events
Correlation map saved to /raid1/genli/Data_D2O/M1_data/BRN/analysis_25306-26233_M1_20251030-013056/subjob_25553-25571/run25563_20250911-13/cuthist/Run_25563_M1_correlation_map.png
--- Processing run 25564 ---
Low-light fits saved to /raid1/genli/Data_D2O/M1_data/BRN/analysis_25306-26233_M1_20251030-013056/subjob_25553-25571/run25564_20250911-14/lowlight/Run25564_M1_low_light_fits.png
Low-light fit data saved to /raid1/genli/Data_D2O/M1_data/BRN/analysis_25306-26233_M1_20251030-013056/subjob_25553-25571/run25564_20250911-14/lowlight/Run25564_M1_low_light_fits.pkl
Veto efficiency plot saved to /raid1/genli/Data_D2O/M1_data/BRN/analysis_25306-26233_M1_20251030-013056/subjob_25553-25571/run25564_20250911-14/histograms/25564_M1_veto_efficiency.png
Veto efficiency data saved to /raid1/genli/Data_D2O/M1_data/BRN/analysis_25306-26233_M1_20251030-013056/subjob_25553-25571/run25564_20250911-14/histograms/25564_M1_veto_efficiency.pkl
Run 25564: after NaN drop: 18855 events
Run 25564: after Δt cut: 9103 events
Run 25564: after total_pe cut: 9100 events
Run 25564: after time-std < 40.0 ns cut: 9100 events
Correlation map saved to /raid1/genli/Data_D2O/M1_data/BRN/analysis_25306-26233_M1_20251030-013056/subjob_25553-25571/run25564_20250911-14/cuthist/Run_25564_M1_correlation_map.png
--- Processing run 25565 ---
Low-light fits saved to /raid1/genli/Data_D2O/M1_data/BRN/analysis_25306-26233_M1_20251030-013056/subjob_25553-25571/run25565_20250911-15/lowlight/Run25565_M1_low_light_fits.png
Low-light fit data saved to /raid1/genli/Data_D2O/M1_data/BRN/analysis_25306-26233_M1_20251030-013056/subjob_25553-25571/run25565_20250911-15/lowlight/Run25565_M1_low_light_fits.pkl
Veto efficiency plot saved to /raid1/genli/Data_D2O/M1_data/BRN/analysis_25306-26233_M1_20251030-013056/subjob_25553-25571/run25565_20250911-15/histograms/25565_M1_veto_efficiency.png
Veto efficiency data saved to /raid1/genli/Data_D2O/M1_data/BRN/analysis_25306-26233_M1_20251030-013056/subjob_25553-25571/run25565_20250911-15/histograms/25565_M1_veto_efficiency.pkl
Run 25565: after NaN drop: 18708 events
Run 25565: after Δt cut: 9106 events
Run 25565: after total_pe cut: 9106 events
Run 25565: after time-std < 40.0 ns cut: 9106 events
Correlation map saved to /raid1/genli/Data_D2O/M1_data/BRN/analysis_25306-26233_M1_20251030-013056/subjob_25553-25571/run25565_20250911-15/cuthist/Run_25565_M1_correlation_map.png
--- Processing run 25566 ---
Low-light fits saved to /raid1/genli/Data_D2O/M1_data/BRN/analysis_25306-26233_M1_20251030-013056/subjob_25553-25571/run25566_20250911-16/lowlight/Run25566_M1_low_light_fits.png
Low-light fit data saved to /raid1/genli/Data_D2O/M1_data/BRN/analysis_25306-26233_M1_20251030-013056/subjob_25553-25571/run25566_20250911-16/lowlight/Run25566_M1_low_light_fits.pkl
Veto efficiency plot saved to /raid1/genli/Data_D2O/M1_data/BRN/analysis_25306-26233_M1_20251030-013056/subjob_25553-25571/run25566_20250911-16/histograms/25566_M1_veto_efficiency.png
Veto efficiency data saved to /raid1/genli/Data_D2O/M1_data/BRN/analysis_25306-26233_M1_20251030-013056/subjob_25553-25571/run25566_20250911-16/histograms/25566_M1_veto_efficiency.pkl
Run 25566: after NaN drop: 18869 events
Run 25566: after Δt cut: 8973 events
Run 25566: after total_pe cut: 8972 events
Run 25566: after time-std < 40.0 ns cut: 8972 events
Correlation map saved to /raid1/genli/Data_D2O/M1_data/BRN/analysis_25306-26233_M1_20251030-013056/subjob_25553-25571/run25566_20250911-16/cuthist/Run_25566_M1_correlation_map.png
--- Processing run 25567 ---
Low-light fits saved to /raid1/genli/Data_D2O/M1_data/BRN/analysis_25306-26233_M1_20251030-013056/subjob_25553-25571/run25567_20250911-17/lowlight/Run25567_M1_low_light_fits.png
Low-light fit data saved to /raid1/genli/Data_D2O/M1_data/BRN/analysis_25306-26233_M1_20251030-013056/subjob_25553-25571/run25567_20250911-17/lowlight/Run25567_M1_low_light_fits.pkl
Veto efficiency plot saved to /raid1/genli/Data_D2O/M1_data/BRN/analysis_25306-26233_M1_20251030-013056/subjob_25553-25571/run25567_20250911-17/histograms/25567_M1_veto_efficiency.png
Veto efficiency data saved to /raid1/genli/Data_D2O/M1_data/BRN/analysis_25306-26233_M1_20251030-013056/subjob_25553-25571/run25567_20250911-17/histograms/25567_M1_veto_efficiency.pkl
Run 25567: after NaN drop: 18752 events
Run 25567: after Δt cut: 9100 events
Run 25567: after total_pe cut: 9099 events
Run 25567: after time-std < 40.0 ns cut: 9099 events
Correlation map saved to /raid1/genli/Data_D2O/M1_data/BRN/analysis_25306-26233_M1_20251030-013056/subjob_25553-25571/run25567_20250911-17/cuthist/Run_25567_M1_correlation_map.png
--- Processing run 25568 ---
Low-light fits saved to /raid1/genli/Data_D2O/M1_data/BRN/analysis_25306-26233_M1_20251030-013056/subjob_25553-25571/run25568_20250911-18/lowlight/Run25568_M1_low_light_fits.png
Low-light fit data saved to /raid1/genli/Data_D2O/M1_data/BRN/analysis_25306-26233_M1_20251030-013056/subjob_25553-25571/run25568_20250911-18/lowlight/Run25568_M1_low_light_fits.pkl
Veto efficiency plot saved to /raid1/genli/Data_D2O/M1_data/BRN/analysis_25306-26233_M1_20251030-013056/subjob_25553-25571/run25568_20250911-18/histograms/25568_M1_veto_efficiency.png
Veto efficiency data saved to /raid1/genli/Data_D2O/M1_data/BRN/analysis_25306-26233_M1_20251030-013056/subjob_25553-25571/run25568_20250911-18/histograms/25568_M1_veto_efficiency.pkl
Run 25568: after NaN drop: 18759 events
Run 25568: after Δt cut: 9059 events
Run 25568: after total_pe cut: 9059 events
Run 25568: after time-std < 40.0 ns cut: 9059 events
Correlation map saved to /raid1/genli/Data_D2O/M1_data/BRN/analysis_25306-26233_M1_20251030-013056/subjob_25553-25571/run25568_20250911-18/cuthist/Run_25568_M1_correlation_map.png
--- Processing run 25569 ---
Low-light fits saved to /raid1/genli/Data_D2O/M1_data/BRN/analysis_25306-26233_M1_20251030-013056/subjob_25553-25571/run25569_20250911-19/lowlight/Run25569_M1_low_light_fits.png
Low-light fit data saved to /raid1/genli/Data_D2O/M1_data/BRN/analysis_25306-26233_M1_20251030-013056/subjob_25553-25571/run25569_20250911-19/lowlight/Run25569_M1_low_light_fits.pkl
Veto efficiency plot saved to /raid1/genli/Data_D2O/M1_data/BRN/analysis_25306-26233_M1_20251030-013056/subjob_25553-25571/run25569_20250911-19/histograms/25569_M1_veto_efficiency.png
Veto efficiency data saved to /raid1/genli/Data_D2O/M1_data/BRN/analysis_25306-26233_M1_20251030-013056/subjob_25553-25571/run25569_20250911-19/histograms/25569_M1_veto_efficiency.pkl
Run 25569: after NaN drop: 18665 events
Run 25569: after Δt cut: 9101 events
Run 25569: after total_pe cut: 9099 events
Run 25569: after time-std < 40.0 ns cut: 9099 events
Correlation map saved to /raid1/genli/Data_D2O/M1_data/BRN/analysis_25306-26233_M1_20251030-013056/subjob_25553-25571/run25569_20250911-19/cuthist/Run_25569_M1_correlation_map.png
--- Processing run 25570 ---
Low-light fits saved to /raid1/genli/Data_D2O/M1_data/BRN/analysis_25306-26233_M1_20251030-013056/subjob_25553-25571/run25570_20250911-20/lowlight/Run25570_M1_low_light_fits.png
Low-light fit data saved to /raid1/genli/Data_D2O/M1_data/BRN/analysis_25306-26233_M1_20251030-013056/subjob_25553-25571/run25570_20250911-20/lowlight/Run25570_M1_low_light_fits.pkl
Veto efficiency plot saved to /raid1/genli/Data_D2O/M1_data/BRN/analysis_25306-26233_M1_20251030-013056/subjob_25553-25571/run25570_20250911-20/histograms/25570_M1_veto_efficiency.png
Veto efficiency data saved to /raid1/genli/Data_D2O/M1_data/BRN/analysis_25306-26233_M1_20251030-013056/subjob_25553-25571/run25570_20250911-20/histograms/25570_M1_veto_efficiency.pkl
Run 25570: after NaN drop: 18723 events
Run 25570: after Δt cut: 8950 events
Run 25570: after total_pe cut: 8949 events
Run 25570: after time-std < 40.0 ns cut: 8949 events
Correlation map saved to /raid1/genli/Data_D2O/M1_data/BRN/analysis_25306-26233_M1_20251030-013056/subjob_25553-25571/run25570_20250911-20/cuthist/Run_25570_M1_correlation_map.png
--- Processing run 25571 ---
Low-light fits saved to /raid1/genli/Data_D2O/M1_data/BRN/analysis_25306-26233_M1_20251030-013056/subjob_25553-25571/run25571_20250911-21/lowlight/Run25571_M1_low_light_fits.png
Low-light fit data saved to /raid1/genli/Data_D2O/M1_data/BRN/analysis_25306-26233_M1_20251030-013056/subjob_25553-25571/run25571_20250911-21/lowlight/Run25571_M1_low_light_fits.pkl
Veto efficiency plot saved to /raid1/genli/Data_D2O/M1_data/BRN/analysis_25306-26233_M1_20251030-013056/subjob_25553-25571/run25571_20250911-21/histograms/25571_M1_veto_efficiency.png
Veto efficiency data saved to /raid1/genli/Data_D2O/M1_data/BRN/analysis_25306-26233_M1_20251030-013056/subjob_25553-25571/run25571_20250911-21/histograms/25571_M1_veto_efficiency.pkl
Run 25571: after NaN drop: 18784 events
Run 25571: after Δt cut: 9080 events
Run 25571: after total_pe cut: 9079 events
Run 25571: after time-std < 40.0 ns cut: 9079 events
Correlation map saved to /raid1/genli/Data_D2O/M1_data/BRN/analysis_25306-26233_M1_20251030-013056/subjob_25553-25571/run25571_20250911-21/cuthist/Run_25571_M1_correlation_map.png
Saving aggregated data for sub-job 25553-25571...
Successfully saved data for master aggregation.
--- Sub-job Analysis Complete ---
