/home/genli/.local/lib/python3.9/site-packages/numpy/lib/nanfunctions.py:1878: RuntimeWarning: Degrees of freedom <= 0 for slice.
  var = nanvar(a, axis=axis, dtype=dtype, out=out, ddof=ddof,
=== Configuration ===
Analysis type: M1
Runs: 14979 to 14979
Output Directory for this job: /raid1/genli/Data_D2O/M1_data/analysis_14977-14986_M1_20251118-163356/subjob_14979-14979
Δt cut: (17576, 2197000) ns
Photoelectron cut: (0, 2000) P.E.
Time-std cut: < 40.0 ns
======================
--- Processing run 14979 ---
Low-light fits saved to /raid1/genli/Data_D2O/M1_data/analysis_14977-14986_M1_20251118-163356/subjob_14979-14979/run14979_20240601-01/lowlight/Run14979_M1_low_light_fits.png
Low-light fit data saved to /raid1/genli/Data_D2O/M1_data/analysis_14977-14986_M1_20251118-163356/subjob_14979-14979/run14979_20240601-01/lowlight/Run14979_M1_low_light_fits.pkl
Applying 2000 ns time interval cut...
Time interval cut: Kept 2390115 / 2411508 events
Veto efficiency plot saved to /raid1/genli/Data_D2O/M1_data/analysis_14977-14986_M1_20251118-163356/subjob_14979-14979/run14979_20240601-01/histograms/14979_M1_veto_efficiency.png
Veto efficiency data saved to /raid1/genli/Data_D2O/M1_data/analysis_14977-14986_M1_20251118-163356/subjob_14979-14979/run14979_20240601-01/histograms/14979_M1_veto_efficiency.pkl
Run 14979: after NaN drop: 9013 events
Run 14979: after Δt cut: 2045 events
Run 14979: after total_pe cut: 2045 events
Run 14979: after time-std < 40.0 ns cut: 2045 events
Correlation map saved to /raid1/genli/Data_D2O/M1_data/analysis_14977-14986_M1_20251118-163356/subjob_14979-14979/run14979_20240601-01/cuthist/Run_14979_M1_correlation_map.png
Saving aggregated data for sub-job 14979-14979...
Successfully saved data for master aggregation.
--- Sub-job Analysis Complete ---
