/home/genli/.local/lib/python3.9/site-packages/numpy/lib/nanfunctions.py:1878: RuntimeWarning: Degrees of freedom <= 0 for slice.
  var = nanvar(a, axis=axis, dtype=dtype, out=out, ddof=ddof,
/usr/local/lib64/python3.9/site-packages/scipy/stats/_stats_py.py:4424: ConstantInputWarning: An input array is constant; the correlation coefficient is not defined.
  warnings.warn(stats.ConstantInputWarning(msg))
/usr/local/lib64/python3.9/site-packages/scipy/stats/_stats_py.py:4424: ConstantInputWarning: An input array is constant; the correlation coefficient is not defined.
  warnings.warn(stats.ConstantInputWarning(msg))
/usr/local/lib64/python3.9/site-packages/scipy/stats/_stats_py.py:4424: ConstantInputWarning: An input array is constant; the correlation coefficient is not defined.
  warnings.warn(stats.ConstantInputWarning(msg))
/usr/local/lib64/python3.9/site-packages/scipy/stats/_stats_py.py:4424: ConstantInputWarning: An input array is constant; the correlation coefficient is not defined.
  warnings.warn(stats.ConstantInputWarning(msg))
/home/genli/.local/lib/python3.9/site-packages/numpy/lib/nanfunctions.py:1878: RuntimeWarning: Degrees of freedom <= 0 for slice.
  var = nanvar(a, axis=axis, dtype=dtype, out=out, ddof=ddof,
/usr/local/lib64/python3.9/site-packages/scipy/stats/_stats_py.py:4424: ConstantInputWarning: An input array is constant; the correlation coefficient is not defined.
  warnings.warn(stats.ConstantInputWarning(msg))
/usr/local/lib64/python3.9/site-packages/scipy/stats/_stats_py.py:4424: ConstantInputWarning: An input array is constant; the correlation coefficient is not defined.
  warnings.warn(stats.ConstantInputWarning(msg))
/usr/local/lib64/python3.9/site-packages/scipy/stats/_stats_py.py:4424: ConstantInputWarning: An input array is constant; the correlation coefficient is not defined.
  warnings.warn(stats.ConstantInputWarning(msg))
/usr/local/lib64/python3.9/site-packages/scipy/stats/_stats_py.py:4424: ConstantInputWarning: An input array is constant; the correlation coefficient is not defined.
  warnings.warn(stats.ConstantInputWarning(msg))
/home/genli/.local/lib/python3.9/site-packages/numpy/lib/nanfunctions.py:1878: RuntimeWarning: Degrees of freedom <= 0 for slice.
  var = nanvar(a, axis=axis, dtype=dtype, out=out, ddof=ddof,
/usr/local/lib64/python3.9/site-packages/scipy/stats/_stats_py.py:4424: ConstantInputWarning: An input array is constant; the correlation coefficient is not defined.
  warnings.warn(stats.ConstantInputWarning(msg))
/usr/local/lib64/python3.9/site-packages/scipy/stats/_stats_py.py:4424: ConstantInputWarning: An input array is constant; the correlation coefficient is not defined.
  warnings.warn(stats.ConstantInputWarning(msg))
/usr/local/lib64/python3.9/site-packages/scipy/stats/_stats_py.py:4424: ConstantInputWarning: An input array is constant; the correlation coefficient is not defined.
  warnings.warn(stats.ConstantInputWarning(msg))
/usr/local/lib64/python3.9/site-packages/scipy/stats/_stats_py.py:4424: ConstantInputWarning: An input array is constant; the correlation coefficient is not defined.
  warnings.warn(stats.ConstantInputWarning(msg))
=== Configuration ===
Analysis type: M1
Runs: 15004 to 15006
Output Directory for this job: /raid1/genli/Data_D2O/M1_data/analysis_14977-15096_M1_20251202-213748/subjob_15004-15006
Δt cut: (2197, 10985) ns
Photoelectron cut: (0, 1000) P.E.
Time-std cut: < 40.0 ns
======================
--- Processing run 15004 ---
Length of time: 3597975551776.0 ns
Length of time: 59.96625919626667 minutes
Low-light fits saved to /raid1/genli/Data_D2O/M1_data/analysis_14977-15096_M1_20251202-213748/subjob_15004-15006/run15004_20240602-02/lowlight/Run15004_M1_low_light_fits.png
Low-light fit data saved to /raid1/genli/Data_D2O/M1_data/analysis_14977-15096_M1_20251202-213748/subjob_15004-15006/run15004_20240602-02/lowlight/Run15004_M1_low_light_fits.pkl
Applying 2000 ns time interval cut...
Time interval cut: Kept 2330248 / 2351725 events
Veto efficiency plot saved to /raid1/genli/Data_D2O/M1_data/analysis_14977-15096_M1_20251202-213748/subjob_15004-15006/run15004_20240602-02/histograms/15004_M1_veto_efficiency.png
Veto efficiency data saved to /raid1/genli/Data_D2O/M1_data/analysis_14977-15096_M1_20251202-213748/subjob_15004-15006/run15004_20240602-02/histograms/15004_M1_veto_efficiency.pkl
Run 15004: after NaN drop: 7269 events
Run 15004: after Δt cut: 4810 events
Run 15004: after total_pe cut: 4807 events
Run 15004: after time-std < 40.0 ns cut: 4807 events
Correlation map saved to /raid1/genli/Data_D2O/M1_data/analysis_14977-15096_M1_20251202-213748/subjob_15004-15006/run15004_20240602-02/cuthist/Run_15004_M1_correlation_map.png
--- Processing run 15005 ---
Length of time: 3597971572928.0 ns
Length of time: 59.966192882133335 minutes
Low-light fits saved to /raid1/genli/Data_D2O/M1_data/analysis_14977-15096_M1_20251202-213748/subjob_15004-15006/run15005_20240602-03/lowlight/Run15005_M1_low_light_fits.png
Low-light fit data saved to /raid1/genli/Data_D2O/M1_data/analysis_14977-15096_M1_20251202-213748/subjob_15004-15006/run15005_20240602-03/lowlight/Run15005_M1_low_light_fits.pkl
Applying 2000 ns time interval cut...
Time interval cut: Kept 2328903 / 2350675 events
Veto efficiency plot saved to /raid1/genli/Data_D2O/M1_data/analysis_14977-15096_M1_20251202-213748/subjob_15004-15006/run15005_20240602-03/histograms/15005_M1_veto_efficiency.png
Veto efficiency data saved to /raid1/genli/Data_D2O/M1_data/analysis_14977-15096_M1_20251202-213748/subjob_15004-15006/run15005_20240602-03/histograms/15005_M1_veto_efficiency.pkl
Run 15005: after NaN drop: 7623 events
Run 15005: after Δt cut: 5077 events
Run 15005: after total_pe cut: 5072 events
Run 15005: after time-std < 40.0 ns cut: 5072 events
Correlation map saved to /raid1/genli/Data_D2O/M1_data/analysis_14977-15096_M1_20251202-213748/subjob_15004-15006/run15005_20240602-03/cuthist/Run_15005_M1_correlation_map.png
--- Processing run 15006 ---
Length of time: 3597975683824.0 ns
Length of time: 59.96626139706667 minutes
Low-light fits saved to /raid1/genli/Data_D2O/M1_data/analysis_14977-15096_M1_20251202-213748/subjob_15004-15006/run15006_20240602-04/lowlight/Run15006_M1_low_light_fits.png
Low-light fit data saved to /raid1/genli/Data_D2O/M1_data/analysis_14977-15096_M1_20251202-213748/subjob_15004-15006/run15006_20240602-04/lowlight/Run15006_M1_low_light_fits.pkl
Applying 2000 ns time interval cut...
Time interval cut: Kept 2329805 / 2351228 events
Veto efficiency plot saved to /raid1/genli/Data_D2O/M1_data/analysis_14977-15096_M1_20251202-213748/subjob_15004-15006/run15006_20240602-04/histograms/15006_M1_veto_efficiency.png
Veto efficiency data saved to /raid1/genli/Data_D2O/M1_data/analysis_14977-15096_M1_20251202-213748/subjob_15004-15006/run15006_20240602-04/histograms/15006_M1_veto_efficiency.pkl
Run 15006: after NaN drop: 7508 events
Run 15006: after Δt cut: 5068 events
Run 15006: after total_pe cut: 5064 events
Run 15006: after time-std < 40.0 ns cut: 5064 events
Correlation map saved to /raid1/genli/Data_D2O/M1_data/analysis_14977-15096_M1_20251202-213748/subjob_15004-15006/run15006_20240602-04/cuthist/Run_15006_M1_correlation_map.png
Saving aggregated data for sub-job 15004-15006...
Sub-job time length saved to /raid1/genli/Data_D2O/M1_data/analysis_14977-15096_M1_20251202-213748/subjob_15004-15006/subjob_time_length.json
Successfully saved data for master aggregation.
--- Sub-job Analysis Complete ---
