/home/genli/.local/lib/python3.9/site-packages/numpy/lib/nanfunctions.py:1878: RuntimeWarning: Degrees of freedom <= 0 for slice.
  var = nanvar(a, axis=axis, dtype=dtype, out=out, ddof=ddof,
/home/genli/.local/lib/python3.9/site-packages/numpy/lib/nanfunctions.py:1878: RuntimeWarning: Degrees of freedom <= 0 for slice.
  var = nanvar(a, axis=axis, dtype=dtype, out=out, ddof=ddof,
/home/genli/.local/lib/python3.9/site-packages/numpy/lib/nanfunctions.py:1878: RuntimeWarning: Degrees of freedom <= 0 for slice.
  var = nanvar(a, axis=axis, dtype=dtype, out=out, ddof=ddof,
/home/genli/D2O_analysis/Codes/Read_Cut_Hist_D2O_multi_veto.py:411: UserWarning: Data has no positive values, and therefore cannot be log-scaled.
  ax.set_yscale('log')
/home/genli/.local/lib/python3.9/site-packages/numpy/lib/nanfunctions.py:1878: RuntimeWarning: Degrees of freedom <= 0 for slice.
  var = nanvar(a, axis=axis, dtype=dtype, out=out, ddof=ddof,
/home/genli/.local/lib/python3.9/site-packages/numpy/lib/nanfunctions.py:1878: RuntimeWarning: Degrees of freedom <= 0 for slice.
  var = nanvar(a, axis=axis, dtype=dtype, out=out, ddof=ddof,
/home/genli/.local/lib/python3.9/site-packages/numpy/lib/nanfunctions.py:1878: RuntimeWarning: Degrees of freedom <= 0 for slice.
  var = nanvar(a, axis=axis, dtype=dtype, out=out, ddof=ddof,
/home/genli/D2O_analysis/Codes/Read_Cut_Hist_D2O_multi_veto.py:411: UserWarning: Data has no positive values, and therefore cannot be log-scaled.
  ax.set_yscale('log')
/home/genli/.local/lib/python3.9/site-packages/numpy/lib/nanfunctions.py:1878: RuntimeWarning: Degrees of freedom <= 0 for slice.
  var = nanvar(a, axis=axis, dtype=dtype, out=out, ddof=ddof,
/home/genli/.local/lib/python3.9/site-packages/numpy/lib/nanfunctions.py:1878: RuntimeWarning: Degrees of freedom <= 0 for slice.
  var = nanvar(a, axis=axis, dtype=dtype, out=out, ddof=ddof,
/home/genli/.local/lib/python3.9/site-packages/numpy/lib/nanfunctions.py:1878: RuntimeWarning: Degrees of freedom <= 0 for slice.
  var = nanvar(a, axis=axis, dtype=dtype, out=out, ddof=ddof,
/home/genli/.local/lib/python3.9/site-packages/numpy/lib/nanfunctions.py:1878: RuntimeWarning: Degrees of freedom <= 0 for slice.
  var = nanvar(a, axis=axis, dtype=dtype, out=out, ddof=ddof,
/home/genli/.local/lib/python3.9/site-packages/numpy/lib/nanfunctions.py:1878: RuntimeWarning: Degrees of freedom <= 0 for slice.
  var = nanvar(a, axis=axis, dtype=dtype, out=out, ddof=ddof,
/home/genli/.local/lib/python3.9/site-packages/numpy/lib/nanfunctions.py:1878: RuntimeWarning: Degrees of freedom <= 0 for slice.
  var = nanvar(a, axis=axis, dtype=dtype, out=out, ddof=ddof,
/home/genli/.local/lib/python3.9/site-packages/numpy/lib/nanfunctions.py:1878: RuntimeWarning: Degrees of freedom <= 0 for slice.
  var = nanvar(a, axis=axis, dtype=dtype, out=out, ddof=ddof,
/home/genli/.local/lib/python3.9/site-packages/numpy/lib/nanfunctions.py:1878: RuntimeWarning: Degrees of freedom <= 0 for slice.
  var = nanvar(a, axis=axis, dtype=dtype, out=out, ddof=ddof,
/home/genli/.local/lib/python3.9/site-packages/numpy/lib/nanfunctions.py:1878: RuntimeWarning: Degrees of freedom <= 0 for slice.
  var = nanvar(a, axis=axis, dtype=dtype, out=out, ddof=ddof,
/home/genli/D2O_analysis/Codes/Read_Cut_Hist_D2O_multi_veto.py:411: UserWarning: Data has no positive values, and therefore cannot be log-scaled.
  ax.set_yscale('log')
/home/genli/.local/lib/python3.9/site-packages/numpy/lib/nanfunctions.py:1878: RuntimeWarning: Degrees of freedom <= 0 for slice.
  var = nanvar(a, axis=axis, dtype=dtype, out=out, ddof=ddof,
/home/genli/.local/lib/python3.9/site-packages/numpy/lib/nanfunctions.py:1878: RuntimeWarning: Degrees of freedom <= 0 for slice.
  var = nanvar(a, axis=axis, dtype=dtype, out=out, ddof=ddof,
/home/genli/.local/lib/python3.9/site-packages/numpy/lib/nanfunctions.py:1878: RuntimeWarning: Degrees of freedom <= 0 for slice.
  var = nanvar(a, axis=axis, dtype=dtype, out=out, ddof=ddof,
/home/genli/.local/lib/python3.9/site-packages/numpy/lib/nanfunctions.py:1878: RuntimeWarning: Degrees of freedom <= 0 for slice.
  var = nanvar(a, axis=axis, dtype=dtype, out=out, ddof=ddof,
/home/genli/D2O_analysis/Codes/Read_Cut_Hist_D2O_multi_veto.py:411: UserWarning: Data has no positive values, and therefore cannot be log-scaled.
  ax.set_yscale('log')
=== Configuration ===
Analysis type: M1
Runs: 25458 to 25476
Output Directory for this job: /raid1/genli/Data_D2O/M1_data/BRN/analysis_25306-26233_M1_20251030-013056/subjob_25458-25476
Δt cut: (960, 10560) ns
Photoelectron cut: (0, 2000) P.E.
Time-std cut: < 40.0 ns
======================
--- Processing run 25458 ---
Low-light fits saved to /raid1/genli/Data_D2O/M1_data/BRN/analysis_25306-26233_M1_20251030-013056/subjob_25458-25476/run25458_20250907-04/lowlight/Run25458_M1_low_light_fits.png
Low-light fit data saved to /raid1/genli/Data_D2O/M1_data/BRN/analysis_25306-26233_M1_20251030-013056/subjob_25458-25476/run25458_20250907-04/lowlight/Run25458_M1_low_light_fits.pkl
Veto efficiency plot saved to /raid1/genli/Data_D2O/M1_data/BRN/analysis_25306-26233_M1_20251030-013056/subjob_25458-25476/run25458_20250907-04/histograms/25458_M1_veto_efficiency.png
Veto efficiency data saved to /raid1/genli/Data_D2O/M1_data/BRN/analysis_25306-26233_M1_20251030-013056/subjob_25458-25476/run25458_20250907-04/histograms/25458_M1_veto_efficiency.pkl
Run 25458: after NaN drop: 18597 events
Run 25458: after Δt cut: 8969 events
Run 25458: after total_pe cut: 8968 events
Run 25458: after time-std < 40.0 ns cut: 8968 events
Correlation map saved to /raid1/genli/Data_D2O/M1_data/BRN/analysis_25306-26233_M1_20251030-013056/subjob_25458-25476/run25458_20250907-04/cuthist/Run_25458_M1_correlation_map.png
--- Processing run 25459 ---
Low-light fits saved to /raid1/genli/Data_D2O/M1_data/BRN/analysis_25306-26233_M1_20251030-013056/subjob_25458-25476/run25459_20250907-05/lowlight/Run25459_M1_low_light_fits.png
Low-light fit data saved to /raid1/genli/Data_D2O/M1_data/BRN/analysis_25306-26233_M1_20251030-013056/subjob_25458-25476/run25459_20250907-05/lowlight/Run25459_M1_low_light_fits.pkl
Veto efficiency plot saved to /raid1/genli/Data_D2O/M1_data/BRN/analysis_25306-26233_M1_20251030-013056/subjob_25458-25476/run25459_20250907-05/histograms/25459_M1_veto_efficiency.png
Veto efficiency data saved to /raid1/genli/Data_D2O/M1_data/BRN/analysis_25306-26233_M1_20251030-013056/subjob_25458-25476/run25459_20250907-05/histograms/25459_M1_veto_efficiency.pkl
Run 25459: after NaN drop: 18594 events
Run 25459: after Δt cut: 8775 events
Run 25459: after total_pe cut: 8775 events
Run 25459: after time-std < 40.0 ns cut: 8775 events
Correlation map saved to /raid1/genli/Data_D2O/M1_data/BRN/analysis_25306-26233_M1_20251030-013056/subjob_25458-25476/run25459_20250907-05/cuthist/Run_25459_M1_correlation_map.png
--- Processing run 25460 ---
Low-light fits saved to /raid1/genli/Data_D2O/M1_data/BRN/analysis_25306-26233_M1_20251030-013056/subjob_25458-25476/run25460_20250907-06/lowlight/Run25460_M1_low_light_fits.png
Low-light fit data saved to /raid1/genli/Data_D2O/M1_data/BRN/analysis_25306-26233_M1_20251030-013056/subjob_25458-25476/run25460_20250907-06/lowlight/Run25460_M1_low_light_fits.pkl
Veto efficiency plot saved to /raid1/genli/Data_D2O/M1_data/BRN/analysis_25306-26233_M1_20251030-013056/subjob_25458-25476/run25460_20250907-06/histograms/25460_M1_veto_efficiency.png
Veto efficiency data saved to /raid1/genli/Data_D2O/M1_data/BRN/analysis_25306-26233_M1_20251030-013056/subjob_25458-25476/run25460_20250907-06/histograms/25460_M1_veto_efficiency.pkl
Run 25460: after NaN drop: 18791 events
Run 25460: after Δt cut: 8849 events
Run 25460: after total_pe cut: 8848 events
Run 25460: after time-std < 40.0 ns cut: 8848 events
Correlation map saved to /raid1/genli/Data_D2O/M1_data/BRN/analysis_25306-26233_M1_20251030-013056/subjob_25458-25476/run25460_20250907-06/cuthist/Run_25460_M1_correlation_map.png
--- Processing run 25461 ---
Low-light fits saved to /raid1/genli/Data_D2O/M1_data/BRN/analysis_25306-26233_M1_20251030-013056/subjob_25458-25476/run25461_20250907-07/lowlight/Run25461_M1_low_light_fits.png
Low-light fit data saved to /raid1/genli/Data_D2O/M1_data/BRN/analysis_25306-26233_M1_20251030-013056/subjob_25458-25476/run25461_20250907-07/lowlight/Run25461_M1_low_light_fits.pkl
Veto efficiency plot saved to /raid1/genli/Data_D2O/M1_data/BRN/analysis_25306-26233_M1_20251030-013056/subjob_25458-25476/run25461_20250907-07/histograms/25461_M1_veto_efficiency.png
Veto efficiency data saved to /raid1/genli/Data_D2O/M1_data/BRN/analysis_25306-26233_M1_20251030-013056/subjob_25458-25476/run25461_20250907-07/histograms/25461_M1_veto_efficiency.pkl
Run 25461: after NaN drop: 18779 events
Run 25461: after Δt cut: 8933 events
Run 25461: after total_pe cut: 8933 events
Run 25461: after time-std < 40.0 ns cut: 8933 events
Correlation map saved to /raid1/genli/Data_D2O/M1_data/BRN/analysis_25306-26233_M1_20251030-013056/subjob_25458-25476/run25461_20250907-07/cuthist/Run_25461_M1_correlation_map.png
--- Processing run 25462 ---
Low-light fits saved to /raid1/genli/Data_D2O/M1_data/BRN/analysis_25306-26233_M1_20251030-013056/subjob_25458-25476/run25462_20250907-08/lowlight/Run25462_M1_low_light_fits.png
Low-light fit data saved to /raid1/genli/Data_D2O/M1_data/BRN/analysis_25306-26233_M1_20251030-013056/subjob_25458-25476/run25462_20250907-08/lowlight/Run25462_M1_low_light_fits.pkl
Veto efficiency plot saved to /raid1/genli/Data_D2O/M1_data/BRN/analysis_25306-26233_M1_20251030-013056/subjob_25458-25476/run25462_20250907-08/histograms/25462_M1_veto_efficiency.png
Veto efficiency data saved to /raid1/genli/Data_D2O/M1_data/BRN/analysis_25306-26233_M1_20251030-013056/subjob_25458-25476/run25462_20250907-08/histograms/25462_M1_veto_efficiency.pkl
Run 25462: after NaN drop: 18640 events
Run 25462: after Δt cut: 8850 events
Run 25462: after total_pe cut: 8849 events
Run 25462: after time-std < 40.0 ns cut: 8849 events
Correlation map saved to /raid1/genli/Data_D2O/M1_data/BRN/analysis_25306-26233_M1_20251030-013056/subjob_25458-25476/run25462_20250907-08/cuthist/Run_25462_M1_correlation_map.png
--- Processing run 25463 ---
Low-light fits saved to /raid1/genli/Data_D2O/M1_data/BRN/analysis_25306-26233_M1_20251030-013056/subjob_25458-25476/run25463_20250907-09/lowlight/Run25463_M1_low_light_fits.png
Low-light fit data saved to /raid1/genli/Data_D2O/M1_data/BRN/analysis_25306-26233_M1_20251030-013056/subjob_25458-25476/run25463_20250907-09/lowlight/Run25463_M1_low_light_fits.pkl
Veto efficiency plot saved to /raid1/genli/Data_D2O/M1_data/BRN/analysis_25306-26233_M1_20251030-013056/subjob_25458-25476/run25463_20250907-09/histograms/25463_M1_veto_efficiency.png
Veto efficiency data saved to /raid1/genli/Data_D2O/M1_data/BRN/analysis_25306-26233_M1_20251030-013056/subjob_25458-25476/run25463_20250907-09/histograms/25463_M1_veto_efficiency.pkl
Run 25463: after NaN drop: 18934 events
Run 25463: after Δt cut: 8961 events
Run 25463: after total_pe cut: 8960 events
Run 25463: after time-std < 40.0 ns cut: 8960 events
Correlation map saved to /raid1/genli/Data_D2O/M1_data/BRN/analysis_25306-26233_M1_20251030-013056/subjob_25458-25476/run25463_20250907-09/cuthist/Run_25463_M1_correlation_map.png
--- Processing run 25464 ---
Low-light fits saved to /raid1/genli/Data_D2O/M1_data/BRN/analysis_25306-26233_M1_20251030-013056/subjob_25458-25476/run25464_20250907-10/lowlight/Run25464_M1_low_light_fits.png
Low-light fit data saved to /raid1/genli/Data_D2O/M1_data/BRN/analysis_25306-26233_M1_20251030-013056/subjob_25458-25476/run25464_20250907-10/lowlight/Run25464_M1_low_light_fits.pkl
Veto efficiency plot saved to /raid1/genli/Data_D2O/M1_data/BRN/analysis_25306-26233_M1_20251030-013056/subjob_25458-25476/run25464_20250907-10/histograms/25464_M1_veto_efficiency.png
Veto efficiency data saved to /raid1/genli/Data_D2O/M1_data/BRN/analysis_25306-26233_M1_20251030-013056/subjob_25458-25476/run25464_20250907-10/histograms/25464_M1_veto_efficiency.pkl
Run 25464: after NaN drop: 18794 events
Run 25464: after Δt cut: 8964 events
Run 25464: after total_pe cut: 8963 events
Run 25464: after time-std < 40.0 ns cut: 8963 events
Correlation map saved to /raid1/genli/Data_D2O/M1_data/BRN/analysis_25306-26233_M1_20251030-013056/subjob_25458-25476/run25464_20250907-10/cuthist/Run_25464_M1_correlation_map.png
--- Processing run 25465 ---
Low-light fits saved to /raid1/genli/Data_D2O/M1_data/BRN/analysis_25306-26233_M1_20251030-013056/subjob_25458-25476/run25465_20250907-11/lowlight/Run25465_M1_low_light_fits.png
Low-light fit data saved to /raid1/genli/Data_D2O/M1_data/BRN/analysis_25306-26233_M1_20251030-013056/subjob_25458-25476/run25465_20250907-11/lowlight/Run25465_M1_low_light_fits.pkl
Veto efficiency plot saved to /raid1/genli/Data_D2O/M1_data/BRN/analysis_25306-26233_M1_20251030-013056/subjob_25458-25476/run25465_20250907-11/histograms/25465_M1_veto_efficiency.png
Veto efficiency data saved to /raid1/genli/Data_D2O/M1_data/BRN/analysis_25306-26233_M1_20251030-013056/subjob_25458-25476/run25465_20250907-11/histograms/25465_M1_veto_efficiency.pkl
Run 25465: after NaN drop: 18888 events
Run 25465: after Δt cut: 8909 events
Run 25465: after total_pe cut: 8907 events
Run 25465: after time-std < 40.0 ns cut: 8907 events
Correlation map saved to /raid1/genli/Data_D2O/M1_data/BRN/analysis_25306-26233_M1_20251030-013056/subjob_25458-25476/run25465_20250907-11/cuthist/Run_25465_M1_correlation_map.png
--- Processing run 25466 ---
Low-light fits saved to /raid1/genli/Data_D2O/M1_data/BRN/analysis_25306-26233_M1_20251030-013056/subjob_25458-25476/run25466_20250907-12/lowlight/Run25466_M1_low_light_fits.png
Low-light fit data saved to /raid1/genli/Data_D2O/M1_data/BRN/analysis_25306-26233_M1_20251030-013056/subjob_25458-25476/run25466_20250907-12/lowlight/Run25466_M1_low_light_fits.pkl
Veto efficiency plot saved to /raid1/genli/Data_D2O/M1_data/BRN/analysis_25306-26233_M1_20251030-013056/subjob_25458-25476/run25466_20250907-12/histograms/25466_M1_veto_efficiency.png
Veto efficiency data saved to /raid1/genli/Data_D2O/M1_data/BRN/analysis_25306-26233_M1_20251030-013056/subjob_25458-25476/run25466_20250907-12/histograms/25466_M1_veto_efficiency.pkl
Run 25466: after NaN drop: 18964 events
Run 25466: after Δt cut: 8932 events
Run 25466: after total_pe cut: 8931 events
Run 25466: after time-std < 40.0 ns cut: 8931 events
Correlation map saved to /raid1/genli/Data_D2O/M1_data/BRN/analysis_25306-26233_M1_20251030-013056/subjob_25458-25476/run25466_20250907-12/cuthist/Run_25466_M1_correlation_map.png
--- Processing run 25467 ---
Low-light fits saved to /raid1/genli/Data_D2O/M1_data/BRN/analysis_25306-26233_M1_20251030-013056/subjob_25458-25476/run25467_20250907-13/lowlight/Run25467_M1_low_light_fits.png
Low-light fit data saved to /raid1/genli/Data_D2O/M1_data/BRN/analysis_25306-26233_M1_20251030-013056/subjob_25458-25476/run25467_20250907-13/lowlight/Run25467_M1_low_light_fits.pkl
Veto efficiency plot saved to /raid1/genli/Data_D2O/M1_data/BRN/analysis_25306-26233_M1_20251030-013056/subjob_25458-25476/run25467_20250907-13/histograms/25467_M1_veto_efficiency.png
Veto efficiency data saved to /raid1/genli/Data_D2O/M1_data/BRN/analysis_25306-26233_M1_20251030-013056/subjob_25458-25476/run25467_20250907-13/histograms/25467_M1_veto_efficiency.pkl
Run 25467: after NaN drop: 19112 events
Run 25467: after Δt cut: 9140 events
Run 25467: after total_pe cut: 9140 events
Run 25467: after time-std < 40.0 ns cut: 9140 events
Correlation map saved to /raid1/genli/Data_D2O/M1_data/BRN/analysis_25306-26233_M1_20251030-013056/subjob_25458-25476/run25467_20250907-13/cuthist/Run_25467_M1_correlation_map.png
--- Processing run 25468 ---
Low-light fits saved to /raid1/genli/Data_D2O/M1_data/BRN/analysis_25306-26233_M1_20251030-013056/subjob_25458-25476/run25468_20250907-14/lowlight/Run25468_M1_low_light_fits.png
Low-light fit data saved to /raid1/genli/Data_D2O/M1_data/BRN/analysis_25306-26233_M1_20251030-013056/subjob_25458-25476/run25468_20250907-14/lowlight/Run25468_M1_low_light_fits.pkl
Veto efficiency plot saved to /raid1/genli/Data_D2O/M1_data/BRN/analysis_25306-26233_M1_20251030-013056/subjob_25458-25476/run25468_20250907-14/histograms/25468_M1_veto_efficiency.png
Veto efficiency data saved to /raid1/genli/Data_D2O/M1_data/BRN/analysis_25306-26233_M1_20251030-013056/subjob_25458-25476/run25468_20250907-14/histograms/25468_M1_veto_efficiency.pkl
Run 25468: after NaN drop: 19059 events
Run 25468: after Δt cut: 9014 events
Run 25468: after total_pe cut: 9014 events
Run 25468: after time-std < 40.0 ns cut: 9014 events
Correlation map saved to /raid1/genli/Data_D2O/M1_data/BRN/analysis_25306-26233_M1_20251030-013056/subjob_25458-25476/run25468_20250907-14/cuthist/Run_25468_M1_correlation_map.png
--- Processing run 25469 ---
Low-light fits saved to /raid1/genli/Data_D2O/M1_data/BRN/analysis_25306-26233_M1_20251030-013056/subjob_25458-25476/run25469_20250907-15/lowlight/Run25469_M1_low_light_fits.png
Low-light fit data saved to /raid1/genli/Data_D2O/M1_data/BRN/analysis_25306-26233_M1_20251030-013056/subjob_25458-25476/run25469_20250907-15/lowlight/Run25469_M1_low_light_fits.pkl
Veto efficiency plot saved to /raid1/genli/Data_D2O/M1_data/BRN/analysis_25306-26233_M1_20251030-013056/subjob_25458-25476/run25469_20250907-15/histograms/25469_M1_veto_efficiency.png
Veto efficiency data saved to /raid1/genli/Data_D2O/M1_data/BRN/analysis_25306-26233_M1_20251030-013056/subjob_25458-25476/run25469_20250907-15/histograms/25469_M1_veto_efficiency.pkl
Run 25469: after NaN drop: 18761 events
Run 25469: after Δt cut: 8916 events
Run 25469: after total_pe cut: 8916 events
Run 25469: after time-std < 40.0 ns cut: 8916 events
Correlation map saved to /raid1/genli/Data_D2O/M1_data/BRN/analysis_25306-26233_M1_20251030-013056/subjob_25458-25476/run25469_20250907-15/cuthist/Run_25469_M1_correlation_map.png
--- Processing run 25470 ---
Low-light fits saved to /raid1/genli/Data_D2O/M1_data/BRN/analysis_25306-26233_M1_20251030-013056/subjob_25458-25476/run25470_20250907-16/lowlight/Run25470_M1_low_light_fits.png
Low-light fit data saved to /raid1/genli/Data_D2O/M1_data/BRN/analysis_25306-26233_M1_20251030-013056/subjob_25458-25476/run25470_20250907-16/lowlight/Run25470_M1_low_light_fits.pkl
Veto efficiency plot saved to /raid1/genli/Data_D2O/M1_data/BRN/analysis_25306-26233_M1_20251030-013056/subjob_25458-25476/run25470_20250907-16/histograms/25470_M1_veto_efficiency.png
Veto efficiency data saved to /raid1/genli/Data_D2O/M1_data/BRN/analysis_25306-26233_M1_20251030-013056/subjob_25458-25476/run25470_20250907-16/histograms/25470_M1_veto_efficiency.pkl
Run 25470: after NaN drop: 19093 events
Run 25470: after Δt cut: 9151 events
Run 25470: after total_pe cut: 9150 events
Run 25470: after time-std < 40.0 ns cut: 9150 events
Correlation map saved to /raid1/genli/Data_D2O/M1_data/BRN/analysis_25306-26233_M1_20251030-013056/subjob_25458-25476/run25470_20250907-16/cuthist/Run_25470_M1_correlation_map.png
--- Processing run 25471 ---
Low-light fits saved to /raid1/genli/Data_D2O/M1_data/BRN/analysis_25306-26233_M1_20251030-013056/subjob_25458-25476/run25471_20250907-17/lowlight/Run25471_M1_low_light_fits.png
Low-light fit data saved to /raid1/genli/Data_D2O/M1_data/BRN/analysis_25306-26233_M1_20251030-013056/subjob_25458-25476/run25471_20250907-17/lowlight/Run25471_M1_low_light_fits.pkl
Veto efficiency plot saved to /raid1/genli/Data_D2O/M1_data/BRN/analysis_25306-26233_M1_20251030-013056/subjob_25458-25476/run25471_20250907-17/histograms/25471_M1_veto_efficiency.png
Veto efficiency data saved to /raid1/genli/Data_D2O/M1_data/BRN/analysis_25306-26233_M1_20251030-013056/subjob_25458-25476/run25471_20250907-17/histograms/25471_M1_veto_efficiency.pkl
Run 25471: after NaN drop: 18721 events
Run 25471: after Δt cut: 9097 events
Run 25471: after total_pe cut: 9097 events
Run 25471: after time-std < 40.0 ns cut: 9097 events
Correlation map saved to /raid1/genli/Data_D2O/M1_data/BRN/analysis_25306-26233_M1_20251030-013056/subjob_25458-25476/run25471_20250907-17/cuthist/Run_25471_M1_correlation_map.png
--- Processing run 25472 ---
Low-light fits saved to /raid1/genli/Data_D2O/M1_data/BRN/analysis_25306-26233_M1_20251030-013056/subjob_25458-25476/run25472_20250907-18/lowlight/Run25472_M1_low_light_fits.png
Low-light fit data saved to /raid1/genli/Data_D2O/M1_data/BRN/analysis_25306-26233_M1_20251030-013056/subjob_25458-25476/run25472_20250907-18/lowlight/Run25472_M1_low_light_fits.pkl
Veto efficiency plot saved to /raid1/genli/Data_D2O/M1_data/BRN/analysis_25306-26233_M1_20251030-013056/subjob_25458-25476/run25472_20250907-18/histograms/25472_M1_veto_efficiency.png
Veto efficiency data saved to /raid1/genli/Data_D2O/M1_data/BRN/analysis_25306-26233_M1_20251030-013056/subjob_25458-25476/run25472_20250907-18/histograms/25472_M1_veto_efficiency.pkl
Run 25472: after NaN drop: 18749 events
Run 25472: after Δt cut: 9004 events
Run 25472: after total_pe cut: 9002 events
Run 25472: after time-std < 40.0 ns cut: 9002 events
Correlation map saved to /raid1/genli/Data_D2O/M1_data/BRN/analysis_25306-26233_M1_20251030-013056/subjob_25458-25476/run25472_20250907-18/cuthist/Run_25472_M1_correlation_map.png
--- Processing run 25473 ---
Low-light fits saved to /raid1/genli/Data_D2O/M1_data/BRN/analysis_25306-26233_M1_20251030-013056/subjob_25458-25476/run25473_20250907-19/lowlight/Run25473_M1_low_light_fits.png
Low-light fit data saved to /raid1/genli/Data_D2O/M1_data/BRN/analysis_25306-26233_M1_20251030-013056/subjob_25458-25476/run25473_20250907-19/lowlight/Run25473_M1_low_light_fits.pkl
Veto efficiency plot saved to /raid1/genli/Data_D2O/M1_data/BRN/analysis_25306-26233_M1_20251030-013056/subjob_25458-25476/run25473_20250907-19/histograms/25473_M1_veto_efficiency.png
Veto efficiency data saved to /raid1/genli/Data_D2O/M1_data/BRN/analysis_25306-26233_M1_20251030-013056/subjob_25458-25476/run25473_20250907-19/histograms/25473_M1_veto_efficiency.pkl
Run 25473: after NaN drop: 18956 events
Run 25473: after Δt cut: 9045 events
Run 25473: after total_pe cut: 9043 events
Run 25473: after time-std < 40.0 ns cut: 9043 events
Correlation map saved to /raid1/genli/Data_D2O/M1_data/BRN/analysis_25306-26233_M1_20251030-013056/subjob_25458-25476/run25473_20250907-19/cuthist/Run_25473_M1_correlation_map.png
--- Processing run 25474 ---
Low-light fits saved to /raid1/genli/Data_D2O/M1_data/BRN/analysis_25306-26233_M1_20251030-013056/subjob_25458-25476/run25474_20250907-20/lowlight/Run25474_M1_low_light_fits.png
Low-light fit data saved to /raid1/genli/Data_D2O/M1_data/BRN/analysis_25306-26233_M1_20251030-013056/subjob_25458-25476/run25474_20250907-20/lowlight/Run25474_M1_low_light_fits.pkl
Veto efficiency plot saved to /raid1/genli/Data_D2O/M1_data/BRN/analysis_25306-26233_M1_20251030-013056/subjob_25458-25476/run25474_20250907-20/histograms/25474_M1_veto_efficiency.png
Veto efficiency data saved to /raid1/genli/Data_D2O/M1_data/BRN/analysis_25306-26233_M1_20251030-013056/subjob_25458-25476/run25474_20250907-20/histograms/25474_M1_veto_efficiency.pkl
Run 25474: after NaN drop: 18911 events
Run 25474: after Δt cut: 8973 events
Run 25474: after total_pe cut: 8972 events
Run 25474: after time-std < 40.0 ns cut: 8972 events
Correlation map saved to /raid1/genli/Data_D2O/M1_data/BRN/analysis_25306-26233_M1_20251030-013056/subjob_25458-25476/run25474_20250907-20/cuthist/Run_25474_M1_correlation_map.png
--- Processing run 25475 ---
Low-light fits saved to /raid1/genli/Data_D2O/M1_data/BRN/analysis_25306-26233_M1_20251030-013056/subjob_25458-25476/run25475_20250907-21/lowlight/Run25475_M1_low_light_fits.png
Low-light fit data saved to /raid1/genli/Data_D2O/M1_data/BRN/analysis_25306-26233_M1_20251030-013056/subjob_25458-25476/run25475_20250907-21/lowlight/Run25475_M1_low_light_fits.pkl
Veto efficiency plot saved to /raid1/genli/Data_D2O/M1_data/BRN/analysis_25306-26233_M1_20251030-013056/subjob_25458-25476/run25475_20250907-21/histograms/25475_M1_veto_efficiency.png
Veto efficiency data saved to /raid1/genli/Data_D2O/M1_data/BRN/analysis_25306-26233_M1_20251030-013056/subjob_25458-25476/run25475_20250907-21/histograms/25475_M1_veto_efficiency.pkl
Run 25475: after NaN drop: 18805 events
Run 25475: after Δt cut: 8906 events
Run 25475: after total_pe cut: 8905 events
Run 25475: after time-std < 40.0 ns cut: 8905 events
Correlation map saved to /raid1/genli/Data_D2O/M1_data/BRN/analysis_25306-26233_M1_20251030-013056/subjob_25458-25476/run25475_20250907-21/cuthist/Run_25475_M1_correlation_map.png
--- Processing run 25476 ---
Low-light fits saved to /raid1/genli/Data_D2O/M1_data/BRN/analysis_25306-26233_M1_20251030-013056/subjob_25458-25476/run25476_20250907-22/lowlight/Run25476_M1_low_light_fits.png
Low-light fit data saved to /raid1/genli/Data_D2O/M1_data/BRN/analysis_25306-26233_M1_20251030-013056/subjob_25458-25476/run25476_20250907-22/lowlight/Run25476_M1_low_light_fits.pkl
Veto efficiency plot saved to /raid1/genli/Data_D2O/M1_data/BRN/analysis_25306-26233_M1_20251030-013056/subjob_25458-25476/run25476_20250907-22/histograms/25476_M1_veto_efficiency.png
Veto efficiency data saved to /raid1/genli/Data_D2O/M1_data/BRN/analysis_25306-26233_M1_20251030-013056/subjob_25458-25476/run25476_20250907-22/histograms/25476_M1_veto_efficiency.pkl
Run 25476: after NaN drop: 18819 events
Run 25476: after Δt cut: 9018 events
Run 25476: after total_pe cut: 9015 events
Run 25476: after time-std < 40.0 ns cut: 9015 events
Correlation map saved to /raid1/genli/Data_D2O/M1_data/BRN/analysis_25306-26233_M1_20251030-013056/subjob_25458-25476/run25476_20250907-22/cuthist/Run_25476_M1_correlation_map.png
Saving aggregated data for sub-job 25458-25476...
Successfully saved data for master aggregation.
--- Sub-job Analysis Complete ---
