/home/genli/.local/lib/python3.9/site-packages/numpy/lib/nanfunctions.py:1878: RuntimeWarning: Degrees of freedom <= 0 for slice.
  var = nanvar(a, axis=axis, dtype=dtype, out=out, ddof=ddof,
/usr/local/lib64/python3.9/site-packages/scipy/stats/_stats_py.py:4424: ConstantInputWarning: An input array is constant; the correlation coefficient is not defined.
  warnings.warn(stats.ConstantInputWarning(msg))
/usr/local/lib64/python3.9/site-packages/scipy/stats/_stats_py.py:4424: ConstantInputWarning: An input array is constant; the correlation coefficient is not defined.
  warnings.warn(stats.ConstantInputWarning(msg))
/usr/local/lib64/python3.9/site-packages/scipy/stats/_stats_py.py:4424: ConstantInputWarning: An input array is constant; the correlation coefficient is not defined.
  warnings.warn(stats.ConstantInputWarning(msg))
/usr/local/lib64/python3.9/site-packages/scipy/stats/_stats_py.py:4424: ConstantInputWarning: An input array is constant; the correlation coefficient is not defined.
  warnings.warn(stats.ConstantInputWarning(msg))
/home/genli/.local/lib/python3.9/site-packages/numpy/lib/nanfunctions.py:1878: RuntimeWarning: Degrees of freedom <= 0 for slice.
  var = nanvar(a, axis=axis, dtype=dtype, out=out, ddof=ddof,
/usr/local/lib64/python3.9/site-packages/scipy/stats/_stats_py.py:4424: ConstantInputWarning: An input array is constant; the correlation coefficient is not defined.
  warnings.warn(stats.ConstantInputWarning(msg))
/usr/local/lib64/python3.9/site-packages/scipy/stats/_stats_py.py:4424: ConstantInputWarning: An input array is constant; the correlation coefficient is not defined.
  warnings.warn(stats.ConstantInputWarning(msg))
/usr/local/lib64/python3.9/site-packages/scipy/stats/_stats_py.py:4424: ConstantInputWarning: An input array is constant; the correlation coefficient is not defined.
  warnings.warn(stats.ConstantInputWarning(msg))
/usr/local/lib64/python3.9/site-packages/scipy/stats/_stats_py.py:4424: ConstantInputWarning: An input array is constant; the correlation coefficient is not defined.
  warnings.warn(stats.ConstantInputWarning(msg))
/home/genli/.local/lib/python3.9/site-packages/numpy/lib/nanfunctions.py:1878: RuntimeWarning: Degrees of freedom <= 0 for slice.
  var = nanvar(a, axis=axis, dtype=dtype, out=out, ddof=ddof,
/usr/local/lib64/python3.9/site-packages/scipy/stats/_stats_py.py:4424: ConstantInputWarning: An input array is constant; the correlation coefficient is not defined.
  warnings.warn(stats.ConstantInputWarning(msg))
/usr/local/lib64/python3.9/site-packages/scipy/stats/_stats_py.py:4424: ConstantInputWarning: An input array is constant; the correlation coefficient is not defined.
  warnings.warn(stats.ConstantInputWarning(msg))
/usr/local/lib64/python3.9/site-packages/scipy/stats/_stats_py.py:4424: ConstantInputWarning: An input array is constant; the correlation coefficient is not defined.
  warnings.warn(stats.ConstantInputWarning(msg))
/usr/local/lib64/python3.9/site-packages/scipy/stats/_stats_py.py:4424: ConstantInputWarning: An input array is constant; the correlation coefficient is not defined.
  warnings.warn(stats.ConstantInputWarning(msg))
=== Configuration ===
Analysis type: M1
Runs: 14995 to 14997
Output Directory for this job: /raid1/genli/Data_D2O/M1_data/analysis_14977-15096_M1_20251202-210845/subjob_14995-14997
Δt cut: (17576, 219700) ns
Photoelectron cut: (0, 1000) P.E.
Time-std cut: < 40.0 ns
======================
--- Processing run 14995 ---
Length of time: 3597975601696.0 ns
Length of time: 59.96626002826667 minutes
Low-light fits saved to /raid1/genli/Data_D2O/M1_data/analysis_14977-15096_M1_20251202-210845/subjob_14995-14997/run14995_20240601-17/lowlight/Run14995_M1_low_light_fits.png
Low-light fit data saved to /raid1/genli/Data_D2O/M1_data/analysis_14977-15096_M1_20251202-210845/subjob_14995-14997/run14995_20240601-17/lowlight/Run14995_M1_low_light_fits.pkl
Applying 2000 ns time interval cut...
Time interval cut: Kept 2378584 / 2399823 events
Veto efficiency plot saved to /raid1/genli/Data_D2O/M1_data/analysis_14977-15096_M1_20251202-210845/subjob_14995-14997/run14995_20240601-17/histograms/14995_M1_veto_efficiency.png
Veto efficiency data saved to /raid1/genli/Data_D2O/M1_data/analysis_14977-15096_M1_20251202-210845/subjob_14995-14997/run14995_20240601-17/histograms/14995_M1_veto_efficiency.pkl
Run 14995: after NaN drop: 7354 events
Run 14995: after Δt cut: 297 events
Run 14995: after total_pe cut: 293 events
Run 14995: after time-std < 40.0 ns cut: 293 events
Correlation map saved to /raid1/genli/Data_D2O/M1_data/analysis_14977-15096_M1_20251202-210845/subjob_14995-14997/run14995_20240601-17/cuthist/Run_14995_M1_correlation_map.png
--- Processing run 14996 ---
Length of time: 3597976014336.0 ns
Length of time: 59.9662669056 minutes
Low-light fits saved to /raid1/genli/Data_D2O/M1_data/analysis_14977-15096_M1_20251202-210845/subjob_14995-14997/run14996_20240601-18/lowlight/Run14996_M1_low_light_fits.png
Low-light fit data saved to /raid1/genli/Data_D2O/M1_data/analysis_14977-15096_M1_20251202-210845/subjob_14995-14997/run14996_20240601-18/lowlight/Run14996_M1_low_light_fits.pkl
Applying 2000 ns time interval cut...
Time interval cut: Kept 2387777 / 2409492 events
Veto efficiency plot saved to /raid1/genli/Data_D2O/M1_data/analysis_14977-15096_M1_20251202-210845/subjob_14995-14997/run14996_20240601-18/histograms/14996_M1_veto_efficiency.png
Veto efficiency data saved to /raid1/genli/Data_D2O/M1_data/analysis_14977-15096_M1_20251202-210845/subjob_14995-14997/run14996_20240601-18/histograms/14996_M1_veto_efficiency.pkl
Run 14996: after NaN drop: 7455 events
Run 14996: after Δt cut: 308 events
Run 14996: after total_pe cut: 306 events
Run 14996: after time-std < 40.0 ns cut: 306 events
Correlation map saved to /raid1/genli/Data_D2O/M1_data/analysis_14977-15096_M1_20251202-210845/subjob_14995-14997/run14996_20240601-18/cuthist/Run_14996_M1_correlation_map.png
--- Processing run 14997 ---
Length of time: 3597974189392.0 ns
Length of time: 59.96623648986667 minutes
Low-light fits saved to /raid1/genli/Data_D2O/M1_data/analysis_14977-15096_M1_20251202-210845/subjob_14995-14997/run14997_20240601-19/lowlight/Run14997_M1_low_light_fits.png
Low-light fit data saved to /raid1/genli/Data_D2O/M1_data/analysis_14977-15096_M1_20251202-210845/subjob_14995-14997/run14997_20240601-19/lowlight/Run14997_M1_low_light_fits.pkl
Applying 2000 ns time interval cut...
Time interval cut: Kept 2383398 / 2404931 events
Veto efficiency plot saved to /raid1/genli/Data_D2O/M1_data/analysis_14977-15096_M1_20251202-210845/subjob_14995-14997/run14997_20240601-19/histograms/14997_M1_veto_efficiency.png
Veto efficiency data saved to /raid1/genli/Data_D2O/M1_data/analysis_14977-15096_M1_20251202-210845/subjob_14995-14997/run14997_20240601-19/histograms/14997_M1_veto_efficiency.pkl
Run 14997: after NaN drop: 7465 events
Run 14997: after Δt cut: 345 events
Run 14997: after total_pe cut: 341 events
Run 14997: after time-std < 40.0 ns cut: 341 events
Correlation map saved to /raid1/genli/Data_D2O/M1_data/analysis_14977-15096_M1_20251202-210845/subjob_14995-14997/run14997_20240601-19/cuthist/Run_14997_M1_correlation_map.png
Saving aggregated data for sub-job 14995-14997...
Sub-job time length saved to /raid1/genli/Data_D2O/M1_data/analysis_14977-15096_M1_20251202-210845/subjob_14995-14997/subjob_time_length.json
Successfully saved data for master aggregation.
--- Sub-job Analysis Complete ---
