/home/genli/.local/lib/python3.9/site-packages/numpy/lib/nanfunctions.py:1878: RuntimeWarning: Degrees of freedom <= 0 for slice.
  var = nanvar(a, axis=axis, dtype=dtype, out=out, ddof=ddof,
/usr/local/lib64/python3.9/site-packages/scipy/stats/_stats_py.py:4424: ConstantInputWarning: An input array is constant; the correlation coefficient is not defined.
  warnings.warn(stats.ConstantInputWarning(msg))
/usr/local/lib64/python3.9/site-packages/scipy/stats/_stats_py.py:4424: ConstantInputWarning: An input array is constant; the correlation coefficient is not defined.
  warnings.warn(stats.ConstantInputWarning(msg))
/usr/local/lib64/python3.9/site-packages/scipy/stats/_stats_py.py:4424: ConstantInputWarning: An input array is constant; the correlation coefficient is not defined.
  warnings.warn(stats.ConstantInputWarning(msg))
/usr/local/lib64/python3.9/site-packages/scipy/stats/_stats_py.py:4424: ConstantInputWarning: An input array is constant; the correlation coefficient is not defined.
  warnings.warn(stats.ConstantInputWarning(msg))
/home/genli/.local/lib/python3.9/site-packages/numpy/lib/nanfunctions.py:1878: RuntimeWarning: Degrees of freedom <= 0 for slice.
  var = nanvar(a, axis=axis, dtype=dtype, out=out, ddof=ddof,
/usr/local/lib64/python3.9/site-packages/scipy/stats/_stats_py.py:4424: ConstantInputWarning: An input array is constant; the correlation coefficient is not defined.
  warnings.warn(stats.ConstantInputWarning(msg))
/usr/local/lib64/python3.9/site-packages/scipy/stats/_stats_py.py:4424: ConstantInputWarning: An input array is constant; the correlation coefficient is not defined.
  warnings.warn(stats.ConstantInputWarning(msg))
/usr/local/lib64/python3.9/site-packages/scipy/stats/_stats_py.py:4424: ConstantInputWarning: An input array is constant; the correlation coefficient is not defined.
  warnings.warn(stats.ConstantInputWarning(msg))
/usr/local/lib64/python3.9/site-packages/scipy/stats/_stats_py.py:4424: ConstantInputWarning: An input array is constant; the correlation coefficient is not defined.
  warnings.warn(stats.ConstantInputWarning(msg))
/home/genli/.local/lib/python3.9/site-packages/numpy/lib/nanfunctions.py:1878: RuntimeWarning: Degrees of freedom <= 0 for slice.
  var = nanvar(a, axis=axis, dtype=dtype, out=out, ddof=ddof,
/usr/local/lib64/python3.9/site-packages/scipy/stats/_stats_py.py:4424: ConstantInputWarning: An input array is constant; the correlation coefficient is not defined.
  warnings.warn(stats.ConstantInputWarning(msg))
/usr/local/lib64/python3.9/site-packages/scipy/stats/_stats_py.py:4424: ConstantInputWarning: An input array is constant; the correlation coefficient is not defined.
  warnings.warn(stats.ConstantInputWarning(msg))
/usr/local/lib64/python3.9/site-packages/scipy/stats/_stats_py.py:4424: ConstantInputWarning: An input array is constant; the correlation coefficient is not defined.
  warnings.warn(stats.ConstantInputWarning(msg))
/usr/local/lib64/python3.9/site-packages/scipy/stats/_stats_py.py:4424: ConstantInputWarning: An input array is constant; the correlation coefficient is not defined.
  warnings.warn(stats.ConstantInputWarning(msg))
=== Configuration ===
Analysis type: M1
Runs: 15040 to 15042
Output Directory for this job: /raid1/genli/Data_D2O/M1_data/analysis_14977-15096_M1_20251202-210845/subjob_15040-15042
Δt cut: (17576, 219700) ns
Photoelectron cut: (0, 1000) P.E.
Time-std cut: < 40.0 ns
======================
--- Processing run 15040 ---
Length of time: 3597972599680.0 ns
Length of time: 59.96620999466666 minutes
Low-light fits saved to /raid1/genli/Data_D2O/M1_data/analysis_14977-15096_M1_20251202-210845/subjob_15040-15042/run15040_20240603-14/lowlight/Run15040_M1_low_light_fits.png
Low-light fit data saved to /raid1/genli/Data_D2O/M1_data/analysis_14977-15096_M1_20251202-210845/subjob_15040-15042/run15040_20240603-14/lowlight/Run15040_M1_low_light_fits.pkl
Applying 2000 ns time interval cut...
Time interval cut: Kept 2382311 / 2403798 events
Veto efficiency plot saved to /raid1/genli/Data_D2O/M1_data/analysis_14977-15096_M1_20251202-210845/subjob_15040-15042/run15040_20240603-14/histograms/15040_M1_veto_efficiency.png
Veto efficiency data saved to /raid1/genli/Data_D2O/M1_data/analysis_14977-15096_M1_20251202-210845/subjob_15040-15042/run15040_20240603-14/histograms/15040_M1_veto_efficiency.pkl
Run 15040: after NaN drop: 7686 events
Run 15040: after Δt cut: 297 events
Run 15040: after total_pe cut: 293 events
Run 15040: after time-std < 40.0 ns cut: 293 events
Correlation map saved to /raid1/genli/Data_D2O/M1_data/analysis_14977-15096_M1_20251202-210845/subjob_15040-15042/run15040_20240603-14/cuthist/Run_15040_M1_correlation_map.png
--- Processing run 15041 ---
Length of time: 3597973554400.0 ns
Length of time: 59.966225906666665 minutes
Low-light fits saved to /raid1/genli/Data_D2O/M1_data/analysis_14977-15096_M1_20251202-210845/subjob_15040-15042/run15041_20240603-15/lowlight/Run15041_M1_low_light_fits.png
Low-light fit data saved to /raid1/genli/Data_D2O/M1_data/analysis_14977-15096_M1_20251202-210845/subjob_15040-15042/run15041_20240603-15/lowlight/Run15041_M1_low_light_fits.pkl
Applying 2000 ns time interval cut...
Time interval cut: Kept 2375222 / 2396662 events
Veto efficiency plot saved to /raid1/genli/Data_D2O/M1_data/analysis_14977-15096_M1_20251202-210845/subjob_15040-15042/run15041_20240603-15/histograms/15041_M1_veto_efficiency.png
Veto efficiency data saved to /raid1/genli/Data_D2O/M1_data/analysis_14977-15096_M1_20251202-210845/subjob_15040-15042/run15041_20240603-15/histograms/15041_M1_veto_efficiency.pkl
Run 15041: after NaN drop: 7584 events
Run 15041: after Δt cut: 316 events
Run 15041: after total_pe cut: 309 events
Run 15041: after time-std < 40.0 ns cut: 309 events
Correlation map saved to /raid1/genli/Data_D2O/M1_data/analysis_14977-15096_M1_20251202-210845/subjob_15040-15042/run15041_20240603-15/cuthist/Run_15041_M1_correlation_map.png
--- Processing run 15042 ---
Length of time: 3597973814384.0 ns
Length of time: 59.966230239733335 minutes
Low-light fits saved to /raid1/genli/Data_D2O/M1_data/analysis_14977-15096_M1_20251202-210845/subjob_15040-15042/run15042_20240603-16/lowlight/Run15042_M1_low_light_fits.png
Low-light fit data saved to /raid1/genli/Data_D2O/M1_data/analysis_14977-15096_M1_20251202-210845/subjob_15040-15042/run15042_20240603-16/lowlight/Run15042_M1_low_light_fits.pkl
Applying 2000 ns time interval cut...
Time interval cut: Kept 2382971 / 2404675 events
Veto efficiency plot saved to /raid1/genli/Data_D2O/M1_data/analysis_14977-15096_M1_20251202-210845/subjob_15040-15042/run15042_20240603-16/histograms/15042_M1_veto_efficiency.png
Veto efficiency data saved to /raid1/genli/Data_D2O/M1_data/analysis_14977-15096_M1_20251202-210845/subjob_15040-15042/run15042_20240603-16/histograms/15042_M1_veto_efficiency.pkl
Run 15042: after NaN drop: 7624 events
Run 15042: after Δt cut: 337 events
Run 15042: after total_pe cut: 326 events
Run 15042: after time-std < 40.0 ns cut: 326 events
Correlation map saved to /raid1/genli/Data_D2O/M1_data/analysis_14977-15096_M1_20251202-210845/subjob_15040-15042/run15042_20240603-16/cuthist/Run_15042_M1_correlation_map.png
Saving aggregated data for sub-job 15040-15042...
Sub-job time length saved to /raid1/genli/Data_D2O/M1_data/analysis_14977-15096_M1_20251202-210845/subjob_15040-15042/subjob_time_length.json
Successfully saved data for master aggregation.
--- Sub-job Analysis Complete ---
