/home/genli/.local/lib/python3.9/site-packages/numpy/lib/nanfunctions.py:1878: RuntimeWarning: Degrees of freedom <= 0 for slice.
  var = nanvar(a, axis=axis, dtype=dtype, out=out, ddof=ddof,
=== Configuration ===
Analysis type: M1
Runs: 23171 to 23171
Output Directory for this job: /raid1/genli/Data_D2O/M1_data/analysis_23163-23172_M1_20251124-161302/subjob_23171-23171
Δt cut: (2197, 10985) ns
Photoelectron cut: (0, 1000) P.E.
Time-std cut: < 40.0 ns
======================
--- Processing run 23171 ---
Length of time: 3596997705264.0 ns
Length of time: 59.9499617544 minutes
Low-light fits saved to /raid1/genli/Data_D2O/M1_data/analysis_23163-23172_M1_20251124-161302/subjob_23171-23171/run23171_20250602-03/lowlight/Run23171_M1_low_light_fits.png
Low-light fit data saved to /raid1/genli/Data_D2O/M1_data/analysis_23163-23172_M1_20251124-161302/subjob_23171-23171/run23171_20250602-03/lowlight/Run23171_M1_low_light_fits.pkl
Applying 2000 ns time interval cut...
Time interval cut: Kept 2102026 / 2144859 events
Veto efficiency plot saved to /raid1/genli/Data_D2O/M1_data/analysis_23163-23172_M1_20251124-161302/subjob_23171-23171/run23171_20250602-03/histograms/23171_M1_veto_efficiency.png
Veto efficiency data saved to /raid1/genli/Data_D2O/M1_data/analysis_23163-23172_M1_20251124-161302/subjob_23171-23171/run23171_20250602-03/histograms/23171_M1_veto_efficiency.pkl
Run 23171: after NaN drop: 7020 events
Run 23171: after Δt cut: 4724 events
Run 23171: after total_pe cut: 4722 events
Run 23171: after time-std < 40.0 ns cut: 4722 events
Correlation map saved to /raid1/genli/Data_D2O/M1_data/analysis_23163-23172_M1_20251124-161302/subjob_23171-23171/run23171_20250602-03/cuthist/Run_23171_M1_correlation_map.png
Saving aggregated data for sub-job 23171-23171...
Sub-job time length saved to /raid1/genli/Data_D2O/M1_data/analysis_23163-23172_M1_20251124-161302/subjob_23171-23171/subjob_time_length.json
Successfully saved data for master aggregation.
--- Sub-job Analysis Complete ---
