/home/genli/.local/lib/python3.9/site-packages/numpy/lib/nanfunctions.py:1878: RuntimeWarning: Degrees of freedom <= 0 for slice.
  var = nanvar(a, axis=axis, dtype=dtype, out=out, ddof=ddof,
=== Configuration ===
Analysis type: M1
Runs: 14978 to 14978
Output Directory for this job: /raid1/genli/Data_D2O/M1_data/analysis_14977-14986_M1_20251124-161506/subjob_14978-14978
Δt cut: (2197, 10985) ns
Photoelectron cut: (0, 1000) P.E.
Time-std cut: < 40.0 ns
======================
--- Processing run 14978 ---
Length of time: 3597975108496.0 ns
Length of time: 59.96625180826666 minutes
Low-light fits saved to /raid1/genli/Data_D2O/M1_data/analysis_14977-14986_M1_20251124-161506/subjob_14978-14978/run14978_20240601-00/lowlight/Run14978_M1_low_light_fits.png
Low-light fit data saved to /raid1/genli/Data_D2O/M1_data/analysis_14977-14986_M1_20251124-161506/subjob_14978-14978/run14978_20240601-00/lowlight/Run14978_M1_low_light_fits.pkl
Applying 2000 ns time interval cut...
Time interval cut: Kept 2390532 / 2412083 events
Veto efficiency plot saved to /raid1/genli/Data_D2O/M1_data/analysis_14977-14986_M1_20251124-161506/subjob_14978-14978/run14978_20240601-00/histograms/14978_M1_veto_efficiency.png
Veto efficiency data saved to /raid1/genli/Data_D2O/M1_data/analysis_14977-14986_M1_20251124-161506/subjob_14978-14978/run14978_20240601-00/histograms/14978_M1_veto_efficiency.pkl
Run 14978: after NaN drop: 8986 events
Run 14978: after Δt cut: 5250 events
Run 14978: after total_pe cut: 5246 events
Run 14978: after time-std < 40.0 ns cut: 5246 events
Correlation map saved to /raid1/genli/Data_D2O/M1_data/analysis_14977-14986_M1_20251124-161506/subjob_14978-14978/run14978_20240601-00/cuthist/Run_14978_M1_correlation_map.png
Saving aggregated data for sub-job 14978-14978...
Sub-job time length saved to /raid1/genli/Data_D2O/M1_data/analysis_14977-14986_M1_20251124-161506/subjob_14978-14978/subjob_time_length.json
Successfully saved data for master aggregation.
--- Sub-job Analysis Complete ---
