Master output will be saved to: /raid1/genli/Data_D2O/M1_data/BRN/analysis_25306-25315_M1_20251030-012258/MASTER_RESULTS
Found 10 sub-job directories to aggregate.
Processing subjob_25306-25306...
Processing subjob_25307-25307...
Processing subjob_25308-25308...
Processing subjob_25309-25309...
Processing subjob_25310-25310...
Processing subjob_25311-25311...
Processing subjob_25312-25312...
Processing subjob_25313-25313...
Processing subjob_25314-25314...
Processing subjob_25315-25315...
Aggregating delta_t, total_pe, and fitting for tau...
Generating aggregate plots for Master Runs 25306-25315
Correlation map saved to /raid1/genli/Data_D2O/M1_data/BRN/analysis_25306-25315_M1_20251030-012258/MASTER_RESULTS/Master_Runs_25306_25315_M1_correlation_map.png
Aggregating veto efficiency data...
Veto efficiency plot saved to /raid1/genli/Data_D2O/M1_data/BRN/analysis_25306-25315_M1_20251030-012258/MASTER_RESULTS/Master_Runs_25306_25315_M1_veto_efficiency_master.png
Veto efficiency data saved to /raid1/genli/Data_D2O/M1_data/BRN/analysis_25306-25315_M1_20251030-012258/MASTER_RESULTS/Master_Runs_25306_25315_M1_veto_efficiency_master.pkl
Plotting aggregated Low-Light data...
Low-light fits saved to /raid1/genli/Data_D2O/M1_data/BRN/analysis_25306-25315_M1_20251030-012258/MASTER_RESULTS/Master_Runs_25306_25315_M1_low_light_fits.png
Low-light fit data saved to /raid1/genli/Data_D2O/M1_data/BRN/analysis_25306-25315_M1_20251030-012258/MASTER_RESULTS/Master_Runs_25306_25315_M1_low_light_fits.pkl
Plotting aggregated SiPM area data...
SiPM histograms saved to /raid1/genli/Data_D2O/M1_data/BRN/analysis_25306-25315_M1_20251030-012258/MASTER_RESULTS/Master_Runs_25306_25315_M1_sipm_area_histograms.png
SiPM histogram data saved to /raid1/genli/Data_D2O/M1_data/BRN/analysis_25306-25315_M1_20251030-012258/MASTER_RESULTS/Master_Runs_25306_25315_M1_sipm_area_histograms.pkl
Aggregating Thin Veto data...
Aggregating BRN Analysis data...
Plotting BRN histograms for 10 channels...
BRN Delta_t histograms saved to /raid1/genli/Data_D2O/M1_data/BRN/analysis_25306-25315_M1_20251030-012258/MASTER_RESULTS/Master_Runs_25306_25315_M1_brn_delta_t_master.png
BRN Area histograms saved to /raid1/genli/Data_D2O/M1_data/BRN/analysis_25306-25315_M1_20251030-012258/MASTER_RESULTS/Master_Runs_25306_25315_M1_brn_area_master.png

--- Master Aggregation Complete ---
