/home/genli/.local/lib/python3.9/site-packages/numpy/lib/nanfunctions.py:1878: RuntimeWarning: Degrees of freedom <= 0 for slice.
  var = nanvar(a, axis=axis, dtype=dtype, out=out, ddof=ddof,
/home/genli/.local/lib/python3.9/site-packages/numpy/lib/nanfunctions.py:1878: RuntimeWarning: Degrees of freedom <= 0 for slice.
  var = nanvar(a, axis=axis, dtype=dtype, out=out, ddof=ddof,
/home/genli/.local/lib/python3.9/site-packages/numpy/lib/nanfunctions.py:1878: RuntimeWarning: Degrees of freedom <= 0 for slice.
  var = nanvar(a, axis=axis, dtype=dtype, out=out, ddof=ddof,
/home/genli/.local/lib/python3.9/site-packages/numpy/lib/nanfunctions.py:1878: RuntimeWarning: Degrees of freedom <= 0 for slice.
  var = nanvar(a, axis=axis, dtype=dtype, out=out, ddof=ddof,
/home/genli/.local/lib/python3.9/site-packages/numpy/lib/nanfunctions.py:1878: RuntimeWarning: Degrees of freedom <= 0 for slice.
  var = nanvar(a, axis=axis, dtype=dtype, out=out, ddof=ddof,
/home/genli/.local/lib/python3.9/site-packages/numpy/lib/nanfunctions.py:1878: RuntimeWarning: Degrees of freedom <= 0 for slice.
  var = nanvar(a, axis=axis, dtype=dtype, out=out, ddof=ddof,
/home/genli/D2O_analysis/Codes/Read_Cut_Hist_D2O_multi_veto.py:411: UserWarning: Data has no positive values, and therefore cannot be log-scaled.
  ax.set_yscale('log')
/home/genli/.local/lib/python3.9/site-packages/numpy/lib/nanfunctions.py:1878: RuntimeWarning: Degrees of freedom <= 0 for slice.
  var = nanvar(a, axis=axis, dtype=dtype, out=out, ddof=ddof,
/home/genli/.local/lib/python3.9/site-packages/numpy/lib/nanfunctions.py:1878: RuntimeWarning: Degrees of freedom <= 0 for slice.
  var = nanvar(a, axis=axis, dtype=dtype, out=out, ddof=ddof,
/home/genli/D2O_analysis/Codes/Read_Cut_Hist_D2O_multi_veto.py:411: UserWarning: Data has no positive values, and therefore cannot be log-scaled.
  ax.set_yscale('log')
/home/genli/.local/lib/python3.9/site-packages/numpy/lib/nanfunctions.py:1878: RuntimeWarning: Degrees of freedom <= 0 for slice.
  var = nanvar(a, axis=axis, dtype=dtype, out=out, ddof=ddof,
/home/genli/.local/lib/python3.9/site-packages/numpy/lib/nanfunctions.py:1878: RuntimeWarning: Degrees of freedom <= 0 for slice.
  var = nanvar(a, axis=axis, dtype=dtype, out=out, ddof=ddof,
/home/genli/D2O_analysis/Codes/Read_Cut_Hist_D2O_multi_veto.py:411: UserWarning: Data has no positive values, and therefore cannot be log-scaled.
  ax.set_yscale('log')
/home/genli/.local/lib/python3.9/site-packages/numpy/lib/nanfunctions.py:1878: RuntimeWarning: Degrees of freedom <= 0 for slice.
  var = nanvar(a, axis=axis, dtype=dtype, out=out, ddof=ddof,
/home/genli/.local/lib/python3.9/site-packages/numpy/lib/nanfunctions.py:1878: RuntimeWarning: Degrees of freedom <= 0 for slice.
  var = nanvar(a, axis=axis, dtype=dtype, out=out, ddof=ddof,
/home/genli/.local/lib/python3.9/site-packages/numpy/lib/nanfunctions.py:1878: RuntimeWarning: Degrees of freedom <= 0 for slice.
  var = nanvar(a, axis=axis, dtype=dtype, out=out, ddof=ddof,
/home/genli/.local/lib/python3.9/site-packages/numpy/lib/nanfunctions.py:1878: RuntimeWarning: Degrees of freedom <= 0 for slice.
  var = nanvar(a, axis=axis, dtype=dtype, out=out, ddof=ddof,
/home/genli/.local/lib/python3.9/site-packages/numpy/lib/nanfunctions.py:1878: RuntimeWarning: Degrees of freedom <= 0 for slice.
  var = nanvar(a, axis=axis, dtype=dtype, out=out, ddof=ddof,
/home/genli/.local/lib/python3.9/site-packages/numpy/lib/nanfunctions.py:1878: RuntimeWarning: Degrees of freedom <= 0 for slice.
  var = nanvar(a, axis=axis, dtype=dtype, out=out, ddof=ddof,
/home/genli/.local/lib/python3.9/site-packages/numpy/lib/nanfunctions.py:1878: RuntimeWarning: Degrees of freedom <= 0 for slice.
  var = nanvar(a, axis=axis, dtype=dtype, out=out, ddof=ddof,
/home/genli/.local/lib/python3.9/site-packages/numpy/lib/nanfunctions.py:1878: RuntimeWarning: Degrees of freedom <= 0 for slice.
  var = nanvar(a, axis=axis, dtype=dtype, out=out, ddof=ddof,
/home/genli/.local/lib/python3.9/site-packages/numpy/lib/nanfunctions.py:1878: RuntimeWarning: Degrees of freedom <= 0 for slice.
  var = nanvar(a, axis=axis, dtype=dtype, out=out, ddof=ddof,
=== Configuration ===
Analysis type: M1
Runs: 25800 to 25818
Output Directory for this job: /raid1/genli/Data_D2O/M1_data/BRN/analysis_25306-26233_M1_20251030-013056/subjob_25800-25818
Δt cut: (960, 10560) ns
Photoelectron cut: (0, 2000) P.E.
Time-std cut: < 40.0 ns
======================
--- Processing run 25800 ---
Low-light fits saved to /raid1/genli/Data_D2O/M1_data/BRN/analysis_25306-26233_M1_20251030-013056/subjob_25800-25818/run25800_20250921-10/lowlight/Run25800_M1_low_light_fits.png
Low-light fit data saved to /raid1/genli/Data_D2O/M1_data/BRN/analysis_25306-26233_M1_20251030-013056/subjob_25800-25818/run25800_20250921-10/lowlight/Run25800_M1_low_light_fits.pkl
Veto efficiency plot saved to /raid1/genli/Data_D2O/M1_data/BRN/analysis_25306-26233_M1_20251030-013056/subjob_25800-25818/run25800_20250921-10/histograms/25800_M1_veto_efficiency.png
Veto efficiency data saved to /raid1/genli/Data_D2O/M1_data/BRN/analysis_25306-26233_M1_20251030-013056/subjob_25800-25818/run25800_20250921-10/histograms/25800_M1_veto_efficiency.pkl
Run 25800: after NaN drop: 18816 events
Run 25800: after Δt cut: 9120 events
Run 25800: after total_pe cut: 9120 events
Run 25800: after time-std < 40.0 ns cut: 9120 events
Correlation map saved to /raid1/genli/Data_D2O/M1_data/BRN/analysis_25306-26233_M1_20251030-013056/subjob_25800-25818/run25800_20250921-10/cuthist/Run_25800_M1_correlation_map.png
--- Processing run 25801 ---
Low-light fits saved to /raid1/genli/Data_D2O/M1_data/BRN/analysis_25306-26233_M1_20251030-013056/subjob_25800-25818/run25801_20250921-11/lowlight/Run25801_M1_low_light_fits.png
Low-light fit data saved to /raid1/genli/Data_D2O/M1_data/BRN/analysis_25306-26233_M1_20251030-013056/subjob_25800-25818/run25801_20250921-11/lowlight/Run25801_M1_low_light_fits.pkl
Veto efficiency plot saved to /raid1/genli/Data_D2O/M1_data/BRN/analysis_25306-26233_M1_20251030-013056/subjob_25800-25818/run25801_20250921-11/histograms/25801_M1_veto_efficiency.png
Veto efficiency data saved to /raid1/genli/Data_D2O/M1_data/BRN/analysis_25306-26233_M1_20251030-013056/subjob_25800-25818/run25801_20250921-11/histograms/25801_M1_veto_efficiency.pkl
Run 25801: after NaN drop: 19124 events
Run 25801: after Δt cut: 9210 events
Run 25801: after total_pe cut: 9209 events
Run 25801: after time-std < 40.0 ns cut: 9209 events
Correlation map saved to /raid1/genli/Data_D2O/M1_data/BRN/analysis_25306-26233_M1_20251030-013056/subjob_25800-25818/run25801_20250921-11/cuthist/Run_25801_M1_correlation_map.png
--- Processing run 25802 ---
Low-light fits saved to /raid1/genli/Data_D2O/M1_data/BRN/analysis_25306-26233_M1_20251030-013056/subjob_25800-25818/run25802_20250921-12/lowlight/Run25802_M1_low_light_fits.png
Low-light fit data saved to /raid1/genli/Data_D2O/M1_data/BRN/analysis_25306-26233_M1_20251030-013056/subjob_25800-25818/run25802_20250921-12/lowlight/Run25802_M1_low_light_fits.pkl
Veto efficiency plot saved to /raid1/genli/Data_D2O/M1_data/BRN/analysis_25306-26233_M1_20251030-013056/subjob_25800-25818/run25802_20250921-12/histograms/25802_M1_veto_efficiency.png
Veto efficiency data saved to /raid1/genli/Data_D2O/M1_data/BRN/analysis_25306-26233_M1_20251030-013056/subjob_25800-25818/run25802_20250921-12/histograms/25802_M1_veto_efficiency.pkl
Run 25802: after NaN drop: 18583 events
Run 25802: after Δt cut: 8939 events
Run 25802: after total_pe cut: 8939 events
Run 25802: after time-std < 40.0 ns cut: 8939 events
Correlation map saved to /raid1/genli/Data_D2O/M1_data/BRN/analysis_25306-26233_M1_20251030-013056/subjob_25800-25818/run25802_20250921-12/cuthist/Run_25802_M1_correlation_map.png
--- Processing run 25803 ---
Low-light fits saved to /raid1/genli/Data_D2O/M1_data/BRN/analysis_25306-26233_M1_20251030-013056/subjob_25800-25818/run25803_20250921-13/lowlight/Run25803_M1_low_light_fits.png
Low-light fit data saved to /raid1/genli/Data_D2O/M1_data/BRN/analysis_25306-26233_M1_20251030-013056/subjob_25800-25818/run25803_20250921-13/lowlight/Run25803_M1_low_light_fits.pkl
Veto efficiency plot saved to /raid1/genli/Data_D2O/M1_data/BRN/analysis_25306-26233_M1_20251030-013056/subjob_25800-25818/run25803_20250921-13/histograms/25803_M1_veto_efficiency.png
Veto efficiency data saved to /raid1/genli/Data_D2O/M1_data/BRN/analysis_25306-26233_M1_20251030-013056/subjob_25800-25818/run25803_20250921-13/histograms/25803_M1_veto_efficiency.pkl
Run 25803: after NaN drop: 18484 events
Run 25803: after Δt cut: 8799 events
Run 25803: after total_pe cut: 8799 events
Run 25803: after time-std < 40.0 ns cut: 8799 events
Correlation map saved to /raid1/genli/Data_D2O/M1_data/BRN/analysis_25306-26233_M1_20251030-013056/subjob_25800-25818/run25803_20250921-13/cuthist/Run_25803_M1_correlation_map.png
--- Processing run 25804 ---
Low-light fits saved to /raid1/genli/Data_D2O/M1_data/BRN/analysis_25306-26233_M1_20251030-013056/subjob_25800-25818/run25804_20250921-14/lowlight/Run25804_M1_low_light_fits.png
Low-light fit data saved to /raid1/genli/Data_D2O/M1_data/BRN/analysis_25306-26233_M1_20251030-013056/subjob_25800-25818/run25804_20250921-14/lowlight/Run25804_M1_low_light_fits.pkl
Veto efficiency plot saved to /raid1/genli/Data_D2O/M1_data/BRN/analysis_25306-26233_M1_20251030-013056/subjob_25800-25818/run25804_20250921-14/histograms/25804_M1_veto_efficiency.png
Veto efficiency data saved to /raid1/genli/Data_D2O/M1_data/BRN/analysis_25306-26233_M1_20251030-013056/subjob_25800-25818/run25804_20250921-14/histograms/25804_M1_veto_efficiency.pkl
Run 25804: after NaN drop: 18983 events
Run 25804: after Δt cut: 9308 events
Run 25804: after total_pe cut: 9308 events
Run 25804: after time-std < 40.0 ns cut: 9308 events
Correlation map saved to /raid1/genli/Data_D2O/M1_data/BRN/analysis_25306-26233_M1_20251030-013056/subjob_25800-25818/run25804_20250921-14/cuthist/Run_25804_M1_correlation_map.png
--- Processing run 25805 ---
Low-light fits saved to /raid1/genli/Data_D2O/M1_data/BRN/analysis_25306-26233_M1_20251030-013056/subjob_25800-25818/run25805_20250921-15/lowlight/Run25805_M1_low_light_fits.png
Low-light fit data saved to /raid1/genli/Data_D2O/M1_data/BRN/analysis_25306-26233_M1_20251030-013056/subjob_25800-25818/run25805_20250921-15/lowlight/Run25805_M1_low_light_fits.pkl
Veto efficiency plot saved to /raid1/genli/Data_D2O/M1_data/BRN/analysis_25306-26233_M1_20251030-013056/subjob_25800-25818/run25805_20250921-15/histograms/25805_M1_veto_efficiency.png
Veto efficiency data saved to /raid1/genli/Data_D2O/M1_data/BRN/analysis_25306-26233_M1_20251030-013056/subjob_25800-25818/run25805_20250921-15/histograms/25805_M1_veto_efficiency.pkl
Run 25805: after NaN drop: 19029 events
Run 25805: after Δt cut: 9256 events
Run 25805: after total_pe cut: 9256 events
Run 25805: after time-std < 40.0 ns cut: 9256 events
Correlation map saved to /raid1/genli/Data_D2O/M1_data/BRN/analysis_25306-26233_M1_20251030-013056/subjob_25800-25818/run25805_20250921-15/cuthist/Run_25805_M1_correlation_map.png
--- Processing run 25806 ---
Low-light fits saved to /raid1/genli/Data_D2O/M1_data/BRN/analysis_25306-26233_M1_20251030-013056/subjob_25800-25818/run25806_20250921-16/lowlight/Run25806_M1_low_light_fits.png
Low-light fit data saved to /raid1/genli/Data_D2O/M1_data/BRN/analysis_25306-26233_M1_20251030-013056/subjob_25800-25818/run25806_20250921-16/lowlight/Run25806_M1_low_light_fits.pkl
Veto efficiency plot saved to /raid1/genli/Data_D2O/M1_data/BRN/analysis_25306-26233_M1_20251030-013056/subjob_25800-25818/run25806_20250921-16/histograms/25806_M1_veto_efficiency.png
Veto efficiency data saved to /raid1/genli/Data_D2O/M1_data/BRN/analysis_25306-26233_M1_20251030-013056/subjob_25800-25818/run25806_20250921-16/histograms/25806_M1_veto_efficiency.pkl
Run 25806: after NaN drop: 18842 events
Run 25806: after Δt cut: 9234 events
Run 25806: after total_pe cut: 9232 events
Run 25806: after time-std < 40.0 ns cut: 9232 events
Correlation map saved to /raid1/genli/Data_D2O/M1_data/BRN/analysis_25306-26233_M1_20251030-013056/subjob_25800-25818/run25806_20250921-16/cuthist/Run_25806_M1_correlation_map.png
--- Processing run 25807 ---
Low-light fits saved to /raid1/genli/Data_D2O/M1_data/BRN/analysis_25306-26233_M1_20251030-013056/subjob_25800-25818/run25807_20250921-17/lowlight/Run25807_M1_low_light_fits.png
Low-light fit data saved to /raid1/genli/Data_D2O/M1_data/BRN/analysis_25306-26233_M1_20251030-013056/subjob_25800-25818/run25807_20250921-17/lowlight/Run25807_M1_low_light_fits.pkl
Veto efficiency plot saved to /raid1/genli/Data_D2O/M1_data/BRN/analysis_25306-26233_M1_20251030-013056/subjob_25800-25818/run25807_20250921-17/histograms/25807_M1_veto_efficiency.png
Veto efficiency data saved to /raid1/genli/Data_D2O/M1_data/BRN/analysis_25306-26233_M1_20251030-013056/subjob_25800-25818/run25807_20250921-17/histograms/25807_M1_veto_efficiency.pkl
Run 25807: after NaN drop: 19047 events
Run 25807: after Δt cut: 9245 events
Run 25807: after total_pe cut: 9243 events
Run 25807: after time-std < 40.0 ns cut: 9243 events
Correlation map saved to /raid1/genli/Data_D2O/M1_data/BRN/analysis_25306-26233_M1_20251030-013056/subjob_25800-25818/run25807_20250921-17/cuthist/Run_25807_M1_correlation_map.png
--- Processing run 25808 ---
Low-light fits saved to /raid1/genli/Data_D2O/M1_data/BRN/analysis_25306-26233_M1_20251030-013056/subjob_25800-25818/run25808_20250921-18/lowlight/Run25808_M1_low_light_fits.png
Low-light fit data saved to /raid1/genli/Data_D2O/M1_data/BRN/analysis_25306-26233_M1_20251030-013056/subjob_25800-25818/run25808_20250921-18/lowlight/Run25808_M1_low_light_fits.pkl
Veto efficiency plot saved to /raid1/genli/Data_D2O/M1_data/BRN/analysis_25306-26233_M1_20251030-013056/subjob_25800-25818/run25808_20250921-18/histograms/25808_M1_veto_efficiency.png
Veto efficiency data saved to /raid1/genli/Data_D2O/M1_data/BRN/analysis_25306-26233_M1_20251030-013056/subjob_25800-25818/run25808_20250921-18/histograms/25808_M1_veto_efficiency.pkl
Run 25808: after NaN drop: 18780 events
Run 25808: after Δt cut: 9081 events
Run 25808: after total_pe cut: 9081 events
Run 25808: after time-std < 40.0 ns cut: 9081 events
Correlation map saved to /raid1/genli/Data_D2O/M1_data/BRN/analysis_25306-26233_M1_20251030-013056/subjob_25800-25818/run25808_20250921-18/cuthist/Run_25808_M1_correlation_map.png
--- Processing run 25809 ---
Low-light fits saved to /raid1/genli/Data_D2O/M1_data/BRN/analysis_25306-26233_M1_20251030-013056/subjob_25800-25818/run25809_20250921-19/lowlight/Run25809_M1_low_light_fits.png
Low-light fit data saved to /raid1/genli/Data_D2O/M1_data/BRN/analysis_25306-26233_M1_20251030-013056/subjob_25800-25818/run25809_20250921-19/lowlight/Run25809_M1_low_light_fits.pkl
Veto efficiency plot saved to /raid1/genli/Data_D2O/M1_data/BRN/analysis_25306-26233_M1_20251030-013056/subjob_25800-25818/run25809_20250921-19/histograms/25809_M1_veto_efficiency.png
Veto efficiency data saved to /raid1/genli/Data_D2O/M1_data/BRN/analysis_25306-26233_M1_20251030-013056/subjob_25800-25818/run25809_20250921-19/histograms/25809_M1_veto_efficiency.pkl
Run 25809: after NaN drop: 18971 events
Run 25809: after Δt cut: 9152 events
Run 25809: after total_pe cut: 9151 events
Run 25809: after time-std < 40.0 ns cut: 9151 events
Correlation map saved to /raid1/genli/Data_D2O/M1_data/BRN/analysis_25306-26233_M1_20251030-013056/subjob_25800-25818/run25809_20250921-19/cuthist/Run_25809_M1_correlation_map.png
--- Processing run 25810 ---
Low-light fits saved to /raid1/genli/Data_D2O/M1_data/BRN/analysis_25306-26233_M1_20251030-013056/subjob_25800-25818/run25810_20250921-20/lowlight/Run25810_M1_low_light_fits.png
Low-light fit data saved to /raid1/genli/Data_D2O/M1_data/BRN/analysis_25306-26233_M1_20251030-013056/subjob_25800-25818/run25810_20250921-20/lowlight/Run25810_M1_low_light_fits.pkl
Veto efficiency plot saved to /raid1/genli/Data_D2O/M1_data/BRN/analysis_25306-26233_M1_20251030-013056/subjob_25800-25818/run25810_20250921-20/histograms/25810_M1_veto_efficiency.png
Veto efficiency data saved to /raid1/genli/Data_D2O/M1_data/BRN/analysis_25306-26233_M1_20251030-013056/subjob_25800-25818/run25810_20250921-20/histograms/25810_M1_veto_efficiency.pkl
Run 25810: after NaN drop: 18758 events
Run 25810: after Δt cut: 9220 events
Run 25810: after total_pe cut: 9218 events
Run 25810: after time-std < 40.0 ns cut: 9218 events
Correlation map saved to /raid1/genli/Data_D2O/M1_data/BRN/analysis_25306-26233_M1_20251030-013056/subjob_25800-25818/run25810_20250921-20/cuthist/Run_25810_M1_correlation_map.png
--- Processing run 25811 ---
Low-light fits saved to /raid1/genli/Data_D2O/M1_data/BRN/analysis_25306-26233_M1_20251030-013056/subjob_25800-25818/run25811_20250921-21/lowlight/Run25811_M1_low_light_fits.png
Low-light fit data saved to /raid1/genli/Data_D2O/M1_data/BRN/analysis_25306-26233_M1_20251030-013056/subjob_25800-25818/run25811_20250921-21/lowlight/Run25811_M1_low_light_fits.pkl
Veto efficiency plot saved to /raid1/genli/Data_D2O/M1_data/BRN/analysis_25306-26233_M1_20251030-013056/subjob_25800-25818/run25811_20250921-21/histograms/25811_M1_veto_efficiency.png
Veto efficiency data saved to /raid1/genli/Data_D2O/M1_data/BRN/analysis_25306-26233_M1_20251030-013056/subjob_25800-25818/run25811_20250921-21/histograms/25811_M1_veto_efficiency.pkl
Run 25811: after NaN drop: 18809 events
Run 25811: after Δt cut: 9101 events
Run 25811: after total_pe cut: 9101 events
Run 25811: after time-std < 40.0 ns cut: 9101 events
Correlation map saved to /raid1/genli/Data_D2O/M1_data/BRN/analysis_25306-26233_M1_20251030-013056/subjob_25800-25818/run25811_20250921-21/cuthist/Run_25811_M1_correlation_map.png
--- Processing run 25812 ---
Low-light fits saved to /raid1/genli/Data_D2O/M1_data/BRN/analysis_25306-26233_M1_20251030-013056/subjob_25800-25818/run25812_20250921-22/lowlight/Run25812_M1_low_light_fits.png
Low-light fit data saved to /raid1/genli/Data_D2O/M1_data/BRN/analysis_25306-26233_M1_20251030-013056/subjob_25800-25818/run25812_20250921-22/lowlight/Run25812_M1_low_light_fits.pkl
Veto efficiency plot saved to /raid1/genli/Data_D2O/M1_data/BRN/analysis_25306-26233_M1_20251030-013056/subjob_25800-25818/run25812_20250921-22/histograms/25812_M1_veto_efficiency.png
Veto efficiency data saved to /raid1/genli/Data_D2O/M1_data/BRN/analysis_25306-26233_M1_20251030-013056/subjob_25800-25818/run25812_20250921-22/histograms/25812_M1_veto_efficiency.pkl
Run 25812: after NaN drop: 18765 events
Run 25812: after Δt cut: 9040 events
Run 25812: after total_pe cut: 9038 events
Run 25812: after time-std < 40.0 ns cut: 9038 events
Correlation map saved to /raid1/genli/Data_D2O/M1_data/BRN/analysis_25306-26233_M1_20251030-013056/subjob_25800-25818/run25812_20250921-22/cuthist/Run_25812_M1_correlation_map.png
--- Processing run 25813 ---
Low-light fits saved to /raid1/genli/Data_D2O/M1_data/BRN/analysis_25306-26233_M1_20251030-013056/subjob_25800-25818/run25813_20250921-23/lowlight/Run25813_M1_low_light_fits.png
Low-light fit data saved to /raid1/genli/Data_D2O/M1_data/BRN/analysis_25306-26233_M1_20251030-013056/subjob_25800-25818/run25813_20250921-23/lowlight/Run25813_M1_low_light_fits.pkl
Veto efficiency plot saved to /raid1/genli/Data_D2O/M1_data/BRN/analysis_25306-26233_M1_20251030-013056/subjob_25800-25818/run25813_20250921-23/histograms/25813_M1_veto_efficiency.png
Veto efficiency data saved to /raid1/genli/Data_D2O/M1_data/BRN/analysis_25306-26233_M1_20251030-013056/subjob_25800-25818/run25813_20250921-23/histograms/25813_M1_veto_efficiency.pkl
Run 25813: after NaN drop: 18997 events
Run 25813: after Δt cut: 9107 events
Run 25813: after total_pe cut: 9107 events
Run 25813: after time-std < 40.0 ns cut: 9107 events
Correlation map saved to /raid1/genli/Data_D2O/M1_data/BRN/analysis_25306-26233_M1_20251030-013056/subjob_25800-25818/run25813_20250921-23/cuthist/Run_25813_M1_correlation_map.png
--- Processing run 25814 ---
Low-light fits saved to /raid1/genli/Data_D2O/M1_data/BRN/analysis_25306-26233_M1_20251030-013056/subjob_25800-25818/run25814_20250922-00/lowlight/Run25814_M1_low_light_fits.png
Low-light fit data saved to /raid1/genli/Data_D2O/M1_data/BRN/analysis_25306-26233_M1_20251030-013056/subjob_25800-25818/run25814_20250922-00/lowlight/Run25814_M1_low_light_fits.pkl
Veto efficiency plot saved to /raid1/genli/Data_D2O/M1_data/BRN/analysis_25306-26233_M1_20251030-013056/subjob_25800-25818/run25814_20250922-00/histograms/25814_M1_veto_efficiency.png
Veto efficiency data saved to /raid1/genli/Data_D2O/M1_data/BRN/analysis_25306-26233_M1_20251030-013056/subjob_25800-25818/run25814_20250922-00/histograms/25814_M1_veto_efficiency.pkl
Run 25814: after NaN drop: 18744 events
Run 25814: after Δt cut: 9026 events
Run 25814: after total_pe cut: 9024 events
Run 25814: after time-std < 40.0 ns cut: 9024 events
Correlation map saved to /raid1/genli/Data_D2O/M1_data/BRN/analysis_25306-26233_M1_20251030-013056/subjob_25800-25818/run25814_20250922-00/cuthist/Run_25814_M1_correlation_map.png
--- Processing run 25815 ---
Low-light fits saved to /raid1/genli/Data_D2O/M1_data/BRN/analysis_25306-26233_M1_20251030-013056/subjob_25800-25818/run25815_20250922-01/lowlight/Run25815_M1_low_light_fits.png
Low-light fit data saved to /raid1/genli/Data_D2O/M1_data/BRN/analysis_25306-26233_M1_20251030-013056/subjob_25800-25818/run25815_20250922-01/lowlight/Run25815_M1_low_light_fits.pkl
Veto efficiency plot saved to /raid1/genli/Data_D2O/M1_data/BRN/analysis_25306-26233_M1_20251030-013056/subjob_25800-25818/run25815_20250922-01/histograms/25815_M1_veto_efficiency.png
Veto efficiency data saved to /raid1/genli/Data_D2O/M1_data/BRN/analysis_25306-26233_M1_20251030-013056/subjob_25800-25818/run25815_20250922-01/histograms/25815_M1_veto_efficiency.pkl
Run 25815: after NaN drop: 18837 events
Run 25815: after Δt cut: 9078 events
Run 25815: after total_pe cut: 9077 events
Run 25815: after time-std < 40.0 ns cut: 9077 events
Correlation map saved to /raid1/genli/Data_D2O/M1_data/BRN/analysis_25306-26233_M1_20251030-013056/subjob_25800-25818/run25815_20250922-01/cuthist/Run_25815_M1_correlation_map.png
--- Processing run 25816 ---
Low-light fits saved to /raid1/genli/Data_D2O/M1_data/BRN/analysis_25306-26233_M1_20251030-013056/subjob_25800-25818/run25816_20250922-02/lowlight/Run25816_M1_low_light_fits.png
Low-light fit data saved to /raid1/genli/Data_D2O/M1_data/BRN/analysis_25306-26233_M1_20251030-013056/subjob_25800-25818/run25816_20250922-02/lowlight/Run25816_M1_low_light_fits.pkl
Veto efficiency plot saved to /raid1/genli/Data_D2O/M1_data/BRN/analysis_25306-26233_M1_20251030-013056/subjob_25800-25818/run25816_20250922-02/histograms/25816_M1_veto_efficiency.png
Veto efficiency data saved to /raid1/genli/Data_D2O/M1_data/BRN/analysis_25306-26233_M1_20251030-013056/subjob_25800-25818/run25816_20250922-02/histograms/25816_M1_veto_efficiency.pkl
Run 25816: after NaN drop: 18731 events
Run 25816: after Δt cut: 8947 events
Run 25816: after total_pe cut: 8946 events
Run 25816: after time-std < 40.0 ns cut: 8946 events
Correlation map saved to /raid1/genli/Data_D2O/M1_data/BRN/analysis_25306-26233_M1_20251030-013056/subjob_25800-25818/run25816_20250922-02/cuthist/Run_25816_M1_correlation_map.png
--- Processing run 25817 ---
Low-light fits saved to /raid1/genli/Data_D2O/M1_data/BRN/analysis_25306-26233_M1_20251030-013056/subjob_25800-25818/run25817_20250922-03/lowlight/Run25817_M1_low_light_fits.png
Low-light fit data saved to /raid1/genli/Data_D2O/M1_data/BRN/analysis_25306-26233_M1_20251030-013056/subjob_25800-25818/run25817_20250922-03/lowlight/Run25817_M1_low_light_fits.pkl
Veto efficiency plot saved to /raid1/genli/Data_D2O/M1_data/BRN/analysis_25306-26233_M1_20251030-013056/subjob_25800-25818/run25817_20250922-03/histograms/25817_M1_veto_efficiency.png
Veto efficiency data saved to /raid1/genli/Data_D2O/M1_data/BRN/analysis_25306-26233_M1_20251030-013056/subjob_25800-25818/run25817_20250922-03/histograms/25817_M1_veto_efficiency.pkl
Run 25817: after NaN drop: 18639 events
Run 25817: after Δt cut: 8975 events
Run 25817: after total_pe cut: 8975 events
Run 25817: after time-std < 40.0 ns cut: 8975 events
Correlation map saved to /raid1/genli/Data_D2O/M1_data/BRN/analysis_25306-26233_M1_20251030-013056/subjob_25800-25818/run25817_20250922-03/cuthist/Run_25817_M1_correlation_map.png
--- Processing run 25818 ---
Low-light fits saved to /raid1/genli/Data_D2O/M1_data/BRN/analysis_25306-26233_M1_20251030-013056/subjob_25800-25818/run25818_20250922-04/lowlight/Run25818_M1_low_light_fits.png
Low-light fit data saved to /raid1/genli/Data_D2O/M1_data/BRN/analysis_25306-26233_M1_20251030-013056/subjob_25800-25818/run25818_20250922-04/lowlight/Run25818_M1_low_light_fits.pkl
Veto efficiency plot saved to /raid1/genli/Data_D2O/M1_data/BRN/analysis_25306-26233_M1_20251030-013056/subjob_25800-25818/run25818_20250922-04/histograms/25818_M1_veto_efficiency.png
Veto efficiency data saved to /raid1/genli/Data_D2O/M1_data/BRN/analysis_25306-26233_M1_20251030-013056/subjob_25800-25818/run25818_20250922-04/histograms/25818_M1_veto_efficiency.pkl
Run 25818: after NaN drop: 18777 events
Run 25818: after Δt cut: 9037 events
Run 25818: after total_pe cut: 9034 events
Run 25818: after time-std < 40.0 ns cut: 9034 events
Correlation map saved to /raid1/genli/Data_D2O/M1_data/BRN/analysis_25306-26233_M1_20251030-013056/subjob_25800-25818/run25818_20250922-04/cuthist/Run_25818_M1_correlation_map.png
Saving aggregated data for sub-job 25800-25818...
Successfully saved data for master aggregation.
--- Sub-job Analysis Complete ---
