/home/genli/.local/lib/python3.9/site-packages/numpy/lib/nanfunctions.py:1878: RuntimeWarning: Degrees of freedom <= 0 for slice.
  var = nanvar(a, axis=axis, dtype=dtype, out=out, ddof=ddof,
/usr/local/lib64/python3.9/site-packages/scipy/stats/_stats_py.py:4424: ConstantInputWarning: An input array is constant; the correlation coefficient is not defined.
  warnings.warn(stats.ConstantInputWarning(msg))
/usr/local/lib64/python3.9/site-packages/scipy/stats/_stats_py.py:4424: ConstantInputWarning: An input array is constant; the correlation coefficient is not defined.
  warnings.warn(stats.ConstantInputWarning(msg))
/usr/local/lib64/python3.9/site-packages/scipy/stats/_stats_py.py:4424: ConstantInputWarning: An input array is constant; the correlation coefficient is not defined.
  warnings.warn(stats.ConstantInputWarning(msg))
/usr/local/lib64/python3.9/site-packages/scipy/stats/_stats_py.py:4424: ConstantInputWarning: An input array is constant; the correlation coefficient is not defined.
  warnings.warn(stats.ConstantInputWarning(msg))
/home/genli/.local/lib/python3.9/site-packages/numpy/lib/nanfunctions.py:1878: RuntimeWarning: Degrees of freedom <= 0 for slice.
  var = nanvar(a, axis=axis, dtype=dtype, out=out, ddof=ddof,
/usr/local/lib64/python3.9/site-packages/scipy/stats/_stats_py.py:4424: ConstantInputWarning: An input array is constant; the correlation coefficient is not defined.
  warnings.warn(stats.ConstantInputWarning(msg))
/usr/local/lib64/python3.9/site-packages/scipy/stats/_stats_py.py:4424: ConstantInputWarning: An input array is constant; the correlation coefficient is not defined.
  warnings.warn(stats.ConstantInputWarning(msg))
/usr/local/lib64/python3.9/site-packages/scipy/stats/_stats_py.py:4424: ConstantInputWarning: An input array is constant; the correlation coefficient is not defined.
  warnings.warn(stats.ConstantInputWarning(msg))
/usr/local/lib64/python3.9/site-packages/scipy/stats/_stats_py.py:4424: ConstantInputWarning: An input array is constant; the correlation coefficient is not defined.
  warnings.warn(stats.ConstantInputWarning(msg))
/home/genli/.local/lib/python3.9/site-packages/numpy/lib/nanfunctions.py:1878: RuntimeWarning: Degrees of freedom <= 0 for slice.
  var = nanvar(a, axis=axis, dtype=dtype, out=out, ddof=ddof,
/usr/local/lib64/python3.9/site-packages/scipy/stats/_stats_py.py:4424: ConstantInputWarning: An input array is constant; the correlation coefficient is not defined.
  warnings.warn(stats.ConstantInputWarning(msg))
/usr/local/lib64/python3.9/site-packages/scipy/stats/_stats_py.py:4424: ConstantInputWarning: An input array is constant; the correlation coefficient is not defined.
  warnings.warn(stats.ConstantInputWarning(msg))
/usr/local/lib64/python3.9/site-packages/scipy/stats/_stats_py.py:4424: ConstantInputWarning: An input array is constant; the correlation coefficient is not defined.
  warnings.warn(stats.ConstantInputWarning(msg))
/usr/local/lib64/python3.9/site-packages/scipy/stats/_stats_py.py:4424: ConstantInputWarning: An input array is constant; the correlation coefficient is not defined.
  warnings.warn(stats.ConstantInputWarning(msg))
=== Configuration ===
Analysis type: M1
Runs: 23280 to 23282
Output Directory for this job: /raid1/genli/Data_D2O/M1_data/analysis_23163-23282_M1_20251202-213413/subjob_23280-23282
Δt cut: (17576, 219700) ns
Photoelectron cut: (0, 1000) P.E.
Time-std cut: < 40.0 ns
======================
--- Processing run 23280 ---
Length of time: 3596993788944.0 ns
Length of time: 59.9498964824 minutes
Low-light fits saved to /raid1/genli/Data_D2O/M1_data/analysis_23163-23282_M1_20251202-213413/subjob_23280-23282/run23280_20250606-16/lowlight/Run23280_M1_low_light_fits.png
Low-light fit data saved to /raid1/genli/Data_D2O/M1_data/analysis_23163-23282_M1_20251202-213413/subjob_23280-23282/run23280_20250606-16/lowlight/Run23280_M1_low_light_fits.pkl
Applying 2000 ns time interval cut...
Time interval cut: Kept 2132128 / 2175816 events
Veto efficiency plot saved to /raid1/genli/Data_D2O/M1_data/analysis_23163-23282_M1_20251202-213413/subjob_23280-23282/run23280_20250606-16/histograms/23280_M1_veto_efficiency.png
Veto efficiency data saved to /raid1/genli/Data_D2O/M1_data/analysis_23163-23282_M1_20251202-213413/subjob_23280-23282/run23280_20250606-16/histograms/23280_M1_veto_efficiency.pkl
Run 23280: after NaN drop: 6331 events
Run 23280: after Δt cut: 204 events
Run 23280: after total_pe cut: 200 events
Run 23280: after time-std < 40.0 ns cut: 200 events
Correlation map saved to /raid1/genli/Data_D2O/M1_data/analysis_23163-23282_M1_20251202-213413/subjob_23280-23282/run23280_20250606-16/cuthist/Run_23280_M1_correlation_map.png
--- Processing run 23281 ---
Length of time: 3596995964800.0 ns
Length of time: 59.94993274666667 minutes
Low-light fits saved to /raid1/genli/Data_D2O/M1_data/analysis_23163-23282_M1_20251202-213413/subjob_23280-23282/run23281_20250606-17/lowlight/Run23281_M1_low_light_fits.png
Low-light fit data saved to /raid1/genli/Data_D2O/M1_data/analysis_23163-23282_M1_20251202-213413/subjob_23280-23282/run23281_20250606-17/lowlight/Run23281_M1_low_light_fits.pkl
Applying 2000 ns time interval cut...
Time interval cut: Kept 2133582 / 2177241 events
Veto efficiency plot saved to /raid1/genli/Data_D2O/M1_data/analysis_23163-23282_M1_20251202-213413/subjob_23280-23282/run23281_20250606-17/histograms/23281_M1_veto_efficiency.png
Veto efficiency data saved to /raid1/genli/Data_D2O/M1_data/analysis_23163-23282_M1_20251202-213413/subjob_23280-23282/run23281_20250606-17/histograms/23281_M1_veto_efficiency.pkl
Run 23281: after NaN drop: 6242 events
Run 23281: after Δt cut: 223 events
Run 23281: after total_pe cut: 221 events
Run 23281: after time-std < 40.0 ns cut: 221 events
Correlation map saved to /raid1/genli/Data_D2O/M1_data/analysis_23163-23282_M1_20251202-213413/subjob_23280-23282/run23281_20250606-17/cuthist/Run_23281_M1_correlation_map.png
--- Processing run 23282 ---
Length of time: 3596994614992.0 ns
Length of time: 59.94991024986667 minutes
Low-light fits saved to /raid1/genli/Data_D2O/M1_data/analysis_23163-23282_M1_20251202-213413/subjob_23280-23282/run23282_20250606-18/lowlight/Run23282_M1_low_light_fits.png
Low-light fit data saved to /raid1/genli/Data_D2O/M1_data/analysis_23163-23282_M1_20251202-213413/subjob_23280-23282/run23282_20250606-18/lowlight/Run23282_M1_low_light_fits.pkl
Applying 2000 ns time interval cut...
Time interval cut: Kept 2130418 / 2174012 events
Veto efficiency plot saved to /raid1/genli/Data_D2O/M1_data/analysis_23163-23282_M1_20251202-213413/subjob_23280-23282/run23282_20250606-18/histograms/23282_M1_veto_efficiency.png
Veto efficiency data saved to /raid1/genli/Data_D2O/M1_data/analysis_23163-23282_M1_20251202-213413/subjob_23280-23282/run23282_20250606-18/histograms/23282_M1_veto_efficiency.pkl
Run 23282: after NaN drop: 6271 events
Run 23282: after Δt cut: 189 events
Run 23282: after total_pe cut: 187 events
Run 23282: after time-std < 40.0 ns cut: 187 events
Correlation map saved to /raid1/genli/Data_D2O/M1_data/analysis_23163-23282_M1_20251202-213413/subjob_23280-23282/run23282_20250606-18/cuthist/Run_23282_M1_correlation_map.png
Saving aggregated data for sub-job 23280-23282...
Sub-job time length saved to /raid1/genli/Data_D2O/M1_data/analysis_23163-23282_M1_20251202-213413/subjob_23280-23282/subjob_time_length.json
Successfully saved data for master aggregation.
--- Sub-job Analysis Complete ---
