/home/genli/.local/lib/python3.9/site-packages/numpy/lib/nanfunctions.py:1878: RuntimeWarning: Degrees of freedom <= 0 for slice.
  var = nanvar(a, axis=axis, dtype=dtype, out=out, ddof=ddof,
/home/genli/D2O_analysis/Codes/Read_Cut_Hist_D2O_multi_veto.py:411: UserWarning: Data has no positive values, and therefore cannot be log-scaled.
  ax.set_yscale('log')
/home/genli/.local/lib/python3.9/site-packages/numpy/lib/nanfunctions.py:1878: RuntimeWarning: Degrees of freedom <= 0 for slice.
  var = nanvar(a, axis=axis, dtype=dtype, out=out, ddof=ddof,
/home/genli/.local/lib/python3.9/site-packages/numpy/lib/nanfunctions.py:1878: RuntimeWarning: Degrees of freedom <= 0 for slice.
  var = nanvar(a, axis=axis, dtype=dtype, out=out, ddof=ddof,
/home/genli/.local/lib/python3.9/site-packages/numpy/lib/nanfunctions.py:1878: RuntimeWarning: Degrees of freedom <= 0 for slice.
  var = nanvar(a, axis=axis, dtype=dtype, out=out, ddof=ddof,
/home/genli/D2O_analysis/Codes/Read_Cut_Hist_D2O_multi_veto.py:411: UserWarning: Data has no positive values, and therefore cannot be log-scaled.
  ax.set_yscale('log')
/home/genli/.local/lib/python3.9/site-packages/numpy/lib/nanfunctions.py:1878: RuntimeWarning: Degrees of freedom <= 0 for slice.
  var = nanvar(a, axis=axis, dtype=dtype, out=out, ddof=ddof,
/home/genli/.local/lib/python3.9/site-packages/numpy/lib/nanfunctions.py:1878: RuntimeWarning: Degrees of freedom <= 0 for slice.
  var = nanvar(a, axis=axis, dtype=dtype, out=out, ddof=ddof,
/home/genli/.local/lib/python3.9/site-packages/numpy/lib/nanfunctions.py:1878: RuntimeWarning: Degrees of freedom <= 0 for slice.
  var = nanvar(a, axis=axis, dtype=dtype, out=out, ddof=ddof,
/home/genli/.local/lib/python3.9/site-packages/numpy/lib/nanfunctions.py:1878: RuntimeWarning: Degrees of freedom <= 0 for slice.
  var = nanvar(a, axis=axis, dtype=dtype, out=out, ddof=ddof,
/home/genli/.local/lib/python3.9/site-packages/numpy/lib/nanfunctions.py:1878: RuntimeWarning: Degrees of freedom <= 0 for slice.
  var = nanvar(a, axis=axis, dtype=dtype, out=out, ddof=ddof,
/home/genli/.local/lib/python3.9/site-packages/numpy/lib/nanfunctions.py:1878: RuntimeWarning: Degrees of freedom <= 0 for slice.
  var = nanvar(a, axis=axis, dtype=dtype, out=out, ddof=ddof,
/home/genli/.local/lib/python3.9/site-packages/numpy/lib/nanfunctions.py:1878: RuntimeWarning: Degrees of freedom <= 0 for slice.
  var = nanvar(a, axis=axis, dtype=dtype, out=out, ddof=ddof,
/home/genli/D2O_analysis/Codes/Read_Cut_Hist_D2O_multi_veto.py:411: UserWarning: Data has no positive values, and therefore cannot be log-scaled.
  ax.set_yscale('log')
/home/genli/.local/lib/python3.9/site-packages/numpy/lib/nanfunctions.py:1878: RuntimeWarning: Degrees of freedom <= 0 for slice.
  var = nanvar(a, axis=axis, dtype=dtype, out=out, ddof=ddof,
/home/genli/D2O_analysis/Codes/Read_Cut_Hist_D2O_multi_veto.py:411: UserWarning: Data has no positive values, and therefore cannot be log-scaled.
  ax.set_yscale('log')
/home/genli/.local/lib/python3.9/site-packages/numpy/lib/nanfunctions.py:1878: RuntimeWarning: Degrees of freedom <= 0 for slice.
  var = nanvar(a, axis=axis, dtype=dtype, out=out, ddof=ddof,
/home/genli/.local/lib/python3.9/site-packages/numpy/lib/nanfunctions.py:1878: RuntimeWarning: Degrees of freedom <= 0 for slice.
  var = nanvar(a, axis=axis, dtype=dtype, out=out, ddof=ddof,
/home/genli/D2O_analysis/Codes/Read_Cut_Hist_D2O_multi_veto.py:411: UserWarning: Data has no positive values, and therefore cannot be log-scaled.
  ax.set_yscale('log')
/home/genli/.local/lib/python3.9/site-packages/numpy/lib/nanfunctions.py:1878: RuntimeWarning: Degrees of freedom <= 0 for slice.
  var = nanvar(a, axis=axis, dtype=dtype, out=out, ddof=ddof,
/home/genli/.local/lib/python3.9/site-packages/numpy/lib/nanfunctions.py:1878: RuntimeWarning: Degrees of freedom <= 0 for slice.
  var = nanvar(a, axis=axis, dtype=dtype, out=out, ddof=ddof,
/home/genli/.local/lib/python3.9/site-packages/numpy/lib/nanfunctions.py:1878: RuntimeWarning: Degrees of freedom <= 0 for slice.
  var = nanvar(a, axis=axis, dtype=dtype, out=out, ddof=ddof,
/home/genli/D2O_analysis/Codes/Read_Cut_Hist_D2O_multi_veto.py:411: UserWarning: Data has no positive values, and therefore cannot be log-scaled.
  ax.set_yscale('log')
/home/genli/.local/lib/python3.9/site-packages/numpy/lib/nanfunctions.py:1878: RuntimeWarning: Degrees of freedom <= 0 for slice.
  var = nanvar(a, axis=axis, dtype=dtype, out=out, ddof=ddof,
/home/genli/.local/lib/python3.9/site-packages/numpy/lib/nanfunctions.py:1878: RuntimeWarning: Degrees of freedom <= 0 for slice.
  var = nanvar(a, axis=axis, dtype=dtype, out=out, ddof=ddof,
=== Configuration ===
Analysis type: M1
Runs: 26028 to 26046
Output Directory for this job: /raid1/genli/Data_D2O/M1_data/BRN/analysis_25306-26233_M1_20251030-013056/subjob_26028-26046
Δt cut: (960, 10560) ns
Photoelectron cut: (0, 2000) P.E.
Time-std cut: < 40.0 ns
======================
--- Processing run 26028 ---
Low-light fits saved to /raid1/genli/Data_D2O/M1_data/BRN/analysis_25306-26233_M1_20251030-013056/subjob_26028-26046/run26028_20250930-22/lowlight/Run26028_M1_low_light_fits.png
Low-light fit data saved to /raid1/genli/Data_D2O/M1_data/BRN/analysis_25306-26233_M1_20251030-013056/subjob_26028-26046/run26028_20250930-22/lowlight/Run26028_M1_low_light_fits.pkl
Veto efficiency plot saved to /raid1/genli/Data_D2O/M1_data/BRN/analysis_25306-26233_M1_20251030-013056/subjob_26028-26046/run26028_20250930-22/histograms/26028_M1_veto_efficiency.png
Veto efficiency data saved to /raid1/genli/Data_D2O/M1_data/BRN/analysis_25306-26233_M1_20251030-013056/subjob_26028-26046/run26028_20250930-22/histograms/26028_M1_veto_efficiency.pkl
Run 26028: after NaN drop: 18615 events
Run 26028: after Δt cut: 9066 events
Run 26028: after total_pe cut: 9064 events
Run 26028: after time-std < 40.0 ns cut: 9064 events
Correlation map saved to /raid1/genli/Data_D2O/M1_data/BRN/analysis_25306-26233_M1_20251030-013056/subjob_26028-26046/run26028_20250930-22/cuthist/Run_26028_M1_correlation_map.png
--- Processing run 26029 ---
Low-light fits saved to /raid1/genli/Data_D2O/M1_data/BRN/analysis_25306-26233_M1_20251030-013056/subjob_26028-26046/run26029_20250930-23/lowlight/Run26029_M1_low_light_fits.png
Low-light fit data saved to /raid1/genli/Data_D2O/M1_data/BRN/analysis_25306-26233_M1_20251030-013056/subjob_26028-26046/run26029_20250930-23/lowlight/Run26029_M1_low_light_fits.pkl
Veto efficiency plot saved to /raid1/genli/Data_D2O/M1_data/BRN/analysis_25306-26233_M1_20251030-013056/subjob_26028-26046/run26029_20250930-23/histograms/26029_M1_veto_efficiency.png
Veto efficiency data saved to /raid1/genli/Data_D2O/M1_data/BRN/analysis_25306-26233_M1_20251030-013056/subjob_26028-26046/run26029_20250930-23/histograms/26029_M1_veto_efficiency.pkl
Run 26029: after NaN drop: 18378 events
Run 26029: after Δt cut: 8979 events
Run 26029: after total_pe cut: 8979 events
Run 26029: after time-std < 40.0 ns cut: 8979 events
Correlation map saved to /raid1/genli/Data_D2O/M1_data/BRN/analysis_25306-26233_M1_20251030-013056/subjob_26028-26046/run26029_20250930-23/cuthist/Run_26029_M1_correlation_map.png
--- Processing run 26030 ---
Low-light fits saved to /raid1/genli/Data_D2O/M1_data/BRN/analysis_25306-26233_M1_20251030-013056/subjob_26028-26046/run26030_20251001-00/lowlight/Run26030_M1_low_light_fits.png
Low-light fit data saved to /raid1/genli/Data_D2O/M1_data/BRN/analysis_25306-26233_M1_20251030-013056/subjob_26028-26046/run26030_20251001-00/lowlight/Run26030_M1_low_light_fits.pkl
Veto efficiency plot saved to /raid1/genli/Data_D2O/M1_data/BRN/analysis_25306-26233_M1_20251030-013056/subjob_26028-26046/run26030_20251001-00/histograms/26030_M1_veto_efficiency.png
Veto efficiency data saved to /raid1/genli/Data_D2O/M1_data/BRN/analysis_25306-26233_M1_20251030-013056/subjob_26028-26046/run26030_20251001-00/histograms/26030_M1_veto_efficiency.pkl
Run 26030: after NaN drop: 18469 events
Run 26030: after Δt cut: 9017 events
Run 26030: after total_pe cut: 9015 events
Run 26030: after time-std < 40.0 ns cut: 9015 events
Correlation map saved to /raid1/genli/Data_D2O/M1_data/BRN/analysis_25306-26233_M1_20251030-013056/subjob_26028-26046/run26030_20251001-00/cuthist/Run_26030_M1_correlation_map.png
--- Processing run 26031 ---
Low-light fits saved to /raid1/genli/Data_D2O/M1_data/BRN/analysis_25306-26233_M1_20251030-013056/subjob_26028-26046/run26031_20251001-01/lowlight/Run26031_M1_low_light_fits.png
Low-light fit data saved to /raid1/genli/Data_D2O/M1_data/BRN/analysis_25306-26233_M1_20251030-013056/subjob_26028-26046/run26031_20251001-01/lowlight/Run26031_M1_low_light_fits.pkl
Veto efficiency plot saved to /raid1/genli/Data_D2O/M1_data/BRN/analysis_25306-26233_M1_20251030-013056/subjob_26028-26046/run26031_20251001-01/histograms/26031_M1_veto_efficiency.png
Veto efficiency data saved to /raid1/genli/Data_D2O/M1_data/BRN/analysis_25306-26233_M1_20251030-013056/subjob_26028-26046/run26031_20251001-01/histograms/26031_M1_veto_efficiency.pkl
Run 26031: after NaN drop: 18244 events
Run 26031: after Δt cut: 8981 events
Run 26031: after total_pe cut: 8978 events
Run 26031: after time-std < 40.0 ns cut: 8978 events
Correlation map saved to /raid1/genli/Data_D2O/M1_data/BRN/analysis_25306-26233_M1_20251030-013056/subjob_26028-26046/run26031_20251001-01/cuthist/Run_26031_M1_correlation_map.png
--- Processing run 26032 ---
Low-light fits saved to /raid1/genli/Data_D2O/M1_data/BRN/analysis_25306-26233_M1_20251030-013056/subjob_26028-26046/run26032_20251001-02/lowlight/Run26032_M1_low_light_fits.png
Low-light fit data saved to /raid1/genli/Data_D2O/M1_data/BRN/analysis_25306-26233_M1_20251030-013056/subjob_26028-26046/run26032_20251001-02/lowlight/Run26032_M1_low_light_fits.pkl
Veto efficiency plot saved to /raid1/genli/Data_D2O/M1_data/BRN/analysis_25306-26233_M1_20251030-013056/subjob_26028-26046/run26032_20251001-02/histograms/26032_M1_veto_efficiency.png
Veto efficiency data saved to /raid1/genli/Data_D2O/M1_data/BRN/analysis_25306-26233_M1_20251030-013056/subjob_26028-26046/run26032_20251001-02/histograms/26032_M1_veto_efficiency.pkl
Run 26032: after NaN drop: 18439 events
Run 26032: after Δt cut: 8912 events
Run 26032: after total_pe cut: 8912 events
Run 26032: after time-std < 40.0 ns cut: 8912 events
Correlation map saved to /raid1/genli/Data_D2O/M1_data/BRN/analysis_25306-26233_M1_20251030-013056/subjob_26028-26046/run26032_20251001-02/cuthist/Run_26032_M1_correlation_map.png
--- Processing run 26033 ---
Low-light fits saved to /raid1/genli/Data_D2O/M1_data/BRN/analysis_25306-26233_M1_20251030-013056/subjob_26028-26046/run26033_20251001-03/lowlight/Run26033_M1_low_light_fits.png
Low-light fit data saved to /raid1/genli/Data_D2O/M1_data/BRN/analysis_25306-26233_M1_20251030-013056/subjob_26028-26046/run26033_20251001-03/lowlight/Run26033_M1_low_light_fits.pkl
Veto efficiency plot saved to /raid1/genli/Data_D2O/M1_data/BRN/analysis_25306-26233_M1_20251030-013056/subjob_26028-26046/run26033_20251001-03/histograms/26033_M1_veto_efficiency.png
Veto efficiency data saved to /raid1/genli/Data_D2O/M1_data/BRN/analysis_25306-26233_M1_20251030-013056/subjob_26028-26046/run26033_20251001-03/histograms/26033_M1_veto_efficiency.pkl
Run 26033: after NaN drop: 18681 events
Run 26033: after Δt cut: 9053 events
Run 26033: after total_pe cut: 9050 events
Run 26033: after time-std < 40.0 ns cut: 9050 events
Correlation map saved to /raid1/genli/Data_D2O/M1_data/BRN/analysis_25306-26233_M1_20251030-013056/subjob_26028-26046/run26033_20251001-03/cuthist/Run_26033_M1_correlation_map.png
--- Processing run 26034 ---
Low-light fits saved to /raid1/genli/Data_D2O/M1_data/BRN/analysis_25306-26233_M1_20251030-013056/subjob_26028-26046/run26034_20251001-04/lowlight/Run26034_M1_low_light_fits.png
Low-light fit data saved to /raid1/genli/Data_D2O/M1_data/BRN/analysis_25306-26233_M1_20251030-013056/subjob_26028-26046/run26034_20251001-04/lowlight/Run26034_M1_low_light_fits.pkl
Veto efficiency plot saved to /raid1/genli/Data_D2O/M1_data/BRN/analysis_25306-26233_M1_20251030-013056/subjob_26028-26046/run26034_20251001-04/histograms/26034_M1_veto_efficiency.png
Veto efficiency data saved to /raid1/genli/Data_D2O/M1_data/BRN/analysis_25306-26233_M1_20251030-013056/subjob_26028-26046/run26034_20251001-04/histograms/26034_M1_veto_efficiency.pkl
Run 26034: after NaN drop: 18413 events
Run 26034: after Δt cut: 8912 events
Run 26034: after total_pe cut: 8911 events
Run 26034: after time-std < 40.0 ns cut: 8911 events
Correlation map saved to /raid1/genli/Data_D2O/M1_data/BRN/analysis_25306-26233_M1_20251030-013056/subjob_26028-26046/run26034_20251001-04/cuthist/Run_26034_M1_correlation_map.png
--- Processing run 26035 ---
Low-light fits saved to /raid1/genli/Data_D2O/M1_data/BRN/analysis_25306-26233_M1_20251030-013056/subjob_26028-26046/run26035_20251001-05/lowlight/Run26035_M1_low_light_fits.png
Low-light fit data saved to /raid1/genli/Data_D2O/M1_data/BRN/analysis_25306-26233_M1_20251030-013056/subjob_26028-26046/run26035_20251001-05/lowlight/Run26035_M1_low_light_fits.pkl
Veto efficiency plot saved to /raid1/genli/Data_D2O/M1_data/BRN/analysis_25306-26233_M1_20251030-013056/subjob_26028-26046/run26035_20251001-05/histograms/26035_M1_veto_efficiency.png
Veto efficiency data saved to /raid1/genli/Data_D2O/M1_data/BRN/analysis_25306-26233_M1_20251030-013056/subjob_26028-26046/run26035_20251001-05/histograms/26035_M1_veto_efficiency.pkl
Run 26035: after NaN drop: 18532 events
Run 26035: after Δt cut: 8937 events
Run 26035: after total_pe cut: 8937 events
Run 26035: after time-std < 40.0 ns cut: 8937 events
Correlation map saved to /raid1/genli/Data_D2O/M1_data/BRN/analysis_25306-26233_M1_20251030-013056/subjob_26028-26046/run26035_20251001-05/cuthist/Run_26035_M1_correlation_map.png
--- Processing run 26036 ---
Low-light fits saved to /raid1/genli/Data_D2O/M1_data/BRN/analysis_25306-26233_M1_20251030-013056/subjob_26028-26046/run26036_20251001-06/lowlight/Run26036_M1_low_light_fits.png
Low-light fit data saved to /raid1/genli/Data_D2O/M1_data/BRN/analysis_25306-26233_M1_20251030-013056/subjob_26028-26046/run26036_20251001-06/lowlight/Run26036_M1_low_light_fits.pkl
Veto efficiency plot saved to /raid1/genli/Data_D2O/M1_data/BRN/analysis_25306-26233_M1_20251030-013056/subjob_26028-26046/run26036_20251001-06/histograms/26036_M1_veto_efficiency.png
Veto efficiency data saved to /raid1/genli/Data_D2O/M1_data/BRN/analysis_25306-26233_M1_20251030-013056/subjob_26028-26046/run26036_20251001-06/histograms/26036_M1_veto_efficiency.pkl
Run 26036: after NaN drop: 18289 events
Run 26036: after Δt cut: 8880 events
Run 26036: after total_pe cut: 8877 events
Run 26036: after time-std < 40.0 ns cut: 8877 events
Correlation map saved to /raid1/genli/Data_D2O/M1_data/BRN/analysis_25306-26233_M1_20251030-013056/subjob_26028-26046/run26036_20251001-06/cuthist/Run_26036_M1_correlation_map.png
--- Processing run 26037 ---
Low-light fits saved to /raid1/genli/Data_D2O/M1_data/BRN/analysis_25306-26233_M1_20251030-013056/subjob_26028-26046/run26037_20251001-07/lowlight/Run26037_M1_low_light_fits.png
Low-light fit data saved to /raid1/genli/Data_D2O/M1_data/BRN/analysis_25306-26233_M1_20251030-013056/subjob_26028-26046/run26037_20251001-07/lowlight/Run26037_M1_low_light_fits.pkl
Veto efficiency plot saved to /raid1/genli/Data_D2O/M1_data/BRN/analysis_25306-26233_M1_20251030-013056/subjob_26028-26046/run26037_20251001-07/histograms/26037_M1_veto_efficiency.png
Veto efficiency data saved to /raid1/genli/Data_D2O/M1_data/BRN/analysis_25306-26233_M1_20251030-013056/subjob_26028-26046/run26037_20251001-07/histograms/26037_M1_veto_efficiency.pkl
Run 26037: after NaN drop: 18763 events
Run 26037: after Δt cut: 8981 events
Run 26037: after total_pe cut: 8980 events
Run 26037: after time-std < 40.0 ns cut: 8980 events
Correlation map saved to /raid1/genli/Data_D2O/M1_data/BRN/analysis_25306-26233_M1_20251030-013056/subjob_26028-26046/run26037_20251001-07/cuthist/Run_26037_M1_correlation_map.png
--- Processing run 26038 ---
Low-light fits saved to /raid1/genli/Data_D2O/M1_data/BRN/analysis_25306-26233_M1_20251030-013056/subjob_26028-26046/run26038_20251001-08/lowlight/Run26038_M1_low_light_fits.png
Low-light fit data saved to /raid1/genli/Data_D2O/M1_data/BRN/analysis_25306-26233_M1_20251030-013056/subjob_26028-26046/run26038_20251001-08/lowlight/Run26038_M1_low_light_fits.pkl
Veto efficiency plot saved to /raid1/genli/Data_D2O/M1_data/BRN/analysis_25306-26233_M1_20251030-013056/subjob_26028-26046/run26038_20251001-08/histograms/26038_M1_veto_efficiency.png
Veto efficiency data saved to /raid1/genli/Data_D2O/M1_data/BRN/analysis_25306-26233_M1_20251030-013056/subjob_26028-26046/run26038_20251001-08/histograms/26038_M1_veto_efficiency.pkl
Run 26038: after NaN drop: 18445 events
Run 26038: after Δt cut: 8855 events
Run 26038: after total_pe cut: 8855 events
Run 26038: after time-std < 40.0 ns cut: 8855 events
Correlation map saved to /raid1/genli/Data_D2O/M1_data/BRN/analysis_25306-26233_M1_20251030-013056/subjob_26028-26046/run26038_20251001-08/cuthist/Run_26038_M1_correlation_map.png
--- Processing run 26039 ---
Low-light fits saved to /raid1/genli/Data_D2O/M1_data/BRN/analysis_25306-26233_M1_20251030-013056/subjob_26028-26046/run26039_20251001-09/lowlight/Run26039_M1_low_light_fits.png
Low-light fit data saved to /raid1/genli/Data_D2O/M1_data/BRN/analysis_25306-26233_M1_20251030-013056/subjob_26028-26046/run26039_20251001-09/lowlight/Run26039_M1_low_light_fits.pkl
Veto efficiency plot saved to /raid1/genli/Data_D2O/M1_data/BRN/analysis_25306-26233_M1_20251030-013056/subjob_26028-26046/run26039_20251001-09/histograms/26039_M1_veto_efficiency.png
Veto efficiency data saved to /raid1/genli/Data_D2O/M1_data/BRN/analysis_25306-26233_M1_20251030-013056/subjob_26028-26046/run26039_20251001-09/histograms/26039_M1_veto_efficiency.pkl
Run 26039: after NaN drop: 18650 events
Run 26039: after Δt cut: 8991 events
Run 26039: after total_pe cut: 8987 events
Run 26039: after time-std < 40.0 ns cut: 8987 events
Correlation map saved to /raid1/genli/Data_D2O/M1_data/BRN/analysis_25306-26233_M1_20251030-013056/subjob_26028-26046/run26039_20251001-09/cuthist/Run_26039_M1_correlation_map.png
--- Processing run 26040 ---
Low-light fits saved to /raid1/genli/Data_D2O/M1_data/BRN/analysis_25306-26233_M1_20251030-013056/subjob_26028-26046/run26040_20251001-10/lowlight/Run26040_M1_low_light_fits.png
Low-light fit data saved to /raid1/genli/Data_D2O/M1_data/BRN/analysis_25306-26233_M1_20251030-013056/subjob_26028-26046/run26040_20251001-10/lowlight/Run26040_M1_low_light_fits.pkl
Veto efficiency plot saved to /raid1/genli/Data_D2O/M1_data/BRN/analysis_25306-26233_M1_20251030-013056/subjob_26028-26046/run26040_20251001-10/histograms/26040_M1_veto_efficiency.png
Veto efficiency data saved to /raid1/genli/Data_D2O/M1_data/BRN/analysis_25306-26233_M1_20251030-013056/subjob_26028-26046/run26040_20251001-10/histograms/26040_M1_veto_efficiency.pkl
Run 26040: after NaN drop: 18715 events
Run 26040: after Δt cut: 9081 events
Run 26040: after total_pe cut: 9081 events
Run 26040: after time-std < 40.0 ns cut: 9081 events
Correlation map saved to /raid1/genli/Data_D2O/M1_data/BRN/analysis_25306-26233_M1_20251030-013056/subjob_26028-26046/run26040_20251001-10/cuthist/Run_26040_M1_correlation_map.png
--- Processing run 26041 ---
Low-light fits saved to /raid1/genli/Data_D2O/M1_data/BRN/analysis_25306-26233_M1_20251030-013056/subjob_26028-26046/run26041_20251001-11/lowlight/Run26041_M1_low_light_fits.png
Low-light fit data saved to /raid1/genli/Data_D2O/M1_data/BRN/analysis_25306-26233_M1_20251030-013056/subjob_26028-26046/run26041_20251001-11/lowlight/Run26041_M1_low_light_fits.pkl
Veto efficiency plot saved to /raid1/genli/Data_D2O/M1_data/BRN/analysis_25306-26233_M1_20251030-013056/subjob_26028-26046/run26041_20251001-11/histograms/26041_M1_veto_efficiency.png
Veto efficiency data saved to /raid1/genli/Data_D2O/M1_data/BRN/analysis_25306-26233_M1_20251030-013056/subjob_26028-26046/run26041_20251001-11/histograms/26041_M1_veto_efficiency.pkl
Run 26041: after NaN drop: 18720 events
Run 26041: after Δt cut: 9072 events
Run 26041: after total_pe cut: 9071 events
Run 26041: after time-std < 40.0 ns cut: 9071 events
Correlation map saved to /raid1/genli/Data_D2O/M1_data/BRN/analysis_25306-26233_M1_20251030-013056/subjob_26028-26046/run26041_20251001-11/cuthist/Run_26041_M1_correlation_map.png
--- Processing run 26042 ---
Low-light fits saved to /raid1/genli/Data_D2O/M1_data/BRN/analysis_25306-26233_M1_20251030-013056/subjob_26028-26046/run26042_20251001-12/lowlight/Run26042_M1_low_light_fits.png
Low-light fit data saved to /raid1/genli/Data_D2O/M1_data/BRN/analysis_25306-26233_M1_20251030-013056/subjob_26028-26046/run26042_20251001-12/lowlight/Run26042_M1_low_light_fits.pkl
Veto efficiency plot saved to /raid1/genli/Data_D2O/M1_data/BRN/analysis_25306-26233_M1_20251030-013056/subjob_26028-26046/run26042_20251001-12/histograms/26042_M1_veto_efficiency.png
Veto efficiency data saved to /raid1/genli/Data_D2O/M1_data/BRN/analysis_25306-26233_M1_20251030-013056/subjob_26028-26046/run26042_20251001-12/histograms/26042_M1_veto_efficiency.pkl
Run 26042: after NaN drop: 18591 events
Run 26042: after Δt cut: 9132 events
Run 26042: after total_pe cut: 9132 events
Run 26042: after time-std < 40.0 ns cut: 9132 events
Correlation map saved to /raid1/genli/Data_D2O/M1_data/BRN/analysis_25306-26233_M1_20251030-013056/subjob_26028-26046/run26042_20251001-12/cuthist/Run_26042_M1_correlation_map.png
--- Processing run 26043 ---
Low-light fits saved to /raid1/genli/Data_D2O/M1_data/BRN/analysis_25306-26233_M1_20251030-013056/subjob_26028-26046/run26043_20251001-13/lowlight/Run26043_M1_low_light_fits.png
Low-light fit data saved to /raid1/genli/Data_D2O/M1_data/BRN/analysis_25306-26233_M1_20251030-013056/subjob_26028-26046/run26043_20251001-13/lowlight/Run26043_M1_low_light_fits.pkl
Veto efficiency plot saved to /raid1/genli/Data_D2O/M1_data/BRN/analysis_25306-26233_M1_20251030-013056/subjob_26028-26046/run26043_20251001-13/histograms/26043_M1_veto_efficiency.png
Veto efficiency data saved to /raid1/genli/Data_D2O/M1_data/BRN/analysis_25306-26233_M1_20251030-013056/subjob_26028-26046/run26043_20251001-13/histograms/26043_M1_veto_efficiency.pkl
Run 26043: after NaN drop: 18489 events
Run 26043: after Δt cut: 8972 events
Run 26043: after total_pe cut: 8970 events
Run 26043: after time-std < 40.0 ns cut: 8970 events
Correlation map saved to /raid1/genli/Data_D2O/M1_data/BRN/analysis_25306-26233_M1_20251030-013056/subjob_26028-26046/run26043_20251001-13/cuthist/Run_26043_M1_correlation_map.png
--- Processing run 26044 ---
Low-light fits saved to /raid1/genli/Data_D2O/M1_data/BRN/analysis_25306-26233_M1_20251030-013056/subjob_26028-26046/run26044_20251001-14/lowlight/Run26044_M1_low_light_fits.png
Low-light fit data saved to /raid1/genli/Data_D2O/M1_data/BRN/analysis_25306-26233_M1_20251030-013056/subjob_26028-26046/run26044_20251001-14/lowlight/Run26044_M1_low_light_fits.pkl
Veto efficiency plot saved to /raid1/genli/Data_D2O/M1_data/BRN/analysis_25306-26233_M1_20251030-013056/subjob_26028-26046/run26044_20251001-14/histograms/26044_M1_veto_efficiency.png
Veto efficiency data saved to /raid1/genli/Data_D2O/M1_data/BRN/analysis_25306-26233_M1_20251030-013056/subjob_26028-26046/run26044_20251001-14/histograms/26044_M1_veto_efficiency.pkl
Run 26044: after NaN drop: 18663 events
Run 26044: after Δt cut: 9173 events
Run 26044: after total_pe cut: 9172 events
Run 26044: after time-std < 40.0 ns cut: 9172 events
Correlation map saved to /raid1/genli/Data_D2O/M1_data/BRN/analysis_25306-26233_M1_20251030-013056/subjob_26028-26046/run26044_20251001-14/cuthist/Run_26044_M1_correlation_map.png
--- Processing run 26045 ---
Low-light fits saved to /raid1/genli/Data_D2O/M1_data/BRN/analysis_25306-26233_M1_20251030-013056/subjob_26028-26046/run26045_20251001-15/lowlight/Run26045_M1_low_light_fits.png
Low-light fit data saved to /raid1/genli/Data_D2O/M1_data/BRN/analysis_25306-26233_M1_20251030-013056/subjob_26028-26046/run26045_20251001-15/lowlight/Run26045_M1_low_light_fits.pkl
Veto efficiency plot saved to /raid1/genli/Data_D2O/M1_data/BRN/analysis_25306-26233_M1_20251030-013056/subjob_26028-26046/run26045_20251001-15/histograms/26045_M1_veto_efficiency.png
Veto efficiency data saved to /raid1/genli/Data_D2O/M1_data/BRN/analysis_25306-26233_M1_20251030-013056/subjob_26028-26046/run26045_20251001-15/histograms/26045_M1_veto_efficiency.pkl
Run 26045: after NaN drop: 18426 events
Run 26045: after Δt cut: 8915 events
Run 26045: after total_pe cut: 8915 events
Run 26045: after time-std < 40.0 ns cut: 8915 events
Correlation map saved to /raid1/genli/Data_D2O/M1_data/BRN/analysis_25306-26233_M1_20251030-013056/subjob_26028-26046/run26045_20251001-15/cuthist/Run_26045_M1_correlation_map.png
--- Processing run 26046 ---
Low-light fits saved to /raid1/genli/Data_D2O/M1_data/BRN/analysis_25306-26233_M1_20251030-013056/subjob_26028-26046/run26046_20251001-16/lowlight/Run26046_M1_low_light_fits.png
Low-light fit data saved to /raid1/genli/Data_D2O/M1_data/BRN/analysis_25306-26233_M1_20251030-013056/subjob_26028-26046/run26046_20251001-16/lowlight/Run26046_M1_low_light_fits.pkl
Veto efficiency plot saved to /raid1/genli/Data_D2O/M1_data/BRN/analysis_25306-26233_M1_20251030-013056/subjob_26028-26046/run26046_20251001-16/histograms/26046_M1_veto_efficiency.png
Veto efficiency data saved to /raid1/genli/Data_D2O/M1_data/BRN/analysis_25306-26233_M1_20251030-013056/subjob_26028-26046/run26046_20251001-16/histograms/26046_M1_veto_efficiency.pkl
Run 26046: after NaN drop: 19024 events
Run 26046: after Δt cut: 9134 events
Run 26046: after total_pe cut: 9131 events
Run 26046: after time-std < 40.0 ns cut: 9131 events
Correlation map saved to /raid1/genli/Data_D2O/M1_data/BRN/analysis_25306-26233_M1_20251030-013056/subjob_26028-26046/run26046_20251001-16/cuthist/Run_26046_M1_correlation_map.png
Saving aggregated data for sub-job 26028-26046...
Successfully saved data for master aggregation.
--- Sub-job Analysis Complete ---
