/home/genli/.local/lib/python3.9/site-packages/numpy/lib/nanfunctions.py:1878: RuntimeWarning: Degrees of freedom <= 0 for slice.
  var = nanvar(a, axis=axis, dtype=dtype, out=out, ddof=ddof,
/home/genli/.local/lib/python3.9/site-packages/numpy/lib/nanfunctions.py:1878: RuntimeWarning: Degrees of freedom <= 0 for slice.
  var = nanvar(a, axis=axis, dtype=dtype, out=out, ddof=ddof,
=== Configuration ===
Analysis type: M2
Runs: 1544 to 1545
Output Directory for this job: /raid1/genli/Data_D2O/M2_data/analysis_1544-1548_M2_20250916-135346/subjob_1544-1545
Δt cut: (0, 10000) ns
Photoelectron cut: (0, 2000) P.E.
Time-std cut: < 40.0 ns
Thin Veto Analysis: ENABLED
======================
--- Processing run 1544 ---
Low-light fits saved to /raid1/genli/Data_D2O/M2_data/analysis_1544-1548_M2_20250916-135346/subjob_1544-1545/run1544_20250916-08/lowlight/Run1544_M2_low_light_fits.png
Low-light fit data saved to /raid1/genli/Data_D2O/M2_data/analysis_1544-1548_M2_20250916-135346/subjob_1544-1545/run1544_20250916-08/lowlight/Run1544_M2_low_light_fits.pkl
Run 1544: Generating veto plots AFTER cuts...
Veto efficiency plot saved to /raid1/genli/Data_D2O/M2_data/analysis_1544-1548_M2_20250916-135346/subjob_1544-1545/run1544_20250916-08/histograms/1544_M2_veto_efficiency.png
Veto efficiency data saved to /raid1/genli/Data_D2O/M2_data/analysis_1544-1548_M2_20250916-135346/subjob_1544-1545/run1544_20250916-08/histograms/1544_M2_veto_efficiency.pkl
Run 1544: after NaN drop: 268562 events
Run 1544: after Δt cut: 5252 events
Run 1544: after total_pe cut: 5201 events
Run 1544: after time-std < 40.0 ns cut: 5201 events
Correlation map saved to /raid1/genli/Data_D2O/M2_data/analysis_1544-1548_M2_20250916-135346/subjob_1544-1545/run1544_20250916-08/cuthist/Run_1544_M2_correlation_map.png
SiPM histograms saved to /raid1/genli/Data_D2O/M2_data/analysis_1544-1548_M2_20250916-135346/subjob_1544-1545/run1544_20250916-08/Run_1544_M2_sipm_area_histograms.png
SiPM histogram data saved to /raid1/genli/Data_D2O/M2_data/analysis_1544-1548_M2_20250916-135346/subjob_1544-1545/run1544_20250916-08/Run_1544_M2_sipm_area_histograms.pkl
--- Processing run 1545 ---
Low-light fits saved to /raid1/genli/Data_D2O/M2_data/analysis_1544-1548_M2_20250916-135346/subjob_1544-1545/run1545_20250916-09/lowlight/Run1545_M2_low_light_fits.png
Low-light fit data saved to /raid1/genli/Data_D2O/M2_data/analysis_1544-1548_M2_20250916-135346/subjob_1544-1545/run1545_20250916-09/lowlight/Run1545_M2_low_light_fits.pkl
Run 1545: Generating veto plots AFTER cuts...
Veto efficiency plot saved to /raid1/genli/Data_D2O/M2_data/analysis_1544-1548_M2_20250916-135346/subjob_1544-1545/run1545_20250916-09/histograms/1545_M2_veto_efficiency.png
Veto efficiency data saved to /raid1/genli/Data_D2O/M2_data/analysis_1544-1548_M2_20250916-135346/subjob_1544-1545/run1545_20250916-09/histograms/1545_M2_veto_efficiency.pkl
Run 1545: after NaN drop: 268813 events
Run 1545: after Δt cut: 5266 events
Run 1545: after total_pe cut: 5210 events
Run 1545: after time-std < 40.0 ns cut: 5210 events
Correlation map saved to /raid1/genli/Data_D2O/M2_data/analysis_1544-1548_M2_20250916-135346/subjob_1544-1545/run1545_20250916-09/cuthist/Run_1545_M2_correlation_map.png
SiPM histograms saved to /raid1/genli/Data_D2O/M2_data/analysis_1544-1548_M2_20250916-135346/subjob_1544-1545/run1545_20250916-09/Run_1545_M2_sipm_area_histograms.png
SiPM histogram data saved to /raid1/genli/Data_D2O/M2_data/analysis_1544-1548_M2_20250916-135346/subjob_1544-1545/run1545_20250916-09/Run_1545_M2_sipm_area_histograms.pkl
Veto efficiency plot saved to /raid1/genli/Data_D2O/M2_data/analysis_1544-1548_M2_20250916-135346/subjob_1544-1545/Runs_1544_1545_M2_veto_efficiency_agg.png
Veto efficiency data saved to /raid1/genli/Data_D2O/M2_data/analysis_1544-1548_M2_20250916-135346/subjob_1544-1545/Runs_1544_1545_M2_veto_efficiency_agg.pkl
--- Generating Aggregated Thin Veto Comparison Plots ---
Saving aggregated data for sub-job 1544-1545...
Successfully saved data for master aggregation.
--- Sub-job Analysis Complete ---
