/home/genli/.local/lib/python3.9/site-packages/numpy/lib/nanfunctions.py:1878: RuntimeWarning: Degrees of freedom <= 0 for slice.
  var = nanvar(a, axis=axis, dtype=dtype, out=out, ddof=ddof,
/usr/local/lib64/python3.9/site-packages/scipy/stats/_stats_py.py:4424: ConstantInputWarning: An input array is constant; the correlation coefficient is not defined.
  warnings.warn(stats.ConstantInputWarning(msg))
/usr/local/lib64/python3.9/site-packages/scipy/stats/_stats_py.py:4424: ConstantInputWarning: An input array is constant; the correlation coefficient is not defined.
  warnings.warn(stats.ConstantInputWarning(msg))
/usr/local/lib64/python3.9/site-packages/scipy/stats/_stats_py.py:4424: ConstantInputWarning: An input array is constant; the correlation coefficient is not defined.
  warnings.warn(stats.ConstantInputWarning(msg))
/usr/local/lib64/python3.9/site-packages/scipy/stats/_stats_py.py:4424: ConstantInputWarning: An input array is constant; the correlation coefficient is not defined.
  warnings.warn(stats.ConstantInputWarning(msg))
/home/genli/.local/lib/python3.9/site-packages/numpy/lib/nanfunctions.py:1878: RuntimeWarning: Degrees of freedom <= 0 for slice.
  var = nanvar(a, axis=axis, dtype=dtype, out=out, ddof=ddof,
/usr/local/lib64/python3.9/site-packages/scipy/stats/_stats_py.py:4424: ConstantInputWarning: An input array is constant; the correlation coefficient is not defined.
  warnings.warn(stats.ConstantInputWarning(msg))
/usr/local/lib64/python3.9/site-packages/scipy/stats/_stats_py.py:4424: ConstantInputWarning: An input array is constant; the correlation coefficient is not defined.
  warnings.warn(stats.ConstantInputWarning(msg))
/usr/local/lib64/python3.9/site-packages/scipy/stats/_stats_py.py:4424: ConstantInputWarning: An input array is constant; the correlation coefficient is not defined.
  warnings.warn(stats.ConstantInputWarning(msg))
/usr/local/lib64/python3.9/site-packages/scipy/stats/_stats_py.py:4424: ConstantInputWarning: An input array is constant; the correlation coefficient is not defined.
  warnings.warn(stats.ConstantInputWarning(msg))
/home/genli/.local/lib/python3.9/site-packages/numpy/lib/nanfunctions.py:1878: RuntimeWarning: Degrees of freedom <= 0 for slice.
  var = nanvar(a, axis=axis, dtype=dtype, out=out, ddof=ddof,
/usr/local/lib64/python3.9/site-packages/scipy/stats/_stats_py.py:4424: ConstantInputWarning: An input array is constant; the correlation coefficient is not defined.
  warnings.warn(stats.ConstantInputWarning(msg))
/usr/local/lib64/python3.9/site-packages/scipy/stats/_stats_py.py:4424: ConstantInputWarning: An input array is constant; the correlation coefficient is not defined.
  warnings.warn(stats.ConstantInputWarning(msg))
/usr/local/lib64/python3.9/site-packages/scipy/stats/_stats_py.py:4424: ConstantInputWarning: An input array is constant; the correlation coefficient is not defined.
  warnings.warn(stats.ConstantInputWarning(msg))
/usr/local/lib64/python3.9/site-packages/scipy/stats/_stats_py.py:4424: ConstantInputWarning: An input array is constant; the correlation coefficient is not defined.
  warnings.warn(stats.ConstantInputWarning(msg))
=== Configuration ===
Analysis type: M1
Runs: 15085 to 15087
Output Directory for this job: /raid1/genli/Data_D2O/M1_data/analysis_14977-15096_M1_20251202-213748/subjob_15085-15087
Δt cut: (2197, 10985) ns
Photoelectron cut: (0, 1000) P.E.
Time-std cut: < 40.0 ns
======================
--- Processing run 15085 ---
Length of time: 3598017333520.0 ns
Length of time: 59.96695555866667 minutes
Low-light fits saved to /raid1/genli/Data_D2O/M1_data/analysis_14977-15096_M1_20251202-213748/subjob_15085-15087/run15085_20240605-11/lowlight/Run15085_M1_low_light_fits.png
Low-light fit data saved to /raid1/genli/Data_D2O/M1_data/analysis_14977-15096_M1_20251202-213748/subjob_15085-15087/run15085_20240605-11/lowlight/Run15085_M1_low_light_fits.pkl
Applying 2000 ns time interval cut...
Time interval cut: Kept 2364163 / 2385866 events
Veto efficiency plot saved to /raid1/genli/Data_D2O/M1_data/analysis_14977-15096_M1_20251202-213748/subjob_15085-15087/run15085_20240605-11/histograms/15085_M1_veto_efficiency.png
Veto efficiency data saved to /raid1/genli/Data_D2O/M1_data/analysis_14977-15096_M1_20251202-213748/subjob_15085-15087/run15085_20240605-11/histograms/15085_M1_veto_efficiency.pkl
Run 15085: after NaN drop: 7469 events
Run 15085: after Δt cut: 4960 events
Run 15085: after total_pe cut: 4954 events
Run 15085: after time-std < 40.0 ns cut: 4954 events
Correlation map saved to /raid1/genli/Data_D2O/M1_data/analysis_14977-15096_M1_20251202-213748/subjob_15085-15087/run15085_20240605-11/cuthist/Run_15085_M1_correlation_map.png
--- Processing run 15086 ---
Length of time: 3597971308080.0 ns
Length of time: 59.966188468000006 minutes
Low-light fits saved to /raid1/genli/Data_D2O/M1_data/analysis_14977-15096_M1_20251202-213748/subjob_15085-15087/run15086_20240605-12/lowlight/Run15086_M1_low_light_fits.png
Low-light fit data saved to /raid1/genli/Data_D2O/M1_data/analysis_14977-15096_M1_20251202-213748/subjob_15085-15087/run15086_20240605-12/lowlight/Run15086_M1_low_light_fits.pkl
Applying 2000 ns time interval cut...
Time interval cut: Kept 2366419 / 2388085 events
Veto efficiency plot saved to /raid1/genli/Data_D2O/M1_data/analysis_14977-15096_M1_20251202-213748/subjob_15085-15087/run15086_20240605-12/histograms/15086_M1_veto_efficiency.png
Veto efficiency data saved to /raid1/genli/Data_D2O/M1_data/analysis_14977-15096_M1_20251202-213748/subjob_15085-15087/run15086_20240605-12/histograms/15086_M1_veto_efficiency.pkl
Run 15086: after NaN drop: 7382 events
Run 15086: after Δt cut: 4923 events
Run 15086: after total_pe cut: 4920 events
Run 15086: after time-std < 40.0 ns cut: 4920 events
Correlation map saved to /raid1/genli/Data_D2O/M1_data/analysis_14977-15096_M1_20251202-213748/subjob_15085-15087/run15086_20240605-12/cuthist/Run_15086_M1_correlation_map.png
--- Processing run 15087 ---
Length of time: 3597976018208.0 ns
Length of time: 59.96626697013333 minutes
Low-light fits saved to /raid1/genli/Data_D2O/M1_data/analysis_14977-15096_M1_20251202-213748/subjob_15085-15087/run15087_20240605-13/lowlight/Run15087_M1_low_light_fits.png
Low-light fit data saved to /raid1/genli/Data_D2O/M1_data/analysis_14977-15096_M1_20251202-213748/subjob_15085-15087/run15087_20240605-13/lowlight/Run15087_M1_low_light_fits.pkl
Applying 2000 ns time interval cut...
Time interval cut: Kept 2366549 / 2388157 events
Veto efficiency plot saved to /raid1/genli/Data_D2O/M1_data/analysis_14977-15096_M1_20251202-213748/subjob_15085-15087/run15087_20240605-13/histograms/15087_M1_veto_efficiency.png
Veto efficiency data saved to /raid1/genli/Data_D2O/M1_data/analysis_14977-15096_M1_20251202-213748/subjob_15085-15087/run15087_20240605-13/histograms/15087_M1_veto_efficiency.pkl
Run 15087: after NaN drop: 7548 events
Run 15087: after Δt cut: 5102 events
Run 15087: after total_pe cut: 5098 events
Run 15087: after time-std < 40.0 ns cut: 5098 events
Correlation map saved to /raid1/genli/Data_D2O/M1_data/analysis_14977-15096_M1_20251202-213748/subjob_15085-15087/run15087_20240605-13/cuthist/Run_15087_M1_correlation_map.png
Saving aggregated data for sub-job 15085-15087...
Sub-job time length saved to /raid1/genli/Data_D2O/M1_data/analysis_14977-15096_M1_20251202-213748/subjob_15085-15087/subjob_time_length.json
Successfully saved data for master aggregation.
--- Sub-job Analysis Complete ---
