/home/genli/.local/lib/python3.9/site-packages/numpy/lib/nanfunctions.py:1878: RuntimeWarning: Degrees of freedom <= 0 for slice.
  var = nanvar(a, axis=axis, dtype=dtype, out=out, ddof=ddof,
/home/genli/.local/lib/python3.9/site-packages/numpy/lib/nanfunctions.py:1878: RuntimeWarning: Degrees of freedom <= 0 for slice.
  var = nanvar(a, axis=axis, dtype=dtype, out=out, ddof=ddof,
/home/genli/D2O_analysis/Codes/Read_Cut_Hist_D2O_multi_veto.py:411: UserWarning: Data has no positive values, and therefore cannot be log-scaled.
  ax.set_yscale('log')
/home/genli/.local/lib/python3.9/site-packages/numpy/lib/nanfunctions.py:1878: RuntimeWarning: Degrees of freedom <= 0 for slice.
  var = nanvar(a, axis=axis, dtype=dtype, out=out, ddof=ddof,
/home/genli/.local/lib/python3.9/site-packages/numpy/lib/nanfunctions.py:1878: RuntimeWarning: Degrees of freedom <= 0 for slice.
  var = nanvar(a, axis=axis, dtype=dtype, out=out, ddof=ddof,
/home/genli/.local/lib/python3.9/site-packages/numpy/lib/nanfunctions.py:1878: RuntimeWarning: Degrees of freedom <= 0 for slice.
  var = nanvar(a, axis=axis, dtype=dtype, out=out, ddof=ddof,
/home/genli/.local/lib/python3.9/site-packages/numpy/lib/nanfunctions.py:1878: RuntimeWarning: Degrees of freedom <= 0 for slice.
  var = nanvar(a, axis=axis, dtype=dtype, out=out, ddof=ddof,
/home/genli/.local/lib/python3.9/site-packages/numpy/lib/nanfunctions.py:1878: RuntimeWarning: Degrees of freedom <= 0 for slice.
  var = nanvar(a, axis=axis, dtype=dtype, out=out, ddof=ddof,
/home/genli/.local/lib/python3.9/site-packages/numpy/lib/nanfunctions.py:1878: RuntimeWarning: Degrees of freedom <= 0 for slice.
  var = nanvar(a, axis=axis, dtype=dtype, out=out, ddof=ddof,
/home/genli/.local/lib/python3.9/site-packages/numpy/lib/nanfunctions.py:1878: RuntimeWarning: Degrees of freedom <= 0 for slice.
  var = nanvar(a, axis=axis, dtype=dtype, out=out, ddof=ddof,
/home/genli/D2O_analysis/Codes/Read_Cut_Hist_D2O_multi_veto.py:411: UserWarning: Data has no positive values, and therefore cannot be log-scaled.
  ax.set_yscale('log')
/home/genli/.local/lib/python3.9/site-packages/numpy/lib/nanfunctions.py:1878: RuntimeWarning: Degrees of freedom <= 0 for slice.
  var = nanvar(a, axis=axis, dtype=dtype, out=out, ddof=ddof,
/home/genli/D2O_analysis/Codes/Read_Cut_Hist_D2O_multi_veto.py:411: UserWarning: Data has no positive values, and therefore cannot be log-scaled.
  ax.set_yscale('log')
/home/genli/.local/lib/python3.9/site-packages/numpy/lib/nanfunctions.py:1878: RuntimeWarning: Degrees of freedom <= 0 for slice.
  var = nanvar(a, axis=axis, dtype=dtype, out=out, ddof=ddof,
/home/genli/.local/lib/python3.9/site-packages/numpy/lib/nanfunctions.py:1878: RuntimeWarning: Degrees of freedom <= 0 for slice.
  var = nanvar(a, axis=axis, dtype=dtype, out=out, ddof=ddof,
/home/genli/D2O_analysis/Codes/Read_Cut_Hist_D2O_multi_veto.py:411: UserWarning: Data has no positive values, and therefore cannot be log-scaled.
  ax.set_yscale('log')
/home/genli/.local/lib/python3.9/site-packages/numpy/lib/nanfunctions.py:1878: RuntimeWarning: Degrees of freedom <= 0 for slice.
  var = nanvar(a, axis=axis, dtype=dtype, out=out, ddof=ddof,
/home/genli/D2O_analysis/Codes/Read_Cut_Hist_D2O_multi_veto.py:411: UserWarning: Data has no positive values, and therefore cannot be log-scaled.
  ax.set_yscale('log')
/home/genli/.local/lib/python3.9/site-packages/numpy/lib/nanfunctions.py:1878: RuntimeWarning: Degrees of freedom <= 0 for slice.
  var = nanvar(a, axis=axis, dtype=dtype, out=out, ddof=ddof,
/home/genli/.local/lib/python3.9/site-packages/numpy/lib/nanfunctions.py:1878: RuntimeWarning: Degrees of freedom <= 0 for slice.
  var = nanvar(a, axis=axis, dtype=dtype, out=out, ddof=ddof,
/home/genli/.local/lib/python3.9/site-packages/numpy/lib/nanfunctions.py:1878: RuntimeWarning: Degrees of freedom <= 0 for slice.
  var = nanvar(a, axis=axis, dtype=dtype, out=out, ddof=ddof,
/home/genli/.local/lib/python3.9/site-packages/numpy/lib/nanfunctions.py:1878: RuntimeWarning: Degrees of freedom <= 0 for slice.
  var = nanvar(a, axis=axis, dtype=dtype, out=out, ddof=ddof,
/home/genli/.local/lib/python3.9/site-packages/numpy/lib/nanfunctions.py:1878: RuntimeWarning: Degrees of freedom <= 0 for slice.
  var = nanvar(a, axis=axis, dtype=dtype, out=out, ddof=ddof,
/home/genli/.local/lib/python3.9/site-packages/numpy/lib/nanfunctions.py:1878: RuntimeWarning: Degrees of freedom <= 0 for slice.
  var = nanvar(a, axis=axis, dtype=dtype, out=out, ddof=ddof,
=== Configuration ===
Analysis type: M1
Runs: 26142 to 26160
Output Directory for this job: /raid1/genli/Data_D2O/M1_data/BRN/analysis_25306-26233_M1_20251030-013056/subjob_26142-26160
Δt cut: (960, 10560) ns
Photoelectron cut: (0, 2000) P.E.
Time-std cut: < 40.0 ns
======================
--- Processing run 26142 ---
Low-light fits saved to /raid1/genli/Data_D2O/M1_data/BRN/analysis_25306-26233_M1_20251030-013056/subjob_26142-26160/run26142_20251005-16/lowlight/Run26142_M1_low_light_fits.png
Low-light fit data saved to /raid1/genli/Data_D2O/M1_data/BRN/analysis_25306-26233_M1_20251030-013056/subjob_26142-26160/run26142_20251005-16/lowlight/Run26142_M1_low_light_fits.pkl
Veto efficiency plot saved to /raid1/genli/Data_D2O/M1_data/BRN/analysis_25306-26233_M1_20251030-013056/subjob_26142-26160/run26142_20251005-16/histograms/26142_M1_veto_efficiency.png
Veto efficiency data saved to /raid1/genli/Data_D2O/M1_data/BRN/analysis_25306-26233_M1_20251030-013056/subjob_26142-26160/run26142_20251005-16/histograms/26142_M1_veto_efficiency.pkl
Run 26142: after NaN drop: 18622 events
Run 26142: after Δt cut: 9083 events
Run 26142: after total_pe cut: 9083 events
Run 26142: after time-std < 40.0 ns cut: 9083 events
Correlation map saved to /raid1/genli/Data_D2O/M1_data/BRN/analysis_25306-26233_M1_20251030-013056/subjob_26142-26160/run26142_20251005-16/cuthist/Run_26142_M1_correlation_map.png
--- Processing run 26143 ---
Low-light fits saved to /raid1/genli/Data_D2O/M1_data/BRN/analysis_25306-26233_M1_20251030-013056/subjob_26142-26160/run26143_20251005-17/lowlight/Run26143_M1_low_light_fits.png
Low-light fit data saved to /raid1/genli/Data_D2O/M1_data/BRN/analysis_25306-26233_M1_20251030-013056/subjob_26142-26160/run26143_20251005-17/lowlight/Run26143_M1_low_light_fits.pkl
Veto efficiency plot saved to /raid1/genli/Data_D2O/M1_data/BRN/analysis_25306-26233_M1_20251030-013056/subjob_26142-26160/run26143_20251005-17/histograms/26143_M1_veto_efficiency.png
Veto efficiency data saved to /raid1/genli/Data_D2O/M1_data/BRN/analysis_25306-26233_M1_20251030-013056/subjob_26142-26160/run26143_20251005-17/histograms/26143_M1_veto_efficiency.pkl
Run 26143: after NaN drop: 18516 events
Run 26143: after Δt cut: 9019 events
Run 26143: after total_pe cut: 9016 events
Run 26143: after time-std < 40.0 ns cut: 9016 events
Correlation map saved to /raid1/genli/Data_D2O/M1_data/BRN/analysis_25306-26233_M1_20251030-013056/subjob_26142-26160/run26143_20251005-17/cuthist/Run_26143_M1_correlation_map.png
--- Processing run 26144 ---
Low-light fits saved to /raid1/genli/Data_D2O/M1_data/BRN/analysis_25306-26233_M1_20251030-013056/subjob_26142-26160/run26144_20251005-18/lowlight/Run26144_M1_low_light_fits.png
Low-light fit data saved to /raid1/genli/Data_D2O/M1_data/BRN/analysis_25306-26233_M1_20251030-013056/subjob_26142-26160/run26144_20251005-18/lowlight/Run26144_M1_low_light_fits.pkl
Veto efficiency plot saved to /raid1/genli/Data_D2O/M1_data/BRN/analysis_25306-26233_M1_20251030-013056/subjob_26142-26160/run26144_20251005-18/histograms/26144_M1_veto_efficiency.png
Veto efficiency data saved to /raid1/genli/Data_D2O/M1_data/BRN/analysis_25306-26233_M1_20251030-013056/subjob_26142-26160/run26144_20251005-18/histograms/26144_M1_veto_efficiency.pkl
Run 26144: after NaN drop: 18589 events
Run 26144: after Δt cut: 9046 events
Run 26144: after total_pe cut: 9043 events
Run 26144: after time-std < 40.0 ns cut: 9043 events
Correlation map saved to /raid1/genli/Data_D2O/M1_data/BRN/analysis_25306-26233_M1_20251030-013056/subjob_26142-26160/run26144_20251005-18/cuthist/Run_26144_M1_correlation_map.png
--- Processing run 26145 ---
Low-light fits saved to /raid1/genli/Data_D2O/M1_data/BRN/analysis_25306-26233_M1_20251030-013056/subjob_26142-26160/run26145_20251005-19/lowlight/Run26145_M1_low_light_fits.png
Low-light fit data saved to /raid1/genli/Data_D2O/M1_data/BRN/analysis_25306-26233_M1_20251030-013056/subjob_26142-26160/run26145_20251005-19/lowlight/Run26145_M1_low_light_fits.pkl
Veto efficiency plot saved to /raid1/genli/Data_D2O/M1_data/BRN/analysis_25306-26233_M1_20251030-013056/subjob_26142-26160/run26145_20251005-19/histograms/26145_M1_veto_efficiency.png
Veto efficiency data saved to /raid1/genli/Data_D2O/M1_data/BRN/analysis_25306-26233_M1_20251030-013056/subjob_26142-26160/run26145_20251005-19/histograms/26145_M1_veto_efficiency.pkl
Run 26145: after NaN drop: 18564 events
Run 26145: after Δt cut: 9018 events
Run 26145: after total_pe cut: 9018 events
Run 26145: after time-std < 40.0 ns cut: 9018 events
Correlation map saved to /raid1/genli/Data_D2O/M1_data/BRN/analysis_25306-26233_M1_20251030-013056/subjob_26142-26160/run26145_20251005-19/cuthist/Run_26145_M1_correlation_map.png
--- Processing run 26146 ---
Low-light fits saved to /raid1/genli/Data_D2O/M1_data/BRN/analysis_25306-26233_M1_20251030-013056/subjob_26142-26160/run26146_20251005-20/lowlight/Run26146_M1_low_light_fits.png
Low-light fit data saved to /raid1/genli/Data_D2O/M1_data/BRN/analysis_25306-26233_M1_20251030-013056/subjob_26142-26160/run26146_20251005-20/lowlight/Run26146_M1_low_light_fits.pkl
Veto efficiency plot saved to /raid1/genli/Data_D2O/M1_data/BRN/analysis_25306-26233_M1_20251030-013056/subjob_26142-26160/run26146_20251005-20/histograms/26146_M1_veto_efficiency.png
Veto efficiency data saved to /raid1/genli/Data_D2O/M1_data/BRN/analysis_25306-26233_M1_20251030-013056/subjob_26142-26160/run26146_20251005-20/histograms/26146_M1_veto_efficiency.pkl
Run 26146: after NaN drop: 18707 events
Run 26146: after Δt cut: 8969 events
Run 26146: after total_pe cut: 8969 events
Run 26146: after time-std < 40.0 ns cut: 8969 events
Correlation map saved to /raid1/genli/Data_D2O/M1_data/BRN/analysis_25306-26233_M1_20251030-013056/subjob_26142-26160/run26146_20251005-20/cuthist/Run_26146_M1_correlation_map.png
--- Processing run 26147 ---
Low-light fits saved to /raid1/genli/Data_D2O/M1_data/BRN/analysis_25306-26233_M1_20251030-013056/subjob_26142-26160/run26147_20251005-21/lowlight/Run26147_M1_low_light_fits.png
Low-light fit data saved to /raid1/genli/Data_D2O/M1_data/BRN/analysis_25306-26233_M1_20251030-013056/subjob_26142-26160/run26147_20251005-21/lowlight/Run26147_M1_low_light_fits.pkl
Veto efficiency plot saved to /raid1/genli/Data_D2O/M1_data/BRN/analysis_25306-26233_M1_20251030-013056/subjob_26142-26160/run26147_20251005-21/histograms/26147_M1_veto_efficiency.png
Veto efficiency data saved to /raid1/genli/Data_D2O/M1_data/BRN/analysis_25306-26233_M1_20251030-013056/subjob_26142-26160/run26147_20251005-21/histograms/26147_M1_veto_efficiency.pkl
Run 26147: after NaN drop: 18646 events
Run 26147: after Δt cut: 9106 events
Run 26147: after total_pe cut: 9106 events
Run 26147: after time-std < 40.0 ns cut: 9106 events
Correlation map saved to /raid1/genli/Data_D2O/M1_data/BRN/analysis_25306-26233_M1_20251030-013056/subjob_26142-26160/run26147_20251005-21/cuthist/Run_26147_M1_correlation_map.png
--- Processing run 26148 ---
Low-light fits saved to /raid1/genli/Data_D2O/M1_data/BRN/analysis_25306-26233_M1_20251030-013056/subjob_26142-26160/run26148_20251005-22/lowlight/Run26148_M1_low_light_fits.png
Low-light fit data saved to /raid1/genli/Data_D2O/M1_data/BRN/analysis_25306-26233_M1_20251030-013056/subjob_26142-26160/run26148_20251005-22/lowlight/Run26148_M1_low_light_fits.pkl
Veto efficiency plot saved to /raid1/genli/Data_D2O/M1_data/BRN/analysis_25306-26233_M1_20251030-013056/subjob_26142-26160/run26148_20251005-22/histograms/26148_M1_veto_efficiency.png
Veto efficiency data saved to /raid1/genli/Data_D2O/M1_data/BRN/analysis_25306-26233_M1_20251030-013056/subjob_26142-26160/run26148_20251005-22/histograms/26148_M1_veto_efficiency.pkl
Run 26148: after NaN drop: 18437 events
Run 26148: after Δt cut: 8914 events
Run 26148: after total_pe cut: 8914 events
Run 26148: after time-std < 40.0 ns cut: 8914 events
Correlation map saved to /raid1/genli/Data_D2O/M1_data/BRN/analysis_25306-26233_M1_20251030-013056/subjob_26142-26160/run26148_20251005-22/cuthist/Run_26148_M1_correlation_map.png
--- Processing run 26149 ---
Low-light fits saved to /raid1/genli/Data_D2O/M1_data/BRN/analysis_25306-26233_M1_20251030-013056/subjob_26142-26160/run26149_20251005-23/lowlight/Run26149_M1_low_light_fits.png
Low-light fit data saved to /raid1/genli/Data_D2O/M1_data/BRN/analysis_25306-26233_M1_20251030-013056/subjob_26142-26160/run26149_20251005-23/lowlight/Run26149_M1_low_light_fits.pkl
Veto efficiency plot saved to /raid1/genli/Data_D2O/M1_data/BRN/analysis_25306-26233_M1_20251030-013056/subjob_26142-26160/run26149_20251005-23/histograms/26149_M1_veto_efficiency.png
Veto efficiency data saved to /raid1/genli/Data_D2O/M1_data/BRN/analysis_25306-26233_M1_20251030-013056/subjob_26142-26160/run26149_20251005-23/histograms/26149_M1_veto_efficiency.pkl
Run 26149: after NaN drop: 18697 events
Run 26149: after Δt cut: 9160 events
Run 26149: after total_pe cut: 9160 events
Run 26149: after time-std < 40.0 ns cut: 9160 events
Correlation map saved to /raid1/genli/Data_D2O/M1_data/BRN/analysis_25306-26233_M1_20251030-013056/subjob_26142-26160/run26149_20251005-23/cuthist/Run_26149_M1_correlation_map.png
--- Processing run 26150 ---
Low-light fits saved to /raid1/genli/Data_D2O/M1_data/BRN/analysis_25306-26233_M1_20251030-013056/subjob_26142-26160/run26150_20251006-00/lowlight/Run26150_M1_low_light_fits.png
Low-light fit data saved to /raid1/genli/Data_D2O/M1_data/BRN/analysis_25306-26233_M1_20251030-013056/subjob_26142-26160/run26150_20251006-00/lowlight/Run26150_M1_low_light_fits.pkl
Veto efficiency plot saved to /raid1/genli/Data_D2O/M1_data/BRN/analysis_25306-26233_M1_20251030-013056/subjob_26142-26160/run26150_20251006-00/histograms/26150_M1_veto_efficiency.png
Veto efficiency data saved to /raid1/genli/Data_D2O/M1_data/BRN/analysis_25306-26233_M1_20251030-013056/subjob_26142-26160/run26150_20251006-00/histograms/26150_M1_veto_efficiency.pkl
Run 26150: after NaN drop: 18557 events
Run 26150: after Δt cut: 8957 events
Run 26150: after total_pe cut: 8957 events
Run 26150: after time-std < 40.0 ns cut: 8957 events
Correlation map saved to /raid1/genli/Data_D2O/M1_data/BRN/analysis_25306-26233_M1_20251030-013056/subjob_26142-26160/run26150_20251006-00/cuthist/Run_26150_M1_correlation_map.png
--- Processing run 26151 ---
Low-light fits saved to /raid1/genli/Data_D2O/M1_data/BRN/analysis_25306-26233_M1_20251030-013056/subjob_26142-26160/run26151_20251006-01/lowlight/Run26151_M1_low_light_fits.png
Low-light fit data saved to /raid1/genli/Data_D2O/M1_data/BRN/analysis_25306-26233_M1_20251030-013056/subjob_26142-26160/run26151_20251006-01/lowlight/Run26151_M1_low_light_fits.pkl
Veto efficiency plot saved to /raid1/genli/Data_D2O/M1_data/BRN/analysis_25306-26233_M1_20251030-013056/subjob_26142-26160/run26151_20251006-01/histograms/26151_M1_veto_efficiency.png
Veto efficiency data saved to /raid1/genli/Data_D2O/M1_data/BRN/analysis_25306-26233_M1_20251030-013056/subjob_26142-26160/run26151_20251006-01/histograms/26151_M1_veto_efficiency.pkl
Run 26151: after NaN drop: 18504 events
Run 26151: after Δt cut: 9025 events
Run 26151: after total_pe cut: 9024 events
Run 26151: after time-std < 40.0 ns cut: 9024 events
Correlation map saved to /raid1/genli/Data_D2O/M1_data/BRN/analysis_25306-26233_M1_20251030-013056/subjob_26142-26160/run26151_20251006-01/cuthist/Run_26151_M1_correlation_map.png
--- Processing run 26152 ---
Low-light fits saved to /raid1/genli/Data_D2O/M1_data/BRN/analysis_25306-26233_M1_20251030-013056/subjob_26142-26160/run26152_20251006-02/lowlight/Run26152_M1_low_light_fits.png
Low-light fit data saved to /raid1/genli/Data_D2O/M1_data/BRN/analysis_25306-26233_M1_20251030-013056/subjob_26142-26160/run26152_20251006-02/lowlight/Run26152_M1_low_light_fits.pkl
Veto efficiency plot saved to /raid1/genli/Data_D2O/M1_data/BRN/analysis_25306-26233_M1_20251030-013056/subjob_26142-26160/run26152_20251006-02/histograms/26152_M1_veto_efficiency.png
Veto efficiency data saved to /raid1/genli/Data_D2O/M1_data/BRN/analysis_25306-26233_M1_20251030-013056/subjob_26142-26160/run26152_20251006-02/histograms/26152_M1_veto_efficiency.pkl
Run 26152: after NaN drop: 18609 events
Run 26152: after Δt cut: 9099 events
Run 26152: after total_pe cut: 9092 events
Run 26152: after time-std < 40.0 ns cut: 9092 events
Correlation map saved to /raid1/genli/Data_D2O/M1_data/BRN/analysis_25306-26233_M1_20251030-013056/subjob_26142-26160/run26152_20251006-02/cuthist/Run_26152_M1_correlation_map.png
--- Processing run 26153 ---
Low-light fits saved to /raid1/genli/Data_D2O/M1_data/BRN/analysis_25306-26233_M1_20251030-013056/subjob_26142-26160/run26153_20251006-03/lowlight/Run26153_M1_low_light_fits.png
Low-light fit data saved to /raid1/genli/Data_D2O/M1_data/BRN/analysis_25306-26233_M1_20251030-013056/subjob_26142-26160/run26153_20251006-03/lowlight/Run26153_M1_low_light_fits.pkl
Veto efficiency plot saved to /raid1/genli/Data_D2O/M1_data/BRN/analysis_25306-26233_M1_20251030-013056/subjob_26142-26160/run26153_20251006-03/histograms/26153_M1_veto_efficiency.png
Veto efficiency data saved to /raid1/genli/Data_D2O/M1_data/BRN/analysis_25306-26233_M1_20251030-013056/subjob_26142-26160/run26153_20251006-03/histograms/26153_M1_veto_efficiency.pkl
Run 26153: after NaN drop: 18414 events
Run 26153: after Δt cut: 8862 events
Run 26153: after total_pe cut: 8861 events
Run 26153: after time-std < 40.0 ns cut: 8861 events
Correlation map saved to /raid1/genli/Data_D2O/M1_data/BRN/analysis_25306-26233_M1_20251030-013056/subjob_26142-26160/run26153_20251006-03/cuthist/Run_26153_M1_correlation_map.png
--- Processing run 26154 ---
Low-light fits saved to /raid1/genli/Data_D2O/M1_data/BRN/analysis_25306-26233_M1_20251030-013056/subjob_26142-26160/run26154_20251006-04/lowlight/Run26154_M1_low_light_fits.png
Low-light fit data saved to /raid1/genli/Data_D2O/M1_data/BRN/analysis_25306-26233_M1_20251030-013056/subjob_26142-26160/run26154_20251006-04/lowlight/Run26154_M1_low_light_fits.pkl
Veto efficiency plot saved to /raid1/genli/Data_D2O/M1_data/BRN/analysis_25306-26233_M1_20251030-013056/subjob_26142-26160/run26154_20251006-04/histograms/26154_M1_veto_efficiency.png
Veto efficiency data saved to /raid1/genli/Data_D2O/M1_data/BRN/analysis_25306-26233_M1_20251030-013056/subjob_26142-26160/run26154_20251006-04/histograms/26154_M1_veto_efficiency.pkl
Run 26154: after NaN drop: 18166 events
Run 26154: after Δt cut: 8820 events
Run 26154: after total_pe cut: 8820 events
Run 26154: after time-std < 40.0 ns cut: 8820 events
Correlation map saved to /raid1/genli/Data_D2O/M1_data/BRN/analysis_25306-26233_M1_20251030-013056/subjob_26142-26160/run26154_20251006-04/cuthist/Run_26154_M1_correlation_map.png
--- Processing run 26155 ---
Low-light fits saved to /raid1/genli/Data_D2O/M1_data/BRN/analysis_25306-26233_M1_20251030-013056/subjob_26142-26160/run26155_20251006-05/lowlight/Run26155_M1_low_light_fits.png
Low-light fit data saved to /raid1/genli/Data_D2O/M1_data/BRN/analysis_25306-26233_M1_20251030-013056/subjob_26142-26160/run26155_20251006-05/lowlight/Run26155_M1_low_light_fits.pkl
Veto efficiency plot saved to /raid1/genli/Data_D2O/M1_data/BRN/analysis_25306-26233_M1_20251030-013056/subjob_26142-26160/run26155_20251006-05/histograms/26155_M1_veto_efficiency.png
Veto efficiency data saved to /raid1/genli/Data_D2O/M1_data/BRN/analysis_25306-26233_M1_20251030-013056/subjob_26142-26160/run26155_20251006-05/histograms/26155_M1_veto_efficiency.pkl
Run 26155: after NaN drop: 18896 events
Run 26155: after Δt cut: 9172 events
Run 26155: after total_pe cut: 9170 events
Run 26155: after time-std < 40.0 ns cut: 9170 events
Correlation map saved to /raid1/genli/Data_D2O/M1_data/BRN/analysis_25306-26233_M1_20251030-013056/subjob_26142-26160/run26155_20251006-05/cuthist/Run_26155_M1_correlation_map.png
--- Processing run 26156 ---
Low-light fits saved to /raid1/genli/Data_D2O/M1_data/BRN/analysis_25306-26233_M1_20251030-013056/subjob_26142-26160/run26156_20251006-06/lowlight/Run26156_M1_low_light_fits.png
Low-light fit data saved to /raid1/genli/Data_D2O/M1_data/BRN/analysis_25306-26233_M1_20251030-013056/subjob_26142-26160/run26156_20251006-06/lowlight/Run26156_M1_low_light_fits.pkl
Veto efficiency plot saved to /raid1/genli/Data_D2O/M1_data/BRN/analysis_25306-26233_M1_20251030-013056/subjob_26142-26160/run26156_20251006-06/histograms/26156_M1_veto_efficiency.png
Veto efficiency data saved to /raid1/genli/Data_D2O/M1_data/BRN/analysis_25306-26233_M1_20251030-013056/subjob_26142-26160/run26156_20251006-06/histograms/26156_M1_veto_efficiency.pkl
Run 26156: after NaN drop: 18570 events
Run 26156: after Δt cut: 9004 events
Run 26156: after total_pe cut: 9004 events
Run 26156: after time-std < 40.0 ns cut: 9004 events
Correlation map saved to /raid1/genli/Data_D2O/M1_data/BRN/analysis_25306-26233_M1_20251030-013056/subjob_26142-26160/run26156_20251006-06/cuthist/Run_26156_M1_correlation_map.png
--- Processing run 26157 ---
Low-light fits saved to /raid1/genli/Data_D2O/M1_data/BRN/analysis_25306-26233_M1_20251030-013056/subjob_26142-26160/run26157_20251006-07/lowlight/Run26157_M1_low_light_fits.png
Low-light fit data saved to /raid1/genli/Data_D2O/M1_data/BRN/analysis_25306-26233_M1_20251030-013056/subjob_26142-26160/run26157_20251006-07/lowlight/Run26157_M1_low_light_fits.pkl
Veto efficiency plot saved to /raid1/genli/Data_D2O/M1_data/BRN/analysis_25306-26233_M1_20251030-013056/subjob_26142-26160/run26157_20251006-07/histograms/26157_M1_veto_efficiency.png
Veto efficiency data saved to /raid1/genli/Data_D2O/M1_data/BRN/analysis_25306-26233_M1_20251030-013056/subjob_26142-26160/run26157_20251006-07/histograms/26157_M1_veto_efficiency.pkl
Run 26157: after NaN drop: 18402 events
Run 26157: after Δt cut: 8929 events
Run 26157: after total_pe cut: 8929 events
Run 26157: after time-std < 40.0 ns cut: 8929 events
Correlation map saved to /raid1/genli/Data_D2O/M1_data/BRN/analysis_25306-26233_M1_20251030-013056/subjob_26142-26160/run26157_20251006-07/cuthist/Run_26157_M1_correlation_map.png
--- Processing run 26158 ---
Low-light fits saved to /raid1/genli/Data_D2O/M1_data/BRN/analysis_25306-26233_M1_20251030-013056/subjob_26142-26160/run26158_20251006-08/lowlight/Run26158_M1_low_light_fits.png
Low-light fit data saved to /raid1/genli/Data_D2O/M1_data/BRN/analysis_25306-26233_M1_20251030-013056/subjob_26142-26160/run26158_20251006-08/lowlight/Run26158_M1_low_light_fits.pkl
Veto efficiency plot saved to /raid1/genli/Data_D2O/M1_data/BRN/analysis_25306-26233_M1_20251030-013056/subjob_26142-26160/run26158_20251006-08/histograms/26158_M1_veto_efficiency.png
Veto efficiency data saved to /raid1/genli/Data_D2O/M1_data/BRN/analysis_25306-26233_M1_20251030-013056/subjob_26142-26160/run26158_20251006-08/histograms/26158_M1_veto_efficiency.pkl
Run 26158: after NaN drop: 18297 events
Run 26158: after Δt cut: 9000 events
Run 26158: after total_pe cut: 9000 events
Run 26158: after time-std < 40.0 ns cut: 9000 events
Correlation map saved to /raid1/genli/Data_D2O/M1_data/BRN/analysis_25306-26233_M1_20251030-013056/subjob_26142-26160/run26158_20251006-08/cuthist/Run_26158_M1_correlation_map.png
--- Processing run 26159 ---
Low-light fits saved to /raid1/genli/Data_D2O/M1_data/BRN/analysis_25306-26233_M1_20251030-013056/subjob_26142-26160/run26159_20251006-09/lowlight/Run26159_M1_low_light_fits.png
Low-light fit data saved to /raid1/genli/Data_D2O/M1_data/BRN/analysis_25306-26233_M1_20251030-013056/subjob_26142-26160/run26159_20251006-09/lowlight/Run26159_M1_low_light_fits.pkl
Veto efficiency plot saved to /raid1/genli/Data_D2O/M1_data/BRN/analysis_25306-26233_M1_20251030-013056/subjob_26142-26160/run26159_20251006-09/histograms/26159_M1_veto_efficiency.png
Veto efficiency data saved to /raid1/genli/Data_D2O/M1_data/BRN/analysis_25306-26233_M1_20251030-013056/subjob_26142-26160/run26159_20251006-09/histograms/26159_M1_veto_efficiency.pkl
Run 26159: after NaN drop: 18211 events
Run 26159: after Δt cut: 8905 events
Run 26159: after total_pe cut: 8903 events
Run 26159: after time-std < 40.0 ns cut: 8903 events
Correlation map saved to /raid1/genli/Data_D2O/M1_data/BRN/analysis_25306-26233_M1_20251030-013056/subjob_26142-26160/run26159_20251006-09/cuthist/Run_26159_M1_correlation_map.png
--- Processing run 26160 ---
Low-light fits saved to /raid1/genli/Data_D2O/M1_data/BRN/analysis_25306-26233_M1_20251030-013056/subjob_26142-26160/run26160_20251006-10/lowlight/Run26160_M1_low_light_fits.png
Low-light fit data saved to /raid1/genli/Data_D2O/M1_data/BRN/analysis_25306-26233_M1_20251030-013056/subjob_26142-26160/run26160_20251006-10/lowlight/Run26160_M1_low_light_fits.pkl
Veto efficiency plot saved to /raid1/genli/Data_D2O/M1_data/BRN/analysis_25306-26233_M1_20251030-013056/subjob_26142-26160/run26160_20251006-10/histograms/26160_M1_veto_efficiency.png
Veto efficiency data saved to /raid1/genli/Data_D2O/M1_data/BRN/analysis_25306-26233_M1_20251030-013056/subjob_26142-26160/run26160_20251006-10/histograms/26160_M1_veto_efficiency.pkl
Run 26160: after NaN drop: 18503 events
Run 26160: after Δt cut: 9143 events
Run 26160: after total_pe cut: 9142 events
Run 26160: after time-std < 40.0 ns cut: 9142 events
Correlation map saved to /raid1/genli/Data_D2O/M1_data/BRN/analysis_25306-26233_M1_20251030-013056/subjob_26142-26160/run26160_20251006-10/cuthist/Run_26160_M1_correlation_map.png
Saving aggregated data for sub-job 26142-26160...
Successfully saved data for master aggregation.
--- Sub-job Analysis Complete ---
