/home/genli/.local/lib/python3.9/site-packages/numpy/lib/nanfunctions.py:1878: RuntimeWarning: Degrees of freedom <= 0 for slice.
  var = nanvar(a, axis=axis, dtype=dtype, out=out, ddof=ddof,
/usr/local/lib64/python3.9/site-packages/scipy/stats/_stats_py.py:4424: ConstantInputWarning: An input array is constant; the correlation coefficient is not defined.
  warnings.warn(stats.ConstantInputWarning(msg))
/usr/local/lib64/python3.9/site-packages/scipy/stats/_stats_py.py:4424: ConstantInputWarning: An input array is constant; the correlation coefficient is not defined.
  warnings.warn(stats.ConstantInputWarning(msg))
/usr/local/lib64/python3.9/site-packages/scipy/stats/_stats_py.py:4424: ConstantInputWarning: An input array is constant; the correlation coefficient is not defined.
  warnings.warn(stats.ConstantInputWarning(msg))
/usr/local/lib64/python3.9/site-packages/scipy/stats/_stats_py.py:4424: ConstantInputWarning: An input array is constant; the correlation coefficient is not defined.
  warnings.warn(stats.ConstantInputWarning(msg))
/home/genli/.local/lib/python3.9/site-packages/numpy/lib/nanfunctions.py:1878: RuntimeWarning: Degrees of freedom <= 0 for slice.
  var = nanvar(a, axis=axis, dtype=dtype, out=out, ddof=ddof,
/usr/local/lib64/python3.9/site-packages/scipy/stats/_stats_py.py:4424: ConstantInputWarning: An input array is constant; the correlation coefficient is not defined.
  warnings.warn(stats.ConstantInputWarning(msg))
/usr/local/lib64/python3.9/site-packages/scipy/stats/_stats_py.py:4424: ConstantInputWarning: An input array is constant; the correlation coefficient is not defined.
  warnings.warn(stats.ConstantInputWarning(msg))
/usr/local/lib64/python3.9/site-packages/scipy/stats/_stats_py.py:4424: ConstantInputWarning: An input array is constant; the correlation coefficient is not defined.
  warnings.warn(stats.ConstantInputWarning(msg))
/usr/local/lib64/python3.9/site-packages/scipy/stats/_stats_py.py:4424: ConstantInputWarning: An input array is constant; the correlation coefficient is not defined.
  warnings.warn(stats.ConstantInputWarning(msg))
/home/genli/.local/lib/python3.9/site-packages/numpy/lib/nanfunctions.py:1878: RuntimeWarning: Degrees of freedom <= 0 for slice.
  var = nanvar(a, axis=axis, dtype=dtype, out=out, ddof=ddof,
/usr/local/lib64/python3.9/site-packages/scipy/stats/_stats_py.py:4424: ConstantInputWarning: An input array is constant; the correlation coefficient is not defined.
  warnings.warn(stats.ConstantInputWarning(msg))
/usr/local/lib64/python3.9/site-packages/scipy/stats/_stats_py.py:4424: ConstantInputWarning: An input array is constant; the correlation coefficient is not defined.
  warnings.warn(stats.ConstantInputWarning(msg))
/usr/local/lib64/python3.9/site-packages/scipy/stats/_stats_py.py:4424: ConstantInputWarning: An input array is constant; the correlation coefficient is not defined.
  warnings.warn(stats.ConstantInputWarning(msg))
/usr/local/lib64/python3.9/site-packages/scipy/stats/_stats_py.py:4424: ConstantInputWarning: An input array is constant; the correlation coefficient is not defined.
  warnings.warn(stats.ConstantInputWarning(msg))
=== Configuration ===
Analysis type: M1
Runs: 15091 to 15093
Output Directory for this job: /raid1/genli/Data_D2O/M1_data/analysis_14977-15096_M1_20251202-213720/subjob_15091-15093
Δt cut: (17576, 219700) ns
Photoelectron cut: (0, 1000) P.E.
Time-std cut: < 40.0 ns
======================
--- Processing run 15091 ---
Length of time: 3597975223456.0 ns
Length of time: 59.96625372426667 minutes
Low-light fits saved to /raid1/genli/Data_D2O/M1_data/analysis_14977-15096_M1_20251202-213720/subjob_15091-15093/run15091_20240605-17/lowlight/Run15091_M1_low_light_fits.png
Low-light fit data saved to /raid1/genli/Data_D2O/M1_data/analysis_14977-15096_M1_20251202-213720/subjob_15091-15093/run15091_20240605-17/lowlight/Run15091_M1_low_light_fits.pkl
Applying 2000 ns time interval cut...
Time interval cut: Kept 2374502 / 2396522 events
Veto efficiency plot saved to /raid1/genli/Data_D2O/M1_data/analysis_14977-15096_M1_20251202-213720/subjob_15091-15093/run15091_20240605-17/histograms/15091_M1_veto_efficiency.png
Veto efficiency data saved to /raid1/genli/Data_D2O/M1_data/analysis_14977-15096_M1_20251202-213720/subjob_15091-15093/run15091_20240605-17/histograms/15091_M1_veto_efficiency.pkl
Run 15091: after NaN drop: 7453 events
Run 15091: after Δt cut: 285 events
Run 15091: after total_pe cut: 280 events
Run 15091: after time-std < 40.0 ns cut: 280 events
Correlation map saved to /raid1/genli/Data_D2O/M1_data/analysis_14977-15096_M1_20251202-213720/subjob_15091-15093/run15091_20240605-17/cuthist/Run_15091_M1_correlation_map.png
--- Processing run 15092 ---
Length of time: 3597972647328.0 ns
Length of time: 59.966210788800005 minutes
Low-light fits saved to /raid1/genli/Data_D2O/M1_data/analysis_14977-15096_M1_20251202-213720/subjob_15091-15093/run15092_20240605-18/lowlight/Run15092_M1_low_light_fits.png
Low-light fit data saved to /raid1/genli/Data_D2O/M1_data/analysis_14977-15096_M1_20251202-213720/subjob_15091-15093/run15092_20240605-18/lowlight/Run15092_M1_low_light_fits.pkl
Applying 2000 ns time interval cut...
Time interval cut: Kept 2378075 / 2399927 events
Veto efficiency plot saved to /raid1/genli/Data_D2O/M1_data/analysis_14977-15096_M1_20251202-213720/subjob_15091-15093/run15092_20240605-18/histograms/15092_M1_veto_efficiency.png
Veto efficiency data saved to /raid1/genli/Data_D2O/M1_data/analysis_14977-15096_M1_20251202-213720/subjob_15091-15093/run15092_20240605-18/histograms/15092_M1_veto_efficiency.pkl
Run 15092: after NaN drop: 7509 events
Run 15092: after Δt cut: 314 events
Run 15092: after total_pe cut: 309 events
Run 15092: after time-std < 40.0 ns cut: 309 events
Correlation map saved to /raid1/genli/Data_D2O/M1_data/analysis_14977-15096_M1_20251202-213720/subjob_15091-15093/run15092_20240605-18/cuthist/Run_15092_M1_correlation_map.png
--- Processing run 15093 ---
Length of time: 3597976003776.0 ns
Length of time: 59.9662667296 minutes
Low-light fits saved to /raid1/genli/Data_D2O/M1_data/analysis_14977-15096_M1_20251202-213720/subjob_15091-15093/run15093_20240605-19/lowlight/Run15093_M1_low_light_fits.png
Low-light fit data saved to /raid1/genli/Data_D2O/M1_data/analysis_14977-15096_M1_20251202-213720/subjob_15091-15093/run15093_20240605-19/lowlight/Run15093_M1_low_light_fits.pkl
Applying 2000 ns time interval cut...
Time interval cut: Kept 2378699 / 2400573 events
Veto efficiency plot saved to /raid1/genli/Data_D2O/M1_data/analysis_14977-15096_M1_20251202-213720/subjob_15091-15093/run15093_20240605-19/histograms/15093_M1_veto_efficiency.png
Veto efficiency data saved to /raid1/genli/Data_D2O/M1_data/analysis_14977-15096_M1_20251202-213720/subjob_15091-15093/run15093_20240605-19/histograms/15093_M1_veto_efficiency.pkl
Run 15093: after NaN drop: 7592 events
Run 15093: after Δt cut: 330 events
Run 15093: after total_pe cut: 324 events
Run 15093: after time-std < 40.0 ns cut: 324 events
Correlation map saved to /raid1/genli/Data_D2O/M1_data/analysis_14977-15096_M1_20251202-213720/subjob_15091-15093/run15093_20240605-19/cuthist/Run_15093_M1_correlation_map.png
Saving aggregated data for sub-job 15091-15093...
Sub-job time length saved to /raid1/genli/Data_D2O/M1_data/analysis_14977-15096_M1_20251202-213720/subjob_15091-15093/subjob_time_length.json
Successfully saved data for master aggregation.
--- Sub-job Analysis Complete ---
