/home/genli/.local/lib/python3.9/site-packages/numpy/lib/nanfunctions.py:1878: RuntimeWarning: Degrees of freedom <= 0 for slice.
  var = nanvar(a, axis=axis, dtype=dtype, out=out, ddof=ddof,
/home/genli/.local/lib/python3.9/site-packages/numpy/lib/nanfunctions.py:1878: RuntimeWarning: Degrees of freedom <= 0 for slice.
  var = nanvar(a, axis=axis, dtype=dtype, out=out, ddof=ddof,
/home/genli/.local/lib/python3.9/site-packages/numpy/lib/nanfunctions.py:1878: RuntimeWarning: Degrees of freedom <= 0 for slice.
  var = nanvar(a, axis=axis, dtype=dtype, out=out, ddof=ddof,
/home/genli/D2O_analysis/Codes/Read_Cut_Hist_D2O_multi_veto.py:411: UserWarning: Data has no positive values, and therefore cannot be log-scaled.
  ax.set_yscale('log')
/home/genli/.local/lib/python3.9/site-packages/numpy/lib/nanfunctions.py:1878: RuntimeWarning: Degrees of freedom <= 0 for slice.
  var = nanvar(a, axis=axis, dtype=dtype, out=out, ddof=ddof,
/home/genli/.local/lib/python3.9/site-packages/numpy/lib/nanfunctions.py:1878: RuntimeWarning: Degrees of freedom <= 0 for slice.
  var = nanvar(a, axis=axis, dtype=dtype, out=out, ddof=ddof,
/home/genli/.local/lib/python3.9/site-packages/numpy/lib/nanfunctions.py:1878: RuntimeWarning: Degrees of freedom <= 0 for slice.
  var = nanvar(a, axis=axis, dtype=dtype, out=out, ddof=ddof,
/home/genli/.local/lib/python3.9/site-packages/numpy/lib/nanfunctions.py:1878: RuntimeWarning: Degrees of freedom <= 0 for slice.
  var = nanvar(a, axis=axis, dtype=dtype, out=out, ddof=ddof,
/home/genli/.local/lib/python3.9/site-packages/numpy/lib/nanfunctions.py:1878: RuntimeWarning: Degrees of freedom <= 0 for slice.
  var = nanvar(a, axis=axis, dtype=dtype, out=out, ddof=ddof,
/home/genli/.local/lib/python3.9/site-packages/numpy/lib/nanfunctions.py:1878: RuntimeWarning: Degrees of freedom <= 0 for slice.
  var = nanvar(a, axis=axis, dtype=dtype, out=out, ddof=ddof,
/home/genli/D2O_analysis/Codes/Read_Cut_Hist_D2O_multi_veto.py:411: UserWarning: Data has no positive values, and therefore cannot be log-scaled.
  ax.set_yscale('log')
/home/genli/.local/lib/python3.9/site-packages/numpy/lib/nanfunctions.py:1878: RuntimeWarning: Degrees of freedom <= 0 for slice.
  var = nanvar(a, axis=axis, dtype=dtype, out=out, ddof=ddof,
/home/genli/D2O_analysis/Codes/Read_Cut_Hist_D2O_multi_veto.py:411: UserWarning: Data has no positive values, and therefore cannot be log-scaled.
  ax.set_yscale('log')
/home/genli/.local/lib/python3.9/site-packages/numpy/lib/nanfunctions.py:1878: RuntimeWarning: Degrees of freedom <= 0 for slice.
  var = nanvar(a, axis=axis, dtype=dtype, out=out, ddof=ddof,
/home/genli/D2O_analysis/Codes/Read_Cut_Hist_D2O_multi_veto.py:411: UserWarning: Data has no positive values, and therefore cannot be log-scaled.
  ax.set_yscale('log')
/home/genli/.local/lib/python3.9/site-packages/numpy/lib/nanfunctions.py:1878: RuntimeWarning: Degrees of freedom <= 0 for slice.
  var = nanvar(a, axis=axis, dtype=dtype, out=out, ddof=ddof,
/home/genli/D2O_analysis/Codes/Read_Cut_Hist_D2O_multi_veto.py:411: UserWarning: Data has no positive values, and therefore cannot be log-scaled.
  ax.set_yscale('log')
/home/genli/.local/lib/python3.9/site-packages/numpy/lib/nanfunctions.py:1878: RuntimeWarning: Degrees of freedom <= 0 for slice.
  var = nanvar(a, axis=axis, dtype=dtype, out=out, ddof=ddof,
/home/genli/D2O_analysis/Codes/Read_Cut_Hist_D2O_multi_veto.py:411: UserWarning: Data has no positive values, and therefore cannot be log-scaled.
  ax.set_yscale('log')
/home/genli/.local/lib/python3.9/site-packages/numpy/lib/nanfunctions.py:1878: RuntimeWarning: Degrees of freedom <= 0 for slice.
  var = nanvar(a, axis=axis, dtype=dtype, out=out, ddof=ddof,
/home/genli/.local/lib/python3.9/site-packages/numpy/lib/nanfunctions.py:1878: RuntimeWarning: Degrees of freedom <= 0 for slice.
  var = nanvar(a, axis=axis, dtype=dtype, out=out, ddof=ddof,
/home/genli/.local/lib/python3.9/site-packages/numpy/lib/nanfunctions.py:1878: RuntimeWarning: Degrees of freedom <= 0 for slice.
  var = nanvar(a, axis=axis, dtype=dtype, out=out, ddof=ddof,
/home/genli/D2O_analysis/Codes/Read_Cut_Hist_D2O_multi_veto.py:411: UserWarning: Data has no positive values, and therefore cannot be log-scaled.
  ax.set_yscale('log')
/home/genli/.local/lib/python3.9/site-packages/numpy/lib/nanfunctions.py:1878: RuntimeWarning: Degrees of freedom <= 0 for slice.
  var = nanvar(a, axis=axis, dtype=dtype, out=out, ddof=ddof,
/home/genli/.local/lib/python3.9/site-packages/numpy/lib/nanfunctions.py:1878: RuntimeWarning: Degrees of freedom <= 0 for slice.
  var = nanvar(a, axis=axis, dtype=dtype, out=out, ddof=ddof,
/home/genli/D2O_analysis/Codes/Read_Cut_Hist_D2O_multi_veto.py:411: UserWarning: Data has no positive values, and therefore cannot be log-scaled.
  ax.set_yscale('log')
/home/genli/.local/lib/python3.9/site-packages/numpy/lib/nanfunctions.py:1878: RuntimeWarning: Degrees of freedom <= 0 for slice.
  var = nanvar(a, axis=axis, dtype=dtype, out=out, ddof=ddof,
=== Configuration ===
Analysis type: M1
Runs: 26123 to 26141
Output Directory for this job: /raid1/genli/Data_D2O/M1_data/BRN/analysis_25306-26233_M1_20251030-013056/subjob_26123-26141
Δt cut: (960, 10560) ns
Photoelectron cut: (0, 2000) P.E.
Time-std cut: < 40.0 ns
======================
--- Processing run 26123 ---
Low-light fits saved to /raid1/genli/Data_D2O/M1_data/BRN/analysis_25306-26233_M1_20251030-013056/subjob_26123-26141/run26123_20251004-21/lowlight/Run26123_M1_low_light_fits.png
Low-light fit data saved to /raid1/genli/Data_D2O/M1_data/BRN/analysis_25306-26233_M1_20251030-013056/subjob_26123-26141/run26123_20251004-21/lowlight/Run26123_M1_low_light_fits.pkl
Veto efficiency plot saved to /raid1/genli/Data_D2O/M1_data/BRN/analysis_25306-26233_M1_20251030-013056/subjob_26123-26141/run26123_20251004-21/histograms/26123_M1_veto_efficiency.png
Veto efficiency data saved to /raid1/genli/Data_D2O/M1_data/BRN/analysis_25306-26233_M1_20251030-013056/subjob_26123-26141/run26123_20251004-21/histograms/26123_M1_veto_efficiency.pkl
Run 26123: after NaN drop: 18546 events
Run 26123: after Δt cut: 9188 events
Run 26123: after total_pe cut: 9188 events
Run 26123: after time-std < 40.0 ns cut: 9188 events
Correlation map saved to /raid1/genli/Data_D2O/M1_data/BRN/analysis_25306-26233_M1_20251030-013056/subjob_26123-26141/run26123_20251004-21/cuthist/Run_26123_M1_correlation_map.png
--- Processing run 26124 ---
Low-light fits saved to /raid1/genli/Data_D2O/M1_data/BRN/analysis_25306-26233_M1_20251030-013056/subjob_26123-26141/run26124_20251004-22/lowlight/Run26124_M1_low_light_fits.png
Low-light fit data saved to /raid1/genli/Data_D2O/M1_data/BRN/analysis_25306-26233_M1_20251030-013056/subjob_26123-26141/run26124_20251004-22/lowlight/Run26124_M1_low_light_fits.pkl
Veto efficiency plot saved to /raid1/genli/Data_D2O/M1_data/BRN/analysis_25306-26233_M1_20251030-013056/subjob_26123-26141/run26124_20251004-22/histograms/26124_M1_veto_efficiency.png
Veto efficiency data saved to /raid1/genli/Data_D2O/M1_data/BRN/analysis_25306-26233_M1_20251030-013056/subjob_26123-26141/run26124_20251004-22/histograms/26124_M1_veto_efficiency.pkl
Run 26124: after NaN drop: 18539 events
Run 26124: after Δt cut: 9065 events
Run 26124: after total_pe cut: 9062 events
Run 26124: after time-std < 40.0 ns cut: 9062 events
Correlation map saved to /raid1/genli/Data_D2O/M1_data/BRN/analysis_25306-26233_M1_20251030-013056/subjob_26123-26141/run26124_20251004-22/cuthist/Run_26124_M1_correlation_map.png
--- Processing run 26125 ---
Low-light fits saved to /raid1/genli/Data_D2O/M1_data/BRN/analysis_25306-26233_M1_20251030-013056/subjob_26123-26141/run26125_20251004-23/lowlight/Run26125_M1_low_light_fits.png
Low-light fit data saved to /raid1/genli/Data_D2O/M1_data/BRN/analysis_25306-26233_M1_20251030-013056/subjob_26123-26141/run26125_20251004-23/lowlight/Run26125_M1_low_light_fits.pkl
Veto efficiency plot saved to /raid1/genli/Data_D2O/M1_data/BRN/analysis_25306-26233_M1_20251030-013056/subjob_26123-26141/run26125_20251004-23/histograms/26125_M1_veto_efficiency.png
Veto efficiency data saved to /raid1/genli/Data_D2O/M1_data/BRN/analysis_25306-26233_M1_20251030-013056/subjob_26123-26141/run26125_20251004-23/histograms/26125_M1_veto_efficiency.pkl
Run 26125: after NaN drop: 18341 events
Run 26125: after Δt cut: 8936 events
Run 26125: after total_pe cut: 8936 events
Run 26125: after time-std < 40.0 ns cut: 8936 events
Correlation map saved to /raid1/genli/Data_D2O/M1_data/BRN/analysis_25306-26233_M1_20251030-013056/subjob_26123-26141/run26125_20251004-23/cuthist/Run_26125_M1_correlation_map.png
--- Processing run 26126 ---
Low-light fits saved to /raid1/genli/Data_D2O/M1_data/BRN/analysis_25306-26233_M1_20251030-013056/subjob_26123-26141/run26126_20251005-00/lowlight/Run26126_M1_low_light_fits.png
Low-light fit data saved to /raid1/genli/Data_D2O/M1_data/BRN/analysis_25306-26233_M1_20251030-013056/subjob_26123-26141/run26126_20251005-00/lowlight/Run26126_M1_low_light_fits.pkl
Veto efficiency plot saved to /raid1/genli/Data_D2O/M1_data/BRN/analysis_25306-26233_M1_20251030-013056/subjob_26123-26141/run26126_20251005-00/histograms/26126_M1_veto_efficiency.png
Veto efficiency data saved to /raid1/genli/Data_D2O/M1_data/BRN/analysis_25306-26233_M1_20251030-013056/subjob_26123-26141/run26126_20251005-00/histograms/26126_M1_veto_efficiency.pkl
Run 26126: after NaN drop: 18286 events
Run 26126: after Δt cut: 8931 events
Run 26126: after total_pe cut: 8930 events
Run 26126: after time-std < 40.0 ns cut: 8930 events
Correlation map saved to /raid1/genli/Data_D2O/M1_data/BRN/analysis_25306-26233_M1_20251030-013056/subjob_26123-26141/run26126_20251005-00/cuthist/Run_26126_M1_correlation_map.png
--- Processing run 26127 ---
Low-light fits saved to /raid1/genli/Data_D2O/M1_data/BRN/analysis_25306-26233_M1_20251030-013056/subjob_26123-26141/run26127_20251005-01/lowlight/Run26127_M1_low_light_fits.png
Low-light fit data saved to /raid1/genli/Data_D2O/M1_data/BRN/analysis_25306-26233_M1_20251030-013056/subjob_26123-26141/run26127_20251005-01/lowlight/Run26127_M1_low_light_fits.pkl
Veto efficiency plot saved to /raid1/genli/Data_D2O/M1_data/BRN/analysis_25306-26233_M1_20251030-013056/subjob_26123-26141/run26127_20251005-01/histograms/26127_M1_veto_efficiency.png
Veto efficiency data saved to /raid1/genli/Data_D2O/M1_data/BRN/analysis_25306-26233_M1_20251030-013056/subjob_26123-26141/run26127_20251005-01/histograms/26127_M1_veto_efficiency.pkl
Run 26127: after NaN drop: 18268 events
Run 26127: after Δt cut: 8848 events
Run 26127: after total_pe cut: 8847 events
Run 26127: after time-std < 40.0 ns cut: 8847 events
Correlation map saved to /raid1/genli/Data_D2O/M1_data/BRN/analysis_25306-26233_M1_20251030-013056/subjob_26123-26141/run26127_20251005-01/cuthist/Run_26127_M1_correlation_map.png
--- Processing run 26128 ---
Low-light fits saved to /raid1/genli/Data_D2O/M1_data/BRN/analysis_25306-26233_M1_20251030-013056/subjob_26123-26141/run26128_20251005-02/lowlight/Run26128_M1_low_light_fits.png
Low-light fit data saved to /raid1/genli/Data_D2O/M1_data/BRN/analysis_25306-26233_M1_20251030-013056/subjob_26123-26141/run26128_20251005-02/lowlight/Run26128_M1_low_light_fits.pkl
Veto efficiency plot saved to /raid1/genli/Data_D2O/M1_data/BRN/analysis_25306-26233_M1_20251030-013056/subjob_26123-26141/run26128_20251005-02/histograms/26128_M1_veto_efficiency.png
Veto efficiency data saved to /raid1/genli/Data_D2O/M1_data/BRN/analysis_25306-26233_M1_20251030-013056/subjob_26123-26141/run26128_20251005-02/histograms/26128_M1_veto_efficiency.pkl
Run 26128: after NaN drop: 18379 events
Run 26128: after Δt cut: 8915 events
Run 26128: after total_pe cut: 8913 events
Run 26128: after time-std < 40.0 ns cut: 8913 events
Correlation map saved to /raid1/genli/Data_D2O/M1_data/BRN/analysis_25306-26233_M1_20251030-013056/subjob_26123-26141/run26128_20251005-02/cuthist/Run_26128_M1_correlation_map.png
--- Processing run 26129 ---
Low-light fits saved to /raid1/genli/Data_D2O/M1_data/BRN/analysis_25306-26233_M1_20251030-013056/subjob_26123-26141/run26129_20251005-03/lowlight/Run26129_M1_low_light_fits.png
Low-light fit data saved to /raid1/genli/Data_D2O/M1_data/BRN/analysis_25306-26233_M1_20251030-013056/subjob_26123-26141/run26129_20251005-03/lowlight/Run26129_M1_low_light_fits.pkl
Veto efficiency plot saved to /raid1/genli/Data_D2O/M1_data/BRN/analysis_25306-26233_M1_20251030-013056/subjob_26123-26141/run26129_20251005-03/histograms/26129_M1_veto_efficiency.png
Veto efficiency data saved to /raid1/genli/Data_D2O/M1_data/BRN/analysis_25306-26233_M1_20251030-013056/subjob_26123-26141/run26129_20251005-03/histograms/26129_M1_veto_efficiency.pkl
Run 26129: after NaN drop: 18384 events
Run 26129: after Δt cut: 8861 events
Run 26129: after total_pe cut: 8860 events
Run 26129: after time-std < 40.0 ns cut: 8860 events
Correlation map saved to /raid1/genli/Data_D2O/M1_data/BRN/analysis_25306-26233_M1_20251030-013056/subjob_26123-26141/run26129_20251005-03/cuthist/Run_26129_M1_correlation_map.png
--- Processing run 26130 ---
Low-light fits saved to /raid1/genli/Data_D2O/M1_data/BRN/analysis_25306-26233_M1_20251030-013056/subjob_26123-26141/run26130_20251005-04/lowlight/Run26130_M1_low_light_fits.png
Low-light fit data saved to /raid1/genli/Data_D2O/M1_data/BRN/analysis_25306-26233_M1_20251030-013056/subjob_26123-26141/run26130_20251005-04/lowlight/Run26130_M1_low_light_fits.pkl
Veto efficiency plot saved to /raid1/genli/Data_D2O/M1_data/BRN/analysis_25306-26233_M1_20251030-013056/subjob_26123-26141/run26130_20251005-04/histograms/26130_M1_veto_efficiency.png
Veto efficiency data saved to /raid1/genli/Data_D2O/M1_data/BRN/analysis_25306-26233_M1_20251030-013056/subjob_26123-26141/run26130_20251005-04/histograms/26130_M1_veto_efficiency.pkl
Run 26130: after NaN drop: 18602 events
Run 26130: after Δt cut: 8937 events
Run 26130: after total_pe cut: 8937 events
Run 26130: after time-std < 40.0 ns cut: 8937 events
Correlation map saved to /raid1/genli/Data_D2O/M1_data/BRN/analysis_25306-26233_M1_20251030-013056/subjob_26123-26141/run26130_20251005-04/cuthist/Run_26130_M1_correlation_map.png
--- Processing run 26131 ---
Low-light fits saved to /raid1/genli/Data_D2O/M1_data/BRN/analysis_25306-26233_M1_20251030-013056/subjob_26123-26141/run26131_20251005-05/lowlight/Run26131_M1_low_light_fits.png
Low-light fit data saved to /raid1/genli/Data_D2O/M1_data/BRN/analysis_25306-26233_M1_20251030-013056/subjob_26123-26141/run26131_20251005-05/lowlight/Run26131_M1_low_light_fits.pkl
Veto efficiency plot saved to /raid1/genli/Data_D2O/M1_data/BRN/analysis_25306-26233_M1_20251030-013056/subjob_26123-26141/run26131_20251005-05/histograms/26131_M1_veto_efficiency.png
Veto efficiency data saved to /raid1/genli/Data_D2O/M1_data/BRN/analysis_25306-26233_M1_20251030-013056/subjob_26123-26141/run26131_20251005-05/histograms/26131_M1_veto_efficiency.pkl
Run 26131: after NaN drop: 18644 events
Run 26131: after Δt cut: 9030 events
Run 26131: after total_pe cut: 9028 events
Run 26131: after time-std < 40.0 ns cut: 9028 events
Correlation map saved to /raid1/genli/Data_D2O/M1_data/BRN/analysis_25306-26233_M1_20251030-013056/subjob_26123-26141/run26131_20251005-05/cuthist/Run_26131_M1_correlation_map.png
--- Processing run 26132 ---
Low-light fits saved to /raid1/genli/Data_D2O/M1_data/BRN/analysis_25306-26233_M1_20251030-013056/subjob_26123-26141/run26132_20251005-06/lowlight/Run26132_M1_low_light_fits.png
Low-light fit data saved to /raid1/genli/Data_D2O/M1_data/BRN/analysis_25306-26233_M1_20251030-013056/subjob_26123-26141/run26132_20251005-06/lowlight/Run26132_M1_low_light_fits.pkl
Veto efficiency plot saved to /raid1/genli/Data_D2O/M1_data/BRN/analysis_25306-26233_M1_20251030-013056/subjob_26123-26141/run26132_20251005-06/histograms/26132_M1_veto_efficiency.png
Veto efficiency data saved to /raid1/genli/Data_D2O/M1_data/BRN/analysis_25306-26233_M1_20251030-013056/subjob_26123-26141/run26132_20251005-06/histograms/26132_M1_veto_efficiency.pkl
Run 26132: after NaN drop: 18554 events
Run 26132: after Δt cut: 8966 events
Run 26132: after total_pe cut: 8965 events
Run 26132: after time-std < 40.0 ns cut: 8965 events
Correlation map saved to /raid1/genli/Data_D2O/M1_data/BRN/analysis_25306-26233_M1_20251030-013056/subjob_26123-26141/run26132_20251005-06/cuthist/Run_26132_M1_correlation_map.png
--- Processing run 26133 ---
Low-light fits saved to /raid1/genli/Data_D2O/M1_data/BRN/analysis_25306-26233_M1_20251030-013056/subjob_26123-26141/run26133_20251005-07/lowlight/Run26133_M1_low_light_fits.png
Low-light fit data saved to /raid1/genli/Data_D2O/M1_data/BRN/analysis_25306-26233_M1_20251030-013056/subjob_26123-26141/run26133_20251005-07/lowlight/Run26133_M1_low_light_fits.pkl
Veto efficiency plot saved to /raid1/genli/Data_D2O/M1_data/BRN/analysis_25306-26233_M1_20251030-013056/subjob_26123-26141/run26133_20251005-07/histograms/26133_M1_veto_efficiency.png
Veto efficiency data saved to /raid1/genli/Data_D2O/M1_data/BRN/analysis_25306-26233_M1_20251030-013056/subjob_26123-26141/run26133_20251005-07/histograms/26133_M1_veto_efficiency.pkl
Run 26133: after NaN drop: 18753 events
Run 26133: after Δt cut: 9062 events
Run 26133: after total_pe cut: 9059 events
Run 26133: after time-std < 40.0 ns cut: 9059 events
Correlation map saved to /raid1/genli/Data_D2O/M1_data/BRN/analysis_25306-26233_M1_20251030-013056/subjob_26123-26141/run26133_20251005-07/cuthist/Run_26133_M1_correlation_map.png
--- Processing run 26134 ---
Low-light fits saved to /raid1/genli/Data_D2O/M1_data/BRN/analysis_25306-26233_M1_20251030-013056/subjob_26123-26141/run26134_20251005-08/lowlight/Run26134_M1_low_light_fits.png
Low-light fit data saved to /raid1/genli/Data_D2O/M1_data/BRN/analysis_25306-26233_M1_20251030-013056/subjob_26123-26141/run26134_20251005-08/lowlight/Run26134_M1_low_light_fits.pkl
Veto efficiency plot saved to /raid1/genli/Data_D2O/M1_data/BRN/analysis_25306-26233_M1_20251030-013056/subjob_26123-26141/run26134_20251005-08/histograms/26134_M1_veto_efficiency.png
Veto efficiency data saved to /raid1/genli/Data_D2O/M1_data/BRN/analysis_25306-26233_M1_20251030-013056/subjob_26123-26141/run26134_20251005-08/histograms/26134_M1_veto_efficiency.pkl
Run 26134: after NaN drop: 18433 events
Run 26134: after Δt cut: 9001 events
Run 26134: after total_pe cut: 9001 events
Run 26134: after time-std < 40.0 ns cut: 9001 events
Correlation map saved to /raid1/genli/Data_D2O/M1_data/BRN/analysis_25306-26233_M1_20251030-013056/subjob_26123-26141/run26134_20251005-08/cuthist/Run_26134_M1_correlation_map.png
--- Processing run 26135 ---
Low-light fits saved to /raid1/genli/Data_D2O/M1_data/BRN/analysis_25306-26233_M1_20251030-013056/subjob_26123-26141/run26135_20251005-09/lowlight/Run26135_M1_low_light_fits.png
Low-light fit data saved to /raid1/genli/Data_D2O/M1_data/BRN/analysis_25306-26233_M1_20251030-013056/subjob_26123-26141/run26135_20251005-09/lowlight/Run26135_M1_low_light_fits.pkl
Veto efficiency plot saved to /raid1/genli/Data_D2O/M1_data/BRN/analysis_25306-26233_M1_20251030-013056/subjob_26123-26141/run26135_20251005-09/histograms/26135_M1_veto_efficiency.png
Veto efficiency data saved to /raid1/genli/Data_D2O/M1_data/BRN/analysis_25306-26233_M1_20251030-013056/subjob_26123-26141/run26135_20251005-09/histograms/26135_M1_veto_efficiency.pkl
Run 26135: after NaN drop: 18394 events
Run 26135: after Δt cut: 9022 events
Run 26135: after total_pe cut: 9019 events
Run 26135: after time-std < 40.0 ns cut: 9019 events
Correlation map saved to /raid1/genli/Data_D2O/M1_data/BRN/analysis_25306-26233_M1_20251030-013056/subjob_26123-26141/run26135_20251005-09/cuthist/Run_26135_M1_correlation_map.png
--- Processing run 26136 ---
Low-light fits saved to /raid1/genli/Data_D2O/M1_data/BRN/analysis_25306-26233_M1_20251030-013056/subjob_26123-26141/run26136_20251005-10/lowlight/Run26136_M1_low_light_fits.png
Low-light fit data saved to /raid1/genli/Data_D2O/M1_data/BRN/analysis_25306-26233_M1_20251030-013056/subjob_26123-26141/run26136_20251005-10/lowlight/Run26136_M1_low_light_fits.pkl
Veto efficiency plot saved to /raid1/genli/Data_D2O/M1_data/BRN/analysis_25306-26233_M1_20251030-013056/subjob_26123-26141/run26136_20251005-10/histograms/26136_M1_veto_efficiency.png
Veto efficiency data saved to /raid1/genli/Data_D2O/M1_data/BRN/analysis_25306-26233_M1_20251030-013056/subjob_26123-26141/run26136_20251005-10/histograms/26136_M1_veto_efficiency.pkl
Run 26136: after NaN drop: 18323 events
Run 26136: after Δt cut: 8889 events
Run 26136: after total_pe cut: 8888 events
Run 26136: after time-std < 40.0 ns cut: 8888 events
Correlation map saved to /raid1/genli/Data_D2O/M1_data/BRN/analysis_25306-26233_M1_20251030-013056/subjob_26123-26141/run26136_20251005-10/cuthist/Run_26136_M1_correlation_map.png
--- Processing run 26137 ---
Low-light fits saved to /raid1/genli/Data_D2O/M1_data/BRN/analysis_25306-26233_M1_20251030-013056/subjob_26123-26141/run26137_20251005-11/lowlight/Run26137_M1_low_light_fits.png
Low-light fit data saved to /raid1/genli/Data_D2O/M1_data/BRN/analysis_25306-26233_M1_20251030-013056/subjob_26123-26141/run26137_20251005-11/lowlight/Run26137_M1_low_light_fits.pkl
Veto efficiency plot saved to /raid1/genli/Data_D2O/M1_data/BRN/analysis_25306-26233_M1_20251030-013056/subjob_26123-26141/run26137_20251005-11/histograms/26137_M1_veto_efficiency.png
Veto efficiency data saved to /raid1/genli/Data_D2O/M1_data/BRN/analysis_25306-26233_M1_20251030-013056/subjob_26123-26141/run26137_20251005-11/histograms/26137_M1_veto_efficiency.pkl
Run 26137: after NaN drop: 18291 events
Run 26137: after Δt cut: 8793 events
Run 26137: after total_pe cut: 8793 events
Run 26137: after time-std < 40.0 ns cut: 8793 events
Correlation map saved to /raid1/genli/Data_D2O/M1_data/BRN/analysis_25306-26233_M1_20251030-013056/subjob_26123-26141/run26137_20251005-11/cuthist/Run_26137_M1_correlation_map.png
--- Processing run 26138 ---
Low-light fits saved to /raid1/genli/Data_D2O/M1_data/BRN/analysis_25306-26233_M1_20251030-013056/subjob_26123-26141/run26138_20251005-12/lowlight/Run26138_M1_low_light_fits.png
Low-light fit data saved to /raid1/genli/Data_D2O/M1_data/BRN/analysis_25306-26233_M1_20251030-013056/subjob_26123-26141/run26138_20251005-12/lowlight/Run26138_M1_low_light_fits.pkl
Veto efficiency plot saved to /raid1/genli/Data_D2O/M1_data/BRN/analysis_25306-26233_M1_20251030-013056/subjob_26123-26141/run26138_20251005-12/histograms/26138_M1_veto_efficiency.png
Veto efficiency data saved to /raid1/genli/Data_D2O/M1_data/BRN/analysis_25306-26233_M1_20251030-013056/subjob_26123-26141/run26138_20251005-12/histograms/26138_M1_veto_efficiency.pkl
Run 26138: after NaN drop: 18647 events
Run 26138: after Δt cut: 9010 events
Run 26138: after total_pe cut: 9010 events
Run 26138: after time-std < 40.0 ns cut: 9010 events
Correlation map saved to /raid1/genli/Data_D2O/M1_data/BRN/analysis_25306-26233_M1_20251030-013056/subjob_26123-26141/run26138_20251005-12/cuthist/Run_26138_M1_correlation_map.png
--- Processing run 26139 ---
Low-light fits saved to /raid1/genli/Data_D2O/M1_data/BRN/analysis_25306-26233_M1_20251030-013056/subjob_26123-26141/run26139_20251005-13/lowlight/Run26139_M1_low_light_fits.png
Low-light fit data saved to /raid1/genli/Data_D2O/M1_data/BRN/analysis_25306-26233_M1_20251030-013056/subjob_26123-26141/run26139_20251005-13/lowlight/Run26139_M1_low_light_fits.pkl
Veto efficiency plot saved to /raid1/genli/Data_D2O/M1_data/BRN/analysis_25306-26233_M1_20251030-013056/subjob_26123-26141/run26139_20251005-13/histograms/26139_M1_veto_efficiency.png
Veto efficiency data saved to /raid1/genli/Data_D2O/M1_data/BRN/analysis_25306-26233_M1_20251030-013056/subjob_26123-26141/run26139_20251005-13/histograms/26139_M1_veto_efficiency.pkl
Run 26139: after NaN drop: 18285 events
Run 26139: after Δt cut: 8978 events
Run 26139: after total_pe cut: 8977 events
Run 26139: after time-std < 40.0 ns cut: 8977 events
Correlation map saved to /raid1/genli/Data_D2O/M1_data/BRN/analysis_25306-26233_M1_20251030-013056/subjob_26123-26141/run26139_20251005-13/cuthist/Run_26139_M1_correlation_map.png
--- Processing run 26140 ---
Low-light fits saved to /raid1/genli/Data_D2O/M1_data/BRN/analysis_25306-26233_M1_20251030-013056/subjob_26123-26141/run26140_20251005-14/lowlight/Run26140_M1_low_light_fits.png
Low-light fit data saved to /raid1/genli/Data_D2O/M1_data/BRN/analysis_25306-26233_M1_20251030-013056/subjob_26123-26141/run26140_20251005-14/lowlight/Run26140_M1_low_light_fits.pkl
Veto efficiency plot saved to /raid1/genli/Data_D2O/M1_data/BRN/analysis_25306-26233_M1_20251030-013056/subjob_26123-26141/run26140_20251005-14/histograms/26140_M1_veto_efficiency.png
Veto efficiency data saved to /raid1/genli/Data_D2O/M1_data/BRN/analysis_25306-26233_M1_20251030-013056/subjob_26123-26141/run26140_20251005-14/histograms/26140_M1_veto_efficiency.pkl
Run 26140: after NaN drop: 18832 events
Run 26140: after Δt cut: 9174 events
Run 26140: after total_pe cut: 9173 events
Run 26140: after time-std < 40.0 ns cut: 9173 events
Correlation map saved to /raid1/genli/Data_D2O/M1_data/BRN/analysis_25306-26233_M1_20251030-013056/subjob_26123-26141/run26140_20251005-14/cuthist/Run_26140_M1_correlation_map.png
--- Processing run 26141 ---
Low-light fits saved to /raid1/genli/Data_D2O/M1_data/BRN/analysis_25306-26233_M1_20251030-013056/subjob_26123-26141/run26141_20251005-15/lowlight/Run26141_M1_low_light_fits.png
Low-light fit data saved to /raid1/genli/Data_D2O/M1_data/BRN/analysis_25306-26233_M1_20251030-013056/subjob_26123-26141/run26141_20251005-15/lowlight/Run26141_M1_low_light_fits.pkl
Veto efficiency plot saved to /raid1/genli/Data_D2O/M1_data/BRN/analysis_25306-26233_M1_20251030-013056/subjob_26123-26141/run26141_20251005-15/histograms/26141_M1_veto_efficiency.png
Veto efficiency data saved to /raid1/genli/Data_D2O/M1_data/BRN/analysis_25306-26233_M1_20251030-013056/subjob_26123-26141/run26141_20251005-15/histograms/26141_M1_veto_efficiency.pkl
Run 26141: after NaN drop: 18359 events
Run 26141: after Δt cut: 8876 events
Run 26141: after total_pe cut: 8874 events
Run 26141: after time-std < 40.0 ns cut: 8874 events
Correlation map saved to /raid1/genli/Data_D2O/M1_data/BRN/analysis_25306-26233_M1_20251030-013056/subjob_26123-26141/run26141_20251005-15/cuthist/Run_26141_M1_correlation_map.png
Saving aggregated data for sub-job 26123-26141...
Successfully saved data for master aggregation.
--- Sub-job Analysis Complete ---
