Master output will be saved to: /raid1/genli/Data_D2O/M1_data/BRN/analysis_25306-26233_M1_20251030-013056/MASTER_RESULTS
Found 49 sub-job directories to aggregate.
Processing subjob_25306-25324...
Processing subjob_25325-25343...
Processing subjob_25344-25362...
Processing subjob_25363-25381...
Processing subjob_25382-25400...
Processing subjob_25401-25419...
Processing subjob_25420-25438...
Processing subjob_25439-25457...
Processing subjob_25458-25476...
Processing subjob_25477-25495...
Processing subjob_25496-25514...
Processing subjob_25515-25533...
Processing subjob_25534-25552...
Processing subjob_25553-25571...
Processing subjob_25572-25590...
Processing subjob_25591-25609...
Processing subjob_25610-25628...
Processing subjob_25629-25647...
Processing subjob_25648-25666...
Processing subjob_25667-25685...
Processing subjob_25686-25704...
Processing subjob_25705-25723...
Processing subjob_25724-25742...
Processing subjob_25743-25761...
Processing subjob_25762-25780...
Processing subjob_25781-25799...
Processing subjob_25800-25818...
Processing subjob_25819-25837...
Processing subjob_25838-25856...
Processing subjob_25857-25875...
Processing subjob_25876-25894...
Processing subjob_25895-25913...
Processing subjob_25914-25932...
Processing subjob_25933-25951...
Processing subjob_25952-25970...
Processing subjob_25971-25989...
Processing subjob_25990-26008...
Processing subjob_26009-26027...
Processing subjob_26028-26046...
Processing subjob_26047-26065...
Processing subjob_26066-26084...
Processing subjob_26085-26103...
Processing subjob_26104-26122...
Processing subjob_26123-26141...
Processing subjob_26142-26160...
Processing subjob_26161-26179...
Processing subjob_26180-26198...
Processing subjob_26199-26217...
Processing subjob_26218-26233...
Aggregating delta_t, total_pe, and fitting for tau...
Generating aggregate plots for Master Runs 25306-26233
Correlation map saved to /raid1/genli/Data_D2O/M1_data/BRN/analysis_25306-26233_M1_20251030-013056/MASTER_RESULTS/Master_Runs_25306_26233_M1_correlation_map.png
Aggregating veto efficiency data...
Veto efficiency plot saved to /raid1/genli/Data_D2O/M1_data/BRN/analysis_25306-26233_M1_20251030-013056/MASTER_RESULTS/Master_Runs_25306_26233_M1_veto_efficiency_master.png
Veto efficiency data saved to /raid1/genli/Data_D2O/M1_data/BRN/analysis_25306-26233_M1_20251030-013056/MASTER_RESULTS/Master_Runs_25306_26233_M1_veto_efficiency_master.pkl
Plotting aggregated Low-Light data...
Low-light fits saved to /raid1/genli/Data_D2O/M1_data/BRN/analysis_25306-26233_M1_20251030-013056/MASTER_RESULTS/Master_Runs_25306_26233_M1_low_light_fits.png
Low-light fit data saved to /raid1/genli/Data_D2O/M1_data/BRN/analysis_25306-26233_M1_20251030-013056/MASTER_RESULTS/Master_Runs_25306_26233_M1_low_light_fits.pkl
Plotting aggregated SiPM area data...
SiPM histograms saved to /raid1/genli/Data_D2O/M1_data/BRN/analysis_25306-26233_M1_20251030-013056/MASTER_RESULTS/Master_Runs_25306_26233_M1_sipm_area_histograms.png
SiPM histogram data saved to /raid1/genli/Data_D2O/M1_data/BRN/analysis_25306-26233_M1_20251030-013056/MASTER_RESULTS/Master_Runs_25306_26233_M1_sipm_area_histograms.pkl
Aggregating Thin Veto data...
Aggregating BRN Analysis data...
Plotting BRN histograms for 10 channels...
BRN Delta_t histograms saved to /raid1/genli/Data_D2O/M1_data/BRN/analysis_25306-26233_M1_20251030-013056/MASTER_RESULTS/Master_Runs_25306_26233_M1_brn_delta_t_master.png
BRN Area histograms saved to /raid1/genli/Data_D2O/M1_data/BRN/analysis_25306-26233_M1_20251030-013056/MASTER_RESULTS/Master_Runs_25306_26233_M1_brn_area_master.png

--- Master Aggregation Complete ---
