/home/genli/.local/lib/python3.9/site-packages/numpy/lib/nanfunctions.py:1878: RuntimeWarning: Degrees of freedom <= 0 for slice.
  var = nanvar(a, axis=axis, dtype=dtype, out=out, ddof=ddof,
/home/genli/.local/lib/python3.9/site-packages/numpy/lib/nanfunctions.py:1878: RuntimeWarning: Degrees of freedom <= 0 for slice.
  var = nanvar(a, axis=axis, dtype=dtype, out=out, ddof=ddof,
/home/genli/D2O_analysis/Codes/Read_Cut_Hist_D2O_multi_veto.py:411: UserWarning: Data has no positive values, and therefore cannot be log-scaled.
  ax.set_yscale('log')
/home/genli/.local/lib/python3.9/site-packages/numpy/lib/nanfunctions.py:1878: RuntimeWarning: Degrees of freedom <= 0 for slice.
  var = nanvar(a, axis=axis, dtype=dtype, out=out, ddof=ddof,
/home/genli/D2O_analysis/Codes/Read_Cut_Hist_D2O_multi_veto.py:411: UserWarning: Data has no positive values, and therefore cannot be log-scaled.
  ax.set_yscale('log')
/home/genli/.local/lib/python3.9/site-packages/numpy/lib/nanfunctions.py:1878: RuntimeWarning: Degrees of freedom <= 0 for slice.
  var = nanvar(a, axis=axis, dtype=dtype, out=out, ddof=ddof,
/home/genli/.local/lib/python3.9/site-packages/numpy/lib/nanfunctions.py:1878: RuntimeWarning: Degrees of freedom <= 0 for slice.
  var = nanvar(a, axis=axis, dtype=dtype, out=out, ddof=ddof,
/home/genli/.local/lib/python3.9/site-packages/numpy/lib/nanfunctions.py:1878: RuntimeWarning: Degrees of freedom <= 0 for slice.
  var = nanvar(a, axis=axis, dtype=dtype, out=out, ddof=ddof,
/home/genli/D2O_analysis/Codes/Read_Cut_Hist_D2O_multi_veto.py:411: UserWarning: Data has no positive values, and therefore cannot be log-scaled.
  ax.set_yscale('log')
/home/genli/.local/lib/python3.9/site-packages/numpy/lib/nanfunctions.py:1878: RuntimeWarning: Degrees of freedom <= 0 for slice.
  var = nanvar(a, axis=axis, dtype=dtype, out=out, ddof=ddof,
/home/genli/.local/lib/python3.9/site-packages/numpy/lib/nanfunctions.py:1878: RuntimeWarning: Degrees of freedom <= 0 for slice.
  var = nanvar(a, axis=axis, dtype=dtype, out=out, ddof=ddof,
/home/genli/.local/lib/python3.9/site-packages/numpy/lib/nanfunctions.py:1878: RuntimeWarning: Degrees of freedom <= 0 for slice.
  var = nanvar(a, axis=axis, dtype=dtype, out=out, ddof=ddof,
/home/genli/D2O_analysis/Codes/Read_Cut_Hist_D2O_multi_veto.py:411: UserWarning: Data has no positive values, and therefore cannot be log-scaled.
  ax.set_yscale('log')
/home/genli/.local/lib/python3.9/site-packages/numpy/lib/nanfunctions.py:1878: RuntimeWarning: Degrees of freedom <= 0 for slice.
  var = nanvar(a, axis=axis, dtype=dtype, out=out, ddof=ddof,
/home/genli/.local/lib/python3.9/site-packages/numpy/lib/nanfunctions.py:1878: RuntimeWarning: Degrees of freedom <= 0 for slice.
  var = nanvar(a, axis=axis, dtype=dtype, out=out, ddof=ddof,
/home/genli/.local/lib/python3.9/site-packages/numpy/lib/nanfunctions.py:1878: RuntimeWarning: Degrees of freedom <= 0 for slice.
  var = nanvar(a, axis=axis, dtype=dtype, out=out, ddof=ddof,
/home/genli/.local/lib/python3.9/site-packages/numpy/lib/nanfunctions.py:1878: RuntimeWarning: Degrees of freedom <= 0 for slice.
  var = nanvar(a, axis=axis, dtype=dtype, out=out, ddof=ddof,
/home/genli/.local/lib/python3.9/site-packages/numpy/lib/nanfunctions.py:1878: RuntimeWarning: Degrees of freedom <= 0 for slice.
  var = nanvar(a, axis=axis, dtype=dtype, out=out, ddof=ddof,
/home/genli/.local/lib/python3.9/site-packages/numpy/lib/nanfunctions.py:1878: RuntimeWarning: Degrees of freedom <= 0 for slice.
  var = nanvar(a, axis=axis, dtype=dtype, out=out, ddof=ddof,
/home/genli/D2O_analysis/Codes/Read_Cut_Hist_D2O_multi_veto.py:411: UserWarning: Data has no positive values, and therefore cannot be log-scaled.
  ax.set_yscale('log')
/home/genli/.local/lib/python3.9/site-packages/numpy/lib/nanfunctions.py:1878: RuntimeWarning: Degrees of freedom <= 0 for slice.
  var = nanvar(a, axis=axis, dtype=dtype, out=out, ddof=ddof,
/home/genli/.local/lib/python3.9/site-packages/numpy/lib/nanfunctions.py:1878: RuntimeWarning: Degrees of freedom <= 0 for slice.
  var = nanvar(a, axis=axis, dtype=dtype, out=out, ddof=ddof,
/home/genli/D2O_analysis/Codes/Read_Cut_Hist_D2O_multi_veto.py:411: UserWarning: Data has no positive values, and therefore cannot be log-scaled.
  ax.set_yscale('log')
/home/genli/.local/lib/python3.9/site-packages/numpy/lib/nanfunctions.py:1878: RuntimeWarning: Degrees of freedom <= 0 for slice.
  var = nanvar(a, axis=axis, dtype=dtype, out=out, ddof=ddof,
/home/genli/D2O_analysis/Codes/Read_Cut_Hist_D2O_multi_veto.py:411: UserWarning: Data has no positive values, and therefore cannot be log-scaled.
  ax.set_yscale('log')
/home/genli/.local/lib/python3.9/site-packages/numpy/lib/nanfunctions.py:1878: RuntimeWarning: Degrees of freedom <= 0 for slice.
  var = nanvar(a, axis=axis, dtype=dtype, out=out, ddof=ddof,
=== Configuration ===
Analysis type: M1
Runs: 25629 to 25647
Output Directory for this job: /raid1/genli/Data_D2O/M1_data/BRN/analysis_25306-26233_M1_20251030-013056/subjob_25629-25647
Δt cut: (960, 10560) ns
Photoelectron cut: (0, 2000) P.E.
Time-std cut: < 40.0 ns
======================
--- Processing run 25629 ---
Low-light fits saved to /raid1/genli/Data_D2O/M1_data/BRN/analysis_25306-26233_M1_20251030-013056/subjob_25629-25647/run25629_20250914-07/lowlight/Run25629_M1_low_light_fits.png
Low-light fit data saved to /raid1/genli/Data_D2O/M1_data/BRN/analysis_25306-26233_M1_20251030-013056/subjob_25629-25647/run25629_20250914-07/lowlight/Run25629_M1_low_light_fits.pkl
Veto efficiency plot saved to /raid1/genli/Data_D2O/M1_data/BRN/analysis_25306-26233_M1_20251030-013056/subjob_25629-25647/run25629_20250914-07/histograms/25629_M1_veto_efficiency.png
Veto efficiency data saved to /raid1/genli/Data_D2O/M1_data/BRN/analysis_25306-26233_M1_20251030-013056/subjob_25629-25647/run25629_20250914-07/histograms/25629_M1_veto_efficiency.pkl
Run 25629: after NaN drop: 18786 events
Run 25629: after Δt cut: 9050 events
Run 25629: after total_pe cut: 9049 events
Run 25629: after time-std < 40.0 ns cut: 9049 events
Correlation map saved to /raid1/genli/Data_D2O/M1_data/BRN/analysis_25306-26233_M1_20251030-013056/subjob_25629-25647/run25629_20250914-07/cuthist/Run_25629_M1_correlation_map.png
--- Processing run 25630 ---
Low-light fits saved to /raid1/genli/Data_D2O/M1_data/BRN/analysis_25306-26233_M1_20251030-013056/subjob_25629-25647/run25630_20250914-08/lowlight/Run25630_M1_low_light_fits.png
Low-light fit data saved to /raid1/genli/Data_D2O/M1_data/BRN/analysis_25306-26233_M1_20251030-013056/subjob_25629-25647/run25630_20250914-08/lowlight/Run25630_M1_low_light_fits.pkl
Veto efficiency plot saved to /raid1/genli/Data_D2O/M1_data/BRN/analysis_25306-26233_M1_20251030-013056/subjob_25629-25647/run25630_20250914-08/histograms/25630_M1_veto_efficiency.png
Veto efficiency data saved to /raid1/genli/Data_D2O/M1_data/BRN/analysis_25306-26233_M1_20251030-013056/subjob_25629-25647/run25630_20250914-08/histograms/25630_M1_veto_efficiency.pkl
Run 25630: after NaN drop: 18929 events
Run 25630: after Δt cut: 9032 events
Run 25630: after total_pe cut: 9032 events
Run 25630: after time-std < 40.0 ns cut: 9032 events
Correlation map saved to /raid1/genli/Data_D2O/M1_data/BRN/analysis_25306-26233_M1_20251030-013056/subjob_25629-25647/run25630_20250914-08/cuthist/Run_25630_M1_correlation_map.png
--- Processing run 25631 ---
Low-light fits saved to /raid1/genli/Data_D2O/M1_data/BRN/analysis_25306-26233_M1_20251030-013056/subjob_25629-25647/run25631_20250914-09/lowlight/Run25631_M1_low_light_fits.png
Low-light fit data saved to /raid1/genli/Data_D2O/M1_data/BRN/analysis_25306-26233_M1_20251030-013056/subjob_25629-25647/run25631_20250914-09/lowlight/Run25631_M1_low_light_fits.pkl
Veto efficiency plot saved to /raid1/genli/Data_D2O/M1_data/BRN/analysis_25306-26233_M1_20251030-013056/subjob_25629-25647/run25631_20250914-09/histograms/25631_M1_veto_efficiency.png
Veto efficiency data saved to /raid1/genli/Data_D2O/M1_data/BRN/analysis_25306-26233_M1_20251030-013056/subjob_25629-25647/run25631_20250914-09/histograms/25631_M1_veto_efficiency.pkl
Run 25631: after NaN drop: 18814 events
Run 25631: after Δt cut: 9124 events
Run 25631: after total_pe cut: 9123 events
Run 25631: after time-std < 40.0 ns cut: 9123 events
Correlation map saved to /raid1/genli/Data_D2O/M1_data/BRN/analysis_25306-26233_M1_20251030-013056/subjob_25629-25647/run25631_20250914-09/cuthist/Run_25631_M1_correlation_map.png
--- Processing run 25632 ---
Low-light fits saved to /raid1/genli/Data_D2O/M1_data/BRN/analysis_25306-26233_M1_20251030-013056/subjob_25629-25647/run25632_20250914-10/lowlight/Run25632_M1_low_light_fits.png
Low-light fit data saved to /raid1/genli/Data_D2O/M1_data/BRN/analysis_25306-26233_M1_20251030-013056/subjob_25629-25647/run25632_20250914-10/lowlight/Run25632_M1_low_light_fits.pkl
Veto efficiency plot saved to /raid1/genli/Data_D2O/M1_data/BRN/analysis_25306-26233_M1_20251030-013056/subjob_25629-25647/run25632_20250914-10/histograms/25632_M1_veto_efficiency.png
Veto efficiency data saved to /raid1/genli/Data_D2O/M1_data/BRN/analysis_25306-26233_M1_20251030-013056/subjob_25629-25647/run25632_20250914-10/histograms/25632_M1_veto_efficiency.pkl
Run 25632: after NaN drop: 19031 events
Run 25632: after Δt cut: 9096 events
Run 25632: after total_pe cut: 9095 events
Run 25632: after time-std < 40.0 ns cut: 9095 events
Correlation map saved to /raid1/genli/Data_D2O/M1_data/BRN/analysis_25306-26233_M1_20251030-013056/subjob_25629-25647/run25632_20250914-10/cuthist/Run_25632_M1_correlation_map.png
--- Processing run 25633 ---
Low-light fits saved to /raid1/genli/Data_D2O/M1_data/BRN/analysis_25306-26233_M1_20251030-013056/subjob_25629-25647/run25633_20250914-11/lowlight/Run25633_M1_low_light_fits.png
Low-light fit data saved to /raid1/genli/Data_D2O/M1_data/BRN/analysis_25306-26233_M1_20251030-013056/subjob_25629-25647/run25633_20250914-11/lowlight/Run25633_M1_low_light_fits.pkl
Veto efficiency plot saved to /raid1/genli/Data_D2O/M1_data/BRN/analysis_25306-26233_M1_20251030-013056/subjob_25629-25647/run25633_20250914-11/histograms/25633_M1_veto_efficiency.png
Veto efficiency data saved to /raid1/genli/Data_D2O/M1_data/BRN/analysis_25306-26233_M1_20251030-013056/subjob_25629-25647/run25633_20250914-11/histograms/25633_M1_veto_efficiency.pkl
Run 25633: after NaN drop: 19097 events
Run 25633: after Δt cut: 9140 events
Run 25633: after total_pe cut: 9140 events
Run 25633: after time-std < 40.0 ns cut: 9140 events
Correlation map saved to /raid1/genli/Data_D2O/M1_data/BRN/analysis_25306-26233_M1_20251030-013056/subjob_25629-25647/run25633_20250914-11/cuthist/Run_25633_M1_correlation_map.png
--- Processing run 25634 ---
Low-light fits saved to /raid1/genli/Data_D2O/M1_data/BRN/analysis_25306-26233_M1_20251030-013056/subjob_25629-25647/run25634_20250914-12/lowlight/Run25634_M1_low_light_fits.png
Low-light fit data saved to /raid1/genli/Data_D2O/M1_data/BRN/analysis_25306-26233_M1_20251030-013056/subjob_25629-25647/run25634_20250914-12/lowlight/Run25634_M1_low_light_fits.pkl
Veto efficiency plot saved to /raid1/genli/Data_D2O/M1_data/BRN/analysis_25306-26233_M1_20251030-013056/subjob_25629-25647/run25634_20250914-12/histograms/25634_M1_veto_efficiency.png
Veto efficiency data saved to /raid1/genli/Data_D2O/M1_data/BRN/analysis_25306-26233_M1_20251030-013056/subjob_25629-25647/run25634_20250914-12/histograms/25634_M1_veto_efficiency.pkl
Run 25634: after NaN drop: 19267 events
Run 25634: after Δt cut: 9198 events
Run 25634: after total_pe cut: 9198 events
Run 25634: after time-std < 40.0 ns cut: 9198 events
Correlation map saved to /raid1/genli/Data_D2O/M1_data/BRN/analysis_25306-26233_M1_20251030-013056/subjob_25629-25647/run25634_20250914-12/cuthist/Run_25634_M1_correlation_map.png
--- Processing run 25635 ---
Low-light fits saved to /raid1/genli/Data_D2O/M1_data/BRN/analysis_25306-26233_M1_20251030-013056/subjob_25629-25647/run25635_20250914-13/lowlight/Run25635_M1_low_light_fits.png
Low-light fit data saved to /raid1/genli/Data_D2O/M1_data/BRN/analysis_25306-26233_M1_20251030-013056/subjob_25629-25647/run25635_20250914-13/lowlight/Run25635_M1_low_light_fits.pkl
Veto efficiency plot saved to /raid1/genli/Data_D2O/M1_data/BRN/analysis_25306-26233_M1_20251030-013056/subjob_25629-25647/run25635_20250914-13/histograms/25635_M1_veto_efficiency.png
Veto efficiency data saved to /raid1/genli/Data_D2O/M1_data/BRN/analysis_25306-26233_M1_20251030-013056/subjob_25629-25647/run25635_20250914-13/histograms/25635_M1_veto_efficiency.pkl
Run 25635: after NaN drop: 18905 events
Run 25635: after Δt cut: 9279 events
Run 25635: after total_pe cut: 9278 events
Run 25635: after time-std < 40.0 ns cut: 9278 events
Correlation map saved to /raid1/genli/Data_D2O/M1_data/BRN/analysis_25306-26233_M1_20251030-013056/subjob_25629-25647/run25635_20250914-13/cuthist/Run_25635_M1_correlation_map.png
--- Processing run 25636 ---
Low-light fits saved to /raid1/genli/Data_D2O/M1_data/BRN/analysis_25306-26233_M1_20251030-013056/subjob_25629-25647/run25636_20250914-14/lowlight/Run25636_M1_low_light_fits.png
Low-light fit data saved to /raid1/genli/Data_D2O/M1_data/BRN/analysis_25306-26233_M1_20251030-013056/subjob_25629-25647/run25636_20250914-14/lowlight/Run25636_M1_low_light_fits.pkl
Veto efficiency plot saved to /raid1/genli/Data_D2O/M1_data/BRN/analysis_25306-26233_M1_20251030-013056/subjob_25629-25647/run25636_20250914-14/histograms/25636_M1_veto_efficiency.png
Veto efficiency data saved to /raid1/genli/Data_D2O/M1_data/BRN/analysis_25306-26233_M1_20251030-013056/subjob_25629-25647/run25636_20250914-14/histograms/25636_M1_veto_efficiency.pkl
Run 25636: after NaN drop: 19035 events
Run 25636: after Δt cut: 9327 events
Run 25636: after total_pe cut: 9326 events
Run 25636: after time-std < 40.0 ns cut: 9326 events
Correlation map saved to /raid1/genli/Data_D2O/M1_data/BRN/analysis_25306-26233_M1_20251030-013056/subjob_25629-25647/run25636_20250914-14/cuthist/Run_25636_M1_correlation_map.png
--- Processing run 25637 ---
Low-light fits saved to /raid1/genli/Data_D2O/M1_data/BRN/analysis_25306-26233_M1_20251030-013056/subjob_25629-25647/run25637_20250914-15/lowlight/Run25637_M1_low_light_fits.png
Low-light fit data saved to /raid1/genli/Data_D2O/M1_data/BRN/analysis_25306-26233_M1_20251030-013056/subjob_25629-25647/run25637_20250914-15/lowlight/Run25637_M1_low_light_fits.pkl
Veto efficiency plot saved to /raid1/genli/Data_D2O/M1_data/BRN/analysis_25306-26233_M1_20251030-013056/subjob_25629-25647/run25637_20250914-15/histograms/25637_M1_veto_efficiency.png
Veto efficiency data saved to /raid1/genli/Data_D2O/M1_data/BRN/analysis_25306-26233_M1_20251030-013056/subjob_25629-25647/run25637_20250914-15/histograms/25637_M1_veto_efficiency.pkl
Run 25637: after NaN drop: 19220 events
Run 25637: after Δt cut: 9190 events
Run 25637: after total_pe cut: 9190 events
Run 25637: after time-std < 40.0 ns cut: 9190 events
Correlation map saved to /raid1/genli/Data_D2O/M1_data/BRN/analysis_25306-26233_M1_20251030-013056/subjob_25629-25647/run25637_20250914-15/cuthist/Run_25637_M1_correlation_map.png
--- Processing run 25638 ---
Low-light fits saved to /raid1/genli/Data_D2O/M1_data/BRN/analysis_25306-26233_M1_20251030-013056/subjob_25629-25647/run25638_20250914-16/lowlight/Run25638_M1_low_light_fits.png
Low-light fit data saved to /raid1/genli/Data_D2O/M1_data/BRN/analysis_25306-26233_M1_20251030-013056/subjob_25629-25647/run25638_20250914-16/lowlight/Run25638_M1_low_light_fits.pkl
Veto efficiency plot saved to /raid1/genli/Data_D2O/M1_data/BRN/analysis_25306-26233_M1_20251030-013056/subjob_25629-25647/run25638_20250914-16/histograms/25638_M1_veto_efficiency.png
Veto efficiency data saved to /raid1/genli/Data_D2O/M1_data/BRN/analysis_25306-26233_M1_20251030-013056/subjob_25629-25647/run25638_20250914-16/histograms/25638_M1_veto_efficiency.pkl
Run 25638: after NaN drop: 19089 events
Run 25638: after Δt cut: 9327 events
Run 25638: after total_pe cut: 9325 events
Run 25638: after time-std < 40.0 ns cut: 9325 events
Correlation map saved to /raid1/genli/Data_D2O/M1_data/BRN/analysis_25306-26233_M1_20251030-013056/subjob_25629-25647/run25638_20250914-16/cuthist/Run_25638_M1_correlation_map.png
--- Processing run 25639 ---
Low-light fits saved to /raid1/genli/Data_D2O/M1_data/BRN/analysis_25306-26233_M1_20251030-013056/subjob_25629-25647/run25639_20250914-17/lowlight/Run25639_M1_low_light_fits.png
Low-light fit data saved to /raid1/genli/Data_D2O/M1_data/BRN/analysis_25306-26233_M1_20251030-013056/subjob_25629-25647/run25639_20250914-17/lowlight/Run25639_M1_low_light_fits.pkl
Veto efficiency plot saved to /raid1/genli/Data_D2O/M1_data/BRN/analysis_25306-26233_M1_20251030-013056/subjob_25629-25647/run25639_20250914-17/histograms/25639_M1_veto_efficiency.png
Veto efficiency data saved to /raid1/genli/Data_D2O/M1_data/BRN/analysis_25306-26233_M1_20251030-013056/subjob_25629-25647/run25639_20250914-17/histograms/25639_M1_veto_efficiency.pkl
Run 25639: after NaN drop: 18953 events
Run 25639: after Δt cut: 9138 events
Run 25639: after total_pe cut: 9137 events
Run 25639: after time-std < 40.0 ns cut: 9137 events
Correlation map saved to /raid1/genli/Data_D2O/M1_data/BRN/analysis_25306-26233_M1_20251030-013056/subjob_25629-25647/run25639_20250914-17/cuthist/Run_25639_M1_correlation_map.png
--- Processing run 25640 ---
Low-light fits saved to /raid1/genli/Data_D2O/M1_data/BRN/analysis_25306-26233_M1_20251030-013056/subjob_25629-25647/run25640_20250914-18/lowlight/Run25640_M1_low_light_fits.png
Low-light fit data saved to /raid1/genli/Data_D2O/M1_data/BRN/analysis_25306-26233_M1_20251030-013056/subjob_25629-25647/run25640_20250914-18/lowlight/Run25640_M1_low_light_fits.pkl
Veto efficiency plot saved to /raid1/genli/Data_D2O/M1_data/BRN/analysis_25306-26233_M1_20251030-013056/subjob_25629-25647/run25640_20250914-18/histograms/25640_M1_veto_efficiency.png
Veto efficiency data saved to /raid1/genli/Data_D2O/M1_data/BRN/analysis_25306-26233_M1_20251030-013056/subjob_25629-25647/run25640_20250914-18/histograms/25640_M1_veto_efficiency.pkl
Run 25640: after NaN drop: 19212 events
Run 25640: after Δt cut: 9303 events
Run 25640: after total_pe cut: 9302 events
Run 25640: after time-std < 40.0 ns cut: 9302 events
Correlation map saved to /raid1/genli/Data_D2O/M1_data/BRN/analysis_25306-26233_M1_20251030-013056/subjob_25629-25647/run25640_20250914-18/cuthist/Run_25640_M1_correlation_map.png
--- Processing run 25641 ---
Low-light fits saved to /raid1/genli/Data_D2O/M1_data/BRN/analysis_25306-26233_M1_20251030-013056/subjob_25629-25647/run25641_20250914-19/lowlight/Run25641_M1_low_light_fits.png
Low-light fit data saved to /raid1/genli/Data_D2O/M1_data/BRN/analysis_25306-26233_M1_20251030-013056/subjob_25629-25647/run25641_20250914-19/lowlight/Run25641_M1_low_light_fits.pkl
Veto efficiency plot saved to /raid1/genli/Data_D2O/M1_data/BRN/analysis_25306-26233_M1_20251030-013056/subjob_25629-25647/run25641_20250914-19/histograms/25641_M1_veto_efficiency.png
Veto efficiency data saved to /raid1/genli/Data_D2O/M1_data/BRN/analysis_25306-26233_M1_20251030-013056/subjob_25629-25647/run25641_20250914-19/histograms/25641_M1_veto_efficiency.pkl
Run 25641: after NaN drop: 19071 events
Run 25641: after Δt cut: 9309 events
Run 25641: after total_pe cut: 9308 events
Run 25641: after time-std < 40.0 ns cut: 9308 events
Correlation map saved to /raid1/genli/Data_D2O/M1_data/BRN/analysis_25306-26233_M1_20251030-013056/subjob_25629-25647/run25641_20250914-19/cuthist/Run_25641_M1_correlation_map.png
--- Processing run 25642 ---
Low-light fits saved to /raid1/genli/Data_D2O/M1_data/BRN/analysis_25306-26233_M1_20251030-013056/subjob_25629-25647/run25642_20250914-20/lowlight/Run25642_M1_low_light_fits.png
Low-light fit data saved to /raid1/genli/Data_D2O/M1_data/BRN/analysis_25306-26233_M1_20251030-013056/subjob_25629-25647/run25642_20250914-20/lowlight/Run25642_M1_low_light_fits.pkl
Veto efficiency plot saved to /raid1/genli/Data_D2O/M1_data/BRN/analysis_25306-26233_M1_20251030-013056/subjob_25629-25647/run25642_20250914-20/histograms/25642_M1_veto_efficiency.png
Veto efficiency data saved to /raid1/genli/Data_D2O/M1_data/BRN/analysis_25306-26233_M1_20251030-013056/subjob_25629-25647/run25642_20250914-20/histograms/25642_M1_veto_efficiency.pkl
Run 25642: after NaN drop: 18629 events
Run 25642: after Δt cut: 9056 events
Run 25642: after total_pe cut: 9056 events
Run 25642: after time-std < 40.0 ns cut: 9056 events
Correlation map saved to /raid1/genli/Data_D2O/M1_data/BRN/analysis_25306-26233_M1_20251030-013056/subjob_25629-25647/run25642_20250914-20/cuthist/Run_25642_M1_correlation_map.png
--- Processing run 25643 ---
Low-light fits saved to /raid1/genli/Data_D2O/M1_data/BRN/analysis_25306-26233_M1_20251030-013056/subjob_25629-25647/run25643_20250914-21/lowlight/Run25643_M1_low_light_fits.png
Low-light fit data saved to /raid1/genli/Data_D2O/M1_data/BRN/analysis_25306-26233_M1_20251030-013056/subjob_25629-25647/run25643_20250914-21/lowlight/Run25643_M1_low_light_fits.pkl
Veto efficiency plot saved to /raid1/genli/Data_D2O/M1_data/BRN/analysis_25306-26233_M1_20251030-013056/subjob_25629-25647/run25643_20250914-21/histograms/25643_M1_veto_efficiency.png
Veto efficiency data saved to /raid1/genli/Data_D2O/M1_data/BRN/analysis_25306-26233_M1_20251030-013056/subjob_25629-25647/run25643_20250914-21/histograms/25643_M1_veto_efficiency.pkl
Run 25643: after NaN drop: 19088 events
Run 25643: after Δt cut: 9212 events
Run 25643: after total_pe cut: 9212 events
Run 25643: after time-std < 40.0 ns cut: 9212 events
Correlation map saved to /raid1/genli/Data_D2O/M1_data/BRN/analysis_25306-26233_M1_20251030-013056/subjob_25629-25647/run25643_20250914-21/cuthist/Run_25643_M1_correlation_map.png
--- Processing run 25644 ---
Low-light fits saved to /raid1/genli/Data_D2O/M1_data/BRN/analysis_25306-26233_M1_20251030-013056/subjob_25629-25647/run25644_20250914-22/lowlight/Run25644_M1_low_light_fits.png
Low-light fit data saved to /raid1/genli/Data_D2O/M1_data/BRN/analysis_25306-26233_M1_20251030-013056/subjob_25629-25647/run25644_20250914-22/lowlight/Run25644_M1_low_light_fits.pkl
Veto efficiency plot saved to /raid1/genli/Data_D2O/M1_data/BRN/analysis_25306-26233_M1_20251030-013056/subjob_25629-25647/run25644_20250914-22/histograms/25644_M1_veto_efficiency.png
Veto efficiency data saved to /raid1/genli/Data_D2O/M1_data/BRN/analysis_25306-26233_M1_20251030-013056/subjob_25629-25647/run25644_20250914-22/histograms/25644_M1_veto_efficiency.pkl
Run 25644: after NaN drop: 18769 events
Run 25644: after Δt cut: 9093 events
Run 25644: after total_pe cut: 9092 events
Run 25644: after time-std < 40.0 ns cut: 9092 events
Correlation map saved to /raid1/genli/Data_D2O/M1_data/BRN/analysis_25306-26233_M1_20251030-013056/subjob_25629-25647/run25644_20250914-22/cuthist/Run_25644_M1_correlation_map.png
--- Processing run 25645 ---
Low-light fits saved to /raid1/genli/Data_D2O/M1_data/BRN/analysis_25306-26233_M1_20251030-013056/subjob_25629-25647/run25645_20250914-23/lowlight/Run25645_M1_low_light_fits.png
Low-light fit data saved to /raid1/genli/Data_D2O/M1_data/BRN/analysis_25306-26233_M1_20251030-013056/subjob_25629-25647/run25645_20250914-23/lowlight/Run25645_M1_low_light_fits.pkl
Veto efficiency plot saved to /raid1/genli/Data_D2O/M1_data/BRN/analysis_25306-26233_M1_20251030-013056/subjob_25629-25647/run25645_20250914-23/histograms/25645_M1_veto_efficiency.png
Veto efficiency data saved to /raid1/genli/Data_D2O/M1_data/BRN/analysis_25306-26233_M1_20251030-013056/subjob_25629-25647/run25645_20250914-23/histograms/25645_M1_veto_efficiency.pkl
Run 25645: after NaN drop: 19103 events
Run 25645: after Δt cut: 9102 events
Run 25645: after total_pe cut: 9102 events
Run 25645: after time-std < 40.0 ns cut: 9102 events
Correlation map saved to /raid1/genli/Data_D2O/M1_data/BRN/analysis_25306-26233_M1_20251030-013056/subjob_25629-25647/run25645_20250914-23/cuthist/Run_25645_M1_correlation_map.png
--- Processing run 25646 ---
Low-light fits saved to /raid1/genli/Data_D2O/M1_data/BRN/analysis_25306-26233_M1_20251030-013056/subjob_25629-25647/run25646_20250915-00/lowlight/Run25646_M1_low_light_fits.png
Low-light fit data saved to /raid1/genli/Data_D2O/M1_data/BRN/analysis_25306-26233_M1_20251030-013056/subjob_25629-25647/run25646_20250915-00/lowlight/Run25646_M1_low_light_fits.pkl
Veto efficiency plot saved to /raid1/genli/Data_D2O/M1_data/BRN/analysis_25306-26233_M1_20251030-013056/subjob_25629-25647/run25646_20250915-00/histograms/25646_M1_veto_efficiency.png
Veto efficiency data saved to /raid1/genli/Data_D2O/M1_data/BRN/analysis_25306-26233_M1_20251030-013056/subjob_25629-25647/run25646_20250915-00/histograms/25646_M1_veto_efficiency.pkl
Run 25646: after NaN drop: 19159 events
Run 25646: after Δt cut: 9194 events
Run 25646: after total_pe cut: 9193 events
Run 25646: after time-std < 40.0 ns cut: 9193 events
Correlation map saved to /raid1/genli/Data_D2O/M1_data/BRN/analysis_25306-26233_M1_20251030-013056/subjob_25629-25647/run25646_20250915-00/cuthist/Run_25646_M1_correlation_map.png
--- Processing run 25647 ---
Low-light fits saved to /raid1/genli/Data_D2O/M1_data/BRN/analysis_25306-26233_M1_20251030-013056/subjob_25629-25647/run25647_20250915-01/lowlight/Run25647_M1_low_light_fits.png
Low-light fit data saved to /raid1/genli/Data_D2O/M1_data/BRN/analysis_25306-26233_M1_20251030-013056/subjob_25629-25647/run25647_20250915-01/lowlight/Run25647_M1_low_light_fits.pkl
Veto efficiency plot saved to /raid1/genli/Data_D2O/M1_data/BRN/analysis_25306-26233_M1_20251030-013056/subjob_25629-25647/run25647_20250915-01/histograms/25647_M1_veto_efficiency.png
Veto efficiency data saved to /raid1/genli/Data_D2O/M1_data/BRN/analysis_25306-26233_M1_20251030-013056/subjob_25629-25647/run25647_20250915-01/histograms/25647_M1_veto_efficiency.pkl
Run 25647: after NaN drop: 18679 events
Run 25647: after Δt cut: 9077 events
Run 25647: after total_pe cut: 9075 events
Run 25647: after time-std < 40.0 ns cut: 9075 events
Correlation map saved to /raid1/genli/Data_D2O/M1_data/BRN/analysis_25306-26233_M1_20251030-013056/subjob_25629-25647/run25647_20250915-01/cuthist/Run_25647_M1_correlation_map.png
Saving aggregated data for sub-job 25629-25647...
Successfully saved data for master aggregation.
--- Sub-job Analysis Complete ---
