/home/genli/.local/lib/python3.9/site-packages/numpy/lib/nanfunctions.py:1878: RuntimeWarning: Degrees of freedom <= 0 for slice.
  var = nanvar(a, axis=axis, dtype=dtype, out=out, ddof=ddof,
/usr/local/lib64/python3.9/site-packages/scipy/stats/_stats_py.py:4424: ConstantInputWarning: An input array is constant; the correlation coefficient is not defined.
  warnings.warn(stats.ConstantInputWarning(msg))
/usr/local/lib64/python3.9/site-packages/scipy/stats/_stats_py.py:4424: ConstantInputWarning: An input array is constant; the correlation coefficient is not defined.
  warnings.warn(stats.ConstantInputWarning(msg))
/usr/local/lib64/python3.9/site-packages/scipy/stats/_stats_py.py:4424: ConstantInputWarning: An input array is constant; the correlation coefficient is not defined.
  warnings.warn(stats.ConstantInputWarning(msg))
/usr/local/lib64/python3.9/site-packages/scipy/stats/_stats_py.py:4424: ConstantInputWarning: An input array is constant; the correlation coefficient is not defined.
  warnings.warn(stats.ConstantInputWarning(msg))
/home/genli/.local/lib/python3.9/site-packages/numpy/lib/nanfunctions.py:1878: RuntimeWarning: Degrees of freedom <= 0 for slice.
  var = nanvar(a, axis=axis, dtype=dtype, out=out, ddof=ddof,
/usr/local/lib64/python3.9/site-packages/scipy/stats/_stats_py.py:4424: ConstantInputWarning: An input array is constant; the correlation coefficient is not defined.
  warnings.warn(stats.ConstantInputWarning(msg))
/usr/local/lib64/python3.9/site-packages/scipy/stats/_stats_py.py:4424: ConstantInputWarning: An input array is constant; the correlation coefficient is not defined.
  warnings.warn(stats.ConstantInputWarning(msg))
/usr/local/lib64/python3.9/site-packages/scipy/stats/_stats_py.py:4424: ConstantInputWarning: An input array is constant; the correlation coefficient is not defined.
  warnings.warn(stats.ConstantInputWarning(msg))
/usr/local/lib64/python3.9/site-packages/scipy/stats/_stats_py.py:4424: ConstantInputWarning: An input array is constant; the correlation coefficient is not defined.
  warnings.warn(stats.ConstantInputWarning(msg))
/home/genli/.local/lib/python3.9/site-packages/numpy/lib/nanfunctions.py:1878: RuntimeWarning: Degrees of freedom <= 0 for slice.
  var = nanvar(a, axis=axis, dtype=dtype, out=out, ddof=ddof,
/usr/local/lib64/python3.9/site-packages/scipy/stats/_stats_py.py:4424: ConstantInputWarning: An input array is constant; the correlation coefficient is not defined.
  warnings.warn(stats.ConstantInputWarning(msg))
/usr/local/lib64/python3.9/site-packages/scipy/stats/_stats_py.py:4424: ConstantInputWarning: An input array is constant; the correlation coefficient is not defined.
  warnings.warn(stats.ConstantInputWarning(msg))
/usr/local/lib64/python3.9/site-packages/scipy/stats/_stats_py.py:4424: ConstantInputWarning: An input array is constant; the correlation coefficient is not defined.
  warnings.warn(stats.ConstantInputWarning(msg))
/usr/local/lib64/python3.9/site-packages/scipy/stats/_stats_py.py:4424: ConstantInputWarning: An input array is constant; the correlation coefficient is not defined.
  warnings.warn(stats.ConstantInputWarning(msg))
=== Configuration ===
Analysis type: M1
Runs: 15007 to 15009
Output Directory for this job: /raid1/genli/Data_D2O/M1_data/analysis_14977-15096_M1_20251202-213748/subjob_15007-15009
Δt cut: (2197, 10985) ns
Photoelectron cut: (0, 1000) P.E.
Time-std cut: < 40.0 ns
======================
--- Processing run 15007 ---
Length of time: 3597971572000.0 ns
Length of time: 59.96619286666667 minutes
Low-light fits saved to /raid1/genli/Data_D2O/M1_data/analysis_14977-15096_M1_20251202-213748/subjob_15007-15009/run15007_20240602-05/lowlight/Run15007_M1_low_light_fits.png
Low-light fit data saved to /raid1/genli/Data_D2O/M1_data/analysis_14977-15096_M1_20251202-213748/subjob_15007-15009/run15007_20240602-05/lowlight/Run15007_M1_low_light_fits.pkl
Applying 2000 ns time interval cut...
Time interval cut: Kept 2333798 / 2355250 events
Veto efficiency plot saved to /raid1/genli/Data_D2O/M1_data/analysis_14977-15096_M1_20251202-213748/subjob_15007-15009/run15007_20240602-05/histograms/15007_M1_veto_efficiency.png
Veto efficiency data saved to /raid1/genli/Data_D2O/M1_data/analysis_14977-15096_M1_20251202-213748/subjob_15007-15009/run15007_20240602-05/histograms/15007_M1_veto_efficiency.pkl
Run 15007: after NaN drop: 7414 events
Run 15007: after Δt cut: 4954 events
Run 15007: after total_pe cut: 4953 events
Run 15007: after time-std < 40.0 ns cut: 4953 events
Correlation map saved to /raid1/genli/Data_D2O/M1_data/analysis_14977-15096_M1_20251202-213748/subjob_15007-15009/run15007_20240602-05/cuthist/Run_15007_M1_correlation_map.png
--- Processing run 15008 ---
Length of time: 3597972749984.0 ns
Length of time: 59.96621249973334 minutes
Low-light fits saved to /raid1/genli/Data_D2O/M1_data/analysis_14977-15096_M1_20251202-213748/subjob_15007-15009/run15008_20240602-06/lowlight/Run15008_M1_low_light_fits.png
Low-light fit data saved to /raid1/genli/Data_D2O/M1_data/analysis_14977-15096_M1_20251202-213748/subjob_15007-15009/run15008_20240602-06/lowlight/Run15008_M1_low_light_fits.pkl
Applying 2000 ns time interval cut...
Time interval cut: Kept 2375386 / 2396669 events
Veto efficiency plot saved to /raid1/genli/Data_D2O/M1_data/analysis_14977-15096_M1_20251202-213748/subjob_15007-15009/run15008_20240602-06/histograms/15008_M1_veto_efficiency.png
Veto efficiency data saved to /raid1/genli/Data_D2O/M1_data/analysis_14977-15096_M1_20251202-213748/subjob_15007-15009/run15008_20240602-06/histograms/15008_M1_veto_efficiency.pkl
Run 15008: after NaN drop: 7472 events
Run 15008: after Δt cut: 4986 events
Run 15008: after total_pe cut: 4977 events
Run 15008: after time-std < 40.0 ns cut: 4977 events
Correlation map saved to /raid1/genli/Data_D2O/M1_data/analysis_14977-15096_M1_20251202-213748/subjob_15007-15009/run15008_20240602-06/cuthist/Run_15008_M1_correlation_map.png
--- Processing run 15009 ---
Length of time: 3597973122192.0 ns
Length of time: 59.9662187032 minutes
Low-light fits saved to /raid1/genli/Data_D2O/M1_data/analysis_14977-15096_M1_20251202-213748/subjob_15007-15009/run15009_20240602-07/lowlight/Run15009_M1_low_light_fits.png
Low-light fit data saved to /raid1/genli/Data_D2O/M1_data/analysis_14977-15096_M1_20251202-213748/subjob_15007-15009/run15009_20240602-07/lowlight/Run15009_M1_low_light_fits.pkl
Applying 2000 ns time interval cut...
Time interval cut: Kept 2375081 / 2396541 events
Veto efficiency plot saved to /raid1/genli/Data_D2O/M1_data/analysis_14977-15096_M1_20251202-213748/subjob_15007-15009/run15009_20240602-07/histograms/15009_M1_veto_efficiency.png
Veto efficiency data saved to /raid1/genli/Data_D2O/M1_data/analysis_14977-15096_M1_20251202-213748/subjob_15007-15009/run15009_20240602-07/histograms/15009_M1_veto_efficiency.pkl
Run 15009: after NaN drop: 7448 events
Run 15009: after Δt cut: 4976 events
Run 15009: after total_pe cut: 4968 events
Run 15009: after time-std < 40.0 ns cut: 4968 events
Correlation map saved to /raid1/genli/Data_D2O/M1_data/analysis_14977-15096_M1_20251202-213748/subjob_15007-15009/run15009_20240602-07/cuthist/Run_15009_M1_correlation_map.png
Saving aggregated data for sub-job 15007-15009...
Sub-job time length saved to /raid1/genli/Data_D2O/M1_data/analysis_14977-15096_M1_20251202-213748/subjob_15007-15009/subjob_time_length.json
Successfully saved data for master aggregation.
--- Sub-job Analysis Complete ---
