/home/genli/.local/lib/python3.9/site-packages/numpy/lib/nanfunctions.py:1878: RuntimeWarning: Degrees of freedom <= 0 for slice.
  var = nanvar(a, axis=axis, dtype=dtype, out=out, ddof=ddof,
/home/genli/D2O_analysis/Codes/Read_Cut_Hist_D2O_multi_veto.py:411: UserWarning: Data has no positive values, and therefore cannot be log-scaled.
  ax.set_yscale('log')
/home/genli/.local/lib/python3.9/site-packages/numpy/lib/nanfunctions.py:1878: RuntimeWarning: Degrees of freedom <= 0 for slice.
  var = nanvar(a, axis=axis, dtype=dtype, out=out, ddof=ddof,
/home/genli/.local/lib/python3.9/site-packages/numpy/lib/nanfunctions.py:1878: RuntimeWarning: Degrees of freedom <= 0 for slice.
  var = nanvar(a, axis=axis, dtype=dtype, out=out, ddof=ddof,
/home/genli/.local/lib/python3.9/site-packages/numpy/lib/nanfunctions.py:1878: RuntimeWarning: Degrees of freedom <= 0 for slice.
  var = nanvar(a, axis=axis, dtype=dtype, out=out, ddof=ddof,
/home/genli/.local/lib/python3.9/site-packages/numpy/lib/nanfunctions.py:1878: RuntimeWarning: Degrees of freedom <= 0 for slice.
  var = nanvar(a, axis=axis, dtype=dtype, out=out, ddof=ddof,
/home/genli/.local/lib/python3.9/site-packages/numpy/lib/nanfunctions.py:1878: RuntimeWarning: Degrees of freedom <= 0 for slice.
  var = nanvar(a, axis=axis, dtype=dtype, out=out, ddof=ddof,
/home/genli/D2O_analysis/Codes/Read_Cut_Hist_D2O_multi_veto.py:411: UserWarning: Data has no positive values, and therefore cannot be log-scaled.
  ax.set_yscale('log')
/home/genli/.local/lib/python3.9/site-packages/numpy/lib/nanfunctions.py:1878: RuntimeWarning: Degrees of freedom <= 0 for slice.
  var = nanvar(a, axis=axis, dtype=dtype, out=out, ddof=ddof,
/home/genli/.local/lib/python3.9/site-packages/numpy/lib/nanfunctions.py:1878: RuntimeWarning: Degrees of freedom <= 0 for slice.
  var = nanvar(a, axis=axis, dtype=dtype, out=out, ddof=ddof,
/home/genli/.local/lib/python3.9/site-packages/numpy/lib/nanfunctions.py:1878: RuntimeWarning: Degrees of freedom <= 0 for slice.
  var = nanvar(a, axis=axis, dtype=dtype, out=out, ddof=ddof,
/home/genli/D2O_analysis/Codes/Read_Cut_Hist_D2O_multi_veto.py:411: UserWarning: Data has no positive values, and therefore cannot be log-scaled.
  ax.set_yscale('log')
/home/genli/.local/lib/python3.9/site-packages/numpy/lib/nanfunctions.py:1878: RuntimeWarning: Degrees of freedom <= 0 for slice.
  var = nanvar(a, axis=axis, dtype=dtype, out=out, ddof=ddof,
/home/genli/.local/lib/python3.9/site-packages/numpy/lib/nanfunctions.py:1878: RuntimeWarning: Degrees of freedom <= 0 for slice.
  var = nanvar(a, axis=axis, dtype=dtype, out=out, ddof=ddof,
/home/genli/.local/lib/python3.9/site-packages/numpy/lib/nanfunctions.py:1878: RuntimeWarning: Degrees of freedom <= 0 for slice.
  var = nanvar(a, axis=axis, dtype=dtype, out=out, ddof=ddof,
/home/genli/D2O_analysis/Codes/Read_Cut_Hist_D2O_multi_veto.py:411: UserWarning: Data has no positive values, and therefore cannot be log-scaled.
  ax.set_yscale('log')
/home/genli/.local/lib/python3.9/site-packages/numpy/lib/nanfunctions.py:1878: RuntimeWarning: Degrees of freedom <= 0 for slice.
  var = nanvar(a, axis=axis, dtype=dtype, out=out, ddof=ddof,
/home/genli/.local/lib/python3.9/site-packages/numpy/lib/nanfunctions.py:1878: RuntimeWarning: Degrees of freedom <= 0 for slice.
  var = nanvar(a, axis=axis, dtype=dtype, out=out, ddof=ddof,
/home/genli/.local/lib/python3.9/site-packages/numpy/lib/nanfunctions.py:1878: RuntimeWarning: Degrees of freedom <= 0 for slice.
  var = nanvar(a, axis=axis, dtype=dtype, out=out, ddof=ddof,
/home/genli/.local/lib/python3.9/site-packages/numpy/lib/nanfunctions.py:1878: RuntimeWarning: Degrees of freedom <= 0 for slice.
  var = nanvar(a, axis=axis, dtype=dtype, out=out, ddof=ddof,
/home/genli/D2O_analysis/Codes/Read_Cut_Hist_D2O_multi_veto.py:411: UserWarning: Data has no positive values, and therefore cannot be log-scaled.
  ax.set_yscale('log')
/home/genli/.local/lib/python3.9/site-packages/numpy/lib/nanfunctions.py:1878: RuntimeWarning: Degrees of freedom <= 0 for slice.
  var = nanvar(a, axis=axis, dtype=dtype, out=out, ddof=ddof,
/home/genli/.local/lib/python3.9/site-packages/numpy/lib/nanfunctions.py:1878: RuntimeWarning: Degrees of freedom <= 0 for slice.
  var = nanvar(a, axis=axis, dtype=dtype, out=out, ddof=ddof,
/home/genli/D2O_analysis/Codes/Read_Cut_Hist_D2O_multi_veto.py:411: UserWarning: Data has no positive values, and therefore cannot be log-scaled.
  ax.set_yscale('log')
/home/genli/.local/lib/python3.9/site-packages/numpy/lib/nanfunctions.py:1878: RuntimeWarning: Degrees of freedom <= 0 for slice.
  var = nanvar(a, axis=axis, dtype=dtype, out=out, ddof=ddof,
=== Configuration ===
Analysis type: M1
Runs: 25439 to 25457
Output Directory for this job: /raid1/genli/Data_D2O/M1_data/BRN/analysis_25306-26233_M1_20251030-013056/subjob_25439-25457
Δt cut: (960, 10560) ns
Photoelectron cut: (0, 2000) P.E.
Time-std cut: < 40.0 ns
======================
--- Processing run 25439 ---
Low-light fits saved to /raid1/genli/Data_D2O/M1_data/BRN/analysis_25306-26233_M1_20251030-013056/subjob_25439-25457/run25439_20250906-09/lowlight/Run25439_M1_low_light_fits.png
Low-light fit data saved to /raid1/genli/Data_D2O/M1_data/BRN/analysis_25306-26233_M1_20251030-013056/subjob_25439-25457/run25439_20250906-09/lowlight/Run25439_M1_low_light_fits.pkl
Veto efficiency plot saved to /raid1/genli/Data_D2O/M1_data/BRN/analysis_25306-26233_M1_20251030-013056/subjob_25439-25457/run25439_20250906-09/histograms/25439_M1_veto_efficiency.png
Veto efficiency data saved to /raid1/genli/Data_D2O/M1_data/BRN/analysis_25306-26233_M1_20251030-013056/subjob_25439-25457/run25439_20250906-09/histograms/25439_M1_veto_efficiency.pkl
Run 25439: after NaN drop: 18899 events
Run 25439: after Δt cut: 8972 events
Run 25439: after total_pe cut: 8969 events
Run 25439: after time-std < 40.0 ns cut: 8969 events
Correlation map saved to /raid1/genli/Data_D2O/M1_data/BRN/analysis_25306-26233_M1_20251030-013056/subjob_25439-25457/run25439_20250906-09/cuthist/Run_25439_M1_correlation_map.png
--- Processing run 25440 ---
Low-light fits saved to /raid1/genli/Data_D2O/M1_data/BRN/analysis_25306-26233_M1_20251030-013056/subjob_25439-25457/run25440_20250906-10/lowlight/Run25440_M1_low_light_fits.png
Low-light fit data saved to /raid1/genli/Data_D2O/M1_data/BRN/analysis_25306-26233_M1_20251030-013056/subjob_25439-25457/run25440_20250906-10/lowlight/Run25440_M1_low_light_fits.pkl
Veto efficiency plot saved to /raid1/genli/Data_D2O/M1_data/BRN/analysis_25306-26233_M1_20251030-013056/subjob_25439-25457/run25440_20250906-10/histograms/25440_M1_veto_efficiency.png
Veto efficiency data saved to /raid1/genli/Data_D2O/M1_data/BRN/analysis_25306-26233_M1_20251030-013056/subjob_25439-25457/run25440_20250906-10/histograms/25440_M1_veto_efficiency.pkl
Run 25440: after NaN drop: 18554 events
Run 25440: after Δt cut: 8859 events
Run 25440: after total_pe cut: 8859 events
Run 25440: after time-std < 40.0 ns cut: 8859 events
Correlation map saved to /raid1/genli/Data_D2O/M1_data/BRN/analysis_25306-26233_M1_20251030-013056/subjob_25439-25457/run25440_20250906-10/cuthist/Run_25440_M1_correlation_map.png
--- Processing run 25441 ---
Low-light fits saved to /raid1/genli/Data_D2O/M1_data/BRN/analysis_25306-26233_M1_20251030-013056/subjob_25439-25457/run25441_20250906-11/lowlight/Run25441_M1_low_light_fits.png
Low-light fit data saved to /raid1/genli/Data_D2O/M1_data/BRN/analysis_25306-26233_M1_20251030-013056/subjob_25439-25457/run25441_20250906-11/lowlight/Run25441_M1_low_light_fits.pkl
Veto efficiency plot saved to /raid1/genli/Data_D2O/M1_data/BRN/analysis_25306-26233_M1_20251030-013056/subjob_25439-25457/run25441_20250906-11/histograms/25441_M1_veto_efficiency.png
Veto efficiency data saved to /raid1/genli/Data_D2O/M1_data/BRN/analysis_25306-26233_M1_20251030-013056/subjob_25439-25457/run25441_20250906-11/histograms/25441_M1_veto_efficiency.pkl
Run 25441: after NaN drop: 18816 events
Run 25441: after Δt cut: 9018 events
Run 25441: after total_pe cut: 9018 events
Run 25441: after time-std < 40.0 ns cut: 9018 events
Correlation map saved to /raid1/genli/Data_D2O/M1_data/BRN/analysis_25306-26233_M1_20251030-013056/subjob_25439-25457/run25441_20250906-11/cuthist/Run_25441_M1_correlation_map.png
--- Processing run 25442 ---
Low-light fits saved to /raid1/genli/Data_D2O/M1_data/BRN/analysis_25306-26233_M1_20251030-013056/subjob_25439-25457/run25442_20250906-12/lowlight/Run25442_M1_low_light_fits.png
Low-light fit data saved to /raid1/genli/Data_D2O/M1_data/BRN/analysis_25306-26233_M1_20251030-013056/subjob_25439-25457/run25442_20250906-12/lowlight/Run25442_M1_low_light_fits.pkl
Veto efficiency plot saved to /raid1/genli/Data_D2O/M1_data/BRN/analysis_25306-26233_M1_20251030-013056/subjob_25439-25457/run25442_20250906-12/histograms/25442_M1_veto_efficiency.png
Veto efficiency data saved to /raid1/genli/Data_D2O/M1_data/BRN/analysis_25306-26233_M1_20251030-013056/subjob_25439-25457/run25442_20250906-12/histograms/25442_M1_veto_efficiency.pkl
Run 25442: after NaN drop: 18754 events
Run 25442: after Δt cut: 8970 events
Run 25442: after total_pe cut: 8970 events
Run 25442: after time-std < 40.0 ns cut: 8970 events
Correlation map saved to /raid1/genli/Data_D2O/M1_data/BRN/analysis_25306-26233_M1_20251030-013056/subjob_25439-25457/run25442_20250906-12/cuthist/Run_25442_M1_correlation_map.png
--- Processing run 25443 ---
Low-light fits saved to /raid1/genli/Data_D2O/M1_data/BRN/analysis_25306-26233_M1_20251030-013056/subjob_25439-25457/run25443_20250906-13/lowlight/Run25443_M1_low_light_fits.png
Low-light fit data saved to /raid1/genli/Data_D2O/M1_data/BRN/analysis_25306-26233_M1_20251030-013056/subjob_25439-25457/run25443_20250906-13/lowlight/Run25443_M1_low_light_fits.pkl
Veto efficiency plot saved to /raid1/genli/Data_D2O/M1_data/BRN/analysis_25306-26233_M1_20251030-013056/subjob_25439-25457/run25443_20250906-13/histograms/25443_M1_veto_efficiency.png
Veto efficiency data saved to /raid1/genli/Data_D2O/M1_data/BRN/analysis_25306-26233_M1_20251030-013056/subjob_25439-25457/run25443_20250906-13/histograms/25443_M1_veto_efficiency.pkl
Run 25443: after NaN drop: 18835 events
Run 25443: after Δt cut: 8922 events
Run 25443: after total_pe cut: 8921 events
Run 25443: after time-std < 40.0 ns cut: 8921 events
Correlation map saved to /raid1/genli/Data_D2O/M1_data/BRN/analysis_25306-26233_M1_20251030-013056/subjob_25439-25457/run25443_20250906-13/cuthist/Run_25443_M1_correlation_map.png
--- Processing run 25444 ---
Low-light fits saved to /raid1/genli/Data_D2O/M1_data/BRN/analysis_25306-26233_M1_20251030-013056/subjob_25439-25457/run25444_20250906-14/lowlight/Run25444_M1_low_light_fits.png
Low-light fit data saved to /raid1/genli/Data_D2O/M1_data/BRN/analysis_25306-26233_M1_20251030-013056/subjob_25439-25457/run25444_20250906-14/lowlight/Run25444_M1_low_light_fits.pkl
Veto efficiency plot saved to /raid1/genli/Data_D2O/M1_data/BRN/analysis_25306-26233_M1_20251030-013056/subjob_25439-25457/run25444_20250906-14/histograms/25444_M1_veto_efficiency.png
Veto efficiency data saved to /raid1/genli/Data_D2O/M1_data/BRN/analysis_25306-26233_M1_20251030-013056/subjob_25439-25457/run25444_20250906-14/histograms/25444_M1_veto_efficiency.pkl
Run 25444: after NaN drop: 18711 events
Run 25444: after Δt cut: 8937 events
Run 25444: after total_pe cut: 8937 events
Run 25444: after time-std < 40.0 ns cut: 8937 events
Correlation map saved to /raid1/genli/Data_D2O/M1_data/BRN/analysis_25306-26233_M1_20251030-013056/subjob_25439-25457/run25444_20250906-14/cuthist/Run_25444_M1_correlation_map.png
--- Processing run 25445 ---
Low-light fits saved to /raid1/genli/Data_D2O/M1_data/BRN/analysis_25306-26233_M1_20251030-013056/subjob_25439-25457/run25445_20250906-15/lowlight/Run25445_M1_low_light_fits.png
Low-light fit data saved to /raid1/genli/Data_D2O/M1_data/BRN/analysis_25306-26233_M1_20251030-013056/subjob_25439-25457/run25445_20250906-15/lowlight/Run25445_M1_low_light_fits.pkl
Veto efficiency plot saved to /raid1/genli/Data_D2O/M1_data/BRN/analysis_25306-26233_M1_20251030-013056/subjob_25439-25457/run25445_20250906-15/histograms/25445_M1_veto_efficiency.png
Veto efficiency data saved to /raid1/genli/Data_D2O/M1_data/BRN/analysis_25306-26233_M1_20251030-013056/subjob_25439-25457/run25445_20250906-15/histograms/25445_M1_veto_efficiency.pkl
Run 25445: after NaN drop: 18793 events
Run 25445: after Δt cut: 8927 events
Run 25445: after total_pe cut: 8926 events
Run 25445: after time-std < 40.0 ns cut: 8926 events
Correlation map saved to /raid1/genli/Data_D2O/M1_data/BRN/analysis_25306-26233_M1_20251030-013056/subjob_25439-25457/run25445_20250906-15/cuthist/Run_25445_M1_correlation_map.png
--- Processing run 25446 ---
Low-light fits saved to /raid1/genli/Data_D2O/M1_data/BRN/analysis_25306-26233_M1_20251030-013056/subjob_25439-25457/run25446_20250906-16/lowlight/Run25446_M1_low_light_fits.png
Low-light fit data saved to /raid1/genli/Data_D2O/M1_data/BRN/analysis_25306-26233_M1_20251030-013056/subjob_25439-25457/run25446_20250906-16/lowlight/Run25446_M1_low_light_fits.pkl
Veto efficiency plot saved to /raid1/genli/Data_D2O/M1_data/BRN/analysis_25306-26233_M1_20251030-013056/subjob_25439-25457/run25446_20250906-16/histograms/25446_M1_veto_efficiency.png
Veto efficiency data saved to /raid1/genli/Data_D2O/M1_data/BRN/analysis_25306-26233_M1_20251030-013056/subjob_25439-25457/run25446_20250906-16/histograms/25446_M1_veto_efficiency.pkl
Run 25446: after NaN drop: 19106 events
Run 25446: after Δt cut: 9166 events
Run 25446: after total_pe cut: 9165 events
Run 25446: after time-std < 40.0 ns cut: 9165 events
Correlation map saved to /raid1/genli/Data_D2O/M1_data/BRN/analysis_25306-26233_M1_20251030-013056/subjob_25439-25457/run25446_20250906-16/cuthist/Run_25446_M1_correlation_map.png
--- Processing run 25447 ---
Low-light fits saved to /raid1/genli/Data_D2O/M1_data/BRN/analysis_25306-26233_M1_20251030-013056/subjob_25439-25457/run25447_20250906-17/lowlight/Run25447_M1_low_light_fits.png
Low-light fit data saved to /raid1/genli/Data_D2O/M1_data/BRN/analysis_25306-26233_M1_20251030-013056/subjob_25439-25457/run25447_20250906-17/lowlight/Run25447_M1_low_light_fits.pkl
Veto efficiency plot saved to /raid1/genli/Data_D2O/M1_data/BRN/analysis_25306-26233_M1_20251030-013056/subjob_25439-25457/run25447_20250906-17/histograms/25447_M1_veto_efficiency.png
Veto efficiency data saved to /raid1/genli/Data_D2O/M1_data/BRN/analysis_25306-26233_M1_20251030-013056/subjob_25439-25457/run25447_20250906-17/histograms/25447_M1_veto_efficiency.pkl
Run 25447: after NaN drop: 18978 events
Run 25447: after Δt cut: 9189 events
Run 25447: after total_pe cut: 9187 events
Run 25447: after time-std < 40.0 ns cut: 9187 events
Correlation map saved to /raid1/genli/Data_D2O/M1_data/BRN/analysis_25306-26233_M1_20251030-013056/subjob_25439-25457/run25447_20250906-17/cuthist/Run_25447_M1_correlation_map.png
--- Processing run 25448 ---
Low-light fits saved to /raid1/genli/Data_D2O/M1_data/BRN/analysis_25306-26233_M1_20251030-013056/subjob_25439-25457/run25448_20250906-18/lowlight/Run25448_M1_low_light_fits.png
Low-light fit data saved to /raid1/genli/Data_D2O/M1_data/BRN/analysis_25306-26233_M1_20251030-013056/subjob_25439-25457/run25448_20250906-18/lowlight/Run25448_M1_low_light_fits.pkl
Veto efficiency plot saved to /raid1/genli/Data_D2O/M1_data/BRN/analysis_25306-26233_M1_20251030-013056/subjob_25439-25457/run25448_20250906-18/histograms/25448_M1_veto_efficiency.png
Veto efficiency data saved to /raid1/genli/Data_D2O/M1_data/BRN/analysis_25306-26233_M1_20251030-013056/subjob_25439-25457/run25448_20250906-18/histograms/25448_M1_veto_efficiency.pkl
Run 25448: after NaN drop: 18927 events
Run 25448: after Δt cut: 9060 events
Run 25448: after total_pe cut: 9058 events
Run 25448: after time-std < 40.0 ns cut: 9058 events
Correlation map saved to /raid1/genli/Data_D2O/M1_data/BRN/analysis_25306-26233_M1_20251030-013056/subjob_25439-25457/run25448_20250906-18/cuthist/Run_25448_M1_correlation_map.png
--- Processing run 25449 ---
Low-light fits saved to /raid1/genli/Data_D2O/M1_data/BRN/analysis_25306-26233_M1_20251030-013056/subjob_25439-25457/run25449_20250906-19/lowlight/Run25449_M1_low_light_fits.png
Low-light fit data saved to /raid1/genli/Data_D2O/M1_data/BRN/analysis_25306-26233_M1_20251030-013056/subjob_25439-25457/run25449_20250906-19/lowlight/Run25449_M1_low_light_fits.pkl
Veto efficiency plot saved to /raid1/genli/Data_D2O/M1_data/BRN/analysis_25306-26233_M1_20251030-013056/subjob_25439-25457/run25449_20250906-19/histograms/25449_M1_veto_efficiency.png
Veto efficiency data saved to /raid1/genli/Data_D2O/M1_data/BRN/analysis_25306-26233_M1_20251030-013056/subjob_25439-25457/run25449_20250906-19/histograms/25449_M1_veto_efficiency.pkl
Run 25449: after NaN drop: 18879 events
Run 25449: after Δt cut: 9039 events
Run 25449: after total_pe cut: 9038 events
Run 25449: after time-std < 40.0 ns cut: 9038 events
Correlation map saved to /raid1/genli/Data_D2O/M1_data/BRN/analysis_25306-26233_M1_20251030-013056/subjob_25439-25457/run25449_20250906-19/cuthist/Run_25449_M1_correlation_map.png
--- Processing run 25450 ---
Low-light fits saved to /raid1/genli/Data_D2O/M1_data/BRN/analysis_25306-26233_M1_20251030-013056/subjob_25439-25457/run25450_20250906-20/lowlight/Run25450_M1_low_light_fits.png
Low-light fit data saved to /raid1/genli/Data_D2O/M1_data/BRN/analysis_25306-26233_M1_20251030-013056/subjob_25439-25457/run25450_20250906-20/lowlight/Run25450_M1_low_light_fits.pkl
Veto efficiency plot saved to /raid1/genli/Data_D2O/M1_data/BRN/analysis_25306-26233_M1_20251030-013056/subjob_25439-25457/run25450_20250906-20/histograms/25450_M1_veto_efficiency.png
Veto efficiency data saved to /raid1/genli/Data_D2O/M1_data/BRN/analysis_25306-26233_M1_20251030-013056/subjob_25439-25457/run25450_20250906-20/histograms/25450_M1_veto_efficiency.pkl
Run 25450: after NaN drop: 18908 events
Run 25450: after Δt cut: 9027 events
Run 25450: after total_pe cut: 9027 events
Run 25450: after time-std < 40.0 ns cut: 9027 events
Correlation map saved to /raid1/genli/Data_D2O/M1_data/BRN/analysis_25306-26233_M1_20251030-013056/subjob_25439-25457/run25450_20250906-20/cuthist/Run_25450_M1_correlation_map.png
--- Processing run 25451 ---
Low-light fits saved to /raid1/genli/Data_D2O/M1_data/BRN/analysis_25306-26233_M1_20251030-013056/subjob_25439-25457/run25451_20250906-21/lowlight/Run25451_M1_low_light_fits.png
Low-light fit data saved to /raid1/genli/Data_D2O/M1_data/BRN/analysis_25306-26233_M1_20251030-013056/subjob_25439-25457/run25451_20250906-21/lowlight/Run25451_M1_low_light_fits.pkl
Veto efficiency plot saved to /raid1/genli/Data_D2O/M1_data/BRN/analysis_25306-26233_M1_20251030-013056/subjob_25439-25457/run25451_20250906-21/histograms/25451_M1_veto_efficiency.png
Veto efficiency data saved to /raid1/genli/Data_D2O/M1_data/BRN/analysis_25306-26233_M1_20251030-013056/subjob_25439-25457/run25451_20250906-21/histograms/25451_M1_veto_efficiency.pkl
Run 25451: after NaN drop: 18811 events
Run 25451: after Δt cut: 9020 events
Run 25451: after total_pe cut: 9020 events
Run 25451: after time-std < 40.0 ns cut: 9020 events
Correlation map saved to /raid1/genli/Data_D2O/M1_data/BRN/analysis_25306-26233_M1_20251030-013056/subjob_25439-25457/run25451_20250906-21/cuthist/Run_25451_M1_correlation_map.png
--- Processing run 25452 ---
Low-light fits saved to /raid1/genli/Data_D2O/M1_data/BRN/analysis_25306-26233_M1_20251030-013056/subjob_25439-25457/run25452_20250906-22/lowlight/Run25452_M1_low_light_fits.png
Low-light fit data saved to /raid1/genli/Data_D2O/M1_data/BRN/analysis_25306-26233_M1_20251030-013056/subjob_25439-25457/run25452_20250906-22/lowlight/Run25452_M1_low_light_fits.pkl
Veto efficiency plot saved to /raid1/genli/Data_D2O/M1_data/BRN/analysis_25306-26233_M1_20251030-013056/subjob_25439-25457/run25452_20250906-22/histograms/25452_M1_veto_efficiency.png
Veto efficiency data saved to /raid1/genli/Data_D2O/M1_data/BRN/analysis_25306-26233_M1_20251030-013056/subjob_25439-25457/run25452_20250906-22/histograms/25452_M1_veto_efficiency.pkl
Run 25452: after NaN drop: 18825 events
Run 25452: after Δt cut: 8938 events
Run 25452: after total_pe cut: 8934 events
Run 25452: after time-std < 40.0 ns cut: 8934 events
Correlation map saved to /raid1/genli/Data_D2O/M1_data/BRN/analysis_25306-26233_M1_20251030-013056/subjob_25439-25457/run25452_20250906-22/cuthist/Run_25452_M1_correlation_map.png
--- Processing run 25453 ---
Low-light fits saved to /raid1/genli/Data_D2O/M1_data/BRN/analysis_25306-26233_M1_20251030-013056/subjob_25439-25457/run25453_20250906-23/lowlight/Run25453_M1_low_light_fits.png
Low-light fit data saved to /raid1/genli/Data_D2O/M1_data/BRN/analysis_25306-26233_M1_20251030-013056/subjob_25439-25457/run25453_20250906-23/lowlight/Run25453_M1_low_light_fits.pkl
Veto efficiency plot saved to /raid1/genli/Data_D2O/M1_data/BRN/analysis_25306-26233_M1_20251030-013056/subjob_25439-25457/run25453_20250906-23/histograms/25453_M1_veto_efficiency.png
Veto efficiency data saved to /raid1/genli/Data_D2O/M1_data/BRN/analysis_25306-26233_M1_20251030-013056/subjob_25439-25457/run25453_20250906-23/histograms/25453_M1_veto_efficiency.pkl
Run 25453: after NaN drop: 18776 events
Run 25453: after Δt cut: 9030 events
Run 25453: after total_pe cut: 9029 events
Run 25453: after time-std < 40.0 ns cut: 9029 events
Correlation map saved to /raid1/genli/Data_D2O/M1_data/BRN/analysis_25306-26233_M1_20251030-013056/subjob_25439-25457/run25453_20250906-23/cuthist/Run_25453_M1_correlation_map.png
--- Processing run 25454 ---
Low-light fits saved to /raid1/genli/Data_D2O/M1_data/BRN/analysis_25306-26233_M1_20251030-013056/subjob_25439-25457/run25454_20250907-00/lowlight/Run25454_M1_low_light_fits.png
Low-light fit data saved to /raid1/genli/Data_D2O/M1_data/BRN/analysis_25306-26233_M1_20251030-013056/subjob_25439-25457/run25454_20250907-00/lowlight/Run25454_M1_low_light_fits.pkl
Veto efficiency plot saved to /raid1/genli/Data_D2O/M1_data/BRN/analysis_25306-26233_M1_20251030-013056/subjob_25439-25457/run25454_20250907-00/histograms/25454_M1_veto_efficiency.png
Veto efficiency data saved to /raid1/genli/Data_D2O/M1_data/BRN/analysis_25306-26233_M1_20251030-013056/subjob_25439-25457/run25454_20250907-00/histograms/25454_M1_veto_efficiency.pkl
Run 25454: after NaN drop: 18627 events
Run 25454: after Δt cut: 8864 events
Run 25454: after total_pe cut: 8862 events
Run 25454: after time-std < 40.0 ns cut: 8862 events
Correlation map saved to /raid1/genli/Data_D2O/M1_data/BRN/analysis_25306-26233_M1_20251030-013056/subjob_25439-25457/run25454_20250907-00/cuthist/Run_25454_M1_correlation_map.png
--- Processing run 25455 ---
Low-light fits saved to /raid1/genli/Data_D2O/M1_data/BRN/analysis_25306-26233_M1_20251030-013056/subjob_25439-25457/run25455_20250907-01/lowlight/Run25455_M1_low_light_fits.png
Low-light fit data saved to /raid1/genli/Data_D2O/M1_data/BRN/analysis_25306-26233_M1_20251030-013056/subjob_25439-25457/run25455_20250907-01/lowlight/Run25455_M1_low_light_fits.pkl
Veto efficiency plot saved to /raid1/genli/Data_D2O/M1_data/BRN/analysis_25306-26233_M1_20251030-013056/subjob_25439-25457/run25455_20250907-01/histograms/25455_M1_veto_efficiency.png
Veto efficiency data saved to /raid1/genli/Data_D2O/M1_data/BRN/analysis_25306-26233_M1_20251030-013056/subjob_25439-25457/run25455_20250907-01/histograms/25455_M1_veto_efficiency.pkl
Run 25455: after NaN drop: 18593 events
Run 25455: after Δt cut: 8743 events
Run 25455: after total_pe cut: 8743 events
Run 25455: after time-std < 40.0 ns cut: 8743 events
Correlation map saved to /raid1/genli/Data_D2O/M1_data/BRN/analysis_25306-26233_M1_20251030-013056/subjob_25439-25457/run25455_20250907-01/cuthist/Run_25455_M1_correlation_map.png
--- Processing run 25456 ---
Low-light fits saved to /raid1/genli/Data_D2O/M1_data/BRN/analysis_25306-26233_M1_20251030-013056/subjob_25439-25457/run25456_20250907-02/lowlight/Run25456_M1_low_light_fits.png
Low-light fit data saved to /raid1/genli/Data_D2O/M1_data/BRN/analysis_25306-26233_M1_20251030-013056/subjob_25439-25457/run25456_20250907-02/lowlight/Run25456_M1_low_light_fits.pkl
Veto efficiency plot saved to /raid1/genli/Data_D2O/M1_data/BRN/analysis_25306-26233_M1_20251030-013056/subjob_25439-25457/run25456_20250907-02/histograms/25456_M1_veto_efficiency.png
Veto efficiency data saved to /raid1/genli/Data_D2O/M1_data/BRN/analysis_25306-26233_M1_20251030-013056/subjob_25439-25457/run25456_20250907-02/histograms/25456_M1_veto_efficiency.pkl
Run 25456: after NaN drop: 18765 events
Run 25456: after Δt cut: 8879 events
Run 25456: after total_pe cut: 8878 events
Run 25456: after time-std < 40.0 ns cut: 8878 events
Correlation map saved to /raid1/genli/Data_D2O/M1_data/BRN/analysis_25306-26233_M1_20251030-013056/subjob_25439-25457/run25456_20250907-02/cuthist/Run_25456_M1_correlation_map.png
--- Processing run 25457 ---
Low-light fits saved to /raid1/genli/Data_D2O/M1_data/BRN/analysis_25306-26233_M1_20251030-013056/subjob_25439-25457/run25457_20250907-03/lowlight/Run25457_M1_low_light_fits.png
Low-light fit data saved to /raid1/genli/Data_D2O/M1_data/BRN/analysis_25306-26233_M1_20251030-013056/subjob_25439-25457/run25457_20250907-03/lowlight/Run25457_M1_low_light_fits.pkl
Veto efficiency plot saved to /raid1/genli/Data_D2O/M1_data/BRN/analysis_25306-26233_M1_20251030-013056/subjob_25439-25457/run25457_20250907-03/histograms/25457_M1_veto_efficiency.png
Veto efficiency data saved to /raid1/genli/Data_D2O/M1_data/BRN/analysis_25306-26233_M1_20251030-013056/subjob_25439-25457/run25457_20250907-03/histograms/25457_M1_veto_efficiency.pkl
Run 25457: after NaN drop: 18495 events
Run 25457: after Δt cut: 8765 events
Run 25457: after total_pe cut: 8763 events
Run 25457: after time-std < 40.0 ns cut: 8763 events
Correlation map saved to /raid1/genli/Data_D2O/M1_data/BRN/analysis_25306-26233_M1_20251030-013056/subjob_25439-25457/run25457_20250907-03/cuthist/Run_25457_M1_correlation_map.png
Saving aggregated data for sub-job 25439-25457...
Successfully saved data for master aggregation.
--- Sub-job Analysis Complete ---
