/home/genli/.local/lib/python3.9/site-packages/numpy/lib/nanfunctions.py:1878: RuntimeWarning: Degrees of freedom <= 0 for slice.
  var = nanvar(a, axis=axis, dtype=dtype, out=out, ddof=ddof,
/usr/local/lib64/python3.9/site-packages/scipy/stats/_stats_py.py:4424: ConstantInputWarning: An input array is constant; the correlation coefficient is not defined.
  warnings.warn(stats.ConstantInputWarning(msg))
/usr/local/lib64/python3.9/site-packages/scipy/stats/_stats_py.py:4424: ConstantInputWarning: An input array is constant; the correlation coefficient is not defined.
  warnings.warn(stats.ConstantInputWarning(msg))
/usr/local/lib64/python3.9/site-packages/scipy/stats/_stats_py.py:4424: ConstantInputWarning: An input array is constant; the correlation coefficient is not defined.
  warnings.warn(stats.ConstantInputWarning(msg))
/usr/local/lib64/python3.9/site-packages/scipy/stats/_stats_py.py:4424: ConstantInputWarning: An input array is constant; the correlation coefficient is not defined.
  warnings.warn(stats.ConstantInputWarning(msg))
/home/genli/.local/lib/python3.9/site-packages/numpy/lib/nanfunctions.py:1878: RuntimeWarning: Degrees of freedom <= 0 for slice.
  var = nanvar(a, axis=axis, dtype=dtype, out=out, ddof=ddof,
/usr/local/lib64/python3.9/site-packages/scipy/stats/_stats_py.py:4424: ConstantInputWarning: An input array is constant; the correlation coefficient is not defined.
  warnings.warn(stats.ConstantInputWarning(msg))
/usr/local/lib64/python3.9/site-packages/scipy/stats/_stats_py.py:4424: ConstantInputWarning: An input array is constant; the correlation coefficient is not defined.
  warnings.warn(stats.ConstantInputWarning(msg))
/usr/local/lib64/python3.9/site-packages/scipy/stats/_stats_py.py:4424: ConstantInputWarning: An input array is constant; the correlation coefficient is not defined.
  warnings.warn(stats.ConstantInputWarning(msg))
/usr/local/lib64/python3.9/site-packages/scipy/stats/_stats_py.py:4424: ConstantInputWarning: An input array is constant; the correlation coefficient is not defined.
  warnings.warn(stats.ConstantInputWarning(msg))
/home/genli/.local/lib/python3.9/site-packages/numpy/lib/nanfunctions.py:1878: RuntimeWarning: Degrees of freedom <= 0 for slice.
  var = nanvar(a, axis=axis, dtype=dtype, out=out, ddof=ddof,
Traceback (most recent call last):
  File "/home/genli/D2O_analysis/Codes/Read_Cut_Hist_D2O_multi_veto.py", line 1155, in main
    result_tuple = processor.process_run(
  File "/home/genli/D2O_analysis/Codes/Read_Cut_Hist_D2O_multi_veto.py", line 689, in process_run
    result = self._process_run_data(df_all, run, run_dir, hist_dir, cut_dir, ll_dir,
  File "/home/genli/D2O_analysis/Codes/Read_Cut_Hist_D2O_multi_veto.py", line 785, in _process_run_data
    cut_results, pe_trig2, pe_trig2_or_34 = self._apply_cuts_and_generate_plots(
  File "/home/genli/D2O_analysis/Codes/Read_Cut_Hist_D2O_multi_veto.py", line 933, in _apply_cuts_and_generate_plots
    self.plotter.plot_histogram(
  File "/home/genli/D2O_analysis/Codes/Read_Cut_Hist_D2O_multi_veto.py", line 497, in plot_histogram
    plt.savefig(img_path)
  File "/home/genli/.local/lib/python3.9/site-packages/matplotlib/pyplot.py", line 1023, in savefig
    res = fig.savefig(*args, **kwargs)
  File "/home/genli/.local/lib/python3.9/site-packages/matplotlib/figure.py", line 3378, in savefig
    self.canvas.print_figure(fname, **kwargs)
  File "/home/genli/.local/lib/python3.9/site-packages/matplotlib/backend_bases.py", line 2366, in print_figure
    result = print_method(
  File "/home/genli/.local/lib/python3.9/site-packages/matplotlib/backend_bases.py", line 2232, in <lambda>
    print_method = functools.wraps(meth)(lambda *args, **kwargs: meth(
  File "/home/genli/.local/lib/python3.9/site-packages/matplotlib/backends/backend_agg.py", line 509, in print_png
    self._print_pil(filename_or_obj, "png", pil_kwargs, metadata)
  File "/home/genli/.local/lib/python3.9/site-packages/matplotlib/backends/backend_agg.py", line 458, in _print_pil
    mpl.image.imsave(
  File "/home/genli/.local/lib/python3.9/site-packages/matplotlib/image.py", line 1689, in imsave
    image.save(fname, **pil_kwargs)
  File "/usr/local/lib64/python3.9/site-packages/PIL/Image.py", line 2429, in save
    fp = builtins.open(filename, "w+b")
FileNotFoundError: [Errno 2] No such file or directory: '/raid1/genli/Data_D2O/M1_data/analysis_14977-15096_M1_20251202-205527/subjob_15073-15075/run15075_20240605-01/histograms/15075_M1_total_pe_comparison.png'
Traceback (most recent call last):
  File "/home/genli/D2O_analysis/Codes/Read_Cut_Hist_D2O_multi_veto.py", line 1212, in main
    np.save(output_dir / 'aggregated_delta_t.npy', np.concatenate(aggregated['delta_t']))
  File "<__array_function__ internals>", line 180, in save
  File "/home/genli/.local/lib/python3.9/site-packages/numpy/lib/npyio.py", line 518, in save
    file_ctx = open(file, "wb")
FileNotFoundError: [Errno 2] No such file or directory: '/raid1/genli/Data_D2O/M1_data/analysis_14977-15096_M1_20251202-205527/subjob_15073-15075/aggregated_delta_t.npy'
=== Configuration ===
Analysis type: M1
Runs: 15073 to 15075
Output Directory for this job: /raid1/genli/Data_D2O/M1_data/analysis_14977-15096_M1_20251202-205527/subjob_15073-15075
Δt cut: (17576, 219700) ns
Photoelectron cut: (0, 1000) P.E.
Time-std cut: < 40.0 ns
======================
--- Processing run 15073 ---
Length of time: 3597972025312.0 ns
Length of time: 59.96620042186667 minutes
Low-light fits saved to /raid1/genli/Data_D2O/M1_data/analysis_14977-15096_M1_20251202-205527/subjob_15073-15075/run15073_20240604-23/lowlight/Run15073_M1_low_light_fits.png
Low-light fit data saved to /raid1/genli/Data_D2O/M1_data/analysis_14977-15096_M1_20251202-205527/subjob_15073-15075/run15073_20240604-23/lowlight/Run15073_M1_low_light_fits.pkl
Applying 2000 ns time interval cut...
Time interval cut: Kept 2394261 / 2415926 events
Veto efficiency plot saved to /raid1/genli/Data_D2O/M1_data/analysis_14977-15096_M1_20251202-205527/subjob_15073-15075/run15073_20240604-23/histograms/15073_M1_veto_efficiency.png
Veto efficiency data saved to /raid1/genli/Data_D2O/M1_data/analysis_14977-15096_M1_20251202-205527/subjob_15073-15075/run15073_20240604-23/histograms/15073_M1_veto_efficiency.pkl
Run 15073: after NaN drop: 7529 events
Run 15073: after Δt cut: 332 events
Run 15073: after total_pe cut: 326 events
Run 15073: after time-std < 40.0 ns cut: 326 events
Correlation map saved to /raid1/genli/Data_D2O/M1_data/analysis_14977-15096_M1_20251202-205527/subjob_15073-15075/run15073_20240604-23/cuthist/Run_15073_M1_correlation_map.png
--- Processing run 15074 ---
Length of time: 3597975351472.0 ns
Length of time: 59.96625585786667 minutes
Low-light fits saved to /raid1/genli/Data_D2O/M1_data/analysis_14977-15096_M1_20251202-205527/subjob_15073-15075/run15074_20240605-00/lowlight/Run15074_M1_low_light_fits.png
Low-light fit data saved to /raid1/genli/Data_D2O/M1_data/analysis_14977-15096_M1_20251202-205527/subjob_15073-15075/run15074_20240605-00/lowlight/Run15074_M1_low_light_fits.pkl
Applying 2000 ns time interval cut...
Time interval cut: Kept 2390318 / 2411980 events
Veto efficiency plot saved to /raid1/genli/Data_D2O/M1_data/analysis_14977-15096_M1_20251202-205527/subjob_15073-15075/run15074_20240605-00/histograms/15074_M1_veto_efficiency.png
Veto efficiency data saved to /raid1/genli/Data_D2O/M1_data/analysis_14977-15096_M1_20251202-205527/subjob_15073-15075/run15074_20240605-00/histograms/15074_M1_veto_efficiency.pkl
Run 15074: after NaN drop: 7344 events
Run 15074: after Δt cut: 335 events
Run 15074: after total_pe cut: 328 events
Run 15074: after time-std < 40.0 ns cut: 328 events
Correlation map saved to /raid1/genli/Data_D2O/M1_data/analysis_14977-15096_M1_20251202-205527/subjob_15073-15075/run15074_20240605-00/cuthist/Run_15074_M1_correlation_map.png
--- Processing run 15075 ---
Length of time: 3597975691024.0 ns
Length of time: 59.96626151706666 minutes
Low-light fits saved to /raid1/genli/Data_D2O/M1_data/analysis_14977-15096_M1_20251202-205527/subjob_15073-15075/run15075_20240605-01/lowlight/Run15075_M1_low_light_fits.png
Low-light fit data saved to /raid1/genli/Data_D2O/M1_data/analysis_14977-15096_M1_20251202-205527/subjob_15073-15075/run15075_20240605-01/lowlight/Run15075_M1_low_light_fits.pkl
Applying 2000 ns time interval cut...
Time interval cut: Kept 2382078 / 2403716 events
Error processing run 15075: [Errno 2] No such file or directory: '/raid1/genli/Data_D2O/M1_data/analysis_14977-15096_M1_20251202-205527/subjob_15073-15075/run15075_20240605-01/histograms/15075_M1_total_pe_comparison.png'
Saving aggregated data for sub-job 15073-15075...
An error occurred while saving aggregated data: [Errno 2] No such file or directory: '/raid1/genli/Data_D2O/M1_data/analysis_14977-15096_M1_20251202-205527/subjob_15073-15075/aggregated_delta_t.npy'
--- Sub-job Analysis Complete ---
