/home/genli/.local/lib/python3.9/site-packages/numpy/lib/nanfunctions.py:1878: RuntimeWarning: Degrees of freedom <= 0 for slice.
  var = nanvar(a, axis=axis, dtype=dtype, out=out, ddof=ddof,
/usr/local/lib64/python3.9/site-packages/scipy/stats/_stats_py.py:4424: ConstantInputWarning: An input array is constant; the correlation coefficient is not defined.
  warnings.warn(stats.ConstantInputWarning(msg))
/usr/local/lib64/python3.9/site-packages/scipy/stats/_stats_py.py:4424: ConstantInputWarning: An input array is constant; the correlation coefficient is not defined.
  warnings.warn(stats.ConstantInputWarning(msg))
/usr/local/lib64/python3.9/site-packages/scipy/stats/_stats_py.py:4424: ConstantInputWarning: An input array is constant; the correlation coefficient is not defined.
  warnings.warn(stats.ConstantInputWarning(msg))
/usr/local/lib64/python3.9/site-packages/scipy/stats/_stats_py.py:4424: ConstantInputWarning: An input array is constant; the correlation coefficient is not defined.
  warnings.warn(stats.ConstantInputWarning(msg))
/home/genli/.local/lib/python3.9/site-packages/numpy/lib/nanfunctions.py:1878: RuntimeWarning: Degrees of freedom <= 0 for slice.
  var = nanvar(a, axis=axis, dtype=dtype, out=out, ddof=ddof,
/usr/local/lib64/python3.9/site-packages/scipy/stats/_stats_py.py:4424: ConstantInputWarning: An input array is constant; the correlation coefficient is not defined.
  warnings.warn(stats.ConstantInputWarning(msg))
/usr/local/lib64/python3.9/site-packages/scipy/stats/_stats_py.py:4424: ConstantInputWarning: An input array is constant; the correlation coefficient is not defined.
  warnings.warn(stats.ConstantInputWarning(msg))
/usr/local/lib64/python3.9/site-packages/scipy/stats/_stats_py.py:4424: ConstantInputWarning: An input array is constant; the correlation coefficient is not defined.
  warnings.warn(stats.ConstantInputWarning(msg))
/usr/local/lib64/python3.9/site-packages/scipy/stats/_stats_py.py:4424: ConstantInputWarning: An input array is constant; the correlation coefficient is not defined.
  warnings.warn(stats.ConstantInputWarning(msg))
/home/genli/.local/lib/python3.9/site-packages/numpy/lib/nanfunctions.py:1878: RuntimeWarning: Degrees of freedom <= 0 for slice.
  var = nanvar(a, axis=axis, dtype=dtype, out=out, ddof=ddof,
/usr/local/lib64/python3.9/site-packages/scipy/stats/_stats_py.py:4424: ConstantInputWarning: An input array is constant; the correlation coefficient is not defined.
  warnings.warn(stats.ConstantInputWarning(msg))
/usr/local/lib64/python3.9/site-packages/scipy/stats/_stats_py.py:4424: ConstantInputWarning: An input array is constant; the correlation coefficient is not defined.
  warnings.warn(stats.ConstantInputWarning(msg))
/usr/local/lib64/python3.9/site-packages/scipy/stats/_stats_py.py:4424: ConstantInputWarning: An input array is constant; the correlation coefficient is not defined.
  warnings.warn(stats.ConstantInputWarning(msg))
/usr/local/lib64/python3.9/site-packages/scipy/stats/_stats_py.py:4424: ConstantInputWarning: An input array is constant; the correlation coefficient is not defined.
  warnings.warn(stats.ConstantInputWarning(msg))
=== Configuration ===
Analysis type: M1
Runs: 23259 to 23261
Output Directory for this job: /raid1/genli/Data_D2O/M1_data/analysis_23163-23282_M1_20251202-181353/subjob_23259-23261
Δt cut: (2197, 10985) ns
Photoelectron cut: (0, 1000) P.E.
Time-std cut: < 40.0 ns
======================
--- Processing run 23259 ---
Length of time: 3596997374560.0 ns
Length of time: 59.949956242666666 minutes
Low-light fits saved to /raid1/genli/Data_D2O/M1_data/analysis_23163-23282_M1_20251202-181353/subjob_23259-23261/run23259_20250605-19/lowlight/Run23259_M1_low_light_fits.png
Low-light fit data saved to /raid1/genli/Data_D2O/M1_data/analysis_23163-23282_M1_20251202-181353/subjob_23259-23261/run23259_20250605-19/lowlight/Run23259_M1_low_light_fits.pkl
Applying 2000 ns time interval cut...
Time interval cut: Kept 2122356 / 2165212 events
Veto efficiency plot saved to /raid1/genli/Data_D2O/M1_data/analysis_23163-23282_M1_20251202-181353/subjob_23259-23261/run23259_20250605-19/histograms/23259_M1_veto_efficiency.png
Veto efficiency data saved to /raid1/genli/Data_D2O/M1_data/analysis_23163-23282_M1_20251202-181353/subjob_23259-23261/run23259_20250605-19/histograms/23259_M1_veto_efficiency.pkl
Run 23259: after NaN drop: 6274 events
Run 23259: after Δt cut: 4503 events
Run 23259: after total_pe cut: 4503 events
Run 23259: after time-std < 40.0 ns cut: 4503 events
Correlation map saved to /raid1/genli/Data_D2O/M1_data/analysis_23163-23282_M1_20251202-181353/subjob_23259-23261/run23259_20250605-19/cuthist/Run_23259_M1_correlation_map.png
--- Processing run 23260 ---
Length of time: 3596997074272.0 ns
Length of time: 59.94995123786667 minutes
Low-light fits saved to /raid1/genli/Data_D2O/M1_data/analysis_23163-23282_M1_20251202-181353/subjob_23259-23261/run23260_20250605-20/lowlight/Run23260_M1_low_light_fits.png
Low-light fit data saved to /raid1/genli/Data_D2O/M1_data/analysis_23163-23282_M1_20251202-181353/subjob_23259-23261/run23260_20250605-20/lowlight/Run23260_M1_low_light_fits.pkl
Applying 2000 ns time interval cut...
Time interval cut: Kept 2120615 / 2164142 events
Veto efficiency plot saved to /raid1/genli/Data_D2O/M1_data/analysis_23163-23282_M1_20251202-181353/subjob_23259-23261/run23260_20250605-20/histograms/23260_M1_veto_efficiency.png
Veto efficiency data saved to /raid1/genli/Data_D2O/M1_data/analysis_23163-23282_M1_20251202-181353/subjob_23259-23261/run23260_20250605-20/histograms/23260_M1_veto_efficiency.pkl
Run 23260: after NaN drop: 6350 events
Run 23260: after Δt cut: 4576 events
Run 23260: after total_pe cut: 4576 events
Run 23260: after time-std < 40.0 ns cut: 4576 events
Correlation map saved to /raid1/genli/Data_D2O/M1_data/analysis_23163-23282_M1_20251202-181353/subjob_23259-23261/run23260_20250605-20/cuthist/Run_23260_M1_correlation_map.png
--- Processing run 23261 ---
Length of time: 3596996024928.0 ns
Length of time: 59.94993374880001 minutes
Low-light fits saved to /raid1/genli/Data_D2O/M1_data/analysis_23163-23282_M1_20251202-181353/subjob_23259-23261/run23261_20250605-21/lowlight/Run23261_M1_low_light_fits.png
Low-light fit data saved to /raid1/genli/Data_D2O/M1_data/analysis_23163-23282_M1_20251202-181353/subjob_23259-23261/run23261_20250605-21/lowlight/Run23261_M1_low_light_fits.pkl
Applying 2000 ns time interval cut...
Time interval cut: Kept 2123543 / 2166685 events
Veto efficiency plot saved to /raid1/genli/Data_D2O/M1_data/analysis_23163-23282_M1_20251202-181353/subjob_23259-23261/run23261_20250605-21/histograms/23261_M1_veto_efficiency.png
Veto efficiency data saved to /raid1/genli/Data_D2O/M1_data/analysis_23163-23282_M1_20251202-181353/subjob_23259-23261/run23261_20250605-21/histograms/23261_M1_veto_efficiency.pkl
Run 23261: after NaN drop: 6576 events
Run 23261: after Δt cut: 4686 events
Run 23261: after total_pe cut: 4686 events
Run 23261: after time-std < 40.0 ns cut: 4686 events
Correlation map saved to /raid1/genli/Data_D2O/M1_data/analysis_23163-23282_M1_20251202-181353/subjob_23259-23261/run23261_20250605-21/cuthist/Run_23261_M1_correlation_map.png
Saving aggregated data for sub-job 23259-23261...
Sub-job time length saved to /raid1/genli/Data_D2O/M1_data/analysis_23163-23282_M1_20251202-181353/subjob_23259-23261/subjob_time_length.json
Successfully saved data for master aggregation.
--- Sub-job Analysis Complete ---
