/home/genli/.local/lib/python3.9/site-packages/numpy/lib/nanfunctions.py:1878: RuntimeWarning: Degrees of freedom <= 0 for slice.
  var = nanvar(a, axis=axis, dtype=dtype, out=out, ddof=ddof,
/home/genli/D2O_analysis/Codes/Read_Cut_Hist_D2O_multi_veto.py:411: UserWarning: Data has no positive values, and therefore cannot be log-scaled.
  ax.set_yscale('log')
/home/genli/.local/lib/python3.9/site-packages/numpy/lib/nanfunctions.py:1878: RuntimeWarning: Degrees of freedom <= 0 for slice.
  var = nanvar(a, axis=axis, dtype=dtype, out=out, ddof=ddof,
/home/genli/.local/lib/python3.9/site-packages/numpy/lib/nanfunctions.py:1878: RuntimeWarning: Degrees of freedom <= 0 for slice.
  var = nanvar(a, axis=axis, dtype=dtype, out=out, ddof=ddof,
/home/genli/.local/lib/python3.9/site-packages/numpy/lib/nanfunctions.py:1878: RuntimeWarning: Degrees of freedom <= 0 for slice.
  var = nanvar(a, axis=axis, dtype=dtype, out=out, ddof=ddof,
/home/genli/D2O_analysis/Codes/Read_Cut_Hist_D2O_multi_veto.py:411: UserWarning: Data has no positive values, and therefore cannot be log-scaled.
  ax.set_yscale('log')
/home/genli/.local/lib/python3.9/site-packages/numpy/lib/nanfunctions.py:1878: RuntimeWarning: Degrees of freedom <= 0 for slice.
  var = nanvar(a, axis=axis, dtype=dtype, out=out, ddof=ddof,
/home/genli/.local/lib/python3.9/site-packages/numpy/lib/nanfunctions.py:1878: RuntimeWarning: Degrees of freedom <= 0 for slice.
  var = nanvar(a, axis=axis, dtype=dtype, out=out, ddof=ddof,
/home/genli/.local/lib/python3.9/site-packages/numpy/lib/nanfunctions.py:1878: RuntimeWarning: Degrees of freedom <= 0 for slice.
  var = nanvar(a, axis=axis, dtype=dtype, out=out, ddof=ddof,
/home/genli/.local/lib/python3.9/site-packages/numpy/lib/nanfunctions.py:1878: RuntimeWarning: Degrees of freedom <= 0 for slice.
  var = nanvar(a, axis=axis, dtype=dtype, out=out, ddof=ddof,
/home/genli/.local/lib/python3.9/site-packages/numpy/lib/nanfunctions.py:1878: RuntimeWarning: Degrees of freedom <= 0 for slice.
  var = nanvar(a, axis=axis, dtype=dtype, out=out, ddof=ddof,
/home/genli/.local/lib/python3.9/site-packages/numpy/lib/nanfunctions.py:1878: RuntimeWarning: Degrees of freedom <= 0 for slice.
  var = nanvar(a, axis=axis, dtype=dtype, out=out, ddof=ddof,
/home/genli/.local/lib/python3.9/site-packages/numpy/lib/nanfunctions.py:1878: RuntimeWarning: Degrees of freedom <= 0 for slice.
  var = nanvar(a, axis=axis, dtype=dtype, out=out, ddof=ddof,
/home/genli/D2O_analysis/Codes/Read_Cut_Hist_D2O_multi_veto.py:411: UserWarning: Data has no positive values, and therefore cannot be log-scaled.
  ax.set_yscale('log')
/home/genli/.local/lib/python3.9/site-packages/numpy/lib/nanfunctions.py:1878: RuntimeWarning: Degrees of freedom <= 0 for slice.
  var = nanvar(a, axis=axis, dtype=dtype, out=out, ddof=ddof,
/home/genli/.local/lib/python3.9/site-packages/numpy/lib/nanfunctions.py:1878: RuntimeWarning: Degrees of freedom <= 0 for slice.
  var = nanvar(a, axis=axis, dtype=dtype, out=out, ddof=ddof,
/home/genli/.local/lib/python3.9/site-packages/numpy/lib/nanfunctions.py:1878: RuntimeWarning: Degrees of freedom <= 0 for slice.
  var = nanvar(a, axis=axis, dtype=dtype, out=out, ddof=ddof,
/home/genli/D2O_analysis/Codes/Read_Cut_Hist_D2O_multi_veto.py:411: UserWarning: Data has no positive values, and therefore cannot be log-scaled.
  ax.set_yscale('log')
/home/genli/.local/lib/python3.9/site-packages/numpy/lib/nanfunctions.py:1878: RuntimeWarning: Degrees of freedom <= 0 for slice.
  var = nanvar(a, axis=axis, dtype=dtype, out=out, ddof=ddof,
/home/genli/.local/lib/python3.9/site-packages/numpy/lib/nanfunctions.py:1878: RuntimeWarning: Degrees of freedom <= 0 for slice.
  var = nanvar(a, axis=axis, dtype=dtype, out=out, ddof=ddof,
/home/genli/.local/lib/python3.9/site-packages/numpy/lib/nanfunctions.py:1878: RuntimeWarning: Degrees of freedom <= 0 for slice.
  var = nanvar(a, axis=axis, dtype=dtype, out=out, ddof=ddof,
/home/genli/.local/lib/python3.9/site-packages/numpy/lib/nanfunctions.py:1878: RuntimeWarning: Degrees of freedom <= 0 for slice.
  var = nanvar(a, axis=axis, dtype=dtype, out=out, ddof=ddof,
/home/genli/D2O_analysis/Codes/Read_Cut_Hist_D2O_multi_veto.py:411: UserWarning: Data has no positive values, and therefore cannot be log-scaled.
  ax.set_yscale('log')
/home/genli/.local/lib/python3.9/site-packages/numpy/lib/nanfunctions.py:1878: RuntimeWarning: Degrees of freedom <= 0 for slice.
  var = nanvar(a, axis=axis, dtype=dtype, out=out, ddof=ddof,
=== Configuration ===
Analysis type: M1
Runs: 25363 to 25381
Output Directory for this job: /raid1/genli/Data_D2O/M1_data/BRN/analysis_25306-26233_M1_20251030-013056/subjob_25363-25381
Δt cut: (960, 10560) ns
Photoelectron cut: (0, 2000) P.E.
Time-std cut: < 40.0 ns
======================
--- Processing run 25363 ---
Low-light fits saved to /raid1/genli/Data_D2O/M1_data/BRN/analysis_25306-26233_M1_20251030-013056/subjob_25363-25381/run25363_20250903-04/lowlight/Run25363_M1_low_light_fits.png
Low-light fit data saved to /raid1/genli/Data_D2O/M1_data/BRN/analysis_25306-26233_M1_20251030-013056/subjob_25363-25381/run25363_20250903-04/lowlight/Run25363_M1_low_light_fits.pkl
Veto efficiency plot saved to /raid1/genli/Data_D2O/M1_data/BRN/analysis_25306-26233_M1_20251030-013056/subjob_25363-25381/run25363_20250903-04/histograms/25363_M1_veto_efficiency.png
Veto efficiency data saved to /raid1/genli/Data_D2O/M1_data/BRN/analysis_25306-26233_M1_20251030-013056/subjob_25363-25381/run25363_20250903-04/histograms/25363_M1_veto_efficiency.pkl
Run 25363: after NaN drop: 18822 events
Run 25363: after Δt cut: 8966 events
Run 25363: after total_pe cut: 8963 events
Run 25363: after time-std < 40.0 ns cut: 8963 events
Correlation map saved to /raid1/genli/Data_D2O/M1_data/BRN/analysis_25306-26233_M1_20251030-013056/subjob_25363-25381/run25363_20250903-04/cuthist/Run_25363_M1_correlation_map.png
--- Processing run 25364 ---
Low-light fits saved to /raid1/genli/Data_D2O/M1_data/BRN/analysis_25306-26233_M1_20251030-013056/subjob_25363-25381/run25364_20250903-05/lowlight/Run25364_M1_low_light_fits.png
Low-light fit data saved to /raid1/genli/Data_D2O/M1_data/BRN/analysis_25306-26233_M1_20251030-013056/subjob_25363-25381/run25364_20250903-05/lowlight/Run25364_M1_low_light_fits.pkl
Veto efficiency plot saved to /raid1/genli/Data_D2O/M1_data/BRN/analysis_25306-26233_M1_20251030-013056/subjob_25363-25381/run25364_20250903-05/histograms/25364_M1_veto_efficiency.png
Veto efficiency data saved to /raid1/genli/Data_D2O/M1_data/BRN/analysis_25306-26233_M1_20251030-013056/subjob_25363-25381/run25364_20250903-05/histograms/25364_M1_veto_efficiency.pkl
Run 25364: after NaN drop: 18781 events
Run 25364: after Δt cut: 8969 events
Run 25364: after total_pe cut: 8968 events
Run 25364: after time-std < 40.0 ns cut: 8968 events
Correlation map saved to /raid1/genli/Data_D2O/M1_data/BRN/analysis_25306-26233_M1_20251030-013056/subjob_25363-25381/run25364_20250903-05/cuthist/Run_25364_M1_correlation_map.png
--- Processing run 25365 ---
Low-light fits saved to /raid1/genli/Data_D2O/M1_data/BRN/analysis_25306-26233_M1_20251030-013056/subjob_25363-25381/run25365_20250903-06/lowlight/Run25365_M1_low_light_fits.png
Low-light fit data saved to /raid1/genli/Data_D2O/M1_data/BRN/analysis_25306-26233_M1_20251030-013056/subjob_25363-25381/run25365_20250903-06/lowlight/Run25365_M1_low_light_fits.pkl
Veto efficiency plot saved to /raid1/genli/Data_D2O/M1_data/BRN/analysis_25306-26233_M1_20251030-013056/subjob_25363-25381/run25365_20250903-06/histograms/25365_M1_veto_efficiency.png
Veto efficiency data saved to /raid1/genli/Data_D2O/M1_data/BRN/analysis_25306-26233_M1_20251030-013056/subjob_25363-25381/run25365_20250903-06/histograms/25365_M1_veto_efficiency.pkl
Run 25365: after NaN drop: 18738 events
Run 25365: after Δt cut: 8983 events
Run 25365: after total_pe cut: 8981 events
Run 25365: after time-std < 40.0 ns cut: 8981 events
Correlation map saved to /raid1/genli/Data_D2O/M1_data/BRN/analysis_25306-26233_M1_20251030-013056/subjob_25363-25381/run25365_20250903-06/cuthist/Run_25365_M1_correlation_map.png
--- Processing run 25366 ---
Low-light fits saved to /raid1/genli/Data_D2O/M1_data/BRN/analysis_25306-26233_M1_20251030-013056/subjob_25363-25381/run25366_20250903-07/lowlight/Run25366_M1_low_light_fits.png
Low-light fit data saved to /raid1/genli/Data_D2O/M1_data/BRN/analysis_25306-26233_M1_20251030-013056/subjob_25363-25381/run25366_20250903-07/lowlight/Run25366_M1_low_light_fits.pkl
Veto efficiency plot saved to /raid1/genli/Data_D2O/M1_data/BRN/analysis_25306-26233_M1_20251030-013056/subjob_25363-25381/run25366_20250903-07/histograms/25366_M1_veto_efficiency.png
Veto efficiency data saved to /raid1/genli/Data_D2O/M1_data/BRN/analysis_25306-26233_M1_20251030-013056/subjob_25363-25381/run25366_20250903-07/histograms/25366_M1_veto_efficiency.pkl
Run 25366: after NaN drop: 18913 events
Run 25366: after Δt cut: 9109 events
Run 25366: after total_pe cut: 9109 events
Run 25366: after time-std < 40.0 ns cut: 9109 events
Correlation map saved to /raid1/genli/Data_D2O/M1_data/BRN/analysis_25306-26233_M1_20251030-013056/subjob_25363-25381/run25366_20250903-07/cuthist/Run_25366_M1_correlation_map.png
--- Processing run 25367 ---
Low-light fits saved to /raid1/genli/Data_D2O/M1_data/BRN/analysis_25306-26233_M1_20251030-013056/subjob_25363-25381/run25367_20250903-08/lowlight/Run25367_M1_low_light_fits.png
Low-light fit data saved to /raid1/genli/Data_D2O/M1_data/BRN/analysis_25306-26233_M1_20251030-013056/subjob_25363-25381/run25367_20250903-08/lowlight/Run25367_M1_low_light_fits.pkl
Veto efficiency plot saved to /raid1/genli/Data_D2O/M1_data/BRN/analysis_25306-26233_M1_20251030-013056/subjob_25363-25381/run25367_20250903-08/histograms/25367_M1_veto_efficiency.png
Veto efficiency data saved to /raid1/genli/Data_D2O/M1_data/BRN/analysis_25306-26233_M1_20251030-013056/subjob_25363-25381/run25367_20250903-08/histograms/25367_M1_veto_efficiency.pkl
Run 25367: after NaN drop: 18469 events
Run 25367: after Δt cut: 8812 events
Run 25367: after total_pe cut: 8812 events
Run 25367: after time-std < 40.0 ns cut: 8812 events
Correlation map saved to /raid1/genli/Data_D2O/M1_data/BRN/analysis_25306-26233_M1_20251030-013056/subjob_25363-25381/run25367_20250903-08/cuthist/Run_25367_M1_correlation_map.png
--- Processing run 25368 ---
Low-light fits saved to /raid1/genli/Data_D2O/M1_data/BRN/analysis_25306-26233_M1_20251030-013056/subjob_25363-25381/run25368_20250903-09/lowlight/Run25368_M1_low_light_fits.png
Low-light fit data saved to /raid1/genli/Data_D2O/M1_data/BRN/analysis_25306-26233_M1_20251030-013056/subjob_25363-25381/run25368_20250903-09/lowlight/Run25368_M1_low_light_fits.pkl
Veto efficiency plot saved to /raid1/genli/Data_D2O/M1_data/BRN/analysis_25306-26233_M1_20251030-013056/subjob_25363-25381/run25368_20250903-09/histograms/25368_M1_veto_efficiency.png
Veto efficiency data saved to /raid1/genli/Data_D2O/M1_data/BRN/analysis_25306-26233_M1_20251030-013056/subjob_25363-25381/run25368_20250903-09/histograms/25368_M1_veto_efficiency.pkl
Run 25368: after NaN drop: 18575 events
Run 25368: after Δt cut: 8930 events
Run 25368: after total_pe cut: 8929 events
Run 25368: after time-std < 40.0 ns cut: 8929 events
Correlation map saved to /raid1/genli/Data_D2O/M1_data/BRN/analysis_25306-26233_M1_20251030-013056/subjob_25363-25381/run25368_20250903-09/cuthist/Run_25368_M1_correlation_map.png
--- Processing run 25369 ---
Low-light fits saved to /raid1/genli/Data_D2O/M1_data/BRN/analysis_25306-26233_M1_20251030-013056/subjob_25363-25381/run25369_20250903-10/lowlight/Run25369_M1_low_light_fits.png
Low-light fit data saved to /raid1/genli/Data_D2O/M1_data/BRN/analysis_25306-26233_M1_20251030-013056/subjob_25363-25381/run25369_20250903-10/lowlight/Run25369_M1_low_light_fits.pkl
Veto efficiency plot saved to /raid1/genli/Data_D2O/M1_data/BRN/analysis_25306-26233_M1_20251030-013056/subjob_25363-25381/run25369_20250903-10/histograms/25369_M1_veto_efficiency.png
Veto efficiency data saved to /raid1/genli/Data_D2O/M1_data/BRN/analysis_25306-26233_M1_20251030-013056/subjob_25363-25381/run25369_20250903-10/histograms/25369_M1_veto_efficiency.pkl
Run 25369: after NaN drop: 18661 events
Run 25369: after Δt cut: 8878 events
Run 25369: after total_pe cut: 8876 events
Run 25369: after time-std < 40.0 ns cut: 8876 events
Correlation map saved to /raid1/genli/Data_D2O/M1_data/BRN/analysis_25306-26233_M1_20251030-013056/subjob_25363-25381/run25369_20250903-10/cuthist/Run_25369_M1_correlation_map.png
--- Processing run 25370 ---
Low-light fits saved to /raid1/genli/Data_D2O/M1_data/BRN/analysis_25306-26233_M1_20251030-013056/subjob_25363-25381/run25370_20250903-11/lowlight/Run25370_M1_low_light_fits.png
Low-light fit data saved to /raid1/genli/Data_D2O/M1_data/BRN/analysis_25306-26233_M1_20251030-013056/subjob_25363-25381/run25370_20250903-11/lowlight/Run25370_M1_low_light_fits.pkl
Veto efficiency plot saved to /raid1/genli/Data_D2O/M1_data/BRN/analysis_25306-26233_M1_20251030-013056/subjob_25363-25381/run25370_20250903-11/histograms/25370_M1_veto_efficiency.png
Veto efficiency data saved to /raid1/genli/Data_D2O/M1_data/BRN/analysis_25306-26233_M1_20251030-013056/subjob_25363-25381/run25370_20250903-11/histograms/25370_M1_veto_efficiency.pkl
Run 25370: after NaN drop: 18627 events
Run 25370: after Δt cut: 8777 events
Run 25370: after total_pe cut: 8777 events
Run 25370: after time-std < 40.0 ns cut: 8777 events
Correlation map saved to /raid1/genli/Data_D2O/M1_data/BRN/analysis_25306-26233_M1_20251030-013056/subjob_25363-25381/run25370_20250903-11/cuthist/Run_25370_M1_correlation_map.png
--- Processing run 25371 ---
Low-light fits saved to /raid1/genli/Data_D2O/M1_data/BRN/analysis_25306-26233_M1_20251030-013056/subjob_25363-25381/run25371_20250903-12/lowlight/Run25371_M1_low_light_fits.png
Low-light fit data saved to /raid1/genli/Data_D2O/M1_data/BRN/analysis_25306-26233_M1_20251030-013056/subjob_25363-25381/run25371_20250903-12/lowlight/Run25371_M1_low_light_fits.pkl
Veto efficiency plot saved to /raid1/genli/Data_D2O/M1_data/BRN/analysis_25306-26233_M1_20251030-013056/subjob_25363-25381/run25371_20250903-12/histograms/25371_M1_veto_efficiency.png
Veto efficiency data saved to /raid1/genli/Data_D2O/M1_data/BRN/analysis_25306-26233_M1_20251030-013056/subjob_25363-25381/run25371_20250903-12/histograms/25371_M1_veto_efficiency.pkl
Run 25371: after NaN drop: 18778 events
Run 25371: after Δt cut: 8948 events
Run 25371: after total_pe cut: 8947 events
Run 25371: after time-std < 40.0 ns cut: 8947 events
Correlation map saved to /raid1/genli/Data_D2O/M1_data/BRN/analysis_25306-26233_M1_20251030-013056/subjob_25363-25381/run25371_20250903-12/cuthist/Run_25371_M1_correlation_map.png
--- Processing run 25372 ---
Low-light fits saved to /raid1/genli/Data_D2O/M1_data/BRN/analysis_25306-26233_M1_20251030-013056/subjob_25363-25381/run25372_20250903-13/lowlight/Run25372_M1_low_light_fits.png
Low-light fit data saved to /raid1/genli/Data_D2O/M1_data/BRN/analysis_25306-26233_M1_20251030-013056/subjob_25363-25381/run25372_20250903-13/lowlight/Run25372_M1_low_light_fits.pkl
Veto efficiency plot saved to /raid1/genli/Data_D2O/M1_data/BRN/analysis_25306-26233_M1_20251030-013056/subjob_25363-25381/run25372_20250903-13/histograms/25372_M1_veto_efficiency.png
Veto efficiency data saved to /raid1/genli/Data_D2O/M1_data/BRN/analysis_25306-26233_M1_20251030-013056/subjob_25363-25381/run25372_20250903-13/histograms/25372_M1_veto_efficiency.pkl
Run 25372: after NaN drop: 18719 events
Run 25372: after Δt cut: 8848 events
Run 25372: after total_pe cut: 8848 events
Run 25372: after time-std < 40.0 ns cut: 8848 events
Correlation map saved to /raid1/genli/Data_D2O/M1_data/BRN/analysis_25306-26233_M1_20251030-013056/subjob_25363-25381/run25372_20250903-13/cuthist/Run_25372_M1_correlation_map.png
--- Processing run 25373 ---
Low-light fits saved to /raid1/genli/Data_D2O/M1_data/BRN/analysis_25306-26233_M1_20251030-013056/subjob_25363-25381/run25373_20250903-14/lowlight/Run25373_M1_low_light_fits.png
Low-light fit data saved to /raid1/genli/Data_D2O/M1_data/BRN/analysis_25306-26233_M1_20251030-013056/subjob_25363-25381/run25373_20250903-14/lowlight/Run25373_M1_low_light_fits.pkl
Veto efficiency plot saved to /raid1/genli/Data_D2O/M1_data/BRN/analysis_25306-26233_M1_20251030-013056/subjob_25363-25381/run25373_20250903-14/histograms/25373_M1_veto_efficiency.png
Veto efficiency data saved to /raid1/genli/Data_D2O/M1_data/BRN/analysis_25306-26233_M1_20251030-013056/subjob_25363-25381/run25373_20250903-14/histograms/25373_M1_veto_efficiency.pkl
Run 25373: after NaN drop: 18944 events
Run 25373: after Δt cut: 9000 events
Run 25373: after total_pe cut: 9000 events
Run 25373: after time-std < 40.0 ns cut: 9000 events
Correlation map saved to /raid1/genli/Data_D2O/M1_data/BRN/analysis_25306-26233_M1_20251030-013056/subjob_25363-25381/run25373_20250903-14/cuthist/Run_25373_M1_correlation_map.png
--- Processing run 25374 ---
Low-light fits saved to /raid1/genli/Data_D2O/M1_data/BRN/analysis_25306-26233_M1_20251030-013056/subjob_25363-25381/run25374_20250903-15/lowlight/Run25374_M1_low_light_fits.png
Low-light fit data saved to /raid1/genli/Data_D2O/M1_data/BRN/analysis_25306-26233_M1_20251030-013056/subjob_25363-25381/run25374_20250903-15/lowlight/Run25374_M1_low_light_fits.pkl
Veto efficiency plot saved to /raid1/genli/Data_D2O/M1_data/BRN/analysis_25306-26233_M1_20251030-013056/subjob_25363-25381/run25374_20250903-15/histograms/25374_M1_veto_efficiency.png
Veto efficiency data saved to /raid1/genli/Data_D2O/M1_data/BRN/analysis_25306-26233_M1_20251030-013056/subjob_25363-25381/run25374_20250903-15/histograms/25374_M1_veto_efficiency.pkl
Run 25374: after NaN drop: 18649 events
Run 25374: after Δt cut: 8962 events
Run 25374: after total_pe cut: 8962 events
Run 25374: after time-std < 40.0 ns cut: 8962 events
Correlation map saved to /raid1/genli/Data_D2O/M1_data/BRN/analysis_25306-26233_M1_20251030-013056/subjob_25363-25381/run25374_20250903-15/cuthist/Run_25374_M1_correlation_map.png
--- Processing run 25375 ---
Low-light fits saved to /raid1/genli/Data_D2O/M1_data/BRN/analysis_25306-26233_M1_20251030-013056/subjob_25363-25381/run25375_20250903-16/lowlight/Run25375_M1_low_light_fits.png
Low-light fit data saved to /raid1/genli/Data_D2O/M1_data/BRN/analysis_25306-26233_M1_20251030-013056/subjob_25363-25381/run25375_20250903-16/lowlight/Run25375_M1_low_light_fits.pkl
Veto efficiency plot saved to /raid1/genli/Data_D2O/M1_data/BRN/analysis_25306-26233_M1_20251030-013056/subjob_25363-25381/run25375_20250903-16/histograms/25375_M1_veto_efficiency.png
Veto efficiency data saved to /raid1/genli/Data_D2O/M1_data/BRN/analysis_25306-26233_M1_20251030-013056/subjob_25363-25381/run25375_20250903-16/histograms/25375_M1_veto_efficiency.pkl
Run 25375: after NaN drop: 18605 events
Run 25375: after Δt cut: 8887 events
Run 25375: after total_pe cut: 8887 events
Run 25375: after time-std < 40.0 ns cut: 8887 events
Correlation map saved to /raid1/genli/Data_D2O/M1_data/BRN/analysis_25306-26233_M1_20251030-013056/subjob_25363-25381/run25375_20250903-16/cuthist/Run_25375_M1_correlation_map.png
--- Processing run 25376 ---
Low-light fits saved to /raid1/genli/Data_D2O/M1_data/BRN/analysis_25306-26233_M1_20251030-013056/subjob_25363-25381/run25376_20250903-17/lowlight/Run25376_M1_low_light_fits.png
Low-light fit data saved to /raid1/genli/Data_D2O/M1_data/BRN/analysis_25306-26233_M1_20251030-013056/subjob_25363-25381/run25376_20250903-17/lowlight/Run25376_M1_low_light_fits.pkl
Veto efficiency plot saved to /raid1/genli/Data_D2O/M1_data/BRN/analysis_25306-26233_M1_20251030-013056/subjob_25363-25381/run25376_20250903-17/histograms/25376_M1_veto_efficiency.png
Veto efficiency data saved to /raid1/genli/Data_D2O/M1_data/BRN/analysis_25306-26233_M1_20251030-013056/subjob_25363-25381/run25376_20250903-17/histograms/25376_M1_veto_efficiency.pkl
Run 25376: after NaN drop: 19065 events
Run 25376: after Δt cut: 9085 events
Run 25376: after total_pe cut: 9084 events
Run 25376: after time-std < 40.0 ns cut: 9084 events
Correlation map saved to /raid1/genli/Data_D2O/M1_data/BRN/analysis_25306-26233_M1_20251030-013056/subjob_25363-25381/run25376_20250903-17/cuthist/Run_25376_M1_correlation_map.png
--- Processing run 25377 ---
Low-light fits saved to /raid1/genli/Data_D2O/M1_data/BRN/analysis_25306-26233_M1_20251030-013056/subjob_25363-25381/run25377_20250903-18/lowlight/Run25377_M1_low_light_fits.png
Low-light fit data saved to /raid1/genli/Data_D2O/M1_data/BRN/analysis_25306-26233_M1_20251030-013056/subjob_25363-25381/run25377_20250903-18/lowlight/Run25377_M1_low_light_fits.pkl
Veto efficiency plot saved to /raid1/genli/Data_D2O/M1_data/BRN/analysis_25306-26233_M1_20251030-013056/subjob_25363-25381/run25377_20250903-18/histograms/25377_M1_veto_efficiency.png
Veto efficiency data saved to /raid1/genli/Data_D2O/M1_data/BRN/analysis_25306-26233_M1_20251030-013056/subjob_25363-25381/run25377_20250903-18/histograms/25377_M1_veto_efficiency.pkl
Run 25377: after NaN drop: 19026 events
Run 25377: after Δt cut: 9093 events
Run 25377: after total_pe cut: 9093 events
Run 25377: after time-std < 40.0 ns cut: 9093 events
Correlation map saved to /raid1/genli/Data_D2O/M1_data/BRN/analysis_25306-26233_M1_20251030-013056/subjob_25363-25381/run25377_20250903-18/cuthist/Run_25377_M1_correlation_map.png
--- Processing run 25378 ---
Low-light fits saved to /raid1/genli/Data_D2O/M1_data/BRN/analysis_25306-26233_M1_20251030-013056/subjob_25363-25381/run25378_20250903-19/lowlight/Run25378_M1_low_light_fits.png
Low-light fit data saved to /raid1/genli/Data_D2O/M1_data/BRN/analysis_25306-26233_M1_20251030-013056/subjob_25363-25381/run25378_20250903-19/lowlight/Run25378_M1_low_light_fits.pkl
Veto efficiency plot saved to /raid1/genli/Data_D2O/M1_data/BRN/analysis_25306-26233_M1_20251030-013056/subjob_25363-25381/run25378_20250903-19/histograms/25378_M1_veto_efficiency.png
Veto efficiency data saved to /raid1/genli/Data_D2O/M1_data/BRN/analysis_25306-26233_M1_20251030-013056/subjob_25363-25381/run25378_20250903-19/histograms/25378_M1_veto_efficiency.pkl
Run 25378: after NaN drop: 18813 events
Run 25378: after Δt cut: 9141 events
Run 25378: after total_pe cut: 9140 events
Run 25378: after time-std < 40.0 ns cut: 9140 events
Correlation map saved to /raid1/genli/Data_D2O/M1_data/BRN/analysis_25306-26233_M1_20251030-013056/subjob_25363-25381/run25378_20250903-19/cuthist/Run_25378_M1_correlation_map.png
--- Processing run 25379 ---
Low-light fits saved to /raid1/genli/Data_D2O/M1_data/BRN/analysis_25306-26233_M1_20251030-013056/subjob_25363-25381/run25379_20250903-20/lowlight/Run25379_M1_low_light_fits.png
Low-light fit data saved to /raid1/genli/Data_D2O/M1_data/BRN/analysis_25306-26233_M1_20251030-013056/subjob_25363-25381/run25379_20250903-20/lowlight/Run25379_M1_low_light_fits.pkl
Veto efficiency plot saved to /raid1/genli/Data_D2O/M1_data/BRN/analysis_25306-26233_M1_20251030-013056/subjob_25363-25381/run25379_20250903-20/histograms/25379_M1_veto_efficiency.png
Veto efficiency data saved to /raid1/genli/Data_D2O/M1_data/BRN/analysis_25306-26233_M1_20251030-013056/subjob_25363-25381/run25379_20250903-20/histograms/25379_M1_veto_efficiency.pkl
Run 25379: after NaN drop: 18951 events
Run 25379: after Δt cut: 9068 events
Run 25379: after total_pe cut: 9068 events
Run 25379: after time-std < 40.0 ns cut: 9068 events
Correlation map saved to /raid1/genli/Data_D2O/M1_data/BRN/analysis_25306-26233_M1_20251030-013056/subjob_25363-25381/run25379_20250903-20/cuthist/Run_25379_M1_correlation_map.png
--- Processing run 25380 ---
Low-light fits saved to /raid1/genli/Data_D2O/M1_data/BRN/analysis_25306-26233_M1_20251030-013056/subjob_25363-25381/run25380_20250903-21/lowlight/Run25380_M1_low_light_fits.png
Low-light fit data saved to /raid1/genli/Data_D2O/M1_data/BRN/analysis_25306-26233_M1_20251030-013056/subjob_25363-25381/run25380_20250903-21/lowlight/Run25380_M1_low_light_fits.pkl
Veto efficiency plot saved to /raid1/genli/Data_D2O/M1_data/BRN/analysis_25306-26233_M1_20251030-013056/subjob_25363-25381/run25380_20250903-21/histograms/25380_M1_veto_efficiency.png
Veto efficiency data saved to /raid1/genli/Data_D2O/M1_data/BRN/analysis_25306-26233_M1_20251030-013056/subjob_25363-25381/run25380_20250903-21/histograms/25380_M1_veto_efficiency.pkl
Run 25380: after NaN drop: 18870 events
Run 25380: after Δt cut: 8880 events
Run 25380: after total_pe cut: 8880 events
Run 25380: after time-std < 40.0 ns cut: 8880 events
Correlation map saved to /raid1/genli/Data_D2O/M1_data/BRN/analysis_25306-26233_M1_20251030-013056/subjob_25363-25381/run25380_20250903-21/cuthist/Run_25380_M1_correlation_map.png
--- Processing run 25381 ---
Low-light fits saved to /raid1/genli/Data_D2O/M1_data/BRN/analysis_25306-26233_M1_20251030-013056/subjob_25363-25381/run25381_20250903-22/lowlight/Run25381_M1_low_light_fits.png
Low-light fit data saved to /raid1/genli/Data_D2O/M1_data/BRN/analysis_25306-26233_M1_20251030-013056/subjob_25363-25381/run25381_20250903-22/lowlight/Run25381_M1_low_light_fits.pkl
Veto efficiency plot saved to /raid1/genli/Data_D2O/M1_data/BRN/analysis_25306-26233_M1_20251030-013056/subjob_25363-25381/run25381_20250903-22/histograms/25381_M1_veto_efficiency.png
Veto efficiency data saved to /raid1/genli/Data_D2O/M1_data/BRN/analysis_25306-26233_M1_20251030-013056/subjob_25363-25381/run25381_20250903-22/histograms/25381_M1_veto_efficiency.pkl
Run 25381: after NaN drop: 18815 events
Run 25381: after Δt cut: 9027 events
Run 25381: after total_pe cut: 9022 events
Run 25381: after time-std < 40.0 ns cut: 9022 events
Correlation map saved to /raid1/genli/Data_D2O/M1_data/BRN/analysis_25306-26233_M1_20251030-013056/subjob_25363-25381/run25381_20250903-22/cuthist/Run_25381_M1_correlation_map.png
Saving aggregated data for sub-job 25363-25381...
Successfully saved data for master aggregation.
--- Sub-job Analysis Complete ---
