/home/genli/.local/lib/python3.9/site-packages/numpy/lib/nanfunctions.py:1878: RuntimeWarning: Degrees of freedom <= 0 for slice.
  var = nanvar(a, axis=axis, dtype=dtype, out=out, ddof=ddof,
/usr/local/lib64/python3.9/site-packages/scipy/stats/_stats_py.py:4424: ConstantInputWarning: An input array is constant; the correlation coefficient is not defined.
  warnings.warn(stats.ConstantInputWarning(msg))
/usr/local/lib64/python3.9/site-packages/scipy/stats/_stats_py.py:4424: ConstantInputWarning: An input array is constant; the correlation coefficient is not defined.
  warnings.warn(stats.ConstantInputWarning(msg))
/usr/local/lib64/python3.9/site-packages/scipy/stats/_stats_py.py:4424: ConstantInputWarning: An input array is constant; the correlation coefficient is not defined.
  warnings.warn(stats.ConstantInputWarning(msg))
/usr/local/lib64/python3.9/site-packages/scipy/stats/_stats_py.py:4424: ConstantInputWarning: An input array is constant; the correlation coefficient is not defined.
  warnings.warn(stats.ConstantInputWarning(msg))
/home/genli/.local/lib/python3.9/site-packages/numpy/lib/nanfunctions.py:1878: RuntimeWarning: Degrees of freedom <= 0 for slice.
  var = nanvar(a, axis=axis, dtype=dtype, out=out, ddof=ddof,
/usr/local/lib64/python3.9/site-packages/scipy/stats/_stats_py.py:4424: ConstantInputWarning: An input array is constant; the correlation coefficient is not defined.
  warnings.warn(stats.ConstantInputWarning(msg))
/usr/local/lib64/python3.9/site-packages/scipy/stats/_stats_py.py:4424: ConstantInputWarning: An input array is constant; the correlation coefficient is not defined.
  warnings.warn(stats.ConstantInputWarning(msg))
/usr/local/lib64/python3.9/site-packages/scipy/stats/_stats_py.py:4424: ConstantInputWarning: An input array is constant; the correlation coefficient is not defined.
  warnings.warn(stats.ConstantInputWarning(msg))
/usr/local/lib64/python3.9/site-packages/scipy/stats/_stats_py.py:4424: ConstantInputWarning: An input array is constant; the correlation coefficient is not defined.
  warnings.warn(stats.ConstantInputWarning(msg))
/home/genli/.local/lib/python3.9/site-packages/numpy/lib/nanfunctions.py:1878: RuntimeWarning: Degrees of freedom <= 0 for slice.
  var = nanvar(a, axis=axis, dtype=dtype, out=out, ddof=ddof,
/usr/local/lib64/python3.9/site-packages/scipy/stats/_stats_py.py:4424: ConstantInputWarning: An input array is constant; the correlation coefficient is not defined.
  warnings.warn(stats.ConstantInputWarning(msg))
/usr/local/lib64/python3.9/site-packages/scipy/stats/_stats_py.py:4424: ConstantInputWarning: An input array is constant; the correlation coefficient is not defined.
  warnings.warn(stats.ConstantInputWarning(msg))
/usr/local/lib64/python3.9/site-packages/scipy/stats/_stats_py.py:4424: ConstantInputWarning: An input array is constant; the correlation coefficient is not defined.
  warnings.warn(stats.ConstantInputWarning(msg))
/usr/local/lib64/python3.9/site-packages/scipy/stats/_stats_py.py:4424: ConstantInputWarning: An input array is constant; the correlation coefficient is not defined.
  warnings.warn(stats.ConstantInputWarning(msg))
=== Configuration ===
Analysis type: M1
Runs: 15073 to 15075
Output Directory for this job: /raid1/genli/Data_D2O/M1_data/analysis_14977-15096_M1_20251202-213720/subjob_15073-15075
Δt cut: (17576, 219700) ns
Photoelectron cut: (0, 1000) P.E.
Time-std cut: < 40.0 ns
======================
--- Processing run 15073 ---
Length of time: 3597972025312.0 ns
Length of time: 59.96620042186667 minutes
Low-light fits saved to /raid1/genli/Data_D2O/M1_data/analysis_14977-15096_M1_20251202-213720/subjob_15073-15075/run15073_20240604-23/lowlight/Run15073_M1_low_light_fits.png
Low-light fit data saved to /raid1/genli/Data_D2O/M1_data/analysis_14977-15096_M1_20251202-213720/subjob_15073-15075/run15073_20240604-23/lowlight/Run15073_M1_low_light_fits.pkl
Applying 2000 ns time interval cut...
Time interval cut: Kept 2394261 / 2415926 events
Veto efficiency plot saved to /raid1/genli/Data_D2O/M1_data/analysis_14977-15096_M1_20251202-213720/subjob_15073-15075/run15073_20240604-23/histograms/15073_M1_veto_efficiency.png
Veto efficiency data saved to /raid1/genli/Data_D2O/M1_data/analysis_14977-15096_M1_20251202-213720/subjob_15073-15075/run15073_20240604-23/histograms/15073_M1_veto_efficiency.pkl
Run 15073: after NaN drop: 7529 events
Run 15073: after Δt cut: 332 events
Run 15073: after total_pe cut: 326 events
Run 15073: after time-std < 40.0 ns cut: 326 events
Correlation map saved to /raid1/genli/Data_D2O/M1_data/analysis_14977-15096_M1_20251202-213720/subjob_15073-15075/run15073_20240604-23/cuthist/Run_15073_M1_correlation_map.png
--- Processing run 15074 ---
Length of time: 3597975351472.0 ns
Length of time: 59.96625585786667 minutes
Low-light fits saved to /raid1/genli/Data_D2O/M1_data/analysis_14977-15096_M1_20251202-213720/subjob_15073-15075/run15074_20240605-00/lowlight/Run15074_M1_low_light_fits.png
Low-light fit data saved to /raid1/genli/Data_D2O/M1_data/analysis_14977-15096_M1_20251202-213720/subjob_15073-15075/run15074_20240605-00/lowlight/Run15074_M1_low_light_fits.pkl
Applying 2000 ns time interval cut...
Time interval cut: Kept 2390318 / 2411980 events
Veto efficiency plot saved to /raid1/genli/Data_D2O/M1_data/analysis_14977-15096_M1_20251202-213720/subjob_15073-15075/run15074_20240605-00/histograms/15074_M1_veto_efficiency.png
Veto efficiency data saved to /raid1/genli/Data_D2O/M1_data/analysis_14977-15096_M1_20251202-213720/subjob_15073-15075/run15074_20240605-00/histograms/15074_M1_veto_efficiency.pkl
Run 15074: after NaN drop: 7344 events
Run 15074: after Δt cut: 335 events
Run 15074: after total_pe cut: 328 events
Run 15074: after time-std < 40.0 ns cut: 328 events
Correlation map saved to /raid1/genli/Data_D2O/M1_data/analysis_14977-15096_M1_20251202-213720/subjob_15073-15075/run15074_20240605-00/cuthist/Run_15074_M1_correlation_map.png
--- Processing run 15075 ---
Length of time: 3597975691024.0 ns
Length of time: 59.96626151706666 minutes
Low-light fits saved to /raid1/genli/Data_D2O/M1_data/analysis_14977-15096_M1_20251202-213720/subjob_15073-15075/run15075_20240605-01/lowlight/Run15075_M1_low_light_fits.png
Low-light fit data saved to /raid1/genli/Data_D2O/M1_data/analysis_14977-15096_M1_20251202-213720/subjob_15073-15075/run15075_20240605-01/lowlight/Run15075_M1_low_light_fits.pkl
Applying 2000 ns time interval cut...
Time interval cut: Kept 2382078 / 2403716 events
Veto efficiency plot saved to /raid1/genli/Data_D2O/M1_data/analysis_14977-15096_M1_20251202-213720/subjob_15073-15075/run15075_20240605-01/histograms/15075_M1_veto_efficiency.png
Veto efficiency data saved to /raid1/genli/Data_D2O/M1_data/analysis_14977-15096_M1_20251202-213720/subjob_15073-15075/run15075_20240605-01/histograms/15075_M1_veto_efficiency.pkl
Run 15075: after NaN drop: 7523 events
Run 15075: after Δt cut: 352 events
Run 15075: after total_pe cut: 346 events
Run 15075: after time-std < 40.0 ns cut: 346 events
Correlation map saved to /raid1/genli/Data_D2O/M1_data/analysis_14977-15096_M1_20251202-213720/subjob_15073-15075/run15075_20240605-01/cuthist/Run_15075_M1_correlation_map.png
Saving aggregated data for sub-job 15073-15075...
Sub-job time length saved to /raid1/genli/Data_D2O/M1_data/analysis_14977-15096_M1_20251202-213720/subjob_15073-15075/subjob_time_length.json
Successfully saved data for master aggregation.
--- Sub-job Analysis Complete ---
