/home/genli/.local/lib/python3.9/site-packages/numpy/lib/nanfunctions.py:1878: RuntimeWarning: Degrees of freedom <= 0 for slice.
  var = nanvar(a, axis=axis, dtype=dtype, out=out, ddof=ddof,
/home/genli/.local/lib/python3.9/site-packages/numpy/lib/nanfunctions.py:1878: RuntimeWarning: Degrees of freedom <= 0 for slice.
  var = nanvar(a, axis=axis, dtype=dtype, out=out, ddof=ddof,
/home/genli/.local/lib/python3.9/site-packages/numpy/lib/nanfunctions.py:1878: RuntimeWarning: Degrees of freedom <= 0 for slice.
  var = nanvar(a, axis=axis, dtype=dtype, out=out, ddof=ddof,
/home/genli/D2O_analysis/Codes/Read_Cut_Hist_D2O_multi_veto.py:411: UserWarning: Data has no positive values, and therefore cannot be log-scaled.
  ax.set_yscale('log')
/home/genli/.local/lib/python3.9/site-packages/numpy/lib/nanfunctions.py:1878: RuntimeWarning: Degrees of freedom <= 0 for slice.
  var = nanvar(a, axis=axis, dtype=dtype, out=out, ddof=ddof,
/home/genli/.local/lib/python3.9/site-packages/numpy/lib/nanfunctions.py:1878: RuntimeWarning: Degrees of freedom <= 0 for slice.
  var = nanvar(a, axis=axis, dtype=dtype, out=out, ddof=ddof,
/home/genli/.local/lib/python3.9/site-packages/numpy/lib/nanfunctions.py:1878: RuntimeWarning: Degrees of freedom <= 0 for slice.
  var = nanvar(a, axis=axis, dtype=dtype, out=out, ddof=ddof,
/home/genli/.local/lib/python3.9/site-packages/numpy/lib/nanfunctions.py:1878: RuntimeWarning: Degrees of freedom <= 0 for slice.
  var = nanvar(a, axis=axis, dtype=dtype, out=out, ddof=ddof,
/home/genli/.local/lib/python3.9/site-packages/numpy/lib/nanfunctions.py:1878: RuntimeWarning: Degrees of freedom <= 0 for slice.
  var = nanvar(a, axis=axis, dtype=dtype, out=out, ddof=ddof,
/home/genli/.local/lib/python3.9/site-packages/numpy/lib/nanfunctions.py:1878: RuntimeWarning: Degrees of freedom <= 0 for slice.
  var = nanvar(a, axis=axis, dtype=dtype, out=out, ddof=ddof,
/home/genli/.local/lib/python3.9/site-packages/numpy/lib/nanfunctions.py:1878: RuntimeWarning: Degrees of freedom <= 0 for slice.
  var = nanvar(a, axis=axis, dtype=dtype, out=out, ddof=ddof,
/home/genli/.local/lib/python3.9/site-packages/numpy/lib/nanfunctions.py:1878: RuntimeWarning: Degrees of freedom <= 0 for slice.
  var = nanvar(a, axis=axis, dtype=dtype, out=out, ddof=ddof,
/home/genli/.local/lib/python3.9/site-packages/numpy/lib/nanfunctions.py:1878: RuntimeWarning: Degrees of freedom <= 0 for slice.
  var = nanvar(a, axis=axis, dtype=dtype, out=out, ddof=ddof,
/home/genli/.local/lib/python3.9/site-packages/numpy/lib/nanfunctions.py:1878: RuntimeWarning: Degrees of freedom <= 0 for slice.
  var = nanvar(a, axis=axis, dtype=dtype, out=out, ddof=ddof,
/home/genli/D2O_analysis/Codes/Read_Cut_Hist_D2O_multi_veto.py:411: UserWarning: Data has no positive values, and therefore cannot be log-scaled.
  ax.set_yscale('log')
/home/genli/.local/lib/python3.9/site-packages/numpy/lib/nanfunctions.py:1878: RuntimeWarning: Degrees of freedom <= 0 for slice.
  var = nanvar(a, axis=axis, dtype=dtype, out=out, ddof=ddof,
/home/genli/.local/lib/python3.9/site-packages/numpy/lib/nanfunctions.py:1878: RuntimeWarning: Degrees of freedom <= 0 for slice.
  var = nanvar(a, axis=axis, dtype=dtype, out=out, ddof=ddof,
/home/genli/.local/lib/python3.9/site-packages/numpy/lib/nanfunctions.py:1878: RuntimeWarning: Degrees of freedom <= 0 for slice.
  var = nanvar(a, axis=axis, dtype=dtype, out=out, ddof=ddof,
/home/genli/.local/lib/python3.9/site-packages/numpy/lib/nanfunctions.py:1878: RuntimeWarning: Degrees of freedom <= 0 for slice.
  var = nanvar(a, axis=axis, dtype=dtype, out=out, ddof=ddof,
/home/genli/D2O_analysis/Codes/Read_Cut_Hist_D2O_multi_veto.py:411: UserWarning: Data has no positive values, and therefore cannot be log-scaled.
  ax.set_yscale('log')
/home/genli/.local/lib/python3.9/site-packages/numpy/lib/nanfunctions.py:1878: RuntimeWarning: Degrees of freedom <= 0 for slice.
  var = nanvar(a, axis=axis, dtype=dtype, out=out, ddof=ddof,
/home/genli/.local/lib/python3.9/site-packages/numpy/lib/nanfunctions.py:1878: RuntimeWarning: Degrees of freedom <= 0 for slice.
  var = nanvar(a, axis=axis, dtype=dtype, out=out, ddof=ddof,
=== Configuration ===
Analysis type: M1
Runs: 25610 to 25628
Output Directory for this job: /raid1/genli/Data_D2O/M1_data/BRN/analysis_25306-26233_M1_20251030-013056/subjob_25610-25628
Δt cut: (960, 10560) ns
Photoelectron cut: (0, 2000) P.E.
Time-std cut: < 40.0 ns
======================
--- Processing run 25610 ---
Low-light fits saved to /raid1/genli/Data_D2O/M1_data/BRN/analysis_25306-26233_M1_20251030-013056/subjob_25610-25628/run25610_20250913-12/lowlight/Run25610_M1_low_light_fits.png
Low-light fit data saved to /raid1/genli/Data_D2O/M1_data/BRN/analysis_25306-26233_M1_20251030-013056/subjob_25610-25628/run25610_20250913-12/lowlight/Run25610_M1_low_light_fits.pkl
Veto efficiency plot saved to /raid1/genli/Data_D2O/M1_data/BRN/analysis_25306-26233_M1_20251030-013056/subjob_25610-25628/run25610_20250913-12/histograms/25610_M1_veto_efficiency.png
Veto efficiency data saved to /raid1/genli/Data_D2O/M1_data/BRN/analysis_25306-26233_M1_20251030-013056/subjob_25610-25628/run25610_20250913-12/histograms/25610_M1_veto_efficiency.pkl
Run 25610: after NaN drop: 18685 events
Run 25610: after Δt cut: 9166 events
Run 25610: after total_pe cut: 9165 events
Run 25610: after time-std < 40.0 ns cut: 9165 events
Correlation map saved to /raid1/genli/Data_D2O/M1_data/BRN/analysis_25306-26233_M1_20251030-013056/subjob_25610-25628/run25610_20250913-12/cuthist/Run_25610_M1_correlation_map.png
--- Processing run 25611 ---
Low-light fits saved to /raid1/genli/Data_D2O/M1_data/BRN/analysis_25306-26233_M1_20251030-013056/subjob_25610-25628/run25611_20250913-13/lowlight/Run25611_M1_low_light_fits.png
Low-light fit data saved to /raid1/genli/Data_D2O/M1_data/BRN/analysis_25306-26233_M1_20251030-013056/subjob_25610-25628/run25611_20250913-13/lowlight/Run25611_M1_low_light_fits.pkl
Veto efficiency plot saved to /raid1/genli/Data_D2O/M1_data/BRN/analysis_25306-26233_M1_20251030-013056/subjob_25610-25628/run25611_20250913-13/histograms/25611_M1_veto_efficiency.png
Veto efficiency data saved to /raid1/genli/Data_D2O/M1_data/BRN/analysis_25306-26233_M1_20251030-013056/subjob_25610-25628/run25611_20250913-13/histograms/25611_M1_veto_efficiency.pkl
Run 25611: after NaN drop: 18952 events
Run 25611: after Δt cut: 9089 events
Run 25611: after total_pe cut: 9088 events
Run 25611: after time-std < 40.0 ns cut: 9088 events
Correlation map saved to /raid1/genli/Data_D2O/M1_data/BRN/analysis_25306-26233_M1_20251030-013056/subjob_25610-25628/run25611_20250913-13/cuthist/Run_25611_M1_correlation_map.png
--- Processing run 25612 ---
Low-light fits saved to /raid1/genli/Data_D2O/M1_data/BRN/analysis_25306-26233_M1_20251030-013056/subjob_25610-25628/run25612_20250913-14/lowlight/Run25612_M1_low_light_fits.png
Low-light fit data saved to /raid1/genli/Data_D2O/M1_data/BRN/analysis_25306-26233_M1_20251030-013056/subjob_25610-25628/run25612_20250913-14/lowlight/Run25612_M1_low_light_fits.pkl
Veto efficiency plot saved to /raid1/genli/Data_D2O/M1_data/BRN/analysis_25306-26233_M1_20251030-013056/subjob_25610-25628/run25612_20250913-14/histograms/25612_M1_veto_efficiency.png
Veto efficiency data saved to /raid1/genli/Data_D2O/M1_data/BRN/analysis_25306-26233_M1_20251030-013056/subjob_25610-25628/run25612_20250913-14/histograms/25612_M1_veto_efficiency.pkl
Run 25612: after NaN drop: 18748 events
Run 25612: after Δt cut: 9092 events
Run 25612: after total_pe cut: 9091 events
Run 25612: after time-std < 40.0 ns cut: 9091 events
Correlation map saved to /raid1/genli/Data_D2O/M1_data/BRN/analysis_25306-26233_M1_20251030-013056/subjob_25610-25628/run25612_20250913-14/cuthist/Run_25612_M1_correlation_map.png
--- Processing run 25613 ---
Low-light fits saved to /raid1/genli/Data_D2O/M1_data/BRN/analysis_25306-26233_M1_20251030-013056/subjob_25610-25628/run25613_20250913-15/lowlight/Run25613_M1_low_light_fits.png
Low-light fit data saved to /raid1/genli/Data_D2O/M1_data/BRN/analysis_25306-26233_M1_20251030-013056/subjob_25610-25628/run25613_20250913-15/lowlight/Run25613_M1_low_light_fits.pkl
Veto efficiency plot saved to /raid1/genli/Data_D2O/M1_data/BRN/analysis_25306-26233_M1_20251030-013056/subjob_25610-25628/run25613_20250913-15/histograms/25613_M1_veto_efficiency.png
Veto efficiency data saved to /raid1/genli/Data_D2O/M1_data/BRN/analysis_25306-26233_M1_20251030-013056/subjob_25610-25628/run25613_20250913-15/histograms/25613_M1_veto_efficiency.pkl
Run 25613: after NaN drop: 18869 events
Run 25613: after Δt cut: 9145 events
Run 25613: after total_pe cut: 9144 events
Run 25613: after time-std < 40.0 ns cut: 9144 events
Correlation map saved to /raid1/genli/Data_D2O/M1_data/BRN/analysis_25306-26233_M1_20251030-013056/subjob_25610-25628/run25613_20250913-15/cuthist/Run_25613_M1_correlation_map.png
--- Processing run 25614 ---
Low-light fits saved to /raid1/genli/Data_D2O/M1_data/BRN/analysis_25306-26233_M1_20251030-013056/subjob_25610-25628/run25614_20250913-16/lowlight/Run25614_M1_low_light_fits.png
Low-light fit data saved to /raid1/genli/Data_D2O/M1_data/BRN/analysis_25306-26233_M1_20251030-013056/subjob_25610-25628/run25614_20250913-16/lowlight/Run25614_M1_low_light_fits.pkl
Veto efficiency plot saved to /raid1/genli/Data_D2O/M1_data/BRN/analysis_25306-26233_M1_20251030-013056/subjob_25610-25628/run25614_20250913-16/histograms/25614_M1_veto_efficiency.png
Veto efficiency data saved to /raid1/genli/Data_D2O/M1_data/BRN/analysis_25306-26233_M1_20251030-013056/subjob_25610-25628/run25614_20250913-16/histograms/25614_M1_veto_efficiency.pkl
Run 25614: after NaN drop: 19014 events
Run 25614: after Δt cut: 9307 events
Run 25614: after total_pe cut: 9306 events
Run 25614: after time-std < 40.0 ns cut: 9306 events
Correlation map saved to /raid1/genli/Data_D2O/M1_data/BRN/analysis_25306-26233_M1_20251030-013056/subjob_25610-25628/run25614_20250913-16/cuthist/Run_25614_M1_correlation_map.png
--- Processing run 25615 ---
Low-light fits saved to /raid1/genli/Data_D2O/M1_data/BRN/analysis_25306-26233_M1_20251030-013056/subjob_25610-25628/run25615_20250913-17/lowlight/Run25615_M1_low_light_fits.png
Low-light fit data saved to /raid1/genli/Data_D2O/M1_data/BRN/analysis_25306-26233_M1_20251030-013056/subjob_25610-25628/run25615_20250913-17/lowlight/Run25615_M1_low_light_fits.pkl
Veto efficiency plot saved to /raid1/genli/Data_D2O/M1_data/BRN/analysis_25306-26233_M1_20251030-013056/subjob_25610-25628/run25615_20250913-17/histograms/25615_M1_veto_efficiency.png
Veto efficiency data saved to /raid1/genli/Data_D2O/M1_data/BRN/analysis_25306-26233_M1_20251030-013056/subjob_25610-25628/run25615_20250913-17/histograms/25615_M1_veto_efficiency.pkl
Run 25615: after NaN drop: 19178 events
Run 25615: after Δt cut: 9443 events
Run 25615: after total_pe cut: 9443 events
Run 25615: after time-std < 40.0 ns cut: 9443 events
Correlation map saved to /raid1/genli/Data_D2O/M1_data/BRN/analysis_25306-26233_M1_20251030-013056/subjob_25610-25628/run25615_20250913-17/cuthist/Run_25615_M1_correlation_map.png
--- Processing run 25616 ---
Low-light fits saved to /raid1/genli/Data_D2O/M1_data/BRN/analysis_25306-26233_M1_20251030-013056/subjob_25610-25628/run25616_20250913-18/lowlight/Run25616_M1_low_light_fits.png
Low-light fit data saved to /raid1/genli/Data_D2O/M1_data/BRN/analysis_25306-26233_M1_20251030-013056/subjob_25610-25628/run25616_20250913-18/lowlight/Run25616_M1_low_light_fits.pkl
Veto efficiency plot saved to /raid1/genli/Data_D2O/M1_data/BRN/analysis_25306-26233_M1_20251030-013056/subjob_25610-25628/run25616_20250913-18/histograms/25616_M1_veto_efficiency.png
Veto efficiency data saved to /raid1/genli/Data_D2O/M1_data/BRN/analysis_25306-26233_M1_20251030-013056/subjob_25610-25628/run25616_20250913-18/histograms/25616_M1_veto_efficiency.pkl
Run 25616: after NaN drop: 19178 events
Run 25616: after Δt cut: 9318 events
Run 25616: after total_pe cut: 9318 events
Run 25616: after time-std < 40.0 ns cut: 9318 events
Correlation map saved to /raid1/genli/Data_D2O/M1_data/BRN/analysis_25306-26233_M1_20251030-013056/subjob_25610-25628/run25616_20250913-18/cuthist/Run_25616_M1_correlation_map.png
--- Processing run 25617 ---
Low-light fits saved to /raid1/genli/Data_D2O/M1_data/BRN/analysis_25306-26233_M1_20251030-013056/subjob_25610-25628/run25617_20250913-19/lowlight/Run25617_M1_low_light_fits.png
Low-light fit data saved to /raid1/genli/Data_D2O/M1_data/BRN/analysis_25306-26233_M1_20251030-013056/subjob_25610-25628/run25617_20250913-19/lowlight/Run25617_M1_low_light_fits.pkl
Veto efficiency plot saved to /raid1/genli/Data_D2O/M1_data/BRN/analysis_25306-26233_M1_20251030-013056/subjob_25610-25628/run25617_20250913-19/histograms/25617_M1_veto_efficiency.png
Veto efficiency data saved to /raid1/genli/Data_D2O/M1_data/BRN/analysis_25306-26233_M1_20251030-013056/subjob_25610-25628/run25617_20250913-19/histograms/25617_M1_veto_efficiency.pkl
Run 25617: after NaN drop: 19060 events
Run 25617: after Δt cut: 9202 events
Run 25617: after total_pe cut: 9202 events
Run 25617: after time-std < 40.0 ns cut: 9202 events
Correlation map saved to /raid1/genli/Data_D2O/M1_data/BRN/analysis_25306-26233_M1_20251030-013056/subjob_25610-25628/run25617_20250913-19/cuthist/Run_25617_M1_correlation_map.png
--- Processing run 25618 ---
Low-light fits saved to /raid1/genli/Data_D2O/M1_data/BRN/analysis_25306-26233_M1_20251030-013056/subjob_25610-25628/run25618_20250913-20/lowlight/Run25618_M1_low_light_fits.png
Low-light fit data saved to /raid1/genli/Data_D2O/M1_data/BRN/analysis_25306-26233_M1_20251030-013056/subjob_25610-25628/run25618_20250913-20/lowlight/Run25618_M1_low_light_fits.pkl
Veto efficiency plot saved to /raid1/genli/Data_D2O/M1_data/BRN/analysis_25306-26233_M1_20251030-013056/subjob_25610-25628/run25618_20250913-20/histograms/25618_M1_veto_efficiency.png
Veto efficiency data saved to /raid1/genli/Data_D2O/M1_data/BRN/analysis_25306-26233_M1_20251030-013056/subjob_25610-25628/run25618_20250913-20/histograms/25618_M1_veto_efficiency.pkl
Run 25618: after NaN drop: 19079 events
Run 25618: after Δt cut: 9250 events
Run 25618: after total_pe cut: 9250 events
Run 25618: after time-std < 40.0 ns cut: 9250 events
Correlation map saved to /raid1/genli/Data_D2O/M1_data/BRN/analysis_25306-26233_M1_20251030-013056/subjob_25610-25628/run25618_20250913-20/cuthist/Run_25618_M1_correlation_map.png
--- Processing run 25619 ---
Low-light fits saved to /raid1/genli/Data_D2O/M1_data/BRN/analysis_25306-26233_M1_20251030-013056/subjob_25610-25628/run25619_20250913-21/lowlight/Run25619_M1_low_light_fits.png
Low-light fit data saved to /raid1/genli/Data_D2O/M1_data/BRN/analysis_25306-26233_M1_20251030-013056/subjob_25610-25628/run25619_20250913-21/lowlight/Run25619_M1_low_light_fits.pkl
Veto efficiency plot saved to /raid1/genli/Data_D2O/M1_data/BRN/analysis_25306-26233_M1_20251030-013056/subjob_25610-25628/run25619_20250913-21/histograms/25619_M1_veto_efficiency.png
Veto efficiency data saved to /raid1/genli/Data_D2O/M1_data/BRN/analysis_25306-26233_M1_20251030-013056/subjob_25610-25628/run25619_20250913-21/histograms/25619_M1_veto_efficiency.pkl
Run 25619: after NaN drop: 18777 events
Run 25619: after Δt cut: 9058 events
Run 25619: after total_pe cut: 9057 events
Run 25619: after time-std < 40.0 ns cut: 9057 events
Correlation map saved to /raid1/genli/Data_D2O/M1_data/BRN/analysis_25306-26233_M1_20251030-013056/subjob_25610-25628/run25619_20250913-21/cuthist/Run_25619_M1_correlation_map.png
--- Processing run 25620 ---
Low-light fits saved to /raid1/genli/Data_D2O/M1_data/BRN/analysis_25306-26233_M1_20251030-013056/subjob_25610-25628/run25620_20250913-22/lowlight/Run25620_M1_low_light_fits.png
Low-light fit data saved to /raid1/genli/Data_D2O/M1_data/BRN/analysis_25306-26233_M1_20251030-013056/subjob_25610-25628/run25620_20250913-22/lowlight/Run25620_M1_low_light_fits.pkl
Veto efficiency plot saved to /raid1/genli/Data_D2O/M1_data/BRN/analysis_25306-26233_M1_20251030-013056/subjob_25610-25628/run25620_20250913-22/histograms/25620_M1_veto_efficiency.png
Veto efficiency data saved to /raid1/genli/Data_D2O/M1_data/BRN/analysis_25306-26233_M1_20251030-013056/subjob_25610-25628/run25620_20250913-22/histograms/25620_M1_veto_efficiency.pkl
Run 25620: after NaN drop: 18974 events
Run 25620: after Δt cut: 9196 events
Run 25620: after total_pe cut: 9195 events
Run 25620: after time-std < 40.0 ns cut: 9195 events
Correlation map saved to /raid1/genli/Data_D2O/M1_data/BRN/analysis_25306-26233_M1_20251030-013056/subjob_25610-25628/run25620_20250913-22/cuthist/Run_25620_M1_correlation_map.png
--- Processing run 25621 ---
Low-light fits saved to /raid1/genli/Data_D2O/M1_data/BRN/analysis_25306-26233_M1_20251030-013056/subjob_25610-25628/run25621_20250913-23/lowlight/Run25621_M1_low_light_fits.png
Low-light fit data saved to /raid1/genli/Data_D2O/M1_data/BRN/analysis_25306-26233_M1_20251030-013056/subjob_25610-25628/run25621_20250913-23/lowlight/Run25621_M1_low_light_fits.pkl
Veto efficiency plot saved to /raid1/genli/Data_D2O/M1_data/BRN/analysis_25306-26233_M1_20251030-013056/subjob_25610-25628/run25621_20250913-23/histograms/25621_M1_veto_efficiency.png
Veto efficiency data saved to /raid1/genli/Data_D2O/M1_data/BRN/analysis_25306-26233_M1_20251030-013056/subjob_25610-25628/run25621_20250913-23/histograms/25621_M1_veto_efficiency.pkl
Run 25621: after NaN drop: 18842 events
Run 25621: after Δt cut: 9132 events
Run 25621: after total_pe cut: 9128 events
Run 25621: after time-std < 40.0 ns cut: 9128 events
Correlation map saved to /raid1/genli/Data_D2O/M1_data/BRN/analysis_25306-26233_M1_20251030-013056/subjob_25610-25628/run25621_20250913-23/cuthist/Run_25621_M1_correlation_map.png
--- Processing run 25622 ---
Low-light fits saved to /raid1/genli/Data_D2O/M1_data/BRN/analysis_25306-26233_M1_20251030-013056/subjob_25610-25628/run25622_20250914-00/lowlight/Run25622_M1_low_light_fits.png
Low-light fit data saved to /raid1/genli/Data_D2O/M1_data/BRN/analysis_25306-26233_M1_20251030-013056/subjob_25610-25628/run25622_20250914-00/lowlight/Run25622_M1_low_light_fits.pkl
Veto efficiency plot saved to /raid1/genli/Data_D2O/M1_data/BRN/analysis_25306-26233_M1_20251030-013056/subjob_25610-25628/run25622_20250914-00/histograms/25622_M1_veto_efficiency.png
Veto efficiency data saved to /raid1/genli/Data_D2O/M1_data/BRN/analysis_25306-26233_M1_20251030-013056/subjob_25610-25628/run25622_20250914-00/histograms/25622_M1_veto_efficiency.pkl
Run 25622: after NaN drop: 18832 events
Run 25622: after Δt cut: 9150 events
Run 25622: after total_pe cut: 9149 events
Run 25622: after time-std < 40.0 ns cut: 9149 events
Correlation map saved to /raid1/genli/Data_D2O/M1_data/BRN/analysis_25306-26233_M1_20251030-013056/subjob_25610-25628/run25622_20250914-00/cuthist/Run_25622_M1_correlation_map.png
--- Processing run 25623 ---
Low-light fits saved to /raid1/genli/Data_D2O/M1_data/BRN/analysis_25306-26233_M1_20251030-013056/subjob_25610-25628/run25623_20250914-01/lowlight/Run25623_M1_low_light_fits.png
Low-light fit data saved to /raid1/genli/Data_D2O/M1_data/BRN/analysis_25306-26233_M1_20251030-013056/subjob_25610-25628/run25623_20250914-01/lowlight/Run25623_M1_low_light_fits.pkl
Veto efficiency plot saved to /raid1/genli/Data_D2O/M1_data/BRN/analysis_25306-26233_M1_20251030-013056/subjob_25610-25628/run25623_20250914-01/histograms/25623_M1_veto_efficiency.png
Veto efficiency data saved to /raid1/genli/Data_D2O/M1_data/BRN/analysis_25306-26233_M1_20251030-013056/subjob_25610-25628/run25623_20250914-01/histograms/25623_M1_veto_efficiency.pkl
Run 25623: after NaN drop: 19000 events
Run 25623: after Δt cut: 9182 events
Run 25623: after total_pe cut: 9182 events
Run 25623: after time-std < 40.0 ns cut: 9182 events
Correlation map saved to /raid1/genli/Data_D2O/M1_data/BRN/analysis_25306-26233_M1_20251030-013056/subjob_25610-25628/run25623_20250914-01/cuthist/Run_25623_M1_correlation_map.png
--- Processing run 25624 ---
Low-light fits saved to /raid1/genli/Data_D2O/M1_data/BRN/analysis_25306-26233_M1_20251030-013056/subjob_25610-25628/run25624_20250914-02/lowlight/Run25624_M1_low_light_fits.png
Low-light fit data saved to /raid1/genli/Data_D2O/M1_data/BRN/analysis_25306-26233_M1_20251030-013056/subjob_25610-25628/run25624_20250914-02/lowlight/Run25624_M1_low_light_fits.pkl
Veto efficiency plot saved to /raid1/genli/Data_D2O/M1_data/BRN/analysis_25306-26233_M1_20251030-013056/subjob_25610-25628/run25624_20250914-02/histograms/25624_M1_veto_efficiency.png
Veto efficiency data saved to /raid1/genli/Data_D2O/M1_data/BRN/analysis_25306-26233_M1_20251030-013056/subjob_25610-25628/run25624_20250914-02/histograms/25624_M1_veto_efficiency.pkl
Run 25624: after NaN drop: 18965 events
Run 25624: after Δt cut: 9073 events
Run 25624: after total_pe cut: 9072 events
Run 25624: after time-std < 40.0 ns cut: 9072 events
Correlation map saved to /raid1/genli/Data_D2O/M1_data/BRN/analysis_25306-26233_M1_20251030-013056/subjob_25610-25628/run25624_20250914-02/cuthist/Run_25624_M1_correlation_map.png
--- Processing run 25625 ---
Low-light fits saved to /raid1/genli/Data_D2O/M1_data/BRN/analysis_25306-26233_M1_20251030-013056/subjob_25610-25628/run25625_20250914-03/lowlight/Run25625_M1_low_light_fits.png
Low-light fit data saved to /raid1/genli/Data_D2O/M1_data/BRN/analysis_25306-26233_M1_20251030-013056/subjob_25610-25628/run25625_20250914-03/lowlight/Run25625_M1_low_light_fits.pkl
Veto efficiency plot saved to /raid1/genli/Data_D2O/M1_data/BRN/analysis_25306-26233_M1_20251030-013056/subjob_25610-25628/run25625_20250914-03/histograms/25625_M1_veto_efficiency.png
Veto efficiency data saved to /raid1/genli/Data_D2O/M1_data/BRN/analysis_25306-26233_M1_20251030-013056/subjob_25610-25628/run25625_20250914-03/histograms/25625_M1_veto_efficiency.pkl
Run 25625: after NaN drop: 18805 events
Run 25625: after Δt cut: 9063 events
Run 25625: after total_pe cut: 9062 events
Run 25625: after time-std < 40.0 ns cut: 9062 events
Correlation map saved to /raid1/genli/Data_D2O/M1_data/BRN/analysis_25306-26233_M1_20251030-013056/subjob_25610-25628/run25625_20250914-03/cuthist/Run_25625_M1_correlation_map.png
--- Processing run 25626 ---
Low-light fits saved to /raid1/genli/Data_D2O/M1_data/BRN/analysis_25306-26233_M1_20251030-013056/subjob_25610-25628/run25626_20250914-04/lowlight/Run25626_M1_low_light_fits.png
Low-light fit data saved to /raid1/genli/Data_D2O/M1_data/BRN/analysis_25306-26233_M1_20251030-013056/subjob_25610-25628/run25626_20250914-04/lowlight/Run25626_M1_low_light_fits.pkl
Veto efficiency plot saved to /raid1/genli/Data_D2O/M1_data/BRN/analysis_25306-26233_M1_20251030-013056/subjob_25610-25628/run25626_20250914-04/histograms/25626_M1_veto_efficiency.png
Veto efficiency data saved to /raid1/genli/Data_D2O/M1_data/BRN/analysis_25306-26233_M1_20251030-013056/subjob_25610-25628/run25626_20250914-04/histograms/25626_M1_veto_efficiency.pkl
Run 25626: after NaN drop: 18915 events
Run 25626: after Δt cut: 9074 events
Run 25626: after total_pe cut: 9073 events
Run 25626: after time-std < 40.0 ns cut: 9073 events
Correlation map saved to /raid1/genli/Data_D2O/M1_data/BRN/analysis_25306-26233_M1_20251030-013056/subjob_25610-25628/run25626_20250914-04/cuthist/Run_25626_M1_correlation_map.png
--- Processing run 25627 ---
Low-light fits saved to /raid1/genli/Data_D2O/M1_data/BRN/analysis_25306-26233_M1_20251030-013056/subjob_25610-25628/run25627_20250914-05/lowlight/Run25627_M1_low_light_fits.png
Low-light fit data saved to /raid1/genli/Data_D2O/M1_data/BRN/analysis_25306-26233_M1_20251030-013056/subjob_25610-25628/run25627_20250914-05/lowlight/Run25627_M1_low_light_fits.pkl
Veto efficiency plot saved to /raid1/genli/Data_D2O/M1_data/BRN/analysis_25306-26233_M1_20251030-013056/subjob_25610-25628/run25627_20250914-05/histograms/25627_M1_veto_efficiency.png
Veto efficiency data saved to /raid1/genli/Data_D2O/M1_data/BRN/analysis_25306-26233_M1_20251030-013056/subjob_25610-25628/run25627_20250914-05/histograms/25627_M1_veto_efficiency.pkl
Run 25627: after NaN drop: 18876 events
Run 25627: after Δt cut: 9080 events
Run 25627: after total_pe cut: 9079 events
Run 25627: after time-std < 40.0 ns cut: 9079 events
Correlation map saved to /raid1/genli/Data_D2O/M1_data/BRN/analysis_25306-26233_M1_20251030-013056/subjob_25610-25628/run25627_20250914-05/cuthist/Run_25627_M1_correlation_map.png
--- Processing run 25628 ---
Low-light fits saved to /raid1/genli/Data_D2O/M1_data/BRN/analysis_25306-26233_M1_20251030-013056/subjob_25610-25628/run25628_20250914-06/lowlight/Run25628_M1_low_light_fits.png
Low-light fit data saved to /raid1/genli/Data_D2O/M1_data/BRN/analysis_25306-26233_M1_20251030-013056/subjob_25610-25628/run25628_20250914-06/lowlight/Run25628_M1_low_light_fits.pkl
Veto efficiency plot saved to /raid1/genli/Data_D2O/M1_data/BRN/analysis_25306-26233_M1_20251030-013056/subjob_25610-25628/run25628_20250914-06/histograms/25628_M1_veto_efficiency.png
Veto efficiency data saved to /raid1/genli/Data_D2O/M1_data/BRN/analysis_25306-26233_M1_20251030-013056/subjob_25610-25628/run25628_20250914-06/histograms/25628_M1_veto_efficiency.pkl
Run 25628: after NaN drop: 19025 events
Run 25628: after Δt cut: 9060 events
Run 25628: after total_pe cut: 9060 events
Run 25628: after time-std < 40.0 ns cut: 9060 events
Correlation map saved to /raid1/genli/Data_D2O/M1_data/BRN/analysis_25306-26233_M1_20251030-013056/subjob_25610-25628/run25628_20250914-06/cuthist/Run_25628_M1_correlation_map.png
Saving aggregated data for sub-job 25610-25628...
Successfully saved data for master aggregation.
--- Sub-job Analysis Complete ---
