/home/genli/.local/lib/python3.9/site-packages/numpy/lib/nanfunctions.py:1878: RuntimeWarning: Degrees of freedom <= 0 for slice.
  var = nanvar(a, axis=axis, dtype=dtype, out=out, ddof=ddof,
/home/genli/.local/lib/python3.9/site-packages/numpy/lib/nanfunctions.py:1878: RuntimeWarning: Degrees of freedom <= 0 for slice.
  var = nanvar(a, axis=axis, dtype=dtype, out=out, ddof=ddof,
/home/genli/.local/lib/python3.9/site-packages/numpy/lib/nanfunctions.py:1878: RuntimeWarning: Degrees of freedom <= 0 for slice.
  var = nanvar(a, axis=axis, dtype=dtype, out=out, ddof=ddof,
/home/genli/D2O_analysis/Codes/Read_Cut_Hist_D2O_multi_veto.py:411: UserWarning: Data has no positive values, and therefore cannot be log-scaled.
  ax.set_yscale('log')
/home/genli/.local/lib/python3.9/site-packages/numpy/lib/nanfunctions.py:1878: RuntimeWarning: Degrees of freedom <= 0 for slice.
  var = nanvar(a, axis=axis, dtype=dtype, out=out, ddof=ddof,
/home/genli/.local/lib/python3.9/site-packages/numpy/lib/nanfunctions.py:1878: RuntimeWarning: Degrees of freedom <= 0 for slice.
  var = nanvar(a, axis=axis, dtype=dtype, out=out, ddof=ddof,
/home/genli/.local/lib/python3.9/site-packages/numpy/lib/nanfunctions.py:1878: RuntimeWarning: Degrees of freedom <= 0 for slice.
  var = nanvar(a, axis=axis, dtype=dtype, out=out, ddof=ddof,
/home/genli/D2O_analysis/Codes/Read_Cut_Hist_D2O_multi_veto.py:411: UserWarning: Data has no positive values, and therefore cannot be log-scaled.
  ax.set_yscale('log')
/home/genli/.local/lib/python3.9/site-packages/numpy/lib/nanfunctions.py:1878: RuntimeWarning: Degrees of freedom <= 0 for slice.
  var = nanvar(a, axis=axis, dtype=dtype, out=out, ddof=ddof,
/home/genli/.local/lib/python3.9/site-packages/numpy/lib/nanfunctions.py:1878: RuntimeWarning: Degrees of freedom <= 0 for slice.
  var = nanvar(a, axis=axis, dtype=dtype, out=out, ddof=ddof,
/home/genli/.local/lib/python3.9/site-packages/numpy/lib/nanfunctions.py:1878: RuntimeWarning: Degrees of freedom <= 0 for slice.
  var = nanvar(a, axis=axis, dtype=dtype, out=out, ddof=ddof,
/home/genli/D2O_analysis/Codes/Read_Cut_Hist_D2O_multi_veto.py:411: UserWarning: Data has no positive values, and therefore cannot be log-scaled.
  ax.set_yscale('log')
/home/genli/.local/lib/python3.9/site-packages/numpy/lib/nanfunctions.py:1878: RuntimeWarning: Degrees of freedom <= 0 for slice.
  var = nanvar(a, axis=axis, dtype=dtype, out=out, ddof=ddof,
/home/genli/.local/lib/python3.9/site-packages/numpy/lib/nanfunctions.py:1878: RuntimeWarning: Degrees of freedom <= 0 for slice.
  var = nanvar(a, axis=axis, dtype=dtype, out=out, ddof=ddof,
/home/genli/.local/lib/python3.9/site-packages/numpy/lib/nanfunctions.py:1878: RuntimeWarning: Degrees of freedom <= 0 for slice.
  var = nanvar(a, axis=axis, dtype=dtype, out=out, ddof=ddof,
/home/genli/.local/lib/python3.9/site-packages/numpy/lib/nanfunctions.py:1878: RuntimeWarning: Degrees of freedom <= 0 for slice.
  var = nanvar(a, axis=axis, dtype=dtype, out=out, ddof=ddof,
/home/genli/D2O_analysis/Codes/Read_Cut_Hist_D2O_multi_veto.py:411: UserWarning: Data has no positive values, and therefore cannot be log-scaled.
  ax.set_yscale('log')
/home/genli/.local/lib/python3.9/site-packages/numpy/lib/nanfunctions.py:1878: RuntimeWarning: Degrees of freedom <= 0 for slice.
  var = nanvar(a, axis=axis, dtype=dtype, out=out, ddof=ddof,
/home/genli/D2O_analysis/Codes/Read_Cut_Hist_D2O_multi_veto.py:411: UserWarning: Data has no positive values, and therefore cannot be log-scaled.
  ax.set_yscale('log')
/home/genli/.local/lib/python3.9/site-packages/numpy/lib/nanfunctions.py:1878: RuntimeWarning: Degrees of freedom <= 0 for slice.
  var = nanvar(a, axis=axis, dtype=dtype, out=out, ddof=ddof,
/home/genli/.local/lib/python3.9/site-packages/numpy/lib/nanfunctions.py:1878: RuntimeWarning: Degrees of freedom <= 0 for slice.
  var = nanvar(a, axis=axis, dtype=dtype, out=out, ddof=ddof,
/home/genli/D2O_analysis/Codes/Read_Cut_Hist_D2O_multi_veto.py:411: UserWarning: Data has no positive values, and therefore cannot be log-scaled.
  ax.set_yscale('log')
/home/genli/.local/lib/python3.9/site-packages/numpy/lib/nanfunctions.py:1878: RuntimeWarning: Degrees of freedom <= 0 for slice.
  var = nanvar(a, axis=axis, dtype=dtype, out=out, ddof=ddof,
/home/genli/.local/lib/python3.9/site-packages/numpy/lib/nanfunctions.py:1878: RuntimeWarning: Degrees of freedom <= 0 for slice.
  var = nanvar(a, axis=axis, dtype=dtype, out=out, ddof=ddof,
/home/genli/D2O_analysis/Codes/Read_Cut_Hist_D2O_multi_veto.py:411: UserWarning: Data has no positive values, and therefore cannot be log-scaled.
  ax.set_yscale('log')
/home/genli/.local/lib/python3.9/site-packages/numpy/lib/nanfunctions.py:1878: RuntimeWarning: Degrees of freedom <= 0 for slice.
  var = nanvar(a, axis=axis, dtype=dtype, out=out, ddof=ddof,
/home/genli/D2O_analysis/Codes/Read_Cut_Hist_D2O_multi_veto.py:411: UserWarning: Data has no positive values, and therefore cannot be log-scaled.
  ax.set_yscale('log')
=== Configuration ===
Analysis type: M1
Runs: 25781 to 25799
Output Directory for this job: /raid1/genli/Data_D2O/M1_data/BRN/analysis_25306-26233_M1_20251030-013056/subjob_25781-25799
Δt cut: (960, 10560) ns
Photoelectron cut: (0, 2000) P.E.
Time-std cut: < 40.0 ns
======================
--- Processing run 25781 ---
Low-light fits saved to /raid1/genli/Data_D2O/M1_data/BRN/analysis_25306-26233_M1_20251030-013056/subjob_25781-25799/run25781_20250920-15/lowlight/Run25781_M1_low_light_fits.png
Low-light fit data saved to /raid1/genli/Data_D2O/M1_data/BRN/analysis_25306-26233_M1_20251030-013056/subjob_25781-25799/run25781_20250920-15/lowlight/Run25781_M1_low_light_fits.pkl
Veto efficiency plot saved to /raid1/genli/Data_D2O/M1_data/BRN/analysis_25306-26233_M1_20251030-013056/subjob_25781-25799/run25781_20250920-15/histograms/25781_M1_veto_efficiency.png
Veto efficiency data saved to /raid1/genli/Data_D2O/M1_data/BRN/analysis_25306-26233_M1_20251030-013056/subjob_25781-25799/run25781_20250920-15/histograms/25781_M1_veto_efficiency.pkl
Run 25781: after NaN drop: 19029 events
Run 25781: after Δt cut: 9271 events
Run 25781: after total_pe cut: 9271 events
Run 25781: after time-std < 40.0 ns cut: 9271 events
Correlation map saved to /raid1/genli/Data_D2O/M1_data/BRN/analysis_25306-26233_M1_20251030-013056/subjob_25781-25799/run25781_20250920-15/cuthist/Run_25781_M1_correlation_map.png
--- Processing run 25782 ---
Low-light fits saved to /raid1/genli/Data_D2O/M1_data/BRN/analysis_25306-26233_M1_20251030-013056/subjob_25781-25799/run25782_20250920-16/lowlight/Run25782_M1_low_light_fits.png
Low-light fit data saved to /raid1/genli/Data_D2O/M1_data/BRN/analysis_25306-26233_M1_20251030-013056/subjob_25781-25799/run25782_20250920-16/lowlight/Run25782_M1_low_light_fits.pkl
Veto efficiency plot saved to /raid1/genli/Data_D2O/M1_data/BRN/analysis_25306-26233_M1_20251030-013056/subjob_25781-25799/run25782_20250920-16/histograms/25782_M1_veto_efficiency.png
Veto efficiency data saved to /raid1/genli/Data_D2O/M1_data/BRN/analysis_25306-26233_M1_20251030-013056/subjob_25781-25799/run25782_20250920-16/histograms/25782_M1_veto_efficiency.pkl
Run 25782: after NaN drop: 18793 events
Run 25782: after Δt cut: 9089 events
Run 25782: after total_pe cut: 9089 events
Run 25782: after time-std < 40.0 ns cut: 9089 events
Correlation map saved to /raid1/genli/Data_D2O/M1_data/BRN/analysis_25306-26233_M1_20251030-013056/subjob_25781-25799/run25782_20250920-16/cuthist/Run_25782_M1_correlation_map.png
--- Processing run 25783 ---
Low-light fits saved to /raid1/genli/Data_D2O/M1_data/BRN/analysis_25306-26233_M1_20251030-013056/subjob_25781-25799/run25783_20250920-17/lowlight/Run25783_M1_low_light_fits.png
Low-light fit data saved to /raid1/genli/Data_D2O/M1_data/BRN/analysis_25306-26233_M1_20251030-013056/subjob_25781-25799/run25783_20250920-17/lowlight/Run25783_M1_low_light_fits.pkl
Veto efficiency plot saved to /raid1/genli/Data_D2O/M1_data/BRN/analysis_25306-26233_M1_20251030-013056/subjob_25781-25799/run25783_20250920-17/histograms/25783_M1_veto_efficiency.png
Veto efficiency data saved to /raid1/genli/Data_D2O/M1_data/BRN/analysis_25306-26233_M1_20251030-013056/subjob_25781-25799/run25783_20250920-17/histograms/25783_M1_veto_efficiency.pkl
Run 25783: after NaN drop: 18694 events
Run 25783: after Δt cut: 9058 events
Run 25783: after total_pe cut: 9055 events
Run 25783: after time-std < 40.0 ns cut: 9055 events
Correlation map saved to /raid1/genli/Data_D2O/M1_data/BRN/analysis_25306-26233_M1_20251030-013056/subjob_25781-25799/run25783_20250920-17/cuthist/Run_25783_M1_correlation_map.png
--- Processing run 25784 ---
Low-light fits saved to /raid1/genli/Data_D2O/M1_data/BRN/analysis_25306-26233_M1_20251030-013056/subjob_25781-25799/run25784_20250920-18/lowlight/Run25784_M1_low_light_fits.png
Low-light fit data saved to /raid1/genli/Data_D2O/M1_data/BRN/analysis_25306-26233_M1_20251030-013056/subjob_25781-25799/run25784_20250920-18/lowlight/Run25784_M1_low_light_fits.pkl
Veto efficiency plot saved to /raid1/genli/Data_D2O/M1_data/BRN/analysis_25306-26233_M1_20251030-013056/subjob_25781-25799/run25784_20250920-18/histograms/25784_M1_veto_efficiency.png
Veto efficiency data saved to /raid1/genli/Data_D2O/M1_data/BRN/analysis_25306-26233_M1_20251030-013056/subjob_25781-25799/run25784_20250920-18/histograms/25784_M1_veto_efficiency.pkl
Run 25784: after NaN drop: 18847 events
Run 25784: after Δt cut: 9187 events
Run 25784: after total_pe cut: 9186 events
Run 25784: after time-std < 40.0 ns cut: 9186 events
Correlation map saved to /raid1/genli/Data_D2O/M1_data/BRN/analysis_25306-26233_M1_20251030-013056/subjob_25781-25799/run25784_20250920-18/cuthist/Run_25784_M1_correlation_map.png
--- Processing run 25785 ---
Low-light fits saved to /raid1/genli/Data_D2O/M1_data/BRN/analysis_25306-26233_M1_20251030-013056/subjob_25781-25799/run25785_20250920-19/lowlight/Run25785_M1_low_light_fits.png
Low-light fit data saved to /raid1/genli/Data_D2O/M1_data/BRN/analysis_25306-26233_M1_20251030-013056/subjob_25781-25799/run25785_20250920-19/lowlight/Run25785_M1_low_light_fits.pkl
Veto efficiency plot saved to /raid1/genli/Data_D2O/M1_data/BRN/analysis_25306-26233_M1_20251030-013056/subjob_25781-25799/run25785_20250920-19/histograms/25785_M1_veto_efficiency.png
Veto efficiency data saved to /raid1/genli/Data_D2O/M1_data/BRN/analysis_25306-26233_M1_20251030-013056/subjob_25781-25799/run25785_20250920-19/histograms/25785_M1_veto_efficiency.pkl
Run 25785: after NaN drop: 18876 events
Run 25785: after Δt cut: 9123 events
Run 25785: after total_pe cut: 9121 events
Run 25785: after time-std < 40.0 ns cut: 9121 events
Correlation map saved to /raid1/genli/Data_D2O/M1_data/BRN/analysis_25306-26233_M1_20251030-013056/subjob_25781-25799/run25785_20250920-19/cuthist/Run_25785_M1_correlation_map.png
--- Processing run 25786 ---
Low-light fits saved to /raid1/genli/Data_D2O/M1_data/BRN/analysis_25306-26233_M1_20251030-013056/subjob_25781-25799/run25786_20250920-20/lowlight/Run25786_M1_low_light_fits.png
Low-light fit data saved to /raid1/genli/Data_D2O/M1_data/BRN/analysis_25306-26233_M1_20251030-013056/subjob_25781-25799/run25786_20250920-20/lowlight/Run25786_M1_low_light_fits.pkl
Veto efficiency plot saved to /raid1/genli/Data_D2O/M1_data/BRN/analysis_25306-26233_M1_20251030-013056/subjob_25781-25799/run25786_20250920-20/histograms/25786_M1_veto_efficiency.png
Veto efficiency data saved to /raid1/genli/Data_D2O/M1_data/BRN/analysis_25306-26233_M1_20251030-013056/subjob_25781-25799/run25786_20250920-20/histograms/25786_M1_veto_efficiency.pkl
Run 25786: after NaN drop: 18931 events
Run 25786: after Δt cut: 9172 events
Run 25786: after total_pe cut: 9171 events
Run 25786: after time-std < 40.0 ns cut: 9171 events
Correlation map saved to /raid1/genli/Data_D2O/M1_data/BRN/analysis_25306-26233_M1_20251030-013056/subjob_25781-25799/run25786_20250920-20/cuthist/Run_25786_M1_correlation_map.png
--- Processing run 25787 ---
Low-light fits saved to /raid1/genli/Data_D2O/M1_data/BRN/analysis_25306-26233_M1_20251030-013056/subjob_25781-25799/run25787_20250920-21/lowlight/Run25787_M1_low_light_fits.png
Low-light fit data saved to /raid1/genli/Data_D2O/M1_data/BRN/analysis_25306-26233_M1_20251030-013056/subjob_25781-25799/run25787_20250920-21/lowlight/Run25787_M1_low_light_fits.pkl
Veto efficiency plot saved to /raid1/genli/Data_D2O/M1_data/BRN/analysis_25306-26233_M1_20251030-013056/subjob_25781-25799/run25787_20250920-21/histograms/25787_M1_veto_efficiency.png
Veto efficiency data saved to /raid1/genli/Data_D2O/M1_data/BRN/analysis_25306-26233_M1_20251030-013056/subjob_25781-25799/run25787_20250920-21/histograms/25787_M1_veto_efficiency.pkl
Run 25787: after NaN drop: 18861 events
Run 25787: after Δt cut: 9255 events
Run 25787: after total_pe cut: 9255 events
Run 25787: after time-std < 40.0 ns cut: 9255 events
Correlation map saved to /raid1/genli/Data_D2O/M1_data/BRN/analysis_25306-26233_M1_20251030-013056/subjob_25781-25799/run25787_20250920-21/cuthist/Run_25787_M1_correlation_map.png
--- Processing run 25788 ---
Low-light fits saved to /raid1/genli/Data_D2O/M1_data/BRN/analysis_25306-26233_M1_20251030-013056/subjob_25781-25799/run25788_20250920-22/lowlight/Run25788_M1_low_light_fits.png
Low-light fit data saved to /raid1/genli/Data_D2O/M1_data/BRN/analysis_25306-26233_M1_20251030-013056/subjob_25781-25799/run25788_20250920-22/lowlight/Run25788_M1_low_light_fits.pkl
Veto efficiency plot saved to /raid1/genli/Data_D2O/M1_data/BRN/analysis_25306-26233_M1_20251030-013056/subjob_25781-25799/run25788_20250920-22/histograms/25788_M1_veto_efficiency.png
Veto efficiency data saved to /raid1/genli/Data_D2O/M1_data/BRN/analysis_25306-26233_M1_20251030-013056/subjob_25781-25799/run25788_20250920-22/histograms/25788_M1_veto_efficiency.pkl
Run 25788: after NaN drop: 18935 events
Run 25788: after Δt cut: 9176 events
Run 25788: after total_pe cut: 9176 events
Run 25788: after time-std < 40.0 ns cut: 9176 events
Correlation map saved to /raid1/genli/Data_D2O/M1_data/BRN/analysis_25306-26233_M1_20251030-013056/subjob_25781-25799/run25788_20250920-22/cuthist/Run_25788_M1_correlation_map.png
--- Processing run 25789 ---
Low-light fits saved to /raid1/genli/Data_D2O/M1_data/BRN/analysis_25306-26233_M1_20251030-013056/subjob_25781-25799/run25789_20250920-23/lowlight/Run25789_M1_low_light_fits.png
Low-light fit data saved to /raid1/genli/Data_D2O/M1_data/BRN/analysis_25306-26233_M1_20251030-013056/subjob_25781-25799/run25789_20250920-23/lowlight/Run25789_M1_low_light_fits.pkl
Veto efficiency plot saved to /raid1/genli/Data_D2O/M1_data/BRN/analysis_25306-26233_M1_20251030-013056/subjob_25781-25799/run25789_20250920-23/histograms/25789_M1_veto_efficiency.png
Veto efficiency data saved to /raid1/genli/Data_D2O/M1_data/BRN/analysis_25306-26233_M1_20251030-013056/subjob_25781-25799/run25789_20250920-23/histograms/25789_M1_veto_efficiency.pkl
Run 25789: after NaN drop: 18690 events
Run 25789: after Δt cut: 9048 events
Run 25789: after total_pe cut: 9047 events
Run 25789: after time-std < 40.0 ns cut: 9047 events
Correlation map saved to /raid1/genli/Data_D2O/M1_data/BRN/analysis_25306-26233_M1_20251030-013056/subjob_25781-25799/run25789_20250920-23/cuthist/Run_25789_M1_correlation_map.png
--- Processing run 25790 ---
Low-light fits saved to /raid1/genli/Data_D2O/M1_data/BRN/analysis_25306-26233_M1_20251030-013056/subjob_25781-25799/run25790_20250921-00/lowlight/Run25790_M1_low_light_fits.png
Low-light fit data saved to /raid1/genli/Data_D2O/M1_data/BRN/analysis_25306-26233_M1_20251030-013056/subjob_25781-25799/run25790_20250921-00/lowlight/Run25790_M1_low_light_fits.pkl
Veto efficiency plot saved to /raid1/genli/Data_D2O/M1_data/BRN/analysis_25306-26233_M1_20251030-013056/subjob_25781-25799/run25790_20250921-00/histograms/25790_M1_veto_efficiency.png
Veto efficiency data saved to /raid1/genli/Data_D2O/M1_data/BRN/analysis_25306-26233_M1_20251030-013056/subjob_25781-25799/run25790_20250921-00/histograms/25790_M1_veto_efficiency.pkl
Run 25790: after NaN drop: 18792 events
Run 25790: after Δt cut: 8947 events
Run 25790: after total_pe cut: 8944 events
Run 25790: after time-std < 40.0 ns cut: 8944 events
Correlation map saved to /raid1/genli/Data_D2O/M1_data/BRN/analysis_25306-26233_M1_20251030-013056/subjob_25781-25799/run25790_20250921-00/cuthist/Run_25790_M1_correlation_map.png
--- Processing run 25791 ---
Low-light fits saved to /raid1/genli/Data_D2O/M1_data/BRN/analysis_25306-26233_M1_20251030-013056/subjob_25781-25799/run25791_20250921-01/lowlight/Run25791_M1_low_light_fits.png
Low-light fit data saved to /raid1/genli/Data_D2O/M1_data/BRN/analysis_25306-26233_M1_20251030-013056/subjob_25781-25799/run25791_20250921-01/lowlight/Run25791_M1_low_light_fits.pkl
Veto efficiency plot saved to /raid1/genli/Data_D2O/M1_data/BRN/analysis_25306-26233_M1_20251030-013056/subjob_25781-25799/run25791_20250921-01/histograms/25791_M1_veto_efficiency.png
Veto efficiency data saved to /raid1/genli/Data_D2O/M1_data/BRN/analysis_25306-26233_M1_20251030-013056/subjob_25781-25799/run25791_20250921-01/histograms/25791_M1_veto_efficiency.pkl
Run 25791: after NaN drop: 18730 events
Run 25791: after Δt cut: 9141 events
Run 25791: after total_pe cut: 9139 events
Run 25791: after time-std < 40.0 ns cut: 9139 events
Correlation map saved to /raid1/genli/Data_D2O/M1_data/BRN/analysis_25306-26233_M1_20251030-013056/subjob_25781-25799/run25791_20250921-01/cuthist/Run_25791_M1_correlation_map.png
--- Processing run 25792 ---
Low-light fits saved to /raid1/genli/Data_D2O/M1_data/BRN/analysis_25306-26233_M1_20251030-013056/subjob_25781-25799/run25792_20250921-02/lowlight/Run25792_M1_low_light_fits.png
Low-light fit data saved to /raid1/genli/Data_D2O/M1_data/BRN/analysis_25306-26233_M1_20251030-013056/subjob_25781-25799/run25792_20250921-02/lowlight/Run25792_M1_low_light_fits.pkl
Veto efficiency plot saved to /raid1/genli/Data_D2O/M1_data/BRN/analysis_25306-26233_M1_20251030-013056/subjob_25781-25799/run25792_20250921-02/histograms/25792_M1_veto_efficiency.png
Veto efficiency data saved to /raid1/genli/Data_D2O/M1_data/BRN/analysis_25306-26233_M1_20251030-013056/subjob_25781-25799/run25792_20250921-02/histograms/25792_M1_veto_efficiency.pkl
Run 25792: after NaN drop: 18688 events
Run 25792: after Δt cut: 9038 events
Run 25792: after total_pe cut: 9036 events
Run 25792: after time-std < 40.0 ns cut: 9036 events
Correlation map saved to /raid1/genli/Data_D2O/M1_data/BRN/analysis_25306-26233_M1_20251030-013056/subjob_25781-25799/run25792_20250921-02/cuthist/Run_25792_M1_correlation_map.png
--- Processing run 25793 ---
Low-light fits saved to /raid1/genli/Data_D2O/M1_data/BRN/analysis_25306-26233_M1_20251030-013056/subjob_25781-25799/run25793_20250921-03/lowlight/Run25793_M1_low_light_fits.png
Low-light fit data saved to /raid1/genli/Data_D2O/M1_data/BRN/analysis_25306-26233_M1_20251030-013056/subjob_25781-25799/run25793_20250921-03/lowlight/Run25793_M1_low_light_fits.pkl
Veto efficiency plot saved to /raid1/genli/Data_D2O/M1_data/BRN/analysis_25306-26233_M1_20251030-013056/subjob_25781-25799/run25793_20250921-03/histograms/25793_M1_veto_efficiency.png
Veto efficiency data saved to /raid1/genli/Data_D2O/M1_data/BRN/analysis_25306-26233_M1_20251030-013056/subjob_25781-25799/run25793_20250921-03/histograms/25793_M1_veto_efficiency.pkl
Run 25793: after NaN drop: 19036 events
Run 25793: after Δt cut: 9194 events
Run 25793: after total_pe cut: 9193 events
Run 25793: after time-std < 40.0 ns cut: 9193 events
Correlation map saved to /raid1/genli/Data_D2O/M1_data/BRN/analysis_25306-26233_M1_20251030-013056/subjob_25781-25799/run25793_20250921-03/cuthist/Run_25793_M1_correlation_map.png
--- Processing run 25794 ---
Low-light fits saved to /raid1/genli/Data_D2O/M1_data/BRN/analysis_25306-26233_M1_20251030-013056/subjob_25781-25799/run25794_20250921-04/lowlight/Run25794_M1_low_light_fits.png
Low-light fit data saved to /raid1/genli/Data_D2O/M1_data/BRN/analysis_25306-26233_M1_20251030-013056/subjob_25781-25799/run25794_20250921-04/lowlight/Run25794_M1_low_light_fits.pkl
Veto efficiency plot saved to /raid1/genli/Data_D2O/M1_data/BRN/analysis_25306-26233_M1_20251030-013056/subjob_25781-25799/run25794_20250921-04/histograms/25794_M1_veto_efficiency.png
Veto efficiency data saved to /raid1/genli/Data_D2O/M1_data/BRN/analysis_25306-26233_M1_20251030-013056/subjob_25781-25799/run25794_20250921-04/histograms/25794_M1_veto_efficiency.pkl
Run 25794: after NaN drop: 18866 events
Run 25794: after Δt cut: 9008 events
Run 25794: after total_pe cut: 9008 events
Run 25794: after time-std < 40.0 ns cut: 9008 events
Correlation map saved to /raid1/genli/Data_D2O/M1_data/BRN/analysis_25306-26233_M1_20251030-013056/subjob_25781-25799/run25794_20250921-04/cuthist/Run_25794_M1_correlation_map.png
--- Processing run 25795 ---
Low-light fits saved to /raid1/genli/Data_D2O/M1_data/BRN/analysis_25306-26233_M1_20251030-013056/subjob_25781-25799/run25795_20250921-05/lowlight/Run25795_M1_low_light_fits.png
Low-light fit data saved to /raid1/genli/Data_D2O/M1_data/BRN/analysis_25306-26233_M1_20251030-013056/subjob_25781-25799/run25795_20250921-05/lowlight/Run25795_M1_low_light_fits.pkl
Veto efficiency plot saved to /raid1/genli/Data_D2O/M1_data/BRN/analysis_25306-26233_M1_20251030-013056/subjob_25781-25799/run25795_20250921-05/histograms/25795_M1_veto_efficiency.png
Veto efficiency data saved to /raid1/genli/Data_D2O/M1_data/BRN/analysis_25306-26233_M1_20251030-013056/subjob_25781-25799/run25795_20250921-05/histograms/25795_M1_veto_efficiency.pkl
Run 25795: after NaN drop: 18784 events
Run 25795: after Δt cut: 9205 events
Run 25795: after total_pe cut: 9205 events
Run 25795: after time-std < 40.0 ns cut: 9205 events
Correlation map saved to /raid1/genli/Data_D2O/M1_data/BRN/analysis_25306-26233_M1_20251030-013056/subjob_25781-25799/run25795_20250921-05/cuthist/Run_25795_M1_correlation_map.png
--- Processing run 25796 ---
Low-light fits saved to /raid1/genli/Data_D2O/M1_data/BRN/analysis_25306-26233_M1_20251030-013056/subjob_25781-25799/run25796_20250921-06/lowlight/Run25796_M1_low_light_fits.png
Low-light fit data saved to /raid1/genli/Data_D2O/M1_data/BRN/analysis_25306-26233_M1_20251030-013056/subjob_25781-25799/run25796_20250921-06/lowlight/Run25796_M1_low_light_fits.pkl
Veto efficiency plot saved to /raid1/genli/Data_D2O/M1_data/BRN/analysis_25306-26233_M1_20251030-013056/subjob_25781-25799/run25796_20250921-06/histograms/25796_M1_veto_efficiency.png
Veto efficiency data saved to /raid1/genli/Data_D2O/M1_data/BRN/analysis_25306-26233_M1_20251030-013056/subjob_25781-25799/run25796_20250921-06/histograms/25796_M1_veto_efficiency.pkl
Run 25796: after NaN drop: 18627 events
Run 25796: after Δt cut: 9151 events
Run 25796: after total_pe cut: 9150 events
Run 25796: after time-std < 40.0 ns cut: 9150 events
Correlation map saved to /raid1/genli/Data_D2O/M1_data/BRN/analysis_25306-26233_M1_20251030-013056/subjob_25781-25799/run25796_20250921-06/cuthist/Run_25796_M1_correlation_map.png
--- Processing run 25797 ---
Low-light fits saved to /raid1/genli/Data_D2O/M1_data/BRN/analysis_25306-26233_M1_20251030-013056/subjob_25781-25799/run25797_20250921-07/lowlight/Run25797_M1_low_light_fits.png
Low-light fit data saved to /raid1/genli/Data_D2O/M1_data/BRN/analysis_25306-26233_M1_20251030-013056/subjob_25781-25799/run25797_20250921-07/lowlight/Run25797_M1_low_light_fits.pkl
Veto efficiency plot saved to /raid1/genli/Data_D2O/M1_data/BRN/analysis_25306-26233_M1_20251030-013056/subjob_25781-25799/run25797_20250921-07/histograms/25797_M1_veto_efficiency.png
Veto efficiency data saved to /raid1/genli/Data_D2O/M1_data/BRN/analysis_25306-26233_M1_20251030-013056/subjob_25781-25799/run25797_20250921-07/histograms/25797_M1_veto_efficiency.pkl
Run 25797: after NaN drop: 18844 events
Run 25797: after Δt cut: 9152 events
Run 25797: after total_pe cut: 9150 events
Run 25797: after time-std < 40.0 ns cut: 9150 events
Correlation map saved to /raid1/genli/Data_D2O/M1_data/BRN/analysis_25306-26233_M1_20251030-013056/subjob_25781-25799/run25797_20250921-07/cuthist/Run_25797_M1_correlation_map.png
--- Processing run 25798 ---
Low-light fits saved to /raid1/genli/Data_D2O/M1_data/BRN/analysis_25306-26233_M1_20251030-013056/subjob_25781-25799/run25798_20250921-08/lowlight/Run25798_M1_low_light_fits.png
Low-light fit data saved to /raid1/genli/Data_D2O/M1_data/BRN/analysis_25306-26233_M1_20251030-013056/subjob_25781-25799/run25798_20250921-08/lowlight/Run25798_M1_low_light_fits.pkl
Veto efficiency plot saved to /raid1/genli/Data_D2O/M1_data/BRN/analysis_25306-26233_M1_20251030-013056/subjob_25781-25799/run25798_20250921-08/histograms/25798_M1_veto_efficiency.png
Veto efficiency data saved to /raid1/genli/Data_D2O/M1_data/BRN/analysis_25306-26233_M1_20251030-013056/subjob_25781-25799/run25798_20250921-08/histograms/25798_M1_veto_efficiency.pkl
Run 25798: after NaN drop: 18752 events
Run 25798: after Δt cut: 8984 events
Run 25798: after total_pe cut: 8984 events
Run 25798: after time-std < 40.0 ns cut: 8984 events
Correlation map saved to /raid1/genli/Data_D2O/M1_data/BRN/analysis_25306-26233_M1_20251030-013056/subjob_25781-25799/run25798_20250921-08/cuthist/Run_25798_M1_correlation_map.png
--- Processing run 25799 ---
Low-light fits saved to /raid1/genli/Data_D2O/M1_data/BRN/analysis_25306-26233_M1_20251030-013056/subjob_25781-25799/run25799_20250921-09/lowlight/Run25799_M1_low_light_fits.png
Low-light fit data saved to /raid1/genli/Data_D2O/M1_data/BRN/analysis_25306-26233_M1_20251030-013056/subjob_25781-25799/run25799_20250921-09/lowlight/Run25799_M1_low_light_fits.pkl
Veto efficiency plot saved to /raid1/genli/Data_D2O/M1_data/BRN/analysis_25306-26233_M1_20251030-013056/subjob_25781-25799/run25799_20250921-09/histograms/25799_M1_veto_efficiency.png
Veto efficiency data saved to /raid1/genli/Data_D2O/M1_data/BRN/analysis_25306-26233_M1_20251030-013056/subjob_25781-25799/run25799_20250921-09/histograms/25799_M1_veto_efficiency.pkl
Run 25799: after NaN drop: 18635 events
Run 25799: after Δt cut: 8934 events
Run 25799: after total_pe cut: 8933 events
Run 25799: after time-std < 40.0 ns cut: 8933 events
Correlation map saved to /raid1/genli/Data_D2O/M1_data/BRN/analysis_25306-26233_M1_20251030-013056/subjob_25781-25799/run25799_20250921-09/cuthist/Run_25799_M1_correlation_map.png
Saving aggregated data for sub-job 25781-25799...
Successfully saved data for master aggregation.
--- Sub-job Analysis Complete ---
