/home/genli/.local/lib/python3.9/site-packages/numpy/lib/nanfunctions.py:1878: RuntimeWarning: Degrees of freedom <= 0 for slice.
  var = nanvar(a, axis=axis, dtype=dtype, out=out, ddof=ddof,
=== Configuration ===
Analysis type: M1
Runs: 14984 to 14984
Output Directory for this job: /raid1/genli/Data_D2O/M1_data/analysis_14977-14986_M1_20251124-161506/subjob_14984-14984
Δt cut: (2197, 10985) ns
Photoelectron cut: (0, 1000) P.E.
Time-std cut: < 40.0 ns
======================
--- Processing run 14984 ---
Length of time: 3597974865088.0 ns
Length of time: 59.96624775146667 minutes
Low-light fits saved to /raid1/genli/Data_D2O/M1_data/analysis_14977-14986_M1_20251124-161506/subjob_14984-14984/run14984_20240601-06/lowlight/Run14984_M1_low_light_fits.png
Low-light fit data saved to /raid1/genli/Data_D2O/M1_data/analysis_14977-14986_M1_20251124-161506/subjob_14984-14984/run14984_20240601-06/lowlight/Run14984_M1_low_light_fits.pkl
Applying 2000 ns time interval cut...
Time interval cut: Kept 2385231 / 2406820 events
Veto efficiency plot saved to /raid1/genli/Data_D2O/M1_data/analysis_14977-14986_M1_20251124-161506/subjob_14984-14984/run14984_20240601-06/histograms/14984_M1_veto_efficiency.png
Veto efficiency data saved to /raid1/genli/Data_D2O/M1_data/analysis_14977-14986_M1_20251124-161506/subjob_14984-14984/run14984_20240601-06/histograms/14984_M1_veto_efficiency.pkl
Run 14984: after NaN drop: 8879 events
Run 14984: after Δt cut: 5109 events
Run 14984: after total_pe cut: 5107 events
Run 14984: after time-std < 40.0 ns cut: 5107 events
Correlation map saved to /raid1/genli/Data_D2O/M1_data/analysis_14977-14986_M1_20251124-161506/subjob_14984-14984/run14984_20240601-06/cuthist/Run_14984_M1_correlation_map.png
Saving aggregated data for sub-job 14984-14984...
Sub-job time length saved to /raid1/genli/Data_D2O/M1_data/analysis_14977-14986_M1_20251124-161506/subjob_14984-14984/subjob_time_length.json
Successfully saved data for master aggregation.
--- Sub-job Analysis Complete ---
