/home/genli/.local/lib/python3.9/site-packages/numpy/lib/nanfunctions.py:1878: RuntimeWarning: Degrees of freedom <= 0 for slice.
  var = nanvar(a, axis=axis, dtype=dtype, out=out, ddof=ddof,
/usr/local/lib64/python3.9/site-packages/scipy/stats/_stats_py.py:4424: ConstantInputWarning: An input array is constant; the correlation coefficient is not defined.
  warnings.warn(stats.ConstantInputWarning(msg))
/usr/local/lib64/python3.9/site-packages/scipy/stats/_stats_py.py:4424: ConstantInputWarning: An input array is constant; the correlation coefficient is not defined.
  warnings.warn(stats.ConstantInputWarning(msg))
/usr/local/lib64/python3.9/site-packages/scipy/stats/_stats_py.py:4424: ConstantInputWarning: An input array is constant; the correlation coefficient is not defined.
  warnings.warn(stats.ConstantInputWarning(msg))
/usr/local/lib64/python3.9/site-packages/scipy/stats/_stats_py.py:4424: ConstantInputWarning: An input array is constant; the correlation coefficient is not defined.
  warnings.warn(stats.ConstantInputWarning(msg))
/home/genli/.local/lib/python3.9/site-packages/numpy/lib/nanfunctions.py:1878: RuntimeWarning: Degrees of freedom <= 0 for slice.
  var = nanvar(a, axis=axis, dtype=dtype, out=out, ddof=ddof,
/usr/local/lib64/python3.9/site-packages/scipy/stats/_stats_py.py:4424: ConstantInputWarning: An input array is constant; the correlation coefficient is not defined.
  warnings.warn(stats.ConstantInputWarning(msg))
/usr/local/lib64/python3.9/site-packages/scipy/stats/_stats_py.py:4424: ConstantInputWarning: An input array is constant; the correlation coefficient is not defined.
  warnings.warn(stats.ConstantInputWarning(msg))
/usr/local/lib64/python3.9/site-packages/scipy/stats/_stats_py.py:4424: ConstantInputWarning: An input array is constant; the correlation coefficient is not defined.
  warnings.warn(stats.ConstantInputWarning(msg))
/usr/local/lib64/python3.9/site-packages/scipy/stats/_stats_py.py:4424: ConstantInputWarning: An input array is constant; the correlation coefficient is not defined.
  warnings.warn(stats.ConstantInputWarning(msg))
/home/genli/.local/lib/python3.9/site-packages/numpy/lib/nanfunctions.py:1878: RuntimeWarning: Degrees of freedom <= 0 for slice.
  var = nanvar(a, axis=axis, dtype=dtype, out=out, ddof=ddof,
/usr/local/lib64/python3.9/site-packages/scipy/stats/_stats_py.py:4424: ConstantInputWarning: An input array is constant; the correlation coefficient is not defined.
  warnings.warn(stats.ConstantInputWarning(msg))
/usr/local/lib64/python3.9/site-packages/scipy/stats/_stats_py.py:4424: ConstantInputWarning: An input array is constant; the correlation coefficient is not defined.
  warnings.warn(stats.ConstantInputWarning(msg))
/usr/local/lib64/python3.9/site-packages/scipy/stats/_stats_py.py:4424: ConstantInputWarning: An input array is constant; the correlation coefficient is not defined.
  warnings.warn(stats.ConstantInputWarning(msg))
/usr/local/lib64/python3.9/site-packages/scipy/stats/_stats_py.py:4424: ConstantInputWarning: An input array is constant; the correlation coefficient is not defined.
  warnings.warn(stats.ConstantInputWarning(msg))
=== Configuration ===
Analysis type: M1
Runs: 15094 to 15096
Output Directory for this job: /raid1/genli/Data_D2O/M1_data/analysis_14977-15096_M1_20251202-213748/subjob_15094-15096
Δt cut: (2197, 10985) ns
Photoelectron cut: (0, 1000) P.E.
Time-std cut: < 40.0 ns
======================
--- Processing run 15094 ---
Length of time: 3597973344480.0 ns
Length of time: 59.966222408 minutes
Low-light fits saved to /raid1/genli/Data_D2O/M1_data/analysis_14977-15096_M1_20251202-213748/subjob_15094-15096/run15094_20240605-20/lowlight/Run15094_M1_low_light_fits.png
Low-light fit data saved to /raid1/genli/Data_D2O/M1_data/analysis_14977-15096_M1_20251202-213748/subjob_15094-15096/run15094_20240605-20/lowlight/Run15094_M1_low_light_fits.pkl
Applying 2000 ns time interval cut...
Time interval cut: Kept 2377470 / 2399132 events
Veto efficiency plot saved to /raid1/genli/Data_D2O/M1_data/analysis_14977-15096_M1_20251202-213748/subjob_15094-15096/run15094_20240605-20/histograms/15094_M1_veto_efficiency.png
Veto efficiency data saved to /raid1/genli/Data_D2O/M1_data/analysis_14977-15096_M1_20251202-213748/subjob_15094-15096/run15094_20240605-20/histograms/15094_M1_veto_efficiency.pkl
Run 15094: after NaN drop: 7698 events
Run 15094: after Δt cut: 5120 events
Run 15094: after total_pe cut: 5116 events
Run 15094: after time-std < 40.0 ns cut: 5116 events
Correlation map saved to /raid1/genli/Data_D2O/M1_data/analysis_14977-15096_M1_20251202-213748/subjob_15094-15096/run15094_20240605-20/cuthist/Run_15094_M1_correlation_map.png
--- Processing run 15095 ---
Length of time: 3597974655728.0 ns
Length of time: 59.96624426213334 minutes
Low-light fits saved to /raid1/genli/Data_D2O/M1_data/analysis_14977-15096_M1_20251202-213748/subjob_15094-15096/run15095_20240605-21/lowlight/Run15095_M1_low_light_fits.png
Low-light fit data saved to /raid1/genli/Data_D2O/M1_data/analysis_14977-15096_M1_20251202-213748/subjob_15094-15096/run15095_20240605-21/lowlight/Run15095_M1_low_light_fits.pkl
Applying 2000 ns time interval cut...
Time interval cut: Kept 2377774 / 2399278 events
Veto efficiency plot saved to /raid1/genli/Data_D2O/M1_data/analysis_14977-15096_M1_20251202-213748/subjob_15094-15096/run15095_20240605-21/histograms/15095_M1_veto_efficiency.png
Veto efficiency data saved to /raid1/genli/Data_D2O/M1_data/analysis_14977-15096_M1_20251202-213748/subjob_15094-15096/run15095_20240605-21/histograms/15095_M1_veto_efficiency.pkl
Run 15095: after NaN drop: 7413 events
Run 15095: after Δt cut: 5030 events
Run 15095: after total_pe cut: 5027 events
Run 15095: after time-std < 40.0 ns cut: 5027 events
Correlation map saved to /raid1/genli/Data_D2O/M1_data/analysis_14977-15096_M1_20251202-213748/subjob_15094-15096/run15095_20240605-21/cuthist/Run_15095_M1_correlation_map.png
--- Processing run 15096 ---
Length of time: 3597974343776.0 ns
Length of time: 59.96623906293333 minutes
Low-light fits saved to /raid1/genli/Data_D2O/M1_data/analysis_14977-15096_M1_20251202-213748/subjob_15094-15096/run15096_20240605-22/lowlight/Run15096_M1_low_light_fits.png
Low-light fit data saved to /raid1/genli/Data_D2O/M1_data/analysis_14977-15096_M1_20251202-213748/subjob_15094-15096/run15096_20240605-22/lowlight/Run15096_M1_low_light_fits.pkl
Applying 2000 ns time interval cut...
Time interval cut: Kept 2379383 / 2401317 events
Veto efficiency plot saved to /raid1/genli/Data_D2O/M1_data/analysis_14977-15096_M1_20251202-213748/subjob_15094-15096/run15096_20240605-22/histograms/15096_M1_veto_efficiency.png
Veto efficiency data saved to /raid1/genli/Data_D2O/M1_data/analysis_14977-15096_M1_20251202-213748/subjob_15094-15096/run15096_20240605-22/histograms/15096_M1_veto_efficiency.pkl
Run 15096: after NaN drop: 7403 events
Run 15096: after Δt cut: 4908 events
Run 15096: after total_pe cut: 4901 events
Run 15096: after time-std < 40.0 ns cut: 4901 events
Correlation map saved to /raid1/genli/Data_D2O/M1_data/analysis_14977-15096_M1_20251202-213748/subjob_15094-15096/run15096_20240605-22/cuthist/Run_15096_M1_correlation_map.png
Saving aggregated data for sub-job 15094-15096...
Sub-job time length saved to /raid1/genli/Data_D2O/M1_data/analysis_14977-15096_M1_20251202-213748/subjob_15094-15096/subjob_time_length.json
Successfully saved data for master aggregation.
--- Sub-job Analysis Complete ---
