/home/genli/.local/lib/python3.9/site-packages/numpy/lib/nanfunctions.py:1878: RuntimeWarning: Degrees of freedom <= 0 for slice.
  var = nanvar(a, axis=axis, dtype=dtype, out=out, ddof=ddof,
=== Configuration ===
Analysis type: M1
Runs: 23168 to 23168
Output Directory for this job: /raid1/genli/Data_D2O/M1_data/analysis_23163-23172_M1_20251124-161302/subjob_23168-23168
Δt cut: (2197, 10985) ns
Photoelectron cut: (0, 1000) P.E.
Time-std cut: < 40.0 ns
======================
--- Processing run 23168 ---
Length of time: 3596998767376.0 ns
Length of time: 59.94997945626667 minutes
Low-light fits saved to /raid1/genli/Data_D2O/M1_data/analysis_23163-23172_M1_20251124-161302/subjob_23168-23168/run23168_20250602-00/lowlight/Run23168_M1_low_light_fits.png
Low-light fit data saved to /raid1/genli/Data_D2O/M1_data/analysis_23163-23172_M1_20251124-161302/subjob_23168-23168/run23168_20250602-00/lowlight/Run23168_M1_low_light_fits.pkl
Applying 2000 ns time interval cut...
Time interval cut: Kept 2102286 / 2144771 events
Veto efficiency plot saved to /raid1/genli/Data_D2O/M1_data/analysis_23163-23172_M1_20251124-161302/subjob_23168-23168/run23168_20250602-00/histograms/23168_M1_veto_efficiency.png
Veto efficiency data saved to /raid1/genli/Data_D2O/M1_data/analysis_23163-23172_M1_20251124-161302/subjob_23168-23168/run23168_20250602-00/histograms/23168_M1_veto_efficiency.pkl
Run 23168: after NaN drop: 6990 events
Run 23168: after Δt cut: 4661 events
Run 23168: after total_pe cut: 4659 events
Run 23168: after time-std < 40.0 ns cut: 4659 events
Correlation map saved to /raid1/genli/Data_D2O/M1_data/analysis_23163-23172_M1_20251124-161302/subjob_23168-23168/run23168_20250602-00/cuthist/Run_23168_M1_correlation_map.png
Saving aggregated data for sub-job 23168-23168...
Sub-job time length saved to /raid1/genli/Data_D2O/M1_data/analysis_23163-23172_M1_20251124-161302/subjob_23168-23168/subjob_time_length.json
Successfully saved data for master aggregation.
--- Sub-job Analysis Complete ---
