/home/genli/.local/lib/python3.9/site-packages/numpy/lib/nanfunctions.py:1878: RuntimeWarning: Degrees of freedom <= 0 for slice.
  var = nanvar(a, axis=axis, dtype=dtype, out=out, ddof=ddof,
=== Configuration ===
Analysis type: M1
Runs: 14982 to 14982
Output Directory for this job: /raid1/genli/Data_D2O/M1_data/analysis_14977-14986_M1_20251124-161506/subjob_14982-14982
Δt cut: (2197, 10985) ns
Photoelectron cut: (0, 1000) P.E.
Time-std cut: < 40.0 ns
======================
--- Processing run 14982 ---
Length of time: 3597974652976.0 ns
Length of time: 59.96624421626667 minutes
Low-light fits saved to /raid1/genli/Data_D2O/M1_data/analysis_14977-14986_M1_20251124-161506/subjob_14982-14982/run14982_20240601-04/lowlight/Run14982_M1_low_light_fits.png
Low-light fit data saved to /raid1/genli/Data_D2O/M1_data/analysis_14977-14986_M1_20251124-161506/subjob_14982-14982/run14982_20240601-04/lowlight/Run14982_M1_low_light_fits.pkl
Applying 2000 ns time interval cut...
Time interval cut: Kept 2384768 / 2406036 events
Veto efficiency plot saved to /raid1/genli/Data_D2O/M1_data/analysis_14977-14986_M1_20251124-161506/subjob_14982-14982/run14982_20240601-04/histograms/14982_M1_veto_efficiency.png
Veto efficiency data saved to /raid1/genli/Data_D2O/M1_data/analysis_14977-14986_M1_20251124-161506/subjob_14982-14982/run14982_20240601-04/histograms/14982_M1_veto_efficiency.pkl
Run 14982: after NaN drop: 9016 events
Run 14982: after Δt cut: 5340 events
Run 14982: after total_pe cut: 5337 events
Run 14982: after time-std < 40.0 ns cut: 5337 events
Correlation map saved to /raid1/genli/Data_D2O/M1_data/analysis_14977-14986_M1_20251124-161506/subjob_14982-14982/run14982_20240601-04/cuthist/Run_14982_M1_correlation_map.png
Saving aggregated data for sub-job 14982-14982...
Sub-job time length saved to /raid1/genli/Data_D2O/M1_data/analysis_14977-14986_M1_20251124-161506/subjob_14982-14982/subjob_time_length.json
Successfully saved data for master aggregation.
--- Sub-job Analysis Complete ---
