/home/genli/.local/lib/python3.9/site-packages/numpy/lib/nanfunctions.py:1878: RuntimeWarning: Degrees of freedom <= 0 for slice.
  var = nanvar(a, axis=axis, dtype=dtype, out=out, ddof=ddof,
/home/genli/.local/lib/python3.9/site-packages/numpy/lib/nanfunctions.py:1878: RuntimeWarning: Degrees of freedom <= 0 for slice.
  var = nanvar(a, axis=axis, dtype=dtype, out=out, ddof=ddof,
=== Configuration ===
Analysis type: M1
Runs: 4123 to 4124
Output Directory for this job: /raid1/genli/Data_D2O/M1_data/analysis_legacy_4123-4128_M1_20250915-173514/subjob_4123-4124
Δt cut: (0, 10000) ns
Photoelectron cut: (0, 2000) P.E.
Time-std cut: < 40.0 ns
Thin Veto Analysis: ENABLED
======================
--- Processing run 4123 ---
Applied legacy muon veto: 601233 events had trigger bits modified (+32)
Low-light fits saved to /raid1/genli/Data_D2O/M1_data/analysis_legacy_4123-4128_M1_20250915-173514/subjob_4123-4124/run4123_20221201-14/lowlight/Run4123_M1_low_light_fits.png
Low-light fit data saved to /raid1/genli/Data_D2O/M1_data/analysis_legacy_4123-4128_M1_20250915-173514/subjob_4123-4124/run4123_20221201-14/lowlight/Run4123_M1_low_light_fits.pkl
Run 4123: Generating veto plots AFTER cuts...
Veto efficiency plot saved to /raid1/genli/Data_D2O/M1_data/analysis_legacy_4123-4128_M1_20250915-173514/subjob_4123-4124/run4123_20221201-14/histograms/4123_M1_veto_efficiency.png
Veto efficiency data saved to /raid1/genli/Data_D2O/M1_data/analysis_legacy_4123-4128_M1_20250915-173514/subjob_4123-4124/run4123_20221201-14/histograms/4123_M1_veto_efficiency.pkl
Run 4123: after NaN drop: 131240 events
Run 4123: after Δt cut: 4744 events
Run 4123: after total_pe cut: 4744 events
Run 4123: after time-std < 40.0 ns cut: 4744 events
Correlation map saved to /raid1/genli/Data_D2O/M1_data/analysis_legacy_4123-4128_M1_20250915-173514/subjob_4123-4124/run4123_20221201-14/cuthist/Run_4123_M1_correlation_map.png
SiPM histograms saved to /raid1/genli/Data_D2O/M1_data/analysis_legacy_4123-4128_M1_20250915-173514/subjob_4123-4124/run4123_20221201-14/Run_4123_M1_sipm_area_histograms.png
SiPM histogram data saved to /raid1/genli/Data_D2O/M1_data/analysis_legacy_4123-4128_M1_20250915-173514/subjob_4123-4124/run4123_20221201-14/Run_4123_M1_sipm_area_histograms.pkl
--- Processing run 4124 ---
Applied legacy muon veto: 601365 events had trigger bits modified (+32)
Low-light fits saved to /raid1/genli/Data_D2O/M1_data/analysis_legacy_4123-4128_M1_20250915-173514/subjob_4123-4124/run4124_20221201-15/lowlight/Run4124_M1_low_light_fits.png
Low-light fit data saved to /raid1/genli/Data_D2O/M1_data/analysis_legacy_4123-4128_M1_20250915-173514/subjob_4123-4124/run4124_20221201-15/lowlight/Run4124_M1_low_light_fits.pkl
Run 4124: Generating veto plots AFTER cuts...
Veto efficiency plot saved to /raid1/genli/Data_D2O/M1_data/analysis_legacy_4123-4128_M1_20250915-173514/subjob_4123-4124/run4124_20221201-15/histograms/4124_M1_veto_efficiency.png
Veto efficiency data saved to /raid1/genli/Data_D2O/M1_data/analysis_legacy_4123-4128_M1_20250915-173514/subjob_4123-4124/run4124_20221201-15/histograms/4124_M1_veto_efficiency.pkl
Run 4124: after NaN drop: 133138 events
Run 4124: after Δt cut: 4699 events
Run 4124: after total_pe cut: 4699 events
Run 4124: after time-std < 40.0 ns cut: 4699 events
Correlation map saved to /raid1/genli/Data_D2O/M1_data/analysis_legacy_4123-4128_M1_20250915-173514/subjob_4123-4124/run4124_20221201-15/cuthist/Run_4124_M1_correlation_map.png
SiPM histograms saved to /raid1/genli/Data_D2O/M1_data/analysis_legacy_4123-4128_M1_20250915-173514/subjob_4123-4124/run4124_20221201-15/Run_4124_M1_sipm_area_histograms.png
SiPM histogram data saved to /raid1/genli/Data_D2O/M1_data/analysis_legacy_4123-4128_M1_20250915-173514/subjob_4123-4124/run4124_20221201-15/Run_4124_M1_sipm_area_histograms.pkl
Veto efficiency plot saved to /raid1/genli/Data_D2O/M1_data/analysis_legacy_4123-4128_M1_20250915-173514/subjob_4123-4124/Runs_4123_4124_M1_veto_efficiency_agg.png
Veto efficiency data saved to /raid1/genli/Data_D2O/M1_data/analysis_legacy_4123-4128_M1_20250915-173514/subjob_4123-4124/Runs_4123_4124_M1_veto_efficiency_agg.pkl
--- Generating Aggregated Thin Veto Comparison Plots ---
Saving aggregated data for sub-job 4123-4124...
Successfully saved data for master aggregation.
--- Sub-job Analysis Complete ---
