/home/genli/.local/lib/python3.9/site-packages/numpy/lib/nanfunctions.py:1878: RuntimeWarning: Degrees of freedom <= 0 for slice.
  var = nanvar(a, axis=axis, dtype=dtype, out=out, ddof=ddof,
/usr/local/lib64/python3.9/site-packages/scipy/stats/_stats_py.py:4424: ConstantInputWarning: An input array is constant; the correlation coefficient is not defined.
  warnings.warn(stats.ConstantInputWarning(msg))
/usr/local/lib64/python3.9/site-packages/scipy/stats/_stats_py.py:4424: ConstantInputWarning: An input array is constant; the correlation coefficient is not defined.
  warnings.warn(stats.ConstantInputWarning(msg))
/usr/local/lib64/python3.9/site-packages/scipy/stats/_stats_py.py:4424: ConstantInputWarning: An input array is constant; the correlation coefficient is not defined.
  warnings.warn(stats.ConstantInputWarning(msg))
/usr/local/lib64/python3.9/site-packages/scipy/stats/_stats_py.py:4424: ConstantInputWarning: An input array is constant; the correlation coefficient is not defined.
  warnings.warn(stats.ConstantInputWarning(msg))
/home/genli/.local/lib/python3.9/site-packages/numpy/lib/nanfunctions.py:1878: RuntimeWarning: Degrees of freedom <= 0 for slice.
  var = nanvar(a, axis=axis, dtype=dtype, out=out, ddof=ddof,
/usr/local/lib64/python3.9/site-packages/scipy/stats/_stats_py.py:4424: ConstantInputWarning: An input array is constant; the correlation coefficient is not defined.
  warnings.warn(stats.ConstantInputWarning(msg))
/usr/local/lib64/python3.9/site-packages/scipy/stats/_stats_py.py:4424: ConstantInputWarning: An input array is constant; the correlation coefficient is not defined.
  warnings.warn(stats.ConstantInputWarning(msg))
/usr/local/lib64/python3.9/site-packages/scipy/stats/_stats_py.py:4424: ConstantInputWarning: An input array is constant; the correlation coefficient is not defined.
  warnings.warn(stats.ConstantInputWarning(msg))
/usr/local/lib64/python3.9/site-packages/scipy/stats/_stats_py.py:4424: ConstantInputWarning: An input array is constant; the correlation coefficient is not defined.
  warnings.warn(stats.ConstantInputWarning(msg))
/home/genli/.local/lib/python3.9/site-packages/numpy/lib/nanfunctions.py:1878: RuntimeWarning: Degrees of freedom <= 0 for slice.
  var = nanvar(a, axis=axis, dtype=dtype, out=out, ddof=ddof,
/usr/local/lib64/python3.9/site-packages/scipy/stats/_stats_py.py:4424: ConstantInputWarning: An input array is constant; the correlation coefficient is not defined.
  warnings.warn(stats.ConstantInputWarning(msg))
/usr/local/lib64/python3.9/site-packages/scipy/stats/_stats_py.py:4424: ConstantInputWarning: An input array is constant; the correlation coefficient is not defined.
  warnings.warn(stats.ConstantInputWarning(msg))
/usr/local/lib64/python3.9/site-packages/scipy/stats/_stats_py.py:4424: ConstantInputWarning: An input array is constant; the correlation coefficient is not defined.
  warnings.warn(stats.ConstantInputWarning(msg))
/usr/local/lib64/python3.9/site-packages/scipy/stats/_stats_py.py:4424: ConstantInputWarning: An input array is constant; the correlation coefficient is not defined.
  warnings.warn(stats.ConstantInputWarning(msg))
=== Configuration ===
Analysis type: M1
Runs: 14983 to 14985
Output Directory for this job: /raid1/genli/Data_D2O/M1_data/analysis_14977-15096_M1_20251202-210845/subjob_14983-14985
Δt cut: (17576, 219700) ns
Photoelectron cut: (0, 1000) P.E.
Time-std cut: < 40.0 ns
======================
--- Processing run 14983 ---
Length of time: 3597971621520.0 ns
Length of time: 59.966193692000004 minutes
Low-light fits saved to /raid1/genli/Data_D2O/M1_data/analysis_14977-15096_M1_20251202-210845/subjob_14983-14985/run14983_20240601-05/lowlight/Run14983_M1_low_light_fits.png
Low-light fit data saved to /raid1/genli/Data_D2O/M1_data/analysis_14977-15096_M1_20251202-210845/subjob_14983-14985/run14983_20240601-05/lowlight/Run14983_M1_low_light_fits.pkl
Applying 2000 ns time interval cut...
Time interval cut: Kept 2371340 / 2392940 events
Veto efficiency plot saved to /raid1/genli/Data_D2O/M1_data/analysis_14977-15096_M1_20251202-210845/subjob_14983-14985/run14983_20240601-05/histograms/14983_M1_veto_efficiency.png
Veto efficiency data saved to /raid1/genli/Data_D2O/M1_data/analysis_14977-15096_M1_20251202-210845/subjob_14983-14985/run14983_20240601-05/histograms/14983_M1_veto_efficiency.pkl
Run 14983: after NaN drop: 7591 events
Run 14983: after Δt cut: 278 events
Run 14983: after total_pe cut: 274 events
Run 14983: after time-std < 40.0 ns cut: 274 events
Correlation map saved to /raid1/genli/Data_D2O/M1_data/analysis_14977-15096_M1_20251202-210845/subjob_14983-14985/run14983_20240601-05/cuthist/Run_14983_M1_correlation_map.png
--- Processing run 14984 ---
Length of time: 3597974865088.0 ns
Length of time: 59.96624775146667 minutes
Low-light fits saved to /raid1/genli/Data_D2O/M1_data/analysis_14977-15096_M1_20251202-210845/subjob_14983-14985/run14984_20240601-06/lowlight/Run14984_M1_low_light_fits.png
Low-light fit data saved to /raid1/genli/Data_D2O/M1_data/analysis_14977-15096_M1_20251202-210845/subjob_14983-14985/run14984_20240601-06/lowlight/Run14984_M1_low_light_fits.pkl
Applying 2000 ns time interval cut...
Time interval cut: Kept 2385231 / 2406820 events
Veto efficiency plot saved to /raid1/genli/Data_D2O/M1_data/analysis_14977-15096_M1_20251202-210845/subjob_14983-14985/run14984_20240601-06/histograms/14984_M1_veto_efficiency.png
Veto efficiency data saved to /raid1/genli/Data_D2O/M1_data/analysis_14977-15096_M1_20251202-210845/subjob_14983-14985/run14984_20240601-06/histograms/14984_M1_veto_efficiency.pkl
Run 14984: after NaN drop: 7296 events
Run 14984: after Δt cut: 310 events
Run 14984: after total_pe cut: 301 events
Run 14984: after time-std < 40.0 ns cut: 301 events
Correlation map saved to /raid1/genli/Data_D2O/M1_data/analysis_14977-15096_M1_20251202-210845/subjob_14983-14985/run14984_20240601-06/cuthist/Run_14984_M1_correlation_map.png
--- Processing run 14985 ---
Length of time: 3597974746352.0 ns
Length of time: 59.96624577253333 minutes
Low-light fits saved to /raid1/genli/Data_D2O/M1_data/analysis_14977-15096_M1_20251202-210845/subjob_14983-14985/run14985_20240601-07/lowlight/Run14985_M1_low_light_fits.png
Low-light fit data saved to /raid1/genli/Data_D2O/M1_data/analysis_14977-15096_M1_20251202-210845/subjob_14983-14985/run14985_20240601-07/lowlight/Run14985_M1_low_light_fits.pkl
Applying 2000 ns time interval cut...
Time interval cut: Kept 2374783 / 2396333 events
Veto efficiency plot saved to /raid1/genli/Data_D2O/M1_data/analysis_14977-15096_M1_20251202-210845/subjob_14983-14985/run14985_20240601-07/histograms/14985_M1_veto_efficiency.png
Veto efficiency data saved to /raid1/genli/Data_D2O/M1_data/analysis_14977-15096_M1_20251202-210845/subjob_14983-14985/run14985_20240601-07/histograms/14985_M1_veto_efficiency.pkl
Run 14985: after NaN drop: 7324 events
Run 14985: after Δt cut: 303 events
Run 14985: after total_pe cut: 296 events
Run 14985: after time-std < 40.0 ns cut: 296 events
Correlation map saved to /raid1/genli/Data_D2O/M1_data/analysis_14977-15096_M1_20251202-210845/subjob_14983-14985/run14985_20240601-07/cuthist/Run_14985_M1_correlation_map.png
Saving aggregated data for sub-job 14983-14985...
Sub-job time length saved to /raid1/genli/Data_D2O/M1_data/analysis_14977-15096_M1_20251202-210845/subjob_14983-14985/subjob_time_length.json
Successfully saved data for master aggregation.
--- Sub-job Analysis Complete ---
