No artists with labels found to put in legend.  Note that artists whose label start with an underscore are ignored when legend() is called with no argument.
No artists with labels found to put in legend.  Note that artists whose label start with an underscore are ignored when legend() is called with no argument.
Master output will be saved to: /raid1/genli/Data_D2O/M1_data/analysis_23163-23172_M1_20251124-161302/MASTER_RESULTS
Found 10 sub-job directories to aggregate.
Processing subjob_23163-23163...
Processing subjob_23164-23164...
Processing subjob_23165-23165...
Processing subjob_23166-23166...
Processing subjob_23167-23167...
Processing subjob_23168-23168...
Processing subjob_23169-23169...
Processing subjob_23170-23170...
Processing subjob_23171-23171...
Processing subjob_23172-23172...
Aggregating delta_t, total_pe, and fitting for tau...
Generating aggregate plots for Master Runs 23163-23172
Correlation map saved to /raid1/genli/Data_D2O/M1_data/analysis_23163-23172_M1_20251124-161302/MASTER_RESULTS/Master_Runs_23163_23172_M1_correlation_map.png
Aggregating veto efficiency data...
Veto efficiency plot saved to /raid1/genli/Data_D2O/M1_data/analysis_23163-23172_M1_20251124-161302/MASTER_RESULTS/Master_Runs_23163_23172_M1_veto_efficiency_master.png
Veto efficiency data saved to /raid1/genli/Data_D2O/M1_data/analysis_23163-23172_M1_20251124-161302/MASTER_RESULTS/Master_Runs_23163_23172_M1_veto_efficiency_master.pkl
Plotting aggregated Low-Light data...
Low-light fits saved to /raid1/genli/Data_D2O/M1_data/analysis_23163-23172_M1_20251124-161302/MASTER_RESULTS/Master_Runs_23163_23172_M1_low_light_fits.png
Low-light fit data saved to /raid1/genli/Data_D2O/M1_data/analysis_23163-23172_M1_20251124-161302/MASTER_RESULTS/Master_Runs_23163_23172_M1_low_light_fits.pkl
Plotting aggregated SiPM area data...
SiPM histograms saved to /raid1/genli/Data_D2O/M1_data/analysis_23163-23172_M1_20251124-161302/MASTER_RESULTS/Master_Runs_23163_23172_M1_sipm_area_histograms.png
SiPM histogram data saved to /raid1/genli/Data_D2O/M1_data/analysis_23163-23172_M1_20251124-161302/MASTER_RESULTS/Master_Runs_23163_23172_M1_sipm_area_histograms.pkl
Aggregating Thin Veto data...
Total time length saved to /raid1/genli/Data_D2O/M1_data/analysis_23163-23172_M1_20251124-161302/MASTER_RESULTS/total_time_length.json
Total time: 599.50 minutes (9.99 hours)
Total time: 0.42 days
Run info saved to /raid1/genli/Data_D2O/M1_data/analysis_23163-23172_M1_20251124-161302/MASTER_RESULTS/run_info.txt

--- Master Aggregation Complete ---
