/home/genli/.local/lib/python3.9/site-packages/numpy/lib/nanfunctions.py:1878: RuntimeWarning: Degrees of freedom <= 0 for slice.
  var = nanvar(a, axis=axis, dtype=dtype, out=out, ddof=ddof,
=== Configuration ===
Analysis type: M1
Runs: 14983 to 14983
Output Directory for this job: /raid1/genli/Data_D2O/M1_data/analysis_14977-14986_M1_20251124-161506/subjob_14983-14983
Δt cut: (2197, 10985) ns
Photoelectron cut: (0, 1000) P.E.
Time-std cut: < 40.0 ns
======================
--- Processing run 14983 ---
Length of time: 3597971621520.0 ns
Length of time: 59.966193692000004 minutes
Low-light fits saved to /raid1/genli/Data_D2O/M1_data/analysis_14977-14986_M1_20251124-161506/subjob_14983-14983/run14983_20240601-05/lowlight/Run14983_M1_low_light_fits.png
Low-light fit data saved to /raid1/genli/Data_D2O/M1_data/analysis_14977-14986_M1_20251124-161506/subjob_14983-14983/run14983_20240601-05/lowlight/Run14983_M1_low_light_fits.pkl
Applying 2000 ns time interval cut...
Time interval cut: Kept 2371340 / 2392940 events
Veto efficiency plot saved to /raid1/genli/Data_D2O/M1_data/analysis_14977-14986_M1_20251124-161506/subjob_14983-14983/run14983_20240601-05/histograms/14983_M1_veto_efficiency.png
Veto efficiency data saved to /raid1/genli/Data_D2O/M1_data/analysis_14977-14986_M1_20251124-161506/subjob_14983-14983/run14983_20240601-05/histograms/14983_M1_veto_efficiency.pkl
Run 14983: after NaN drop: 9153 events
Run 14983: after Δt cut: 5519 events
Run 14983: after total_pe cut: 5513 events
Run 14983: after time-std < 40.0 ns cut: 5513 events
Correlation map saved to /raid1/genli/Data_D2O/M1_data/analysis_14977-14986_M1_20251124-161506/subjob_14983-14983/run14983_20240601-05/cuthist/Run_14983_M1_correlation_map.png
Saving aggregated data for sub-job 14983-14983...
Sub-job time length saved to /raid1/genli/Data_D2O/M1_data/analysis_14977-14986_M1_20251124-161506/subjob_14983-14983/subjob_time_length.json
Successfully saved data for master aggregation.
--- Sub-job Analysis Complete ---
