/home/genli/.local/lib/python3.9/site-packages/numpy/lib/nanfunctions.py:1878: RuntimeWarning: Degrees of freedom <= 0 for slice.
  var = nanvar(a, axis=axis, dtype=dtype, out=out, ddof=ddof,
/usr/local/lib64/python3.9/site-packages/scipy/stats/_stats_py.py:4424: ConstantInputWarning: An input array is constant; the correlation coefficient is not defined.
  warnings.warn(stats.ConstantInputWarning(msg))
/usr/local/lib64/python3.9/site-packages/scipy/stats/_stats_py.py:4424: ConstantInputWarning: An input array is constant; the correlation coefficient is not defined.
  warnings.warn(stats.ConstantInputWarning(msg))
/usr/local/lib64/python3.9/site-packages/scipy/stats/_stats_py.py:4424: ConstantInputWarning: An input array is constant; the correlation coefficient is not defined.
  warnings.warn(stats.ConstantInputWarning(msg))
/usr/local/lib64/python3.9/site-packages/scipy/stats/_stats_py.py:4424: ConstantInputWarning: An input array is constant; the correlation coefficient is not defined.
  warnings.warn(stats.ConstantInputWarning(msg))
/home/genli/.local/lib/python3.9/site-packages/numpy/lib/nanfunctions.py:1878: RuntimeWarning: Degrees of freedom <= 0 for slice.
  var = nanvar(a, axis=axis, dtype=dtype, out=out, ddof=ddof,
/usr/local/lib64/python3.9/site-packages/scipy/stats/_stats_py.py:4424: ConstantInputWarning: An input array is constant; the correlation coefficient is not defined.
  warnings.warn(stats.ConstantInputWarning(msg))
/usr/local/lib64/python3.9/site-packages/scipy/stats/_stats_py.py:4424: ConstantInputWarning: An input array is constant; the correlation coefficient is not defined.
  warnings.warn(stats.ConstantInputWarning(msg))
/usr/local/lib64/python3.9/site-packages/scipy/stats/_stats_py.py:4424: ConstantInputWarning: An input array is constant; the correlation coefficient is not defined.
  warnings.warn(stats.ConstantInputWarning(msg))
/usr/local/lib64/python3.9/site-packages/scipy/stats/_stats_py.py:4424: ConstantInputWarning: An input array is constant; the correlation coefficient is not defined.
  warnings.warn(stats.ConstantInputWarning(msg))
/home/genli/.local/lib/python3.9/site-packages/numpy/lib/nanfunctions.py:1878: RuntimeWarning: Degrees of freedom <= 0 for slice.
  var = nanvar(a, axis=axis, dtype=dtype, out=out, ddof=ddof,
/usr/local/lib64/python3.9/site-packages/scipy/stats/_stats_py.py:4424: ConstantInputWarning: An input array is constant; the correlation coefficient is not defined.
  warnings.warn(stats.ConstantInputWarning(msg))
/usr/local/lib64/python3.9/site-packages/scipy/stats/_stats_py.py:4424: ConstantInputWarning: An input array is constant; the correlation coefficient is not defined.
  warnings.warn(stats.ConstantInputWarning(msg))
/usr/local/lib64/python3.9/site-packages/scipy/stats/_stats_py.py:4424: ConstantInputWarning: An input array is constant; the correlation coefficient is not defined.
  warnings.warn(stats.ConstantInputWarning(msg))
/usr/local/lib64/python3.9/site-packages/scipy/stats/_stats_py.py:4424: ConstantInputWarning: An input array is constant; the correlation coefficient is not defined.
  warnings.warn(stats.ConstantInputWarning(msg))
=== Configuration ===
Analysis type: M1
Runs: 23247 to 23249
Output Directory for this job: /raid1/genli/Data_D2O/M1_data/analysis_23163-23282_M1_20251202-213413/subjob_23247-23249
Δt cut: (17576, 219700) ns
Photoelectron cut: (0, 1000) P.E.
Time-std cut: < 40.0 ns
======================
--- Processing run 23247 ---
Length of time: 3596990644320.0 ns
Length of time: 59.949844072 minutes
Low-light fits saved to /raid1/genli/Data_D2O/M1_data/analysis_23163-23282_M1_20251202-213413/subjob_23247-23249/run23247_20250605-07/lowlight/Run23247_M1_low_light_fits.png
Low-light fit data saved to /raid1/genli/Data_D2O/M1_data/analysis_23163-23282_M1_20251202-213413/subjob_23247-23249/run23247_20250605-07/lowlight/Run23247_M1_low_light_fits.pkl
Applying 2000 ns time interval cut...
Time interval cut: Kept 2124664 / 2167812 events
Veto efficiency plot saved to /raid1/genli/Data_D2O/M1_data/analysis_23163-23282_M1_20251202-213413/subjob_23247-23249/run23247_20250605-07/histograms/23247_M1_veto_efficiency.png
Veto efficiency data saved to /raid1/genli/Data_D2O/M1_data/analysis_23163-23282_M1_20251202-213413/subjob_23247-23249/run23247_20250605-07/histograms/23247_M1_veto_efficiency.pkl
Run 23247: after NaN drop: 6375 events
Run 23247: after Δt cut: 228 events
Run 23247: after total_pe cut: 225 events
Run 23247: after time-std < 40.0 ns cut: 225 events
Correlation map saved to /raid1/genli/Data_D2O/M1_data/analysis_23163-23282_M1_20251202-213413/subjob_23247-23249/run23247_20250605-07/cuthist/Run_23247_M1_correlation_map.png
--- Processing run 23248 ---
Length of time: 3596992462112.0 ns
Length of time: 59.94987436853333 minutes
Low-light fits saved to /raid1/genli/Data_D2O/M1_data/analysis_23163-23282_M1_20251202-213413/subjob_23247-23249/run23248_20250605-08/lowlight/Run23248_M1_low_light_fits.png
Low-light fit data saved to /raid1/genli/Data_D2O/M1_data/analysis_23163-23282_M1_20251202-213413/subjob_23247-23249/run23248_20250605-08/lowlight/Run23248_M1_low_light_fits.pkl
Applying 2000 ns time interval cut...
Time interval cut: Kept 2125665 / 2169170 events
Veto efficiency plot saved to /raid1/genli/Data_D2O/M1_data/analysis_23163-23282_M1_20251202-213413/subjob_23247-23249/run23248_20250605-08/histograms/23248_M1_veto_efficiency.png
Veto efficiency data saved to /raid1/genli/Data_D2O/M1_data/analysis_23163-23282_M1_20251202-213413/subjob_23247-23249/run23248_20250605-08/histograms/23248_M1_veto_efficiency.pkl
Run 23248: after NaN drop: 6271 events
Run 23248: after Δt cut: 194 events
Run 23248: after total_pe cut: 191 events
Run 23248: after time-std < 40.0 ns cut: 191 events
Correlation map saved to /raid1/genli/Data_D2O/M1_data/analysis_23163-23282_M1_20251202-213413/subjob_23247-23249/run23248_20250605-08/cuthist/Run_23248_M1_correlation_map.png
--- Processing run 23249 ---
Length of time: 3596997672368.0 ns
Length of time: 59.94996120613334 minutes
Low-light fits saved to /raid1/genli/Data_D2O/M1_data/analysis_23163-23282_M1_20251202-213413/subjob_23247-23249/run23249_20250605-09/lowlight/Run23249_M1_low_light_fits.png
Low-light fit data saved to /raid1/genli/Data_D2O/M1_data/analysis_23163-23282_M1_20251202-213413/subjob_23247-23249/run23249_20250605-09/lowlight/Run23249_M1_low_light_fits.pkl
Applying 2000 ns time interval cut...
Time interval cut: Kept 2123489 / 2166935 events
Veto efficiency plot saved to /raid1/genli/Data_D2O/M1_data/analysis_23163-23282_M1_20251202-213413/subjob_23247-23249/run23249_20250605-09/histograms/23249_M1_veto_efficiency.png
Veto efficiency data saved to /raid1/genli/Data_D2O/M1_data/analysis_23163-23282_M1_20251202-213413/subjob_23247-23249/run23249_20250605-09/histograms/23249_M1_veto_efficiency.pkl
Run 23249: after NaN drop: 6186 events
Run 23249: after Δt cut: 211 events
Run 23249: after total_pe cut: 205 events
Run 23249: after time-std < 40.0 ns cut: 205 events
Correlation map saved to /raid1/genli/Data_D2O/M1_data/analysis_23163-23282_M1_20251202-213413/subjob_23247-23249/run23249_20250605-09/cuthist/Run_23249_M1_correlation_map.png
Saving aggregated data for sub-job 23247-23249...
Sub-job time length saved to /raid1/genli/Data_D2O/M1_data/analysis_23163-23282_M1_20251202-213413/subjob_23247-23249/subjob_time_length.json
Successfully saved data for master aggregation.
--- Sub-job Analysis Complete ---
