/home/genli/.local/lib/python3.9/site-packages/numpy/lib/nanfunctions.py:1878: RuntimeWarning: Degrees of freedom <= 0 for slice.
  var = nanvar(a, axis=axis, dtype=dtype, out=out, ddof=ddof,
/home/genli/D2O_analysis/Codes/Read_Cut_Hist_D2O_multi_veto.py:411: UserWarning: Data has no positive values, and therefore cannot be log-scaled.
  ax.set_yscale('log')
/home/genli/.local/lib/python3.9/site-packages/numpy/lib/nanfunctions.py:1878: RuntimeWarning: Degrees of freedom <= 0 for slice.
  var = nanvar(a, axis=axis, dtype=dtype, out=out, ddof=ddof,
/home/genli/.local/lib/python3.9/site-packages/numpy/lib/nanfunctions.py:1878: RuntimeWarning: Degrees of freedom <= 0 for slice.
  var = nanvar(a, axis=axis, dtype=dtype, out=out, ddof=ddof,
/home/genli/.local/lib/python3.9/site-packages/numpy/lib/nanfunctions.py:1878: RuntimeWarning: Degrees of freedom <= 0 for slice.
  var = nanvar(a, axis=axis, dtype=dtype, out=out, ddof=ddof,
/home/genli/D2O_analysis/Codes/Read_Cut_Hist_D2O_multi_veto.py:411: UserWarning: Data has no positive values, and therefore cannot be log-scaled.
  ax.set_yscale('log')
/home/genli/.local/lib/python3.9/site-packages/numpy/lib/nanfunctions.py:1878: RuntimeWarning: Degrees of freedom <= 0 for slice.
  var = nanvar(a, axis=axis, dtype=dtype, out=out, ddof=ddof,
/home/genli/.local/lib/python3.9/site-packages/numpy/lib/nanfunctions.py:1878: RuntimeWarning: Degrees of freedom <= 0 for slice.
  var = nanvar(a, axis=axis, dtype=dtype, out=out, ddof=ddof,
/home/genli/.local/lib/python3.9/site-packages/numpy/lib/nanfunctions.py:1878: RuntimeWarning: Degrees of freedom <= 0 for slice.
  var = nanvar(a, axis=axis, dtype=dtype, out=out, ddof=ddof,
/home/genli/.local/lib/python3.9/site-packages/numpy/lib/nanfunctions.py:1878: RuntimeWarning: Degrees of freedom <= 0 for slice.
  var = nanvar(a, axis=axis, dtype=dtype, out=out, ddof=ddof,
/home/genli/.local/lib/python3.9/site-packages/numpy/lib/nanfunctions.py:1878: RuntimeWarning: Degrees of freedom <= 0 for slice.
  var = nanvar(a, axis=axis, dtype=dtype, out=out, ddof=ddof,
/home/genli/.local/lib/python3.9/site-packages/numpy/lib/nanfunctions.py:1878: RuntimeWarning: Degrees of freedom <= 0 for slice.
  var = nanvar(a, axis=axis, dtype=dtype, out=out, ddof=ddof,
/home/genli/D2O_analysis/Codes/Read_Cut_Hist_D2O_multi_veto.py:411: UserWarning: Data has no positive values, and therefore cannot be log-scaled.
  ax.set_yscale('log')
/home/genli/.local/lib/python3.9/site-packages/numpy/lib/nanfunctions.py:1878: RuntimeWarning: Degrees of freedom <= 0 for slice.
  var = nanvar(a, axis=axis, dtype=dtype, out=out, ddof=ddof,
/home/genli/D2O_analysis/Codes/Read_Cut_Hist_D2O_multi_veto.py:411: UserWarning: Data has no positive values, and therefore cannot be log-scaled.
  ax.set_yscale('log')
/home/genli/.local/lib/python3.9/site-packages/numpy/lib/nanfunctions.py:1878: RuntimeWarning: Degrees of freedom <= 0 for slice.
  var = nanvar(a, axis=axis, dtype=dtype, out=out, ddof=ddof,
/home/genli/D2O_analysis/Codes/Read_Cut_Hist_D2O_multi_veto.py:411: UserWarning: Data has no positive values, and therefore cannot be log-scaled.
  ax.set_yscale('log')
/home/genli/.local/lib/python3.9/site-packages/numpy/lib/nanfunctions.py:1878: RuntimeWarning: Degrees of freedom <= 0 for slice.
  var = nanvar(a, axis=axis, dtype=dtype, out=out, ddof=ddof,
/home/genli/.local/lib/python3.9/site-packages/numpy/lib/nanfunctions.py:1878: RuntimeWarning: Degrees of freedom <= 0 for slice.
  var = nanvar(a, axis=axis, dtype=dtype, out=out, ddof=ddof,
/home/genli/D2O_analysis/Codes/Read_Cut_Hist_D2O_multi_veto.py:411: UserWarning: Data has no positive values, and therefore cannot be log-scaled.
  ax.set_yscale('log')
/home/genli/.local/lib/python3.9/site-packages/numpy/lib/nanfunctions.py:1878: RuntimeWarning: Degrees of freedom <= 0 for slice.
  var = nanvar(a, axis=axis, dtype=dtype, out=out, ddof=ddof,
/home/genli/.local/lib/python3.9/site-packages/numpy/lib/nanfunctions.py:1878: RuntimeWarning: Degrees of freedom <= 0 for slice.
  var = nanvar(a, axis=axis, dtype=dtype, out=out, ddof=ddof,
/home/genli/D2O_analysis/Codes/Read_Cut_Hist_D2O_multi_veto.py:411: UserWarning: Data has no positive values, and therefore cannot be log-scaled.
  ax.set_yscale('log')
/home/genli/.local/lib/python3.9/site-packages/numpy/lib/nanfunctions.py:1878: RuntimeWarning: Degrees of freedom <= 0 for slice.
  var = nanvar(a, axis=axis, dtype=dtype, out=out, ddof=ddof,
/home/genli/.local/lib/python3.9/site-packages/numpy/lib/nanfunctions.py:1878: RuntimeWarning: Degrees of freedom <= 0 for slice.
  var = nanvar(a, axis=axis, dtype=dtype, out=out, ddof=ddof,
/home/genli/.local/lib/python3.9/site-packages/numpy/lib/nanfunctions.py:1878: RuntimeWarning: Degrees of freedom <= 0 for slice.
  var = nanvar(a, axis=axis, dtype=dtype, out=out, ddof=ddof,
=== Configuration ===
Analysis type: M1
Runs: 26199 to 26217
Output Directory for this job: /raid1/genli/Data_D2O/M1_data/BRN/analysis_25306-26233_M1_20251030-013056/subjob_26199-26217
Δt cut: (960, 10560) ns
Photoelectron cut: (0, 2000) P.E.
Time-std cut: < 40.0 ns
======================
--- Processing run 26199 ---
Low-light fits saved to /raid1/genli/Data_D2O/M1_data/BRN/analysis_25306-26233_M1_20251030-013056/subjob_26199-26217/run26199_20251008-01/lowlight/Run26199_M1_low_light_fits.png
Low-light fit data saved to /raid1/genli/Data_D2O/M1_data/BRN/analysis_25306-26233_M1_20251030-013056/subjob_26199-26217/run26199_20251008-01/lowlight/Run26199_M1_low_light_fits.pkl
Veto efficiency plot saved to /raid1/genli/Data_D2O/M1_data/BRN/analysis_25306-26233_M1_20251030-013056/subjob_26199-26217/run26199_20251008-01/histograms/26199_M1_veto_efficiency.png
Veto efficiency data saved to /raid1/genli/Data_D2O/M1_data/BRN/analysis_25306-26233_M1_20251030-013056/subjob_26199-26217/run26199_20251008-01/histograms/26199_M1_veto_efficiency.pkl
Run 26199: after NaN drop: 17766 events
Run 26199: after Δt cut: 8850 events
Run 26199: after total_pe cut: 8849 events
Run 26199: after time-std < 40.0 ns cut: 8849 events
Correlation map saved to /raid1/genli/Data_D2O/M1_data/BRN/analysis_25306-26233_M1_20251030-013056/subjob_26199-26217/run26199_20251008-01/cuthist/Run_26199_M1_correlation_map.png
--- Processing run 26200 ---
Low-light fits saved to /raid1/genli/Data_D2O/M1_data/BRN/analysis_25306-26233_M1_20251030-013056/subjob_26199-26217/run26200_20251008-02/lowlight/Run26200_M1_low_light_fits.png
Low-light fit data saved to /raid1/genli/Data_D2O/M1_data/BRN/analysis_25306-26233_M1_20251030-013056/subjob_26199-26217/run26200_20251008-02/lowlight/Run26200_M1_low_light_fits.pkl
Veto efficiency plot saved to /raid1/genli/Data_D2O/M1_data/BRN/analysis_25306-26233_M1_20251030-013056/subjob_26199-26217/run26200_20251008-02/histograms/26200_M1_veto_efficiency.png
Veto efficiency data saved to /raid1/genli/Data_D2O/M1_data/BRN/analysis_25306-26233_M1_20251030-013056/subjob_26199-26217/run26200_20251008-02/histograms/26200_M1_veto_efficiency.pkl
Run 26200: after NaN drop: 17857 events
Run 26200: after Δt cut: 8993 events
Run 26200: after total_pe cut: 8992 events
Run 26200: after time-std < 40.0 ns cut: 8992 events
Correlation map saved to /raid1/genli/Data_D2O/M1_data/BRN/analysis_25306-26233_M1_20251030-013056/subjob_26199-26217/run26200_20251008-02/cuthist/Run_26200_M1_correlation_map.png
--- Processing run 26201 ---
Low-light fits saved to /raid1/genli/Data_D2O/M1_data/BRN/analysis_25306-26233_M1_20251030-013056/subjob_26199-26217/run26201_20251008-03/lowlight/Run26201_M1_low_light_fits.png
Low-light fit data saved to /raid1/genli/Data_D2O/M1_data/BRN/analysis_25306-26233_M1_20251030-013056/subjob_26199-26217/run26201_20251008-03/lowlight/Run26201_M1_low_light_fits.pkl
Veto efficiency plot saved to /raid1/genli/Data_D2O/M1_data/BRN/analysis_25306-26233_M1_20251030-013056/subjob_26199-26217/run26201_20251008-03/histograms/26201_M1_veto_efficiency.png
Veto efficiency data saved to /raid1/genli/Data_D2O/M1_data/BRN/analysis_25306-26233_M1_20251030-013056/subjob_26199-26217/run26201_20251008-03/histograms/26201_M1_veto_efficiency.pkl
Run 26201: after NaN drop: 17687 events
Run 26201: after Δt cut: 8806 events
Run 26201: after total_pe cut: 8804 events
Run 26201: after time-std < 40.0 ns cut: 8804 events
Correlation map saved to /raid1/genli/Data_D2O/M1_data/BRN/analysis_25306-26233_M1_20251030-013056/subjob_26199-26217/run26201_20251008-03/cuthist/Run_26201_M1_correlation_map.png
--- Processing run 26202 ---
Low-light fits saved to /raid1/genli/Data_D2O/M1_data/BRN/analysis_25306-26233_M1_20251030-013056/subjob_26199-26217/run26202_20251008-04/lowlight/Run26202_M1_low_light_fits.png
Low-light fit data saved to /raid1/genli/Data_D2O/M1_data/BRN/analysis_25306-26233_M1_20251030-013056/subjob_26199-26217/run26202_20251008-04/lowlight/Run26202_M1_low_light_fits.pkl
Veto efficiency plot saved to /raid1/genli/Data_D2O/M1_data/BRN/analysis_25306-26233_M1_20251030-013056/subjob_26199-26217/run26202_20251008-04/histograms/26202_M1_veto_efficiency.png
Veto efficiency data saved to /raid1/genli/Data_D2O/M1_data/BRN/analysis_25306-26233_M1_20251030-013056/subjob_26199-26217/run26202_20251008-04/histograms/26202_M1_veto_efficiency.pkl
Run 26202: after NaN drop: 17959 events
Run 26202: after Δt cut: 8903 events
Run 26202: after total_pe cut: 8903 events
Run 26202: after time-std < 40.0 ns cut: 8903 events
Correlation map saved to /raid1/genli/Data_D2O/M1_data/BRN/analysis_25306-26233_M1_20251030-013056/subjob_26199-26217/run26202_20251008-04/cuthist/Run_26202_M1_correlation_map.png
--- Processing run 26203 ---
Low-light fits saved to /raid1/genli/Data_D2O/M1_data/BRN/analysis_25306-26233_M1_20251030-013056/subjob_26199-26217/run26203_20251008-05/lowlight/Run26203_M1_low_light_fits.png
Low-light fit data saved to /raid1/genli/Data_D2O/M1_data/BRN/analysis_25306-26233_M1_20251030-013056/subjob_26199-26217/run26203_20251008-05/lowlight/Run26203_M1_low_light_fits.pkl
Veto efficiency plot saved to /raid1/genli/Data_D2O/M1_data/BRN/analysis_25306-26233_M1_20251030-013056/subjob_26199-26217/run26203_20251008-05/histograms/26203_M1_veto_efficiency.png
Veto efficiency data saved to /raid1/genli/Data_D2O/M1_data/BRN/analysis_25306-26233_M1_20251030-013056/subjob_26199-26217/run26203_20251008-05/histograms/26203_M1_veto_efficiency.pkl
Run 26203: after NaN drop: 18160 events
Run 26203: after Δt cut: 8963 events
Run 26203: after total_pe cut: 8962 events
Run 26203: after time-std < 40.0 ns cut: 8962 events
Correlation map saved to /raid1/genli/Data_D2O/M1_data/BRN/analysis_25306-26233_M1_20251030-013056/subjob_26199-26217/run26203_20251008-05/cuthist/Run_26203_M1_correlation_map.png
--- Processing run 26204 ---
Low-light fits saved to /raid1/genli/Data_D2O/M1_data/BRN/analysis_25306-26233_M1_20251030-013056/subjob_26199-26217/run26204_20251008-06/lowlight/Run26204_M1_low_light_fits.png
Low-light fit data saved to /raid1/genli/Data_D2O/M1_data/BRN/analysis_25306-26233_M1_20251030-013056/subjob_26199-26217/run26204_20251008-06/lowlight/Run26204_M1_low_light_fits.pkl
Veto efficiency plot saved to /raid1/genli/Data_D2O/M1_data/BRN/analysis_25306-26233_M1_20251030-013056/subjob_26199-26217/run26204_20251008-06/histograms/26204_M1_veto_efficiency.png
Veto efficiency data saved to /raid1/genli/Data_D2O/M1_data/BRN/analysis_25306-26233_M1_20251030-013056/subjob_26199-26217/run26204_20251008-06/histograms/26204_M1_veto_efficiency.pkl
Run 26204: after NaN drop: 18210 events
Run 26204: after Δt cut: 9018 events
Run 26204: after total_pe cut: 9015 events
Run 26204: after time-std < 40.0 ns cut: 9015 events
Correlation map saved to /raid1/genli/Data_D2O/M1_data/BRN/analysis_25306-26233_M1_20251030-013056/subjob_26199-26217/run26204_20251008-06/cuthist/Run_26204_M1_correlation_map.png
--- Processing run 26205 ---
Low-light fits saved to /raid1/genli/Data_D2O/M1_data/BRN/analysis_25306-26233_M1_20251030-013056/subjob_26199-26217/run26205_20251008-07/lowlight/Run26205_M1_low_light_fits.png
Low-light fit data saved to /raid1/genli/Data_D2O/M1_data/BRN/analysis_25306-26233_M1_20251030-013056/subjob_26199-26217/run26205_20251008-07/lowlight/Run26205_M1_low_light_fits.pkl
Veto efficiency plot saved to /raid1/genli/Data_D2O/M1_data/BRN/analysis_25306-26233_M1_20251030-013056/subjob_26199-26217/run26205_20251008-07/histograms/26205_M1_veto_efficiency.png
Veto efficiency data saved to /raid1/genli/Data_D2O/M1_data/BRN/analysis_25306-26233_M1_20251030-013056/subjob_26199-26217/run26205_20251008-07/histograms/26205_M1_veto_efficiency.pkl
Run 26205: after NaN drop: 18067 events
Run 26205: after Δt cut: 9036 events
Run 26205: after total_pe cut: 9035 events
Run 26205: after time-std < 40.0 ns cut: 9035 events
Correlation map saved to /raid1/genli/Data_D2O/M1_data/BRN/analysis_25306-26233_M1_20251030-013056/subjob_26199-26217/run26205_20251008-07/cuthist/Run_26205_M1_correlation_map.png
--- Processing run 26206 ---
Low-light fits saved to /raid1/genli/Data_D2O/M1_data/BRN/analysis_25306-26233_M1_20251030-013056/subjob_26199-26217/run26206_20251008-08/lowlight/Run26206_M1_low_light_fits.png
Low-light fit data saved to /raid1/genli/Data_D2O/M1_data/BRN/analysis_25306-26233_M1_20251030-013056/subjob_26199-26217/run26206_20251008-08/lowlight/Run26206_M1_low_light_fits.pkl
Veto efficiency plot saved to /raid1/genli/Data_D2O/M1_data/BRN/analysis_25306-26233_M1_20251030-013056/subjob_26199-26217/run26206_20251008-08/histograms/26206_M1_veto_efficiency.png
Veto efficiency data saved to /raid1/genli/Data_D2O/M1_data/BRN/analysis_25306-26233_M1_20251030-013056/subjob_26199-26217/run26206_20251008-08/histograms/26206_M1_veto_efficiency.pkl
Run 26206: after NaN drop: 18234 events
Run 26206: after Δt cut: 9249 events
Run 26206: after total_pe cut: 9249 events
Run 26206: after time-std < 40.0 ns cut: 9249 events
Correlation map saved to /raid1/genli/Data_D2O/M1_data/BRN/analysis_25306-26233_M1_20251030-013056/subjob_26199-26217/run26206_20251008-08/cuthist/Run_26206_M1_correlation_map.png
--- Processing run 26207 ---
Low-light fits saved to /raid1/genli/Data_D2O/M1_data/BRN/analysis_25306-26233_M1_20251030-013056/subjob_26199-26217/run26207_20251008-09/lowlight/Run26207_M1_low_light_fits.png
Low-light fit data saved to /raid1/genli/Data_D2O/M1_data/BRN/analysis_25306-26233_M1_20251030-013056/subjob_26199-26217/run26207_20251008-09/lowlight/Run26207_M1_low_light_fits.pkl
Veto efficiency plot saved to /raid1/genli/Data_D2O/M1_data/BRN/analysis_25306-26233_M1_20251030-013056/subjob_26199-26217/run26207_20251008-09/histograms/26207_M1_veto_efficiency.png
Veto efficiency data saved to /raid1/genli/Data_D2O/M1_data/BRN/analysis_25306-26233_M1_20251030-013056/subjob_26199-26217/run26207_20251008-09/histograms/26207_M1_veto_efficiency.pkl
Run 26207: after NaN drop: 17813 events
Run 26207: after Δt cut: 8914 events
Run 26207: after total_pe cut: 8913 events
Run 26207: after time-std < 40.0 ns cut: 8913 events
Correlation map saved to /raid1/genli/Data_D2O/M1_data/BRN/analysis_25306-26233_M1_20251030-013056/subjob_26199-26217/run26207_20251008-09/cuthist/Run_26207_M1_correlation_map.png
--- Processing run 26208 ---
Low-light fits saved to /raid1/genli/Data_D2O/M1_data/BRN/analysis_25306-26233_M1_20251030-013056/subjob_26199-26217/run26208_20251008-10/lowlight/Run26208_M1_low_light_fits.png
Low-light fit data saved to /raid1/genli/Data_D2O/M1_data/BRN/analysis_25306-26233_M1_20251030-013056/subjob_26199-26217/run26208_20251008-10/lowlight/Run26208_M1_low_light_fits.pkl
Veto efficiency plot saved to /raid1/genli/Data_D2O/M1_data/BRN/analysis_25306-26233_M1_20251030-013056/subjob_26199-26217/run26208_20251008-10/histograms/26208_M1_veto_efficiency.png
Veto efficiency data saved to /raid1/genli/Data_D2O/M1_data/BRN/analysis_25306-26233_M1_20251030-013056/subjob_26199-26217/run26208_20251008-10/histograms/26208_M1_veto_efficiency.pkl
Run 26208: after NaN drop: 18129 events
Run 26208: after Δt cut: 9021 events
Run 26208: after total_pe cut: 9021 events
Run 26208: after time-std < 40.0 ns cut: 9021 events
Correlation map saved to /raid1/genli/Data_D2O/M1_data/BRN/analysis_25306-26233_M1_20251030-013056/subjob_26199-26217/run26208_20251008-10/cuthist/Run_26208_M1_correlation_map.png
--- Processing run 26209 ---
Low-light fits saved to /raid1/genli/Data_D2O/M1_data/BRN/analysis_25306-26233_M1_20251030-013056/subjob_26199-26217/run26209_20251008-11/lowlight/Run26209_M1_low_light_fits.png
Low-light fit data saved to /raid1/genli/Data_D2O/M1_data/BRN/analysis_25306-26233_M1_20251030-013056/subjob_26199-26217/run26209_20251008-11/lowlight/Run26209_M1_low_light_fits.pkl
Veto efficiency plot saved to /raid1/genli/Data_D2O/M1_data/BRN/analysis_25306-26233_M1_20251030-013056/subjob_26199-26217/run26209_20251008-11/histograms/26209_M1_veto_efficiency.png
Veto efficiency data saved to /raid1/genli/Data_D2O/M1_data/BRN/analysis_25306-26233_M1_20251030-013056/subjob_26199-26217/run26209_20251008-11/histograms/26209_M1_veto_efficiency.pkl
Run 26209: after NaN drop: 18151 events
Run 26209: after Δt cut: 9201 events
Run 26209: after total_pe cut: 9201 events
Run 26209: after time-std < 40.0 ns cut: 9201 events
Correlation map saved to /raid1/genli/Data_D2O/M1_data/BRN/analysis_25306-26233_M1_20251030-013056/subjob_26199-26217/run26209_20251008-11/cuthist/Run_26209_M1_correlation_map.png
--- Processing run 26210 ---
Low-light fits saved to /raid1/genli/Data_D2O/M1_data/BRN/analysis_25306-26233_M1_20251030-013056/subjob_26199-26217/run26210_20251008-12/lowlight/Run26210_M1_low_light_fits.png
Low-light fit data saved to /raid1/genli/Data_D2O/M1_data/BRN/analysis_25306-26233_M1_20251030-013056/subjob_26199-26217/run26210_20251008-12/lowlight/Run26210_M1_low_light_fits.pkl
Veto efficiency plot saved to /raid1/genli/Data_D2O/M1_data/BRN/analysis_25306-26233_M1_20251030-013056/subjob_26199-26217/run26210_20251008-12/histograms/26210_M1_veto_efficiency.png
Veto efficiency data saved to /raid1/genli/Data_D2O/M1_data/BRN/analysis_25306-26233_M1_20251030-013056/subjob_26199-26217/run26210_20251008-12/histograms/26210_M1_veto_efficiency.pkl
Run 26210: after NaN drop: 18270 events
Run 26210: after Δt cut: 9063 events
Run 26210: after total_pe cut: 9059 events
Run 26210: after time-std < 40.0 ns cut: 9059 events
Correlation map saved to /raid1/genli/Data_D2O/M1_data/BRN/analysis_25306-26233_M1_20251030-013056/subjob_26199-26217/run26210_20251008-12/cuthist/Run_26210_M1_correlation_map.png
--- Processing run 26211 ---
Low-light fits saved to /raid1/genli/Data_D2O/M1_data/BRN/analysis_25306-26233_M1_20251030-013056/subjob_26199-26217/run26211_20251008-13/lowlight/Run26211_M1_low_light_fits.png
Low-light fit data saved to /raid1/genli/Data_D2O/M1_data/BRN/analysis_25306-26233_M1_20251030-013056/subjob_26199-26217/run26211_20251008-13/lowlight/Run26211_M1_low_light_fits.pkl
Veto efficiency plot saved to /raid1/genli/Data_D2O/M1_data/BRN/analysis_25306-26233_M1_20251030-013056/subjob_26199-26217/run26211_20251008-13/histograms/26211_M1_veto_efficiency.png
Veto efficiency data saved to /raid1/genli/Data_D2O/M1_data/BRN/analysis_25306-26233_M1_20251030-013056/subjob_26199-26217/run26211_20251008-13/histograms/26211_M1_veto_efficiency.pkl
Run 26211: after NaN drop: 18356 events
Run 26211: after Δt cut: 8988 events
Run 26211: after total_pe cut: 8987 events
Run 26211: after time-std < 40.0 ns cut: 8987 events
Correlation map saved to /raid1/genli/Data_D2O/M1_data/BRN/analysis_25306-26233_M1_20251030-013056/subjob_26199-26217/run26211_20251008-13/cuthist/Run_26211_M1_correlation_map.png
--- Processing run 26212 ---
Low-light fits saved to /raid1/genli/Data_D2O/M1_data/BRN/analysis_25306-26233_M1_20251030-013056/subjob_26199-26217/run26212_20251008-14/lowlight/Run26212_M1_low_light_fits.png
Low-light fit data saved to /raid1/genli/Data_D2O/M1_data/BRN/analysis_25306-26233_M1_20251030-013056/subjob_26199-26217/run26212_20251008-14/lowlight/Run26212_M1_low_light_fits.pkl
Veto efficiency plot saved to /raid1/genli/Data_D2O/M1_data/BRN/analysis_25306-26233_M1_20251030-013056/subjob_26199-26217/run26212_20251008-14/histograms/26212_M1_veto_efficiency.png
Veto efficiency data saved to /raid1/genli/Data_D2O/M1_data/BRN/analysis_25306-26233_M1_20251030-013056/subjob_26199-26217/run26212_20251008-14/histograms/26212_M1_veto_efficiency.pkl
Run 26212: after NaN drop: 18535 events
Run 26212: after Δt cut: 9178 events
Run 26212: after total_pe cut: 9178 events
Run 26212: after time-std < 40.0 ns cut: 9178 events
Correlation map saved to /raid1/genli/Data_D2O/M1_data/BRN/analysis_25306-26233_M1_20251030-013056/subjob_26199-26217/run26212_20251008-14/cuthist/Run_26212_M1_correlation_map.png
--- Processing run 26213 ---
Low-light fits saved to /raid1/genli/Data_D2O/M1_data/BRN/analysis_25306-26233_M1_20251030-013056/subjob_26199-26217/run26213_20251008-15/lowlight/Run26213_M1_low_light_fits.png
Low-light fit data saved to /raid1/genli/Data_D2O/M1_data/BRN/analysis_25306-26233_M1_20251030-013056/subjob_26199-26217/run26213_20251008-15/lowlight/Run26213_M1_low_light_fits.pkl
Veto efficiency plot saved to /raid1/genli/Data_D2O/M1_data/BRN/analysis_25306-26233_M1_20251030-013056/subjob_26199-26217/run26213_20251008-15/histograms/26213_M1_veto_efficiency.png
Veto efficiency data saved to /raid1/genli/Data_D2O/M1_data/BRN/analysis_25306-26233_M1_20251030-013056/subjob_26199-26217/run26213_20251008-15/histograms/26213_M1_veto_efficiency.pkl
Run 26213: after NaN drop: 18504 events
Run 26213: after Δt cut: 9045 events
Run 26213: after total_pe cut: 9044 events
Run 26213: after time-std < 40.0 ns cut: 9044 events
Correlation map saved to /raid1/genli/Data_D2O/M1_data/BRN/analysis_25306-26233_M1_20251030-013056/subjob_26199-26217/run26213_20251008-15/cuthist/Run_26213_M1_correlation_map.png
--- Processing run 26214 ---
Low-light fits saved to /raid1/genli/Data_D2O/M1_data/BRN/analysis_25306-26233_M1_20251030-013056/subjob_26199-26217/run26214_20251008-16/lowlight/Run26214_M1_low_light_fits.png
Low-light fit data saved to /raid1/genli/Data_D2O/M1_data/BRN/analysis_25306-26233_M1_20251030-013056/subjob_26199-26217/run26214_20251008-16/lowlight/Run26214_M1_low_light_fits.pkl
Veto efficiency plot saved to /raid1/genli/Data_D2O/M1_data/BRN/analysis_25306-26233_M1_20251030-013056/subjob_26199-26217/run26214_20251008-16/histograms/26214_M1_veto_efficiency.png
Veto efficiency data saved to /raid1/genli/Data_D2O/M1_data/BRN/analysis_25306-26233_M1_20251030-013056/subjob_26199-26217/run26214_20251008-16/histograms/26214_M1_veto_efficiency.pkl
Run 26214: after NaN drop: 18786 events
Run 26214: after Δt cut: 9069 events
Run 26214: after total_pe cut: 9068 events
Run 26214: after time-std < 40.0 ns cut: 9068 events
Correlation map saved to /raid1/genli/Data_D2O/M1_data/BRN/analysis_25306-26233_M1_20251030-013056/subjob_26199-26217/run26214_20251008-16/cuthist/Run_26214_M1_correlation_map.png
--- Processing run 26215 ---
Low-light fits saved to /raid1/genli/Data_D2O/M1_data/BRN/analysis_25306-26233_M1_20251030-013056/subjob_26199-26217/run26215_20251008-17/lowlight/Run26215_M1_low_light_fits.png
Low-light fit data saved to /raid1/genli/Data_D2O/M1_data/BRN/analysis_25306-26233_M1_20251030-013056/subjob_26199-26217/run26215_20251008-17/lowlight/Run26215_M1_low_light_fits.pkl
Veto efficiency plot saved to /raid1/genli/Data_D2O/M1_data/BRN/analysis_25306-26233_M1_20251030-013056/subjob_26199-26217/run26215_20251008-17/histograms/26215_M1_veto_efficiency.png
Veto efficiency data saved to /raid1/genli/Data_D2O/M1_data/BRN/analysis_25306-26233_M1_20251030-013056/subjob_26199-26217/run26215_20251008-17/histograms/26215_M1_veto_efficiency.pkl
Run 26215: after NaN drop: 18644 events
Run 26215: after Δt cut: 9105 events
Run 26215: after total_pe cut: 9105 events
Run 26215: after time-std < 40.0 ns cut: 9105 events
Correlation map saved to /raid1/genli/Data_D2O/M1_data/BRN/analysis_25306-26233_M1_20251030-013056/subjob_26199-26217/run26215_20251008-17/cuthist/Run_26215_M1_correlation_map.png
--- Processing run 26216 ---
Low-light fits saved to /raid1/genli/Data_D2O/M1_data/BRN/analysis_25306-26233_M1_20251030-013056/subjob_26199-26217/run26216_20251008-18/lowlight/Run26216_M1_low_light_fits.png
Low-light fit data saved to /raid1/genli/Data_D2O/M1_data/BRN/analysis_25306-26233_M1_20251030-013056/subjob_26199-26217/run26216_20251008-18/lowlight/Run26216_M1_low_light_fits.pkl
Veto efficiency plot saved to /raid1/genli/Data_D2O/M1_data/BRN/analysis_25306-26233_M1_20251030-013056/subjob_26199-26217/run26216_20251008-18/histograms/26216_M1_veto_efficiency.png
Veto efficiency data saved to /raid1/genli/Data_D2O/M1_data/BRN/analysis_25306-26233_M1_20251030-013056/subjob_26199-26217/run26216_20251008-18/histograms/26216_M1_veto_efficiency.pkl
Run 26216: after NaN drop: 18457 events
Run 26216: after Δt cut: 9011 events
Run 26216: after total_pe cut: 9011 events
Run 26216: after time-std < 40.0 ns cut: 9011 events
Correlation map saved to /raid1/genli/Data_D2O/M1_data/BRN/analysis_25306-26233_M1_20251030-013056/subjob_26199-26217/run26216_20251008-18/cuthist/Run_26216_M1_correlation_map.png
--- Processing run 26217 ---
Low-light fits saved to /raid1/genli/Data_D2O/M1_data/BRN/analysis_25306-26233_M1_20251030-013056/subjob_26199-26217/run26217_20251008-19/lowlight/Run26217_M1_low_light_fits.png
Low-light fit data saved to /raid1/genli/Data_D2O/M1_data/BRN/analysis_25306-26233_M1_20251030-013056/subjob_26199-26217/run26217_20251008-19/lowlight/Run26217_M1_low_light_fits.pkl
Veto efficiency plot saved to /raid1/genli/Data_D2O/M1_data/BRN/analysis_25306-26233_M1_20251030-013056/subjob_26199-26217/run26217_20251008-19/histograms/26217_M1_veto_efficiency.png
Veto efficiency data saved to /raid1/genli/Data_D2O/M1_data/BRN/analysis_25306-26233_M1_20251030-013056/subjob_26199-26217/run26217_20251008-19/histograms/26217_M1_veto_efficiency.pkl
Run 26217: after NaN drop: 18668 events
Run 26217: after Δt cut: 9033 events
Run 26217: after total_pe cut: 9033 events
Run 26217: after time-std < 40.0 ns cut: 9033 events
Correlation map saved to /raid1/genli/Data_D2O/M1_data/BRN/analysis_25306-26233_M1_20251030-013056/subjob_26199-26217/run26217_20251008-19/cuthist/Run_26217_M1_correlation_map.png
Saving aggregated data for sub-job 26199-26217...
Successfully saved data for master aggregation.
--- Sub-job Analysis Complete ---
