/home/genli/.local/lib/python3.9/site-packages/numpy/lib/nanfunctions.py:1878: RuntimeWarning: Degrees of freedom <= 0 for slice.
  var = nanvar(a, axis=axis, dtype=dtype, out=out, ddof=ddof,
=== Configuration ===
Analysis type: M2
Runs: 546 to 546
Output Directory for this job: /raid1/genli/Data_D2O/M2_data/analysis_544-546_M2_20250819-112653/subjob_546-546
Δt cut: (0, 10000) ns
Photoelectron cut: (0, 2000) P.E.
Time-std cut: < 40.0 ns
Thin Veto Analysis: ENABLED
======================
--- Processing run 546 ---
Low-light fits saved to /raid1/genli/Data_D2O/M2_data/analysis_544-546_M2_20250819-112653/subjob_546-546/run546_20250803-15/lowlight/Run546_M2_low_light_fits.png
Low-light fit data saved to /raid1/genli/Data_D2O/M2_data/analysis_544-546_M2_20250819-112653/subjob_546-546/run546_20250803-15/lowlight/Run546_M2_low_light_fits.pkl
Run 546: Generating veto plots AFTER cuts...
Veto efficiency plot saved to /raid1/genli/Data_D2O/M2_data/analysis_544-546_M2_20250819-112653/subjob_546-546/run546_20250803-15/histograms/546_M2_veto_efficiency.png
Veto efficiency data saved to /raid1/genli/Data_D2O/M2_data/analysis_544-546_M2_20250819-112653/subjob_546-546/run546_20250803-15/histograms/546_M2_veto_efficiency.pkl
Run 546: after NaN drop: 39911 events
Run 546: after Δt cut: 11886 events
Run 546: after total_pe cut: 11885 events
Run 546: after time-std < 40.0 ns cut: 11885 events
Correlation map saved to /raid1/genli/Data_D2O/M2_data/analysis_544-546_M2_20250819-112653/subjob_546-546/run546_20250803-15/cuthist/Run_546_M2_correlation_map.png
SiPM histograms saved to /raid1/genli/Data_D2O/M2_data/analysis_544-546_M2_20250819-112653/subjob_546-546/run546_20250803-15/Run_546_M2_sipm_area_histograms.png
SiPM histogram data saved to /raid1/genli/Data_D2O/M2_data/analysis_544-546_M2_20250819-112653/subjob_546-546/run546_20250803-15/Run_546_M2_sipm_area_histograms.pkl
Veto efficiency plot saved to /raid1/genli/Data_D2O/M2_data/analysis_544-546_M2_20250819-112653/subjob_546-546/Runs_546_546_M2_veto_efficiency_agg.png
Veto efficiency data saved to /raid1/genli/Data_D2O/M2_data/analysis_544-546_M2_20250819-112653/subjob_546-546/Runs_546_546_M2_veto_efficiency_agg.pkl
--- Generating Aggregated Thin Veto Comparison Plots ---
Saving aggregated data for sub-job 546-546...
Successfully saved data for master aggregation.
--- Sub-job Analysis Complete ---
