Master output will be saved to: /raid1/genli/Data_D2O/M1_data/analysis_14977-15096_M1_20251202-181304/MASTER_RESULTS
Found 40 sub-job directories to aggregate.
Processing subjob_14977-14979...
Processing subjob_14980-14982...
Processing subjob_14983-14985...
Processing subjob_14986-14988...
Processing subjob_14989-14991...
Processing subjob_14992-14994...
Processing subjob_14995-14997...
Processing subjob_14998-15000...
Processing subjob_15001-15003...
Processing subjob_15004-15006...
Processing subjob_15007-15009...
Processing subjob_15010-15012...
Processing subjob_15013-15015...
Processing subjob_15016-15018...
Processing subjob_15019-15021...
Processing subjob_15022-15024...
Processing subjob_15025-15027...
Processing subjob_15028-15030...
Processing subjob_15031-15033...
Processing subjob_15034-15036...
Processing subjob_15037-15039...
Processing subjob_15040-15042...
Processing subjob_15043-15045...
Processing subjob_15046-15048...
Processing subjob_15049-15051...
Processing subjob_15052-15054...
Processing subjob_15055-15057...
Processing subjob_15058-15060...
Processing subjob_15061-15063...
Processing subjob_15064-15066...
Processing subjob_15067-15069...
Processing subjob_15070-15072...
Processing subjob_15073-15075...
Processing subjob_15076-15078...
Processing subjob_15079-15081...
Processing subjob_15082-15084...
Processing subjob_15085-15087...
Processing subjob_15088-15090...
Processing subjob_15091-15093...
Processing subjob_15094-15096...
No Veto Efficiency data found.
No Low-Light data found to plot.
No SiPM data found to plot.
Total time length saved to /raid1/genli/Data_D2O/M1_data/analysis_14977-15096_M1_20251202-181304/MASTER_RESULTS/total_time_length.json
Total time: 0.00 minutes (0.00 hours)
Total time: 0.00 days
Run info saved to /raid1/genli/Data_D2O/M1_data/analysis_14977-15096_M1_20251202-181304/MASTER_RESULTS/run_info.txt

--- Master Aggregation Complete ---
