/home/genli/.local/lib/python3.9/site-packages/numpy/lib/nanfunctions.py:1878: RuntimeWarning: Degrees of freedom <= 0 for slice.
  var = nanvar(a, axis=axis, dtype=dtype, out=out, ddof=ddof,
/usr/local/lib64/python3.9/site-packages/scipy/stats/_stats_py.py:4424: ConstantInputWarning: An input array is constant; the correlation coefficient is not defined.
  warnings.warn(stats.ConstantInputWarning(msg))
/usr/local/lib64/python3.9/site-packages/scipy/stats/_stats_py.py:4424: ConstantInputWarning: An input array is constant; the correlation coefficient is not defined.
  warnings.warn(stats.ConstantInputWarning(msg))
/usr/local/lib64/python3.9/site-packages/scipy/stats/_stats_py.py:4424: ConstantInputWarning: An input array is constant; the correlation coefficient is not defined.
  warnings.warn(stats.ConstantInputWarning(msg))
/usr/local/lib64/python3.9/site-packages/scipy/stats/_stats_py.py:4424: ConstantInputWarning: An input array is constant; the correlation coefficient is not defined.
  warnings.warn(stats.ConstantInputWarning(msg))
/home/genli/.local/lib/python3.9/site-packages/numpy/lib/nanfunctions.py:1878: RuntimeWarning: Degrees of freedom <= 0 for slice.
  var = nanvar(a, axis=axis, dtype=dtype, out=out, ddof=ddof,
/usr/local/lib64/python3.9/site-packages/scipy/stats/_stats_py.py:4424: ConstantInputWarning: An input array is constant; the correlation coefficient is not defined.
  warnings.warn(stats.ConstantInputWarning(msg))
/usr/local/lib64/python3.9/site-packages/scipy/stats/_stats_py.py:4424: ConstantInputWarning: An input array is constant; the correlation coefficient is not defined.
  warnings.warn(stats.ConstantInputWarning(msg))
/usr/local/lib64/python3.9/site-packages/scipy/stats/_stats_py.py:4424: ConstantInputWarning: An input array is constant; the correlation coefficient is not defined.
  warnings.warn(stats.ConstantInputWarning(msg))
/usr/local/lib64/python3.9/site-packages/scipy/stats/_stats_py.py:4424: ConstantInputWarning: An input array is constant; the correlation coefficient is not defined.
  warnings.warn(stats.ConstantInputWarning(msg))
/home/genli/.local/lib/python3.9/site-packages/numpy/lib/nanfunctions.py:1878: RuntimeWarning: Degrees of freedom <= 0 for slice.
  var = nanvar(a, axis=axis, dtype=dtype, out=out, ddof=ddof,
/usr/local/lib64/python3.9/site-packages/scipy/stats/_stats_py.py:4424: ConstantInputWarning: An input array is constant; the correlation coefficient is not defined.
  warnings.warn(stats.ConstantInputWarning(msg))
/usr/local/lib64/python3.9/site-packages/scipy/stats/_stats_py.py:4424: ConstantInputWarning: An input array is constant; the correlation coefficient is not defined.
  warnings.warn(stats.ConstantInputWarning(msg))
/usr/local/lib64/python3.9/site-packages/scipy/stats/_stats_py.py:4424: ConstantInputWarning: An input array is constant; the correlation coefficient is not defined.
  warnings.warn(stats.ConstantInputWarning(msg))
/usr/local/lib64/python3.9/site-packages/scipy/stats/_stats_py.py:4424: ConstantInputWarning: An input array is constant; the correlation coefficient is not defined.
  warnings.warn(stats.ConstantInputWarning(msg))
=== Configuration ===
Analysis type: M1
Runs: 14986 to 14988
Output Directory for this job: /raid1/genli/Data_D2O/M1_data/analysis_14977-15096_M1_20251202-210845/subjob_14986-14988
Δt cut: (17576, 219700) ns
Photoelectron cut: (0, 1000) P.E.
Time-std cut: < 40.0 ns
======================
--- Processing run 14986 ---
Length of time: 3597975635248.0 ns
Length of time: 59.966260587466664 minutes
Low-light fits saved to /raid1/genli/Data_D2O/M1_data/analysis_14977-15096_M1_20251202-210845/subjob_14986-14988/run14986_20240601-08/lowlight/Run14986_M1_low_light_fits.png
Low-light fit data saved to /raid1/genli/Data_D2O/M1_data/analysis_14977-15096_M1_20251202-210845/subjob_14986-14988/run14986_20240601-08/lowlight/Run14986_M1_low_light_fits.pkl
Applying 2000 ns time interval cut...
Time interval cut: Kept 2382514 / 2403939 events
Veto efficiency plot saved to /raid1/genli/Data_D2O/M1_data/analysis_14977-15096_M1_20251202-210845/subjob_14986-14988/run14986_20240601-08/histograms/14986_M1_veto_efficiency.png
Veto efficiency data saved to /raid1/genli/Data_D2O/M1_data/analysis_14977-15096_M1_20251202-210845/subjob_14986-14988/run14986_20240601-08/histograms/14986_M1_veto_efficiency.pkl
Run 14986: after NaN drop: 7404 events
Run 14986: after Δt cut: 330 events
Run 14986: after total_pe cut: 323 events
Run 14986: after time-std < 40.0 ns cut: 323 events
Correlation map saved to /raid1/genli/Data_D2O/M1_data/analysis_14977-15096_M1_20251202-210845/subjob_14986-14988/run14986_20240601-08/cuthist/Run_14986_M1_correlation_map.png
--- Processing run 14987 ---
Length of time: 3597973924624.0 ns
Length of time: 59.96623207706667 minutes
Low-light fits saved to /raid1/genli/Data_D2O/M1_data/analysis_14977-15096_M1_20251202-210845/subjob_14986-14988/run14987_20240601-09/lowlight/Run14987_M1_low_light_fits.png
Low-light fit data saved to /raid1/genli/Data_D2O/M1_data/analysis_14977-15096_M1_20251202-210845/subjob_14986-14988/run14987_20240601-09/lowlight/Run14987_M1_low_light_fits.pkl
Applying 2000 ns time interval cut...
Time interval cut: Kept 2384572 / 2406151 events
Veto efficiency plot saved to /raid1/genli/Data_D2O/M1_data/analysis_14977-15096_M1_20251202-210845/subjob_14986-14988/run14987_20240601-09/histograms/14987_M1_veto_efficiency.png
Veto efficiency data saved to /raid1/genli/Data_D2O/M1_data/analysis_14977-15096_M1_20251202-210845/subjob_14986-14988/run14987_20240601-09/histograms/14987_M1_veto_efficiency.pkl
Run 14987: after NaN drop: 7278 events
Run 14987: after Δt cut: 296 events
Run 14987: after total_pe cut: 294 events
Run 14987: after time-std < 40.0 ns cut: 294 events
Correlation map saved to /raid1/genli/Data_D2O/M1_data/analysis_14977-15096_M1_20251202-210845/subjob_14986-14988/run14987_20240601-09/cuthist/Run_14987_M1_correlation_map.png
--- Processing run 14988 ---
Length of time: 3597973333456.0 ns
Length of time: 59.966222224266666 minutes
Low-light fits saved to /raid1/genli/Data_D2O/M1_data/analysis_14977-15096_M1_20251202-210845/subjob_14986-14988/run14988_20240601-10/lowlight/Run14988_M1_low_light_fits.png
Low-light fit data saved to /raid1/genli/Data_D2O/M1_data/analysis_14977-15096_M1_20251202-210845/subjob_14986-14988/run14988_20240601-10/lowlight/Run14988_M1_low_light_fits.pkl
Applying 2000 ns time interval cut...
Time interval cut: Kept 2380440 / 2401984 events
Veto efficiency plot saved to /raid1/genli/Data_D2O/M1_data/analysis_14977-15096_M1_20251202-210845/subjob_14986-14988/run14988_20240601-10/histograms/14988_M1_veto_efficiency.png
Veto efficiency data saved to /raid1/genli/Data_D2O/M1_data/analysis_14977-15096_M1_20251202-210845/subjob_14986-14988/run14988_20240601-10/histograms/14988_M1_veto_efficiency.pkl
Run 14988: after NaN drop: 7462 events
Run 14988: after Δt cut: 328 events
Run 14988: after total_pe cut: 324 events
Run 14988: after time-std < 40.0 ns cut: 324 events
Correlation map saved to /raid1/genli/Data_D2O/M1_data/analysis_14977-15096_M1_20251202-210845/subjob_14986-14988/run14988_20240601-10/cuthist/Run_14988_M1_correlation_map.png
Saving aggregated data for sub-job 14986-14988...
Sub-job time length saved to /raid1/genli/Data_D2O/M1_data/analysis_14977-15096_M1_20251202-210845/subjob_14986-14988/subjob_time_length.json
Successfully saved data for master aggregation.
--- Sub-job Analysis Complete ---
