/usr/local/lib64/python3.9/site-packages/scipy/stats/_stats_py.py:4424: ConstantInputWarning: An input array is constant; the correlation coefficient is not defined.
  warnings.warn(stats.ConstantInputWarning(msg))
/usr/local/lib64/python3.9/site-packages/scipy/stats/_stats_py.py:4424: ConstantInputWarning: An input array is constant; the correlation coefficient is not defined.
  warnings.warn(stats.ConstantInputWarning(msg))
/usr/local/lib64/python3.9/site-packages/scipy/stats/_stats_py.py:4424: ConstantInputWarning: An input array is constant; the correlation coefficient is not defined.
  warnings.warn(stats.ConstantInputWarning(msg))
/usr/local/lib64/python3.9/site-packages/scipy/stats/_stats_py.py:4424: ConstantInputWarning: An input array is constant; the correlation coefficient is not defined.
  warnings.warn(stats.ConstantInputWarning(msg))
No artists with labels found to put in legend.  Note that artists whose label start with an underscore are ignored when legend() is called with no argument.
No artists with labels found to put in legend.  Note that artists whose label start with an underscore are ignored when legend() is called with no argument.
Master output will be saved to: /raid1/genli/Data_D2O/M1_data/analysis_23163-23282_M1_20251202-181353/MASTER_RESULTS
Found 40 sub-job directories to aggregate.
Processing subjob_23163-23165...
Processing subjob_23166-23168...
Processing subjob_23169-23171...
Processing subjob_23172-23174...
Processing subjob_23175-23177...
Processing subjob_23178-23180...
Processing subjob_23181-23183...
Processing subjob_23184-23186...
Processing subjob_23187-23189...
Processing subjob_23190-23192...
Processing subjob_23193-23195...
Processing subjob_23196-23198...
Processing subjob_23199-23201...
Processing subjob_23202-23204...
Processing subjob_23205-23207...
Processing subjob_23208-23210...
Processing subjob_23211-23213...
Processing subjob_23214-23216...
Processing subjob_23217-23219...
Processing subjob_23220-23222...
Processing subjob_23223-23225...
Processing subjob_23226-23228...
Processing subjob_23229-23231...
Processing subjob_23232-23234...
Processing subjob_23235-23237...
Processing subjob_23238-23240...
Processing subjob_23241-23243...
Processing subjob_23244-23246...
Processing subjob_23247-23249...
Processing subjob_23250-23252...
Processing subjob_23253-23255...
Processing subjob_23256-23258...
Processing subjob_23259-23261...
Processing subjob_23262-23264...
Processing subjob_23265-23267...
Processing subjob_23268-23270...
Processing subjob_23271-23273...
Processing subjob_23274-23276...
Processing subjob_23277-23279...
Processing subjob_23280-23282...
Aggregating delta_t, total_pe, and fitting for tau...
Generating aggregate plots for Master Runs 23163-23282
Correlation map saved to /raid1/genli/Data_D2O/M1_data/analysis_23163-23282_M1_20251202-181353/MASTER_RESULTS/Master_Runs_23163_23282_M1_correlation_map.png
Aggregating veto efficiency data...
Veto efficiency plot saved to /raid1/genli/Data_D2O/M1_data/analysis_23163-23282_M1_20251202-181353/MASTER_RESULTS/Master_Runs_23163_23282_M1_veto_efficiency_master.png
Veto efficiency data saved to /raid1/genli/Data_D2O/M1_data/analysis_23163-23282_M1_20251202-181353/MASTER_RESULTS/Master_Runs_23163_23282_M1_veto_efficiency_master.pkl
Plotting aggregated Low-Light data...
Low-light fits saved to /raid1/genli/Data_D2O/M1_data/analysis_23163-23282_M1_20251202-181353/MASTER_RESULTS/Master_Runs_23163_23282_M1_low_light_fits.png
Low-light fit data saved to /raid1/genli/Data_D2O/M1_data/analysis_23163-23282_M1_20251202-181353/MASTER_RESULTS/Master_Runs_23163_23282_M1_low_light_fits.pkl
Plotting aggregated SiPM area data...
SiPM histograms saved to /raid1/genli/Data_D2O/M1_data/analysis_23163-23282_M1_20251202-181353/MASTER_RESULTS/Master_Runs_23163_23282_M1_sipm_area_histograms.png
SiPM histogram data saved to /raid1/genli/Data_D2O/M1_data/analysis_23163-23282_M1_20251202-181353/MASTER_RESULTS/Master_Runs_23163_23282_M1_sipm_area_histograms.pkl
Aggregating Thin Veto data...
Total time length saved to /raid1/genli/Data_D2O/M1_data/analysis_23163-23282_M1_20251202-181353/MASTER_RESULTS/total_time_length.json
Total time: 7193.99 minutes (119.90 hours)
Total time: 5.00 days
Run info saved to /raid1/genli/Data_D2O/M1_data/analysis_23163-23282_M1_20251202-181353/MASTER_RESULTS/run_info.txt

--- Master Aggregation Complete ---
