/home/genli/.local/lib/python3.9/site-packages/numpy/lib/nanfunctions.py:1878: RuntimeWarning: Degrees of freedom <= 0 for slice.
  var = nanvar(a, axis=axis, dtype=dtype, out=out, ddof=ddof,
/usr/local/lib64/python3.9/site-packages/scipy/stats/_stats_py.py:4424: ConstantInputWarning: An input array is constant; the correlation coefficient is not defined.
  warnings.warn(stats.ConstantInputWarning(msg))
/usr/local/lib64/python3.9/site-packages/scipy/stats/_stats_py.py:4424: ConstantInputWarning: An input array is constant; the correlation coefficient is not defined.
  warnings.warn(stats.ConstantInputWarning(msg))
/usr/local/lib64/python3.9/site-packages/scipy/stats/_stats_py.py:4424: ConstantInputWarning: An input array is constant; the correlation coefficient is not defined.
  warnings.warn(stats.ConstantInputWarning(msg))
/usr/local/lib64/python3.9/site-packages/scipy/stats/_stats_py.py:4424: ConstantInputWarning: An input array is constant; the correlation coefficient is not defined.
  warnings.warn(stats.ConstantInputWarning(msg))
/home/genli/.local/lib/python3.9/site-packages/numpy/lib/nanfunctions.py:1878: RuntimeWarning: Degrees of freedom <= 0 for slice.
  var = nanvar(a, axis=axis, dtype=dtype, out=out, ddof=ddof,
/usr/local/lib64/python3.9/site-packages/scipy/stats/_stats_py.py:4424: ConstantInputWarning: An input array is constant; the correlation coefficient is not defined.
  warnings.warn(stats.ConstantInputWarning(msg))
/usr/local/lib64/python3.9/site-packages/scipy/stats/_stats_py.py:4424: ConstantInputWarning: An input array is constant; the correlation coefficient is not defined.
  warnings.warn(stats.ConstantInputWarning(msg))
/usr/local/lib64/python3.9/site-packages/scipy/stats/_stats_py.py:4424: ConstantInputWarning: An input array is constant; the correlation coefficient is not defined.
  warnings.warn(stats.ConstantInputWarning(msg))
/usr/local/lib64/python3.9/site-packages/scipy/stats/_stats_py.py:4424: ConstantInputWarning: An input array is constant; the correlation coefficient is not defined.
  warnings.warn(stats.ConstantInputWarning(msg))
/home/genli/.local/lib/python3.9/site-packages/numpy/lib/nanfunctions.py:1878: RuntimeWarning: Degrees of freedom <= 0 for slice.
  var = nanvar(a, axis=axis, dtype=dtype, out=out, ddof=ddof,
/usr/local/lib64/python3.9/site-packages/scipy/stats/_stats_py.py:4424: ConstantInputWarning: An input array is constant; the correlation coefficient is not defined.
  warnings.warn(stats.ConstantInputWarning(msg))
/usr/local/lib64/python3.9/site-packages/scipy/stats/_stats_py.py:4424: ConstantInputWarning: An input array is constant; the correlation coefficient is not defined.
  warnings.warn(stats.ConstantInputWarning(msg))
/usr/local/lib64/python3.9/site-packages/scipy/stats/_stats_py.py:4424: ConstantInputWarning: An input array is constant; the correlation coefficient is not defined.
  warnings.warn(stats.ConstantInputWarning(msg))
/usr/local/lib64/python3.9/site-packages/scipy/stats/_stats_py.py:4424: ConstantInputWarning: An input array is constant; the correlation coefficient is not defined.
  warnings.warn(stats.ConstantInputWarning(msg))
=== Configuration ===
Analysis type: M1
Runs: 23166 to 23168
Output Directory for this job: /raid1/genli/Data_D2O/M1_data/analysis_23163-23282_M1_20251202-181353/subjob_23166-23168
Δt cut: (2197, 10985) ns
Photoelectron cut: (0, 1000) P.E.
Time-std cut: < 40.0 ns
======================
--- Processing run 23166 ---
Length of time: 3596994626672.0 ns
Length of time: 59.94991044453333 minutes
Low-light fits saved to /raid1/genli/Data_D2O/M1_data/analysis_23163-23282_M1_20251202-181353/subjob_23166-23168/run23166_20250601-22/lowlight/Run23166_M1_low_light_fits.png
Low-light fit data saved to /raid1/genli/Data_D2O/M1_data/analysis_23163-23282_M1_20251202-181353/subjob_23166-23168/run23166_20250601-22/lowlight/Run23166_M1_low_light_fits.pkl
Applying 2000 ns time interval cut...
Time interval cut: Kept 2105680 / 2148441 events
Veto efficiency plot saved to /raid1/genli/Data_D2O/M1_data/analysis_23163-23282_M1_20251202-181353/subjob_23166-23168/run23166_20250601-22/histograms/23166_M1_veto_efficiency.png
Veto efficiency data saved to /raid1/genli/Data_D2O/M1_data/analysis_23163-23282_M1_20251202-181353/subjob_23166-23168/run23166_20250601-22/histograms/23166_M1_veto_efficiency.pkl
Run 23166: after NaN drop: 6129 events
Run 23166: after Δt cut: 4394 events
Run 23166: after total_pe cut: 4394 events
Run 23166: after time-std < 40.0 ns cut: 4394 events
Correlation map saved to /raid1/genli/Data_D2O/M1_data/analysis_23163-23282_M1_20251202-181353/subjob_23166-23168/run23166_20250601-22/cuthist/Run_23166_M1_correlation_map.png
--- Processing run 23167 ---
Length of time: 3596991678128.0 ns
Length of time: 59.94986130213333 minutes
Low-light fits saved to /raid1/genli/Data_D2O/M1_data/analysis_23163-23282_M1_20251202-181353/subjob_23166-23168/run23167_20250601-23/lowlight/Run23167_M1_low_light_fits.png
Low-light fit data saved to /raid1/genli/Data_D2O/M1_data/analysis_23163-23282_M1_20251202-181353/subjob_23166-23168/run23167_20250601-23/lowlight/Run23167_M1_low_light_fits.pkl
Applying 2000 ns time interval cut...
Time interval cut: Kept 2101037 / 2143523 events
Veto efficiency plot saved to /raid1/genli/Data_D2O/M1_data/analysis_23163-23282_M1_20251202-181353/subjob_23166-23168/run23167_20250601-23/histograms/23167_M1_veto_efficiency.png
Veto efficiency data saved to /raid1/genli/Data_D2O/M1_data/analysis_23163-23282_M1_20251202-181353/subjob_23166-23168/run23167_20250601-23/histograms/23167_M1_veto_efficiency.pkl
Run 23167: after NaN drop: 6129 events
Run 23167: after Δt cut: 4451 events
Run 23167: after total_pe cut: 4451 events
Run 23167: after time-std < 40.0 ns cut: 4451 events
Correlation map saved to /raid1/genli/Data_D2O/M1_data/analysis_23163-23282_M1_20251202-181353/subjob_23166-23168/run23167_20250601-23/cuthist/Run_23167_M1_correlation_map.png
--- Processing run 23168 ---
Length of time: 3596998767376.0 ns
Length of time: 59.94997945626667 minutes
Low-light fits saved to /raid1/genli/Data_D2O/M1_data/analysis_23163-23282_M1_20251202-181353/subjob_23166-23168/run23168_20250602-00/lowlight/Run23168_M1_low_light_fits.png
Low-light fit data saved to /raid1/genli/Data_D2O/M1_data/analysis_23163-23282_M1_20251202-181353/subjob_23166-23168/run23168_20250602-00/lowlight/Run23168_M1_low_light_fits.pkl
Applying 2000 ns time interval cut...
Time interval cut: Kept 2102286 / 2144771 events
Veto efficiency plot saved to /raid1/genli/Data_D2O/M1_data/analysis_23163-23282_M1_20251202-181353/subjob_23166-23168/run23168_20250602-00/histograms/23168_M1_veto_efficiency.png
Veto efficiency data saved to /raid1/genli/Data_D2O/M1_data/analysis_23163-23282_M1_20251202-181353/subjob_23166-23168/run23168_20250602-00/histograms/23168_M1_veto_efficiency.pkl
Run 23168: after NaN drop: 6017 events
Run 23168: after Δt cut: 4310 events
Run 23168: after total_pe cut: 4308 events
Run 23168: after time-std < 40.0 ns cut: 4308 events
Correlation map saved to /raid1/genli/Data_D2O/M1_data/analysis_23163-23282_M1_20251202-181353/subjob_23166-23168/run23168_20250602-00/cuthist/Run_23168_M1_correlation_map.png
Saving aggregated data for sub-job 23166-23168...
Sub-job time length saved to /raid1/genli/Data_D2O/M1_data/analysis_23163-23282_M1_20251202-181353/subjob_23166-23168/subjob_time_length.json
Successfully saved data for master aggregation.
--- Sub-job Analysis Complete ---
