/home/genli/.local/lib/python3.9/site-packages/numpy/lib/nanfunctions.py:1878: RuntimeWarning: Degrees of freedom <= 0 for slice.
  var = nanvar(a, axis=axis, dtype=dtype, out=out, ddof=ddof,
=== Configuration ===
Analysis type: M1
Runs: 23167 to 23167
Output Directory for this job: /raid1/genli/Data_D2O/M1_data/analysis_23163-23172_M1_20251124-161302/subjob_23167-23167
Δt cut: (2197, 10985) ns
Photoelectron cut: (0, 1000) P.E.
Time-std cut: < 40.0 ns
======================
--- Processing run 23167 ---
Length of time: 3596991678128.0 ns
Length of time: 59.94986130213333 minutes
Low-light fits saved to /raid1/genli/Data_D2O/M1_data/analysis_23163-23172_M1_20251124-161302/subjob_23167-23167/run23167_20250601-23/lowlight/Run23167_M1_low_light_fits.png
Low-light fit data saved to /raid1/genli/Data_D2O/M1_data/analysis_23163-23172_M1_20251124-161302/subjob_23167-23167/run23167_20250601-23/lowlight/Run23167_M1_low_light_fits.pkl
Applying 2000 ns time interval cut...
Time interval cut: Kept 2101037 / 2143523 events
Veto efficiency plot saved to /raid1/genli/Data_D2O/M1_data/analysis_23163-23172_M1_20251124-161302/subjob_23167-23167/run23167_20250601-23/histograms/23167_M1_veto_efficiency.png
Veto efficiency data saved to /raid1/genli/Data_D2O/M1_data/analysis_23163-23172_M1_20251124-161302/subjob_23167-23167/run23167_20250601-23/histograms/23167_M1_veto_efficiency.pkl
Run 23167: after NaN drop: 7017 events
Run 23167: after Δt cut: 4738 events
Run 23167: after total_pe cut: 4738 events
Run 23167: after time-std < 40.0 ns cut: 4738 events
Correlation map saved to /raid1/genli/Data_D2O/M1_data/analysis_23163-23172_M1_20251124-161302/subjob_23167-23167/run23167_20250601-23/cuthist/Run_23167_M1_correlation_map.png
Saving aggregated data for sub-job 23167-23167...
Sub-job time length saved to /raid1/genli/Data_D2O/M1_data/analysis_23163-23172_M1_20251124-161302/subjob_23167-23167/subjob_time_length.json
Successfully saved data for master aggregation.
--- Sub-job Analysis Complete ---
