/home/genli/.local/lib/python3.9/site-packages/numpy/lib/nanfunctions.py:1878: RuntimeWarning: Degrees of freedom <= 0 for slice.
  var = nanvar(a, axis=axis, dtype=dtype, out=out, ddof=ddof,
/usr/local/lib64/python3.9/site-packages/scipy/stats/_stats_py.py:4424: ConstantInputWarning: An input array is constant; the correlation coefficient is not defined.
  warnings.warn(stats.ConstantInputWarning(msg))
/usr/local/lib64/python3.9/site-packages/scipy/stats/_stats_py.py:4424: ConstantInputWarning: An input array is constant; the correlation coefficient is not defined.
  warnings.warn(stats.ConstantInputWarning(msg))
/usr/local/lib64/python3.9/site-packages/scipy/stats/_stats_py.py:4424: ConstantInputWarning: An input array is constant; the correlation coefficient is not defined.
  warnings.warn(stats.ConstantInputWarning(msg))
/usr/local/lib64/python3.9/site-packages/scipy/stats/_stats_py.py:4424: ConstantInputWarning: An input array is constant; the correlation coefficient is not defined.
  warnings.warn(stats.ConstantInputWarning(msg))
/home/genli/.local/lib/python3.9/site-packages/numpy/lib/nanfunctions.py:1878: RuntimeWarning: Degrees of freedom <= 0 for slice.
  var = nanvar(a, axis=axis, dtype=dtype, out=out, ddof=ddof,
/usr/local/lib64/python3.9/site-packages/scipy/stats/_stats_py.py:4424: ConstantInputWarning: An input array is constant; the correlation coefficient is not defined.
  warnings.warn(stats.ConstantInputWarning(msg))
/usr/local/lib64/python3.9/site-packages/scipy/stats/_stats_py.py:4424: ConstantInputWarning: An input array is constant; the correlation coefficient is not defined.
  warnings.warn(stats.ConstantInputWarning(msg))
/usr/local/lib64/python3.9/site-packages/scipy/stats/_stats_py.py:4424: ConstantInputWarning: An input array is constant; the correlation coefficient is not defined.
  warnings.warn(stats.ConstantInputWarning(msg))
/usr/local/lib64/python3.9/site-packages/scipy/stats/_stats_py.py:4424: ConstantInputWarning: An input array is constant; the correlation coefficient is not defined.
  warnings.warn(stats.ConstantInputWarning(msg))
/home/genli/.local/lib/python3.9/site-packages/numpy/lib/nanfunctions.py:1878: RuntimeWarning: Degrees of freedom <= 0 for slice.
  var = nanvar(a, axis=axis, dtype=dtype, out=out, ddof=ddof,
/usr/local/lib64/python3.9/site-packages/scipy/stats/_stats_py.py:4424: ConstantInputWarning: An input array is constant; the correlation coefficient is not defined.
  warnings.warn(stats.ConstantInputWarning(msg))
/usr/local/lib64/python3.9/site-packages/scipy/stats/_stats_py.py:4424: ConstantInputWarning: An input array is constant; the correlation coefficient is not defined.
  warnings.warn(stats.ConstantInputWarning(msg))
/usr/local/lib64/python3.9/site-packages/scipy/stats/_stats_py.py:4424: ConstantInputWarning: An input array is constant; the correlation coefficient is not defined.
  warnings.warn(stats.ConstantInputWarning(msg))
/usr/local/lib64/python3.9/site-packages/scipy/stats/_stats_py.py:4424: ConstantInputWarning: An input array is constant; the correlation coefficient is not defined.
  warnings.warn(stats.ConstantInputWarning(msg))
=== Configuration ===
Analysis type: M1
Runs: 15022 to 15024
Output Directory for this job: /raid1/genli/Data_D2O/M1_data/analysis_14977-15096_M1_20251202-205527/subjob_15022-15024
Δt cut: (2197, 10985) ns
Photoelectron cut: (0, 1000) P.E.
Time-std cut: < 40.0 ns
======================
--- Processing run 15022 ---
Length of time: 3597974136992.0 ns
Length of time: 59.96623561653333 minutes
Low-light fits saved to /raid1/genli/Data_D2O/M1_data/analysis_14977-15096_M1_20251202-205527/subjob_15022-15024/run15022_20240602-20/lowlight/Run15022_M1_low_light_fits.png
Low-light fit data saved to /raid1/genli/Data_D2O/M1_data/analysis_14977-15096_M1_20251202-205527/subjob_15022-15024/run15022_20240602-20/lowlight/Run15022_M1_low_light_fits.pkl
Applying 2000 ns time interval cut...
Time interval cut: Kept 2367844 / 2389408 events
Veto efficiency plot saved to /raid1/genli/Data_D2O/M1_data/analysis_14977-15096_M1_20251202-205527/subjob_15022-15024/run15022_20240602-20/histograms/15022_M1_veto_efficiency.png
Veto efficiency data saved to /raid1/genli/Data_D2O/M1_data/analysis_14977-15096_M1_20251202-205527/subjob_15022-15024/run15022_20240602-20/histograms/15022_M1_veto_efficiency.pkl
Run 15022: after NaN drop: 7366 events
Run 15022: after Δt cut: 5002 events
Run 15022: after total_pe cut: 5000 events
Run 15022: after time-std < 40.0 ns cut: 5000 events
Correlation map saved to /raid1/genli/Data_D2O/M1_data/analysis_14977-15096_M1_20251202-205527/subjob_15022-15024/run15022_20240602-20/cuthist/Run_15022_M1_correlation_map.png
--- Processing run 15023 ---
Length of time: 3597972021280.0 ns
Length of time: 59.96620035466666 minutes
Low-light fits saved to /raid1/genli/Data_D2O/M1_data/analysis_14977-15096_M1_20251202-205527/subjob_15022-15024/run15023_20240602-21/lowlight/Run15023_M1_low_light_fits.png
Low-light fit data saved to /raid1/genli/Data_D2O/M1_data/analysis_14977-15096_M1_20251202-205527/subjob_15022-15024/run15023_20240602-21/lowlight/Run15023_M1_low_light_fits.pkl
Applying 2000 ns time interval cut...
Time interval cut: Kept 2364723 / 2386278 events
Veto efficiency plot saved to /raid1/genli/Data_D2O/M1_data/analysis_14977-15096_M1_20251202-205527/subjob_15022-15024/run15023_20240602-21/histograms/15023_M1_veto_efficiency.png
Veto efficiency data saved to /raid1/genli/Data_D2O/M1_data/analysis_14977-15096_M1_20251202-205527/subjob_15022-15024/run15023_20240602-21/histograms/15023_M1_veto_efficiency.pkl
Run 15023: after NaN drop: 7518 events
Run 15023: after Δt cut: 5052 events
Run 15023: after total_pe cut: 5047 events
Run 15023: after time-std < 40.0 ns cut: 5047 events
Correlation map saved to /raid1/genli/Data_D2O/M1_data/analysis_14977-15096_M1_20251202-205527/subjob_15022-15024/run15023_20240602-21/cuthist/Run_15023_M1_correlation_map.png
--- Processing run 15024 ---
Length of time: 3597974694336.0 ns
Length of time: 59.9662449056 minutes
Low-light fits saved to /raid1/genli/Data_D2O/M1_data/analysis_14977-15096_M1_20251202-205527/subjob_15022-15024/run15024_20240602-22/lowlight/Run15024_M1_low_light_fits.png
Low-light fit data saved to /raid1/genli/Data_D2O/M1_data/analysis_14977-15096_M1_20251202-205527/subjob_15022-15024/run15024_20240602-22/lowlight/Run15024_M1_low_light_fits.pkl
Applying 2000 ns time interval cut...
Time interval cut: Kept 2379553 / 2401262 events
Veto efficiency plot saved to /raid1/genli/Data_D2O/M1_data/analysis_14977-15096_M1_20251202-205527/subjob_15022-15024/run15024_20240602-22/histograms/15024_M1_veto_efficiency.png
Veto efficiency data saved to /raid1/genli/Data_D2O/M1_data/analysis_14977-15096_M1_20251202-205527/subjob_15022-15024/run15024_20240602-22/histograms/15024_M1_veto_efficiency.pkl
Run 15024: after NaN drop: 7450 events
Run 15024: after Δt cut: 5012 events
Run 15024: after total_pe cut: 5005 events
Run 15024: after time-std < 40.0 ns cut: 5005 events
Correlation map saved to /raid1/genli/Data_D2O/M1_data/analysis_14977-15096_M1_20251202-205527/subjob_15022-15024/run15024_20240602-22/cuthist/Run_15024_M1_correlation_map.png
Saving aggregated data for sub-job 15022-15024...
Sub-job time length saved to /raid1/genli/Data_D2O/M1_data/analysis_14977-15096_M1_20251202-205527/subjob_15022-15024/subjob_time_length.json
Successfully saved data for master aggregation.
--- Sub-job Analysis Complete ---
