/home/genli/.local/lib/python3.9/site-packages/numpy/lib/nanfunctions.py:1878: RuntimeWarning: Degrees of freedom <= 0 for slice.
  var = nanvar(a, axis=axis, dtype=dtype, out=out, ddof=ddof,
=== Configuration ===
Analysis type: M2
Runs: 892 to 892
Output Directory for this job: /raid1/genli/Data_D2O/M2_data/analysis_892-893_M2_20250819-213844/subjob_892-892
Δt cut: (0, 10000) ns
Photoelectron cut: (0, 2000) P.E.
Time-std cut: < 40.0 ns
Thin Veto Analysis: ENABLED
======================
--- Processing run 892 ---
Low-light fits saved to /raid1/genli/Data_D2O/M2_data/analysis_892-893_M2_20250819-213844/subjob_892-892/run892_20250819-18/lowlight/Run892_M2_low_light_fits.png
Low-light fit data saved to /raid1/genli/Data_D2O/M2_data/analysis_892-893_M2_20250819-213844/subjob_892-892/run892_20250819-18/lowlight/Run892_M2_low_light_fits.pkl
Run 892: Generating veto plots AFTER cuts...
Veto efficiency plot saved to /raid1/genli/Data_D2O/M2_data/analysis_892-893_M2_20250819-213844/subjob_892-892/run892_20250819-18/histograms/892_M2_veto_efficiency.png
Veto efficiency data saved to /raid1/genli/Data_D2O/M2_data/analysis_892-893_M2_20250819-213844/subjob_892-892/run892_20250819-18/histograms/892_M2_veto_efficiency.pkl
Run 892: after NaN drop: 385840 events
Run 892: after Δt cut: 2037 events
Run 892: after total_pe cut: 1688 events
Run 892: after time-std < 40.0 ns cut: 1688 events
Correlation map saved to /raid1/genli/Data_D2O/M2_data/analysis_892-893_M2_20250819-213844/subjob_892-892/run892_20250819-18/cuthist/Run_892_M2_correlation_map.png
SiPM histograms saved to /raid1/genli/Data_D2O/M2_data/analysis_892-893_M2_20250819-213844/subjob_892-892/run892_20250819-18/Run_892_M2_sipm_area_histograms.png
SiPM histogram data saved to /raid1/genli/Data_D2O/M2_data/analysis_892-893_M2_20250819-213844/subjob_892-892/run892_20250819-18/Run_892_M2_sipm_area_histograms.pkl
Veto efficiency plot saved to /raid1/genli/Data_D2O/M2_data/analysis_892-893_M2_20250819-213844/subjob_892-892/Runs_892_892_M2_veto_efficiency_agg.png
Veto efficiency data saved to /raid1/genli/Data_D2O/M2_data/analysis_892-893_M2_20250819-213844/subjob_892-892/Runs_892_892_M2_veto_efficiency_agg.pkl
--- Generating Aggregated Thin Veto Comparison Plots ---
Saving aggregated data for sub-job 892-892...
Successfully saved data for master aggregation.
--- Sub-job Analysis Complete ---
