/home/genli/.local/lib/python3.9/site-packages/numpy/lib/nanfunctions.py:1878: RuntimeWarning: Degrees of freedom <= 0 for slice.
  var = nanvar(a, axis=axis, dtype=dtype, out=out, ddof=ddof,
/home/genli/.local/lib/python3.9/site-packages/numpy/lib/nanfunctions.py:1878: RuntimeWarning: Degrees of freedom <= 0 for slice.
  var = nanvar(a, axis=axis, dtype=dtype, out=out, ddof=ddof,
/home/genli/D2O_analysis/Codes/Read_Cut_Hist_D2O_multi_veto.py:411: UserWarning: Data has no positive values, and therefore cannot be log-scaled.
  ax.set_yscale('log')
/home/genli/.local/lib/python3.9/site-packages/numpy/lib/nanfunctions.py:1878: RuntimeWarning: Degrees of freedom <= 0 for slice.
  var = nanvar(a, axis=axis, dtype=dtype, out=out, ddof=ddof,
/home/genli/.local/lib/python3.9/site-packages/numpy/lib/nanfunctions.py:1878: RuntimeWarning: Degrees of freedom <= 0 for slice.
  var = nanvar(a, axis=axis, dtype=dtype, out=out, ddof=ddof,
/home/genli/.local/lib/python3.9/site-packages/numpy/lib/nanfunctions.py:1878: RuntimeWarning: Degrees of freedom <= 0 for slice.
  var = nanvar(a, axis=axis, dtype=dtype, out=out, ddof=ddof,
/home/genli/D2O_analysis/Codes/Read_Cut_Hist_D2O_multi_veto.py:411: UserWarning: Data has no positive values, and therefore cannot be log-scaled.
  ax.set_yscale('log')
/home/genli/.local/lib/python3.9/site-packages/numpy/lib/nanfunctions.py:1878: RuntimeWarning: Degrees of freedom <= 0 for slice.
  var = nanvar(a, axis=axis, dtype=dtype, out=out, ddof=ddof,
/home/genli/.local/lib/python3.9/site-packages/numpy/lib/nanfunctions.py:1878: RuntimeWarning: Degrees of freedom <= 0 for slice.
  var = nanvar(a, axis=axis, dtype=dtype, out=out, ddof=ddof,
/home/genli/D2O_analysis/Codes/Read_Cut_Hist_D2O_multi_veto.py:411: UserWarning: Data has no positive values, and therefore cannot be log-scaled.
  ax.set_yscale('log')
/home/genli/.local/lib/python3.9/site-packages/numpy/lib/nanfunctions.py:1878: RuntimeWarning: Degrees of freedom <= 0 for slice.
  var = nanvar(a, axis=axis, dtype=dtype, out=out, ddof=ddof,
/home/genli/.local/lib/python3.9/site-packages/numpy/lib/nanfunctions.py:1878: RuntimeWarning: Degrees of freedom <= 0 for slice.
  var = nanvar(a, axis=axis, dtype=dtype, out=out, ddof=ddof,
/home/genli/.local/lib/python3.9/site-packages/numpy/lib/nanfunctions.py:1878: RuntimeWarning: Degrees of freedom <= 0 for slice.
  var = nanvar(a, axis=axis, dtype=dtype, out=out, ddof=ddof,
/home/genli/.local/lib/python3.9/site-packages/numpy/lib/nanfunctions.py:1878: RuntimeWarning: Degrees of freedom <= 0 for slice.
  var = nanvar(a, axis=axis, dtype=dtype, out=out, ddof=ddof,
/home/genli/.local/lib/python3.9/site-packages/numpy/lib/nanfunctions.py:1878: RuntimeWarning: Degrees of freedom <= 0 for slice.
  var = nanvar(a, axis=axis, dtype=dtype, out=out, ddof=ddof,
/home/genli/.local/lib/python3.9/site-packages/numpy/lib/nanfunctions.py:1878: RuntimeWarning: Degrees of freedom <= 0 for slice.
  var = nanvar(a, axis=axis, dtype=dtype, out=out, ddof=ddof,
/home/genli/.local/lib/python3.9/site-packages/numpy/lib/nanfunctions.py:1878: RuntimeWarning: Degrees of freedom <= 0 for slice.
  var = nanvar(a, axis=axis, dtype=dtype, out=out, ddof=ddof,
/home/genli/.local/lib/python3.9/site-packages/numpy/lib/nanfunctions.py:1878: RuntimeWarning: Degrees of freedom <= 0 for slice.
  var = nanvar(a, axis=axis, dtype=dtype, out=out, ddof=ddof,
/home/genli/D2O_analysis/Codes/Read_Cut_Hist_D2O_multi_veto.py:411: UserWarning: Data has no positive values, and therefore cannot be log-scaled.
  ax.set_yscale('log')
/home/genli/.local/lib/python3.9/site-packages/numpy/lib/nanfunctions.py:1878: RuntimeWarning: Degrees of freedom <= 0 for slice.
  var = nanvar(a, axis=axis, dtype=dtype, out=out, ddof=ddof,
/home/genli/.local/lib/python3.9/site-packages/numpy/lib/nanfunctions.py:1878: RuntimeWarning: Degrees of freedom <= 0 for slice.
  var = nanvar(a, axis=axis, dtype=dtype, out=out, ddof=ddof,
/home/genli/.local/lib/python3.9/site-packages/numpy/lib/nanfunctions.py:1878: RuntimeWarning: Degrees of freedom <= 0 for slice.
  var = nanvar(a, axis=axis, dtype=dtype, out=out, ddof=ddof,
/home/genli/.local/lib/python3.9/site-packages/numpy/lib/nanfunctions.py:1878: RuntimeWarning: Degrees of freedom <= 0 for slice.
  var = nanvar(a, axis=axis, dtype=dtype, out=out, ddof=ddof,
=== Configuration ===
Analysis type: M1
Runs: 25325 to 25343
Output Directory for this job: /raid1/genli/Data_D2O/M1_data/BRN/analysis_25306-26233_M1_20251030-013056/subjob_25325-25343
Δt cut: (960, 10560) ns
Photoelectron cut: (0, 2000) P.E.
Time-std cut: < 40.0 ns
======================
--- Processing run 25325 ---
Low-light fits saved to /raid1/genli/Data_D2O/M1_data/BRN/analysis_25306-26233_M1_20251030-013056/subjob_25325-25343/run25325_20250901-14/lowlight/Run25325_M1_low_light_fits.png
Low-light fit data saved to /raid1/genli/Data_D2O/M1_data/BRN/analysis_25306-26233_M1_20251030-013056/subjob_25325-25343/run25325_20250901-14/lowlight/Run25325_M1_low_light_fits.pkl
Veto efficiency plot saved to /raid1/genli/Data_D2O/M1_data/BRN/analysis_25306-26233_M1_20251030-013056/subjob_25325-25343/run25325_20250901-14/histograms/25325_M1_veto_efficiency.png
Veto efficiency data saved to /raid1/genli/Data_D2O/M1_data/BRN/analysis_25306-26233_M1_20251030-013056/subjob_25325-25343/run25325_20250901-14/histograms/25325_M1_veto_efficiency.pkl
Run 25325: after NaN drop: 18565 events
Run 25325: after Δt cut: 9032 events
Run 25325: after total_pe cut: 9032 events
Run 25325: after time-std < 40.0 ns cut: 9032 events
Correlation map saved to /raid1/genli/Data_D2O/M1_data/BRN/analysis_25306-26233_M1_20251030-013056/subjob_25325-25343/run25325_20250901-14/cuthist/Run_25325_M1_correlation_map.png
--- Processing run 25326 ---
Low-light fits saved to /raid1/genli/Data_D2O/M1_data/BRN/analysis_25306-26233_M1_20251030-013056/subjob_25325-25343/run25326_20250901-15/lowlight/Run25326_M1_low_light_fits.png
Low-light fit data saved to /raid1/genli/Data_D2O/M1_data/BRN/analysis_25306-26233_M1_20251030-013056/subjob_25325-25343/run25326_20250901-15/lowlight/Run25326_M1_low_light_fits.pkl
Veto efficiency plot saved to /raid1/genli/Data_D2O/M1_data/BRN/analysis_25306-26233_M1_20251030-013056/subjob_25325-25343/run25326_20250901-15/histograms/25326_M1_veto_efficiency.png
Veto efficiency data saved to /raid1/genli/Data_D2O/M1_data/BRN/analysis_25306-26233_M1_20251030-013056/subjob_25325-25343/run25326_20250901-15/histograms/25326_M1_veto_efficiency.pkl
Run 25326: after NaN drop: 18934 events
Run 25326: after Δt cut: 9089 events
Run 25326: after total_pe cut: 9089 events
Run 25326: after time-std < 40.0 ns cut: 9089 events
Correlation map saved to /raid1/genli/Data_D2O/M1_data/BRN/analysis_25306-26233_M1_20251030-013056/subjob_25325-25343/run25326_20250901-15/cuthist/Run_25326_M1_correlation_map.png
--- Processing run 25327 ---
Low-light fits saved to /raid1/genli/Data_D2O/M1_data/BRN/analysis_25306-26233_M1_20251030-013056/subjob_25325-25343/run25327_20250901-16/lowlight/Run25327_M1_low_light_fits.png
Low-light fit data saved to /raid1/genli/Data_D2O/M1_data/BRN/analysis_25306-26233_M1_20251030-013056/subjob_25325-25343/run25327_20250901-16/lowlight/Run25327_M1_low_light_fits.pkl
Veto efficiency plot saved to /raid1/genli/Data_D2O/M1_data/BRN/analysis_25306-26233_M1_20251030-013056/subjob_25325-25343/run25327_20250901-16/histograms/25327_M1_veto_efficiency.png
Veto efficiency data saved to /raid1/genli/Data_D2O/M1_data/BRN/analysis_25306-26233_M1_20251030-013056/subjob_25325-25343/run25327_20250901-16/histograms/25327_M1_veto_efficiency.pkl
Run 25327: after NaN drop: 18771 events
Run 25327: after Δt cut: 9154 events
Run 25327: after total_pe cut: 9151 events
Run 25327: after time-std < 40.0 ns cut: 9151 events
Correlation map saved to /raid1/genli/Data_D2O/M1_data/BRN/analysis_25306-26233_M1_20251030-013056/subjob_25325-25343/run25327_20250901-16/cuthist/Run_25327_M1_correlation_map.png
--- Processing run 25328 ---
Low-light fits saved to /raid1/genli/Data_D2O/M1_data/BRN/analysis_25306-26233_M1_20251030-013056/subjob_25325-25343/run25328_20250901-17/lowlight/Run25328_M1_low_light_fits.png
Low-light fit data saved to /raid1/genli/Data_D2O/M1_data/BRN/analysis_25306-26233_M1_20251030-013056/subjob_25325-25343/run25328_20250901-17/lowlight/Run25328_M1_low_light_fits.pkl
Veto efficiency plot saved to /raid1/genli/Data_D2O/M1_data/BRN/analysis_25306-26233_M1_20251030-013056/subjob_25325-25343/run25328_20250901-17/histograms/25328_M1_veto_efficiency.png
Veto efficiency data saved to /raid1/genli/Data_D2O/M1_data/BRN/analysis_25306-26233_M1_20251030-013056/subjob_25325-25343/run25328_20250901-17/histograms/25328_M1_veto_efficiency.pkl
Run 25328: after NaN drop: 18714 events
Run 25328: after Δt cut: 8990 events
Run 25328: after total_pe cut: 8989 events
Run 25328: after time-std < 40.0 ns cut: 8989 events
Correlation map saved to /raid1/genli/Data_D2O/M1_data/BRN/analysis_25306-26233_M1_20251030-013056/subjob_25325-25343/run25328_20250901-17/cuthist/Run_25328_M1_correlation_map.png
--- Processing run 25329 ---
Low-light fits saved to /raid1/genli/Data_D2O/M1_data/BRN/analysis_25306-26233_M1_20251030-013056/subjob_25325-25343/run25329_20250901-18/lowlight/Run25329_M1_low_light_fits.png
Low-light fit data saved to /raid1/genli/Data_D2O/M1_data/BRN/analysis_25306-26233_M1_20251030-013056/subjob_25325-25343/run25329_20250901-18/lowlight/Run25329_M1_low_light_fits.pkl
Veto efficiency plot saved to /raid1/genli/Data_D2O/M1_data/BRN/analysis_25306-26233_M1_20251030-013056/subjob_25325-25343/run25329_20250901-18/histograms/25329_M1_veto_efficiency.png
Veto efficiency data saved to /raid1/genli/Data_D2O/M1_data/BRN/analysis_25306-26233_M1_20251030-013056/subjob_25325-25343/run25329_20250901-18/histograms/25329_M1_veto_efficiency.pkl
Run 25329: after NaN drop: 18850 events
Run 25329: after Δt cut: 8990 events
Run 25329: after total_pe cut: 8989 events
Run 25329: after time-std < 40.0 ns cut: 8989 events
Correlation map saved to /raid1/genli/Data_D2O/M1_data/BRN/analysis_25306-26233_M1_20251030-013056/subjob_25325-25343/run25329_20250901-18/cuthist/Run_25329_M1_correlation_map.png
--- Processing run 25330 ---
Low-light fits saved to /raid1/genli/Data_D2O/M1_data/BRN/analysis_25306-26233_M1_20251030-013056/subjob_25325-25343/run25330_20250901-19/lowlight/Run25330_M1_low_light_fits.png
Low-light fit data saved to /raid1/genli/Data_D2O/M1_data/BRN/analysis_25306-26233_M1_20251030-013056/subjob_25325-25343/run25330_20250901-19/lowlight/Run25330_M1_low_light_fits.pkl
Veto efficiency plot saved to /raid1/genli/Data_D2O/M1_data/BRN/analysis_25306-26233_M1_20251030-013056/subjob_25325-25343/run25330_20250901-19/histograms/25330_M1_veto_efficiency.png
Veto efficiency data saved to /raid1/genli/Data_D2O/M1_data/BRN/analysis_25306-26233_M1_20251030-013056/subjob_25325-25343/run25330_20250901-19/histograms/25330_M1_veto_efficiency.pkl
Run 25330: after NaN drop: 18440 events
Run 25330: after Δt cut: 9072 events
Run 25330: after total_pe cut: 9071 events
Run 25330: after time-std < 40.0 ns cut: 9071 events
Correlation map saved to /raid1/genli/Data_D2O/M1_data/BRN/analysis_25306-26233_M1_20251030-013056/subjob_25325-25343/run25330_20250901-19/cuthist/Run_25330_M1_correlation_map.png
--- Processing run 25331 ---
Low-light fits saved to /raid1/genli/Data_D2O/M1_data/BRN/analysis_25306-26233_M1_20251030-013056/subjob_25325-25343/run25331_20250901-20/lowlight/Run25331_M1_low_light_fits.png
Low-light fit data saved to /raid1/genli/Data_D2O/M1_data/BRN/analysis_25306-26233_M1_20251030-013056/subjob_25325-25343/run25331_20250901-20/lowlight/Run25331_M1_low_light_fits.pkl
Veto efficiency plot saved to /raid1/genli/Data_D2O/M1_data/BRN/analysis_25306-26233_M1_20251030-013056/subjob_25325-25343/run25331_20250901-20/histograms/25331_M1_veto_efficiency.png
Veto efficiency data saved to /raid1/genli/Data_D2O/M1_data/BRN/analysis_25306-26233_M1_20251030-013056/subjob_25325-25343/run25331_20250901-20/histograms/25331_M1_veto_efficiency.pkl
Run 25331: after NaN drop: 18586 events
Run 25331: after Δt cut: 8990 events
Run 25331: after total_pe cut: 8989 events
Run 25331: after time-std < 40.0 ns cut: 8989 events
Correlation map saved to /raid1/genli/Data_D2O/M1_data/BRN/analysis_25306-26233_M1_20251030-013056/subjob_25325-25343/run25331_20250901-20/cuthist/Run_25331_M1_correlation_map.png
--- Processing run 25332 ---
Low-light fits saved to /raid1/genli/Data_D2O/M1_data/BRN/analysis_25306-26233_M1_20251030-013056/subjob_25325-25343/run25332_20250901-21/lowlight/Run25332_M1_low_light_fits.png
Low-light fit data saved to /raid1/genli/Data_D2O/M1_data/BRN/analysis_25306-26233_M1_20251030-013056/subjob_25325-25343/run25332_20250901-21/lowlight/Run25332_M1_low_light_fits.pkl
Veto efficiency plot saved to /raid1/genli/Data_D2O/M1_data/BRN/analysis_25306-26233_M1_20251030-013056/subjob_25325-25343/run25332_20250901-21/histograms/25332_M1_veto_efficiency.png
Veto efficiency data saved to /raid1/genli/Data_D2O/M1_data/BRN/analysis_25306-26233_M1_20251030-013056/subjob_25325-25343/run25332_20250901-21/histograms/25332_M1_veto_efficiency.pkl
Run 25332: after NaN drop: 18673 events
Run 25332: after Δt cut: 8902 events
Run 25332: after total_pe cut: 8900 events
Run 25332: after time-std < 40.0 ns cut: 8900 events
Correlation map saved to /raid1/genli/Data_D2O/M1_data/BRN/analysis_25306-26233_M1_20251030-013056/subjob_25325-25343/run25332_20250901-21/cuthist/Run_25332_M1_correlation_map.png
--- Processing run 25333 ---
Low-light fits saved to /raid1/genli/Data_D2O/M1_data/BRN/analysis_25306-26233_M1_20251030-013056/subjob_25325-25343/run25333_20250901-22/lowlight/Run25333_M1_low_light_fits.png
Low-light fit data saved to /raid1/genli/Data_D2O/M1_data/BRN/analysis_25306-26233_M1_20251030-013056/subjob_25325-25343/run25333_20250901-22/lowlight/Run25333_M1_low_light_fits.pkl
Veto efficiency plot saved to /raid1/genli/Data_D2O/M1_data/BRN/analysis_25306-26233_M1_20251030-013056/subjob_25325-25343/run25333_20250901-22/histograms/25333_M1_veto_efficiency.png
Veto efficiency data saved to /raid1/genli/Data_D2O/M1_data/BRN/analysis_25306-26233_M1_20251030-013056/subjob_25325-25343/run25333_20250901-22/histograms/25333_M1_veto_efficiency.pkl
Run 25333: after NaN drop: 18643 events
Run 25333: after Δt cut: 8799 events
Run 25333: after total_pe cut: 8799 events
Run 25333: after time-std < 40.0 ns cut: 8799 events
Correlation map saved to /raid1/genli/Data_D2O/M1_data/BRN/analysis_25306-26233_M1_20251030-013056/subjob_25325-25343/run25333_20250901-22/cuthist/Run_25333_M1_correlation_map.png
--- Processing run 25334 ---
Low-light fits saved to /raid1/genli/Data_D2O/M1_data/BRN/analysis_25306-26233_M1_20251030-013056/subjob_25325-25343/run25334_20250901-23/lowlight/Run25334_M1_low_light_fits.png
Low-light fit data saved to /raid1/genli/Data_D2O/M1_data/BRN/analysis_25306-26233_M1_20251030-013056/subjob_25325-25343/run25334_20250901-23/lowlight/Run25334_M1_low_light_fits.pkl
Veto efficiency plot saved to /raid1/genli/Data_D2O/M1_data/BRN/analysis_25306-26233_M1_20251030-013056/subjob_25325-25343/run25334_20250901-23/histograms/25334_M1_veto_efficiency.png
Veto efficiency data saved to /raid1/genli/Data_D2O/M1_data/BRN/analysis_25306-26233_M1_20251030-013056/subjob_25325-25343/run25334_20250901-23/histograms/25334_M1_veto_efficiency.pkl
Run 25334: after NaN drop: 18140 events
Run 25334: after Δt cut: 8887 events
Run 25334: after total_pe cut: 8886 events
Run 25334: after time-std < 40.0 ns cut: 8886 events
Correlation map saved to /raid1/genli/Data_D2O/M1_data/BRN/analysis_25306-26233_M1_20251030-013056/subjob_25325-25343/run25334_20250901-23/cuthist/Run_25334_M1_correlation_map.png
--- Processing run 25335 ---
Low-light fits saved to /raid1/genli/Data_D2O/M1_data/BRN/analysis_25306-26233_M1_20251030-013056/subjob_25325-25343/run25335_20250902-00/lowlight/Run25335_M1_low_light_fits.png
Low-light fit data saved to /raid1/genli/Data_D2O/M1_data/BRN/analysis_25306-26233_M1_20251030-013056/subjob_25325-25343/run25335_20250902-00/lowlight/Run25335_M1_low_light_fits.pkl
Veto efficiency plot saved to /raid1/genli/Data_D2O/M1_data/BRN/analysis_25306-26233_M1_20251030-013056/subjob_25325-25343/run25335_20250902-00/histograms/25335_M1_veto_efficiency.png
Veto efficiency data saved to /raid1/genli/Data_D2O/M1_data/BRN/analysis_25306-26233_M1_20251030-013056/subjob_25325-25343/run25335_20250902-00/histograms/25335_M1_veto_efficiency.pkl
Run 25335: after NaN drop: 18583 events
Run 25335: after Δt cut: 8938 events
Run 25335: after total_pe cut: 8935 events
Run 25335: after time-std < 40.0 ns cut: 8935 events
Correlation map saved to /raid1/genli/Data_D2O/M1_data/BRN/analysis_25306-26233_M1_20251030-013056/subjob_25325-25343/run25335_20250902-00/cuthist/Run_25335_M1_correlation_map.png
--- Processing run 25336 ---
Low-light fits saved to /raid1/genli/Data_D2O/M1_data/BRN/analysis_25306-26233_M1_20251030-013056/subjob_25325-25343/run25336_20250902-01/lowlight/Run25336_M1_low_light_fits.png
Low-light fit data saved to /raid1/genli/Data_D2O/M1_data/BRN/analysis_25306-26233_M1_20251030-013056/subjob_25325-25343/run25336_20250902-01/lowlight/Run25336_M1_low_light_fits.pkl
Veto efficiency plot saved to /raid1/genli/Data_D2O/M1_data/BRN/analysis_25306-26233_M1_20251030-013056/subjob_25325-25343/run25336_20250902-01/histograms/25336_M1_veto_efficiency.png
Veto efficiency data saved to /raid1/genli/Data_D2O/M1_data/BRN/analysis_25306-26233_M1_20251030-013056/subjob_25325-25343/run25336_20250902-01/histograms/25336_M1_veto_efficiency.pkl
Run 25336: after NaN drop: 18352 events
Run 25336: after Δt cut: 8861 events
Run 25336: after total_pe cut: 8861 events
Run 25336: after time-std < 40.0 ns cut: 8861 events
Correlation map saved to /raid1/genli/Data_D2O/M1_data/BRN/analysis_25306-26233_M1_20251030-013056/subjob_25325-25343/run25336_20250902-01/cuthist/Run_25336_M1_correlation_map.png
--- Processing run 25337 ---
Low-light fits saved to /raid1/genli/Data_D2O/M1_data/BRN/analysis_25306-26233_M1_20251030-013056/subjob_25325-25343/run25337_20250902-02/lowlight/Run25337_M1_low_light_fits.png
Low-light fit data saved to /raid1/genli/Data_D2O/M1_data/BRN/analysis_25306-26233_M1_20251030-013056/subjob_25325-25343/run25337_20250902-02/lowlight/Run25337_M1_low_light_fits.pkl
Veto efficiency plot saved to /raid1/genli/Data_D2O/M1_data/BRN/analysis_25306-26233_M1_20251030-013056/subjob_25325-25343/run25337_20250902-02/histograms/25337_M1_veto_efficiency.png
Veto efficiency data saved to /raid1/genli/Data_D2O/M1_data/BRN/analysis_25306-26233_M1_20251030-013056/subjob_25325-25343/run25337_20250902-02/histograms/25337_M1_veto_efficiency.pkl
Run 25337: after NaN drop: 18364 events
Run 25337: after Δt cut: 8921 events
Run 25337: after total_pe cut: 8919 events
Run 25337: after time-std < 40.0 ns cut: 8919 events
Correlation map saved to /raid1/genli/Data_D2O/M1_data/BRN/analysis_25306-26233_M1_20251030-013056/subjob_25325-25343/run25337_20250902-02/cuthist/Run_25337_M1_correlation_map.png
--- Processing run 25338 ---
Low-light fits saved to /raid1/genli/Data_D2O/M1_data/BRN/analysis_25306-26233_M1_20251030-013056/subjob_25325-25343/run25338_20250902-03/lowlight/Run25338_M1_low_light_fits.png
Low-light fit data saved to /raid1/genli/Data_D2O/M1_data/BRN/analysis_25306-26233_M1_20251030-013056/subjob_25325-25343/run25338_20250902-03/lowlight/Run25338_M1_low_light_fits.pkl
Veto efficiency plot saved to /raid1/genli/Data_D2O/M1_data/BRN/analysis_25306-26233_M1_20251030-013056/subjob_25325-25343/run25338_20250902-03/histograms/25338_M1_veto_efficiency.png
Veto efficiency data saved to /raid1/genli/Data_D2O/M1_data/BRN/analysis_25306-26233_M1_20251030-013056/subjob_25325-25343/run25338_20250902-03/histograms/25338_M1_veto_efficiency.pkl
Run 25338: after NaN drop: 18510 events
Run 25338: after Δt cut: 9093 events
Run 25338: after total_pe cut: 9092 events
Run 25338: after time-std < 40.0 ns cut: 9092 events
Correlation map saved to /raid1/genli/Data_D2O/M1_data/BRN/analysis_25306-26233_M1_20251030-013056/subjob_25325-25343/run25338_20250902-03/cuthist/Run_25338_M1_correlation_map.png
--- Processing run 25339 ---
Low-light fits saved to /raid1/genli/Data_D2O/M1_data/BRN/analysis_25306-26233_M1_20251030-013056/subjob_25325-25343/run25339_20250902-04/lowlight/Run25339_M1_low_light_fits.png
Low-light fit data saved to /raid1/genli/Data_D2O/M1_data/BRN/analysis_25306-26233_M1_20251030-013056/subjob_25325-25343/run25339_20250902-04/lowlight/Run25339_M1_low_light_fits.pkl
Veto efficiency plot saved to /raid1/genli/Data_D2O/M1_data/BRN/analysis_25306-26233_M1_20251030-013056/subjob_25325-25343/run25339_20250902-04/histograms/25339_M1_veto_efficiency.png
Veto efficiency data saved to /raid1/genli/Data_D2O/M1_data/BRN/analysis_25306-26233_M1_20251030-013056/subjob_25325-25343/run25339_20250902-04/histograms/25339_M1_veto_efficiency.pkl
Run 25339: after NaN drop: 18407 events
Run 25339: after Δt cut: 8913 events
Run 25339: after total_pe cut: 8912 events
Run 25339: after time-std < 40.0 ns cut: 8912 events
Correlation map saved to /raid1/genli/Data_D2O/M1_data/BRN/analysis_25306-26233_M1_20251030-013056/subjob_25325-25343/run25339_20250902-04/cuthist/Run_25339_M1_correlation_map.png
--- Processing run 25340 ---
Low-light fits saved to /raid1/genli/Data_D2O/M1_data/BRN/analysis_25306-26233_M1_20251030-013056/subjob_25325-25343/run25340_20250902-05/lowlight/Run25340_M1_low_light_fits.png
Low-light fit data saved to /raid1/genli/Data_D2O/M1_data/BRN/analysis_25306-26233_M1_20251030-013056/subjob_25325-25343/run25340_20250902-05/lowlight/Run25340_M1_low_light_fits.pkl
Veto efficiency plot saved to /raid1/genli/Data_D2O/M1_data/BRN/analysis_25306-26233_M1_20251030-013056/subjob_25325-25343/run25340_20250902-05/histograms/25340_M1_veto_efficiency.png
Veto efficiency data saved to /raid1/genli/Data_D2O/M1_data/BRN/analysis_25306-26233_M1_20251030-013056/subjob_25325-25343/run25340_20250902-05/histograms/25340_M1_veto_efficiency.pkl
Run 25340: after NaN drop: 18492 events
Run 25340: after Δt cut: 8930 events
Run 25340: after total_pe cut: 8930 events
Run 25340: after time-std < 40.0 ns cut: 8930 events
Correlation map saved to /raid1/genli/Data_D2O/M1_data/BRN/analysis_25306-26233_M1_20251030-013056/subjob_25325-25343/run25340_20250902-05/cuthist/Run_25340_M1_correlation_map.png
--- Processing run 25341 ---
Low-light fits saved to /raid1/genli/Data_D2O/M1_data/BRN/analysis_25306-26233_M1_20251030-013056/subjob_25325-25343/run25341_20250902-06/lowlight/Run25341_M1_low_light_fits.png
Low-light fit data saved to /raid1/genli/Data_D2O/M1_data/BRN/analysis_25306-26233_M1_20251030-013056/subjob_25325-25343/run25341_20250902-06/lowlight/Run25341_M1_low_light_fits.pkl
Veto efficiency plot saved to /raid1/genli/Data_D2O/M1_data/BRN/analysis_25306-26233_M1_20251030-013056/subjob_25325-25343/run25341_20250902-06/histograms/25341_M1_veto_efficiency.png
Veto efficiency data saved to /raid1/genli/Data_D2O/M1_data/BRN/analysis_25306-26233_M1_20251030-013056/subjob_25325-25343/run25341_20250902-06/histograms/25341_M1_veto_efficiency.pkl
Run 25341: after NaN drop: 18282 events
Run 25341: after Δt cut: 8662 events
Run 25341: after total_pe cut: 8660 events
Run 25341: after time-std < 40.0 ns cut: 8660 events
Correlation map saved to /raid1/genli/Data_D2O/M1_data/BRN/analysis_25306-26233_M1_20251030-013056/subjob_25325-25343/run25341_20250902-06/cuthist/Run_25341_M1_correlation_map.png
--- Processing run 25342 ---
Low-light fits saved to /raid1/genli/Data_D2O/M1_data/BRN/analysis_25306-26233_M1_20251030-013056/subjob_25325-25343/run25342_20250902-07/lowlight/Run25342_M1_low_light_fits.png
Low-light fit data saved to /raid1/genli/Data_D2O/M1_data/BRN/analysis_25306-26233_M1_20251030-013056/subjob_25325-25343/run25342_20250902-07/lowlight/Run25342_M1_low_light_fits.pkl
Veto efficiency plot saved to /raid1/genli/Data_D2O/M1_data/BRN/analysis_25306-26233_M1_20251030-013056/subjob_25325-25343/run25342_20250902-07/histograms/25342_M1_veto_efficiency.png
Veto efficiency data saved to /raid1/genli/Data_D2O/M1_data/BRN/analysis_25306-26233_M1_20251030-013056/subjob_25325-25343/run25342_20250902-07/histograms/25342_M1_veto_efficiency.pkl
Run 25342: after NaN drop: 18567 events
Run 25342: after Δt cut: 8914 events
Run 25342: after total_pe cut: 8914 events
Run 25342: after time-std < 40.0 ns cut: 8914 events
Correlation map saved to /raid1/genli/Data_D2O/M1_data/BRN/analysis_25306-26233_M1_20251030-013056/subjob_25325-25343/run25342_20250902-07/cuthist/Run_25342_M1_correlation_map.png
--- Processing run 25343 ---
Low-light fits saved to /raid1/genli/Data_D2O/M1_data/BRN/analysis_25306-26233_M1_20251030-013056/subjob_25325-25343/run25343_20250902-08/lowlight/Run25343_M1_low_light_fits.png
Low-light fit data saved to /raid1/genli/Data_D2O/M1_data/BRN/analysis_25306-26233_M1_20251030-013056/subjob_25325-25343/run25343_20250902-08/lowlight/Run25343_M1_low_light_fits.pkl
Veto efficiency plot saved to /raid1/genli/Data_D2O/M1_data/BRN/analysis_25306-26233_M1_20251030-013056/subjob_25325-25343/run25343_20250902-08/histograms/25343_M1_veto_efficiency.png
Veto efficiency data saved to /raid1/genli/Data_D2O/M1_data/BRN/analysis_25306-26233_M1_20251030-013056/subjob_25325-25343/run25343_20250902-08/histograms/25343_M1_veto_efficiency.pkl
Run 25343: after NaN drop: 18067 events
Run 25343: after Δt cut: 8754 events
Run 25343: after total_pe cut: 8753 events
Run 25343: after time-std < 40.0 ns cut: 8753 events
Correlation map saved to /raid1/genli/Data_D2O/M1_data/BRN/analysis_25306-26233_M1_20251030-013056/subjob_25325-25343/run25343_20250902-08/cuthist/Run_25343_M1_correlation_map.png
Saving aggregated data for sub-job 25325-25343...
Successfully saved data for master aggregation.
--- Sub-job Analysis Complete ---
