/home/genli/.local/lib/python3.9/site-packages/numpy/lib/nanfunctions.py:1878: RuntimeWarning: Degrees of freedom <= 0 for slice.
  var = nanvar(a, axis=axis, dtype=dtype, out=out, ddof=ddof,
/usr/local/lib64/python3.9/site-packages/scipy/stats/_stats_py.py:4424: ConstantInputWarning: An input array is constant; the correlation coefficient is not defined.
  warnings.warn(stats.ConstantInputWarning(msg))
/usr/local/lib64/python3.9/site-packages/scipy/stats/_stats_py.py:4424: ConstantInputWarning: An input array is constant; the correlation coefficient is not defined.
  warnings.warn(stats.ConstantInputWarning(msg))
/usr/local/lib64/python3.9/site-packages/scipy/stats/_stats_py.py:4424: ConstantInputWarning: An input array is constant; the correlation coefficient is not defined.
  warnings.warn(stats.ConstantInputWarning(msg))
/usr/local/lib64/python3.9/site-packages/scipy/stats/_stats_py.py:4424: ConstantInputWarning: An input array is constant; the correlation coefficient is not defined.
  warnings.warn(stats.ConstantInputWarning(msg))
Traceback (most recent call last):
  File "/home/genli/D2O_analysis/Codes/Read_Cut_Hist_D2O_multi_veto.py", line 1155, in main
    result_tuple = processor.process_run(
  File "/home/genli/D2O_analysis/Codes/Read_Cut_Hist_D2O_multi_veto.py", line 689, in process_run
    result = self._process_run_data(df_all, run, run_dir, hist_dir, cut_dir, ll_dir,
  File "/home/genli/D2O_analysis/Codes/Read_Cut_Hist_D2O_multi_veto.py", line 755, in _process_run_data
    mu1_values_run, ll_hist_counts, ll_bin_edges = self._process_low_light_events(
  File "/home/genli/D2O_analysis/Codes/Read_Cut_Hist_D2O_multi_veto.py", line 866, in _process_low_light_events
    mu1_values, fit_results_data = self._fit_and_plot_low_light(
  File "/home/genli/D2O_analysis/Codes/Read_Cut_Hist_D2O_multi_veto.py", line 1021, in _fit_and_plot_low_light
    self.file_handler.save_pickle(fit_results_data, pkl_save_path)
  File "/home/genli/D2O_analysis/Codes/Read_Cut_Hist_D2O_multi_veto.py", line 151, in save_pickle
    with path.open('wb') as f:
  File "/usr/lib64/python3.9/pathlib.py", line 1180, in open
    return io.open(self, mode, buffering, encoding, errors, newline,
  File "/usr/lib64/python3.9/pathlib.py", line 1038, in _opener
    return self._accessor.open(self, flags, mode)
FileNotFoundError: [Errno 2] No such file or directory: '/raid1/genli/Data_D2O/M1_data/analysis_14977-15096_M1_20251202-205527/subjob_15082-15084/run15083_20240605-09/lowlight/Run15083_M1_low_light_fits.pkl'
/home/genli/.local/lib/python3.9/site-packages/numpy/lib/nanfunctions.py:1878: RuntimeWarning: Degrees of freedom <= 0 for slice.
  var = nanvar(a, axis=axis, dtype=dtype, out=out, ddof=ddof,
/usr/local/lib64/python3.9/site-packages/scipy/stats/_stats_py.py:4424: ConstantInputWarning: An input array is constant; the correlation coefficient is not defined.
  warnings.warn(stats.ConstantInputWarning(msg))
/usr/local/lib64/python3.9/site-packages/scipy/stats/_stats_py.py:4424: ConstantInputWarning: An input array is constant; the correlation coefficient is not defined.
  warnings.warn(stats.ConstantInputWarning(msg))
/usr/local/lib64/python3.9/site-packages/scipy/stats/_stats_py.py:4424: ConstantInputWarning: An input array is constant; the correlation coefficient is not defined.
  warnings.warn(stats.ConstantInputWarning(msg))
/usr/local/lib64/python3.9/site-packages/scipy/stats/_stats_py.py:4424: ConstantInputWarning: An input array is constant; the correlation coefficient is not defined.
  warnings.warn(stats.ConstantInputWarning(msg))
/home/genli/D2O_analysis/Codes/Read_Cut_Hist_D2O_multi_veto.py:1071: UserWarning: The figure layout has changed to tight
  plt.tight_layout()
=== Configuration ===
Analysis type: M1
Runs: 15082 to 15084
Output Directory for this job: /raid1/genli/Data_D2O/M1_data/analysis_14977-15096_M1_20251202-205527/subjob_15082-15084
Δt cut: (17576, 219700) ns
Photoelectron cut: (0, 1000) P.E.
Time-std cut: < 40.0 ns
======================
--- Processing run 15082 ---
Length of time: 3597971416176.0 ns
Length of time: 59.9661902696 minutes
Low-light fits saved to /raid1/genli/Data_D2O/M1_data/analysis_14977-15096_M1_20251202-205527/subjob_15082-15084/run15082_20240605-08/lowlight/Run15082_M1_low_light_fits.png
Low-light fit data saved to /raid1/genli/Data_D2O/M1_data/analysis_14977-15096_M1_20251202-205527/subjob_15082-15084/run15082_20240605-08/lowlight/Run15082_M1_low_light_fits.pkl
Applying 2000 ns time interval cut...
Time interval cut: Kept 2361688 / 2383541 events
Veto efficiency plot saved to /raid1/genli/Data_D2O/M1_data/analysis_14977-15096_M1_20251202-205527/subjob_15082-15084/run15082_20240605-08/histograms/15082_M1_veto_efficiency.png
Veto efficiency data saved to /raid1/genli/Data_D2O/M1_data/analysis_14977-15096_M1_20251202-205527/subjob_15082-15084/run15082_20240605-08/histograms/15082_M1_veto_efficiency.pkl
Run 15082: after NaN drop: 7471 events
Run 15082: after Δt cut: 298 events
Run 15082: after total_pe cut: 292 events
Run 15082: after time-std < 40.0 ns cut: 292 events
Correlation map saved to /raid1/genli/Data_D2O/M1_data/analysis_14977-15096_M1_20251202-205527/subjob_15082-15084/run15082_20240605-08/cuthist/Run_15082_M1_correlation_map.png
--- Processing run 15083 ---
Length of time: 3597974064640.0 ns
Length of time: 59.966234410666665 minutes
Error processing run 15083: [Errno 2] No such file or directory: '/raid1/genli/Data_D2O/M1_data/analysis_14977-15096_M1_20251202-205527/subjob_15082-15084/run15083_20240605-09/lowlight/Run15083_M1_low_light_fits.pkl'
--- Processing run 15084 ---
Length of time: 3597973564880.0 ns
Length of time: 59.96622608133334 minutes
Low-light fits saved to /raid1/genli/Data_D2O/M1_data/analysis_14977-15096_M1_20251202-205527/subjob_15082-15084/run15084_20240605-10/lowlight/Run15084_M1_low_light_fits.png
Low-light fit data saved to /raid1/genli/Data_D2O/M1_data/analysis_14977-15096_M1_20251202-205527/subjob_15082-15084/run15084_20240605-10/lowlight/Run15084_M1_low_light_fits.pkl
Applying 2000 ns time interval cut...
Time interval cut: Kept 2365161 / 2387092 events
Veto efficiency plot saved to /raid1/genli/Data_D2O/M1_data/analysis_14977-15096_M1_20251202-205527/subjob_15082-15084/run15084_20240605-10/histograms/15084_M1_veto_efficiency.png
Veto efficiency data saved to /raid1/genli/Data_D2O/M1_data/analysis_14977-15096_M1_20251202-205527/subjob_15082-15084/run15084_20240605-10/histograms/15084_M1_veto_efficiency.pkl
Run 15084: after NaN drop: 7449 events
Run 15084: after Δt cut: 293 events
Run 15084: after total_pe cut: 291 events
Run 15084: after time-std < 40.0 ns cut: 291 events
Correlation map saved to /raid1/genli/Data_D2O/M1_data/analysis_14977-15096_M1_20251202-205527/subjob_15082-15084/run15084_20240605-10/cuthist/Run_15084_M1_correlation_map.png
Saving aggregated data for sub-job 15082-15084...
Sub-job time length saved to /raid1/genli/Data_D2O/M1_data/analysis_14977-15096_M1_20251202-205527/subjob_15082-15084/subjob_time_length.json
Successfully saved data for master aggregation.
--- Sub-job Analysis Complete ---
