/home/genli/.local/lib/python3.9/site-packages/numpy/lib/nanfunctions.py:1878: RuntimeWarning: Degrees of freedom <= 0 for slice.
  var = nanvar(a, axis=axis, dtype=dtype, out=out, ddof=ddof,
/usr/local/lib64/python3.9/site-packages/scipy/stats/_stats_py.py:4424: ConstantInputWarning: An input array is constant; the correlation coefficient is not defined.
  warnings.warn(stats.ConstantInputWarning(msg))
/usr/local/lib64/python3.9/site-packages/scipy/stats/_stats_py.py:4424: ConstantInputWarning: An input array is constant; the correlation coefficient is not defined.
  warnings.warn(stats.ConstantInputWarning(msg))
/usr/local/lib64/python3.9/site-packages/scipy/stats/_stats_py.py:4424: ConstantInputWarning: An input array is constant; the correlation coefficient is not defined.
  warnings.warn(stats.ConstantInputWarning(msg))
/usr/local/lib64/python3.9/site-packages/scipy/stats/_stats_py.py:4424: ConstantInputWarning: An input array is constant; the correlation coefficient is not defined.
  warnings.warn(stats.ConstantInputWarning(msg))
/home/genli/.local/lib/python3.9/site-packages/numpy/lib/nanfunctions.py:1878: RuntimeWarning: Degrees of freedom <= 0 for slice.
  var = nanvar(a, axis=axis, dtype=dtype, out=out, ddof=ddof,
/usr/local/lib64/python3.9/site-packages/scipy/stats/_stats_py.py:4424: ConstantInputWarning: An input array is constant; the correlation coefficient is not defined.
  warnings.warn(stats.ConstantInputWarning(msg))
/usr/local/lib64/python3.9/site-packages/scipy/stats/_stats_py.py:4424: ConstantInputWarning: An input array is constant; the correlation coefficient is not defined.
  warnings.warn(stats.ConstantInputWarning(msg))
/usr/local/lib64/python3.9/site-packages/scipy/stats/_stats_py.py:4424: ConstantInputWarning: An input array is constant; the correlation coefficient is not defined.
  warnings.warn(stats.ConstantInputWarning(msg))
/usr/local/lib64/python3.9/site-packages/scipy/stats/_stats_py.py:4424: ConstantInputWarning: An input array is constant; the correlation coefficient is not defined.
  warnings.warn(stats.ConstantInputWarning(msg))
/home/genli/.local/lib/python3.9/site-packages/numpy/lib/nanfunctions.py:1878: RuntimeWarning: Degrees of freedom <= 0 for slice.
  var = nanvar(a, axis=axis, dtype=dtype, out=out, ddof=ddof,
/usr/local/lib64/python3.9/site-packages/scipy/stats/_stats_py.py:4424: ConstantInputWarning: An input array is constant; the correlation coefficient is not defined.
  warnings.warn(stats.ConstantInputWarning(msg))
/usr/local/lib64/python3.9/site-packages/scipy/stats/_stats_py.py:4424: ConstantInputWarning: An input array is constant; the correlation coefficient is not defined.
  warnings.warn(stats.ConstantInputWarning(msg))
/usr/local/lib64/python3.9/site-packages/scipy/stats/_stats_py.py:4424: ConstantInputWarning: An input array is constant; the correlation coefficient is not defined.
  warnings.warn(stats.ConstantInputWarning(msg))
/usr/local/lib64/python3.9/site-packages/scipy/stats/_stats_py.py:4424: ConstantInputWarning: An input array is constant; the correlation coefficient is not defined.
  warnings.warn(stats.ConstantInputWarning(msg))
=== Configuration ===
Analysis type: M1
Runs: 23265 to 23267
Output Directory for this job: /raid1/genli/Data_D2O/M1_data/analysis_23163-23282_M1_20251202-181353/subjob_23265-23267
Δt cut: (2197, 10985) ns
Photoelectron cut: (0, 1000) P.E.
Time-std cut: < 40.0 ns
======================
--- Processing run 23265 ---
Length of time: 3596994625456.0 ns
Length of time: 59.94991042426667 minutes
Low-light fits saved to /raid1/genli/Data_D2O/M1_data/analysis_23163-23282_M1_20251202-181353/subjob_23265-23267/run23265_20250606-01/lowlight/Run23265_M1_low_light_fits.png
Low-light fit data saved to /raid1/genli/Data_D2O/M1_data/analysis_23163-23282_M1_20251202-181353/subjob_23265-23267/run23265_20250606-01/lowlight/Run23265_M1_low_light_fits.pkl
Applying 2000 ns time interval cut...
Time interval cut: Kept 2124895 / 2168187 events
Veto efficiency plot saved to /raid1/genli/Data_D2O/M1_data/analysis_23163-23282_M1_20251202-181353/subjob_23265-23267/run23265_20250606-01/histograms/23265_M1_veto_efficiency.png
Veto efficiency data saved to /raid1/genli/Data_D2O/M1_data/analysis_23163-23282_M1_20251202-181353/subjob_23265-23267/run23265_20250606-01/histograms/23265_M1_veto_efficiency.pkl
Run 23265: after NaN drop: 6464 events
Run 23265: after Δt cut: 4608 events
Run 23265: after total_pe cut: 4608 events
Run 23265: after time-std < 40.0 ns cut: 4608 events
Correlation map saved to /raid1/genli/Data_D2O/M1_data/analysis_23163-23282_M1_20251202-181353/subjob_23265-23267/run23265_20250606-01/cuthist/Run_23265_M1_correlation_map.png
--- Processing run 23266 ---
Length of time: 3596991571920.0 ns
Length of time: 59.949859532 minutes
Low-light fits saved to /raid1/genli/Data_D2O/M1_data/analysis_23163-23282_M1_20251202-181353/subjob_23265-23267/run23266_20250606-02/lowlight/Run23266_M1_low_light_fits.png
Low-light fit data saved to /raid1/genli/Data_D2O/M1_data/analysis_23163-23282_M1_20251202-181353/subjob_23265-23267/run23266_20250606-02/lowlight/Run23266_M1_low_light_fits.pkl
Applying 2000 ns time interval cut...
Time interval cut: Kept 2124491 / 2168036 events
Veto efficiency plot saved to /raid1/genli/Data_D2O/M1_data/analysis_23163-23282_M1_20251202-181353/subjob_23265-23267/run23266_20250606-02/histograms/23266_M1_veto_efficiency.png
Veto efficiency data saved to /raid1/genli/Data_D2O/M1_data/analysis_23163-23282_M1_20251202-181353/subjob_23265-23267/run23266_20250606-02/histograms/23266_M1_veto_efficiency.pkl
Run 23266: after NaN drop: 6318 events
Run 23266: after Δt cut: 4588 events
Run 23266: after total_pe cut: 4585 events
Run 23266: after time-std < 40.0 ns cut: 4585 events
Correlation map saved to /raid1/genli/Data_D2O/M1_data/analysis_23163-23282_M1_20251202-181353/subjob_23265-23267/run23266_20250606-02/cuthist/Run_23266_M1_correlation_map.png
--- Processing run 23267 ---
Length of time: 3596995119760.0 ns
Length of time: 59.94991866266666 minutes
Low-light fits saved to /raid1/genli/Data_D2O/M1_data/analysis_23163-23282_M1_20251202-181353/subjob_23265-23267/run23267_20250606-03/lowlight/Run23267_M1_low_light_fits.png
Low-light fit data saved to /raid1/genli/Data_D2O/M1_data/analysis_23163-23282_M1_20251202-181353/subjob_23265-23267/run23267_20250606-03/lowlight/Run23267_M1_low_light_fits.pkl
Applying 2000 ns time interval cut...
Time interval cut: Kept 2133618 / 2177690 events
Veto efficiency plot saved to /raid1/genli/Data_D2O/M1_data/analysis_23163-23282_M1_20251202-181353/subjob_23265-23267/run23267_20250606-03/histograms/23267_M1_veto_efficiency.png
Veto efficiency data saved to /raid1/genli/Data_D2O/M1_data/analysis_23163-23282_M1_20251202-181353/subjob_23265-23267/run23267_20250606-03/histograms/23267_M1_veto_efficiency.pkl
Run 23267: after NaN drop: 6365 events
Run 23267: after Δt cut: 4584 events
Run 23267: after total_pe cut: 4583 events
Run 23267: after time-std < 40.0 ns cut: 4583 events
Correlation map saved to /raid1/genli/Data_D2O/M1_data/analysis_23163-23282_M1_20251202-181353/subjob_23265-23267/run23267_20250606-03/cuthist/Run_23267_M1_correlation_map.png
Saving aggregated data for sub-job 23265-23267...
Sub-job time length saved to /raid1/genli/Data_D2O/M1_data/analysis_23163-23282_M1_20251202-181353/subjob_23265-23267/subjob_time_length.json
Successfully saved data for master aggregation.
--- Sub-job Analysis Complete ---
