/home/genli/.local/lib/python3.9/site-packages/numpy/lib/nanfunctions.py:1878: RuntimeWarning: Degrees of freedom <= 0 for slice.
  var = nanvar(a, axis=axis, dtype=dtype, out=out, ddof=ddof,
/home/genli/D2O_analysis/Codes/Read_Cut_Hist_D2O_multi_veto.py:411: UserWarning: Data has no positive values, and therefore cannot be log-scaled.
  ax.set_yscale('log')
/home/genli/.local/lib/python3.9/site-packages/numpy/lib/nanfunctions.py:1878: RuntimeWarning: Degrees of freedom <= 0 for slice.
  var = nanvar(a, axis=axis, dtype=dtype, out=out, ddof=ddof,
/home/genli/D2O_analysis/Codes/Read_Cut_Hist_D2O_multi_veto.py:411: UserWarning: Data has no positive values, and therefore cannot be log-scaled.
  ax.set_yscale('log')
/home/genli/.local/lib/python3.9/site-packages/numpy/lib/nanfunctions.py:1878: RuntimeWarning: Degrees of freedom <= 0 for slice.
  var = nanvar(a, axis=axis, dtype=dtype, out=out, ddof=ddof,
/home/genli/.local/lib/python3.9/site-packages/numpy/lib/nanfunctions.py:1878: RuntimeWarning: Degrees of freedom <= 0 for slice.
  var = nanvar(a, axis=axis, dtype=dtype, out=out, ddof=ddof,
/home/genli/.local/lib/python3.9/site-packages/numpy/lib/nanfunctions.py:1878: RuntimeWarning: Degrees of freedom <= 0 for slice.
  var = nanvar(a, axis=axis, dtype=dtype, out=out, ddof=ddof,
/home/genli/.local/lib/python3.9/site-packages/numpy/lib/nanfunctions.py:1878: RuntimeWarning: Degrees of freedom <= 0 for slice.
  var = nanvar(a, axis=axis, dtype=dtype, out=out, ddof=ddof,
/home/genli/.local/lib/python3.9/site-packages/numpy/lib/nanfunctions.py:1878: RuntimeWarning: Degrees of freedom <= 0 for slice.
  var = nanvar(a, axis=axis, dtype=dtype, out=out, ddof=ddof,
/home/genli/.local/lib/python3.9/site-packages/numpy/lib/nanfunctions.py:1878: RuntimeWarning: Degrees of freedom <= 0 for slice.
  var = nanvar(a, axis=axis, dtype=dtype, out=out, ddof=ddof,
/home/genli/.local/lib/python3.9/site-packages/numpy/lib/nanfunctions.py:1878: RuntimeWarning: Degrees of freedom <= 0 for slice.
  var = nanvar(a, axis=axis, dtype=dtype, out=out, ddof=ddof,
/home/genli/.local/lib/python3.9/site-packages/numpy/lib/nanfunctions.py:1878: RuntimeWarning: Degrees of freedom <= 0 for slice.
  var = nanvar(a, axis=axis, dtype=dtype, out=out, ddof=ddof,
/home/genli/.local/lib/python3.9/site-packages/numpy/lib/nanfunctions.py:1878: RuntimeWarning: Degrees of freedom <= 0 for slice.
  var = nanvar(a, axis=axis, dtype=dtype, out=out, ddof=ddof,
/home/genli/.local/lib/python3.9/site-packages/numpy/lib/nanfunctions.py:1878: RuntimeWarning: Degrees of freedom <= 0 for slice.
  var = nanvar(a, axis=axis, dtype=dtype, out=out, ddof=ddof,
/home/genli/D2O_analysis/Codes/Read_Cut_Hist_D2O_multi_veto.py:411: UserWarning: Data has no positive values, and therefore cannot be log-scaled.
  ax.set_yscale('log')
/home/genli/.local/lib/python3.9/site-packages/numpy/lib/nanfunctions.py:1878: RuntimeWarning: Degrees of freedom <= 0 for slice.
  var = nanvar(a, axis=axis, dtype=dtype, out=out, ddof=ddof,
/home/genli/D2O_analysis/Codes/Read_Cut_Hist_D2O_multi_veto.py:411: UserWarning: Data has no positive values, and therefore cannot be log-scaled.
  ax.set_yscale('log')
/home/genli/.local/lib/python3.9/site-packages/numpy/lib/nanfunctions.py:1878: RuntimeWarning: Degrees of freedom <= 0 for slice.
  var = nanvar(a, axis=axis, dtype=dtype, out=out, ddof=ddof,
/home/genli/.local/lib/python3.9/site-packages/numpy/lib/nanfunctions.py:1878: RuntimeWarning: Degrees of freedom <= 0 for slice.
  var = nanvar(a, axis=axis, dtype=dtype, out=out, ddof=ddof,
/home/genli/D2O_analysis/Codes/Read_Cut_Hist_D2O_multi_veto.py:411: UserWarning: Data has no positive values, and therefore cannot be log-scaled.
  ax.set_yscale('log')
/home/genli/.local/lib/python3.9/site-packages/numpy/lib/nanfunctions.py:1878: RuntimeWarning: Degrees of freedom <= 0 for slice.
  var = nanvar(a, axis=axis, dtype=dtype, out=out, ddof=ddof,
/home/genli/D2O_analysis/Codes/Read_Cut_Hist_D2O_multi_veto.py:411: UserWarning: Data has no positive values, and therefore cannot be log-scaled.
  ax.set_yscale('log')
/home/genli/.local/lib/python3.9/site-packages/numpy/lib/nanfunctions.py:1878: RuntimeWarning: Degrees of freedom <= 0 for slice.
  var = nanvar(a, axis=axis, dtype=dtype, out=out, ddof=ddof,
/home/genli/.local/lib/python3.9/site-packages/numpy/lib/nanfunctions.py:1878: RuntimeWarning: Degrees of freedom <= 0 for slice.
  var = nanvar(a, axis=axis, dtype=dtype, out=out, ddof=ddof,
/home/genli/D2O_analysis/Codes/Read_Cut_Hist_D2O_multi_veto.py:411: UserWarning: Data has no positive values, and therefore cannot be log-scaled.
  ax.set_yscale('log')
/home/genli/.local/lib/python3.9/site-packages/numpy/lib/nanfunctions.py:1878: RuntimeWarning: Degrees of freedom <= 0 for slice.
  var = nanvar(a, axis=axis, dtype=dtype, out=out, ddof=ddof,
=== Configuration ===
Analysis type: M1
Runs: 25420 to 25438
Output Directory for this job: /raid1/genli/Data_D2O/M1_data/BRN/analysis_25306-26233_M1_20251030-013056/subjob_25420-25438
Δt cut: (960, 10560) ns
Photoelectron cut: (0, 2000) P.E.
Time-std cut: < 40.0 ns
======================
--- Processing run 25420 ---
Low-light fits saved to /raid1/genli/Data_D2O/M1_data/BRN/analysis_25306-26233_M1_20251030-013056/subjob_25420-25438/run25420_20250905-13/lowlight/Run25420_M1_low_light_fits.png
Low-light fit data saved to /raid1/genli/Data_D2O/M1_data/BRN/analysis_25306-26233_M1_20251030-013056/subjob_25420-25438/run25420_20250905-13/lowlight/Run25420_M1_low_light_fits.pkl
Veto efficiency plot saved to /raid1/genli/Data_D2O/M1_data/BRN/analysis_25306-26233_M1_20251030-013056/subjob_25420-25438/run25420_20250905-13/histograms/25420_M1_veto_efficiency.png
Veto efficiency data saved to /raid1/genli/Data_D2O/M1_data/BRN/analysis_25306-26233_M1_20251030-013056/subjob_25420-25438/run25420_20250905-13/histograms/25420_M1_veto_efficiency.pkl
Run 25420: after NaN drop: 18883 events
Run 25420: after Δt cut: 9033 events
Run 25420: after total_pe cut: 9032 events
Run 25420: after time-std < 40.0 ns cut: 9032 events
Correlation map saved to /raid1/genli/Data_D2O/M1_data/BRN/analysis_25306-26233_M1_20251030-013056/subjob_25420-25438/run25420_20250905-13/cuthist/Run_25420_M1_correlation_map.png
--- Processing run 25421 ---
Low-light fits saved to /raid1/genli/Data_D2O/M1_data/BRN/analysis_25306-26233_M1_20251030-013056/subjob_25420-25438/run25421_20250905-14/lowlight/Run25421_M1_low_light_fits.png
Low-light fit data saved to /raid1/genli/Data_D2O/M1_data/BRN/analysis_25306-26233_M1_20251030-013056/subjob_25420-25438/run25421_20250905-14/lowlight/Run25421_M1_low_light_fits.pkl
Veto efficiency plot saved to /raid1/genli/Data_D2O/M1_data/BRN/analysis_25306-26233_M1_20251030-013056/subjob_25420-25438/run25421_20250905-14/histograms/25421_M1_veto_efficiency.png
Veto efficiency data saved to /raid1/genli/Data_D2O/M1_data/BRN/analysis_25306-26233_M1_20251030-013056/subjob_25420-25438/run25421_20250905-14/histograms/25421_M1_veto_efficiency.pkl
Run 25421: after NaN drop: 19005 events
Run 25421: after Δt cut: 9141 events
Run 25421: after total_pe cut: 9140 events
Run 25421: after time-std < 40.0 ns cut: 9140 events
Correlation map saved to /raid1/genli/Data_D2O/M1_data/BRN/analysis_25306-26233_M1_20251030-013056/subjob_25420-25438/run25421_20250905-14/cuthist/Run_25421_M1_correlation_map.png
--- Processing run 25422 ---
Low-light fits saved to /raid1/genli/Data_D2O/M1_data/BRN/analysis_25306-26233_M1_20251030-013056/subjob_25420-25438/run25422_20250905-15/lowlight/Run25422_M1_low_light_fits.png
Low-light fit data saved to /raid1/genli/Data_D2O/M1_data/BRN/analysis_25306-26233_M1_20251030-013056/subjob_25420-25438/run25422_20250905-15/lowlight/Run25422_M1_low_light_fits.pkl
Veto efficiency plot saved to /raid1/genli/Data_D2O/M1_data/BRN/analysis_25306-26233_M1_20251030-013056/subjob_25420-25438/run25422_20250905-15/histograms/25422_M1_veto_efficiency.png
Veto efficiency data saved to /raid1/genli/Data_D2O/M1_data/BRN/analysis_25306-26233_M1_20251030-013056/subjob_25420-25438/run25422_20250905-15/histograms/25422_M1_veto_efficiency.pkl
Run 25422: after NaN drop: 18986 events
Run 25422: after Δt cut: 9164 events
Run 25422: after total_pe cut: 9164 events
Run 25422: after time-std < 40.0 ns cut: 9164 events
Correlation map saved to /raid1/genli/Data_D2O/M1_data/BRN/analysis_25306-26233_M1_20251030-013056/subjob_25420-25438/run25422_20250905-15/cuthist/Run_25422_M1_correlation_map.png
--- Processing run 25423 ---
Low-light fits saved to /raid1/genli/Data_D2O/M1_data/BRN/analysis_25306-26233_M1_20251030-013056/subjob_25420-25438/run25423_20250905-16/lowlight/Run25423_M1_low_light_fits.png
Low-light fit data saved to /raid1/genli/Data_D2O/M1_data/BRN/analysis_25306-26233_M1_20251030-013056/subjob_25420-25438/run25423_20250905-16/lowlight/Run25423_M1_low_light_fits.pkl
Veto efficiency plot saved to /raid1/genli/Data_D2O/M1_data/BRN/analysis_25306-26233_M1_20251030-013056/subjob_25420-25438/run25423_20250905-16/histograms/25423_M1_veto_efficiency.png
Veto efficiency data saved to /raid1/genli/Data_D2O/M1_data/BRN/analysis_25306-26233_M1_20251030-013056/subjob_25420-25438/run25423_20250905-16/histograms/25423_M1_veto_efficiency.pkl
Run 25423: after NaN drop: 18833 events
Run 25423: after Δt cut: 9037 events
Run 25423: after total_pe cut: 9037 events
Run 25423: after time-std < 40.0 ns cut: 9037 events
Correlation map saved to /raid1/genli/Data_D2O/M1_data/BRN/analysis_25306-26233_M1_20251030-013056/subjob_25420-25438/run25423_20250905-16/cuthist/Run_25423_M1_correlation_map.png
--- Processing run 25424 ---
Low-light fits saved to /raid1/genli/Data_D2O/M1_data/BRN/analysis_25306-26233_M1_20251030-013056/subjob_25420-25438/run25424_20250905-17/lowlight/Run25424_M1_low_light_fits.png
Low-light fit data saved to /raid1/genli/Data_D2O/M1_data/BRN/analysis_25306-26233_M1_20251030-013056/subjob_25420-25438/run25424_20250905-17/lowlight/Run25424_M1_low_light_fits.pkl
Veto efficiency plot saved to /raid1/genli/Data_D2O/M1_data/BRN/analysis_25306-26233_M1_20251030-013056/subjob_25420-25438/run25424_20250905-17/histograms/25424_M1_veto_efficiency.png
Veto efficiency data saved to /raid1/genli/Data_D2O/M1_data/BRN/analysis_25306-26233_M1_20251030-013056/subjob_25420-25438/run25424_20250905-17/histograms/25424_M1_veto_efficiency.pkl
Run 25424: after NaN drop: 18689 events
Run 25424: after Δt cut: 8952 events
Run 25424: after total_pe cut: 8952 events
Run 25424: after time-std < 40.0 ns cut: 8952 events
Correlation map saved to /raid1/genli/Data_D2O/M1_data/BRN/analysis_25306-26233_M1_20251030-013056/subjob_25420-25438/run25424_20250905-17/cuthist/Run_25424_M1_correlation_map.png
--- Processing run 25425 ---
Low-light fits saved to /raid1/genli/Data_D2O/M1_data/BRN/analysis_25306-26233_M1_20251030-013056/subjob_25420-25438/run25425_20250905-18/lowlight/Run25425_M1_low_light_fits.png
Low-light fit data saved to /raid1/genli/Data_D2O/M1_data/BRN/analysis_25306-26233_M1_20251030-013056/subjob_25420-25438/run25425_20250905-18/lowlight/Run25425_M1_low_light_fits.pkl
Veto efficiency plot saved to /raid1/genli/Data_D2O/M1_data/BRN/analysis_25306-26233_M1_20251030-013056/subjob_25420-25438/run25425_20250905-18/histograms/25425_M1_veto_efficiency.png
Veto efficiency data saved to /raid1/genli/Data_D2O/M1_data/BRN/analysis_25306-26233_M1_20251030-013056/subjob_25420-25438/run25425_20250905-18/histograms/25425_M1_veto_efficiency.pkl
Run 25425: after NaN drop: 18669 events
Run 25425: after Δt cut: 8931 events
Run 25425: after total_pe cut: 8930 events
Run 25425: after time-std < 40.0 ns cut: 8930 events
Correlation map saved to /raid1/genli/Data_D2O/M1_data/BRN/analysis_25306-26233_M1_20251030-013056/subjob_25420-25438/run25425_20250905-18/cuthist/Run_25425_M1_correlation_map.png
--- Processing run 25426 ---
Low-light fits saved to /raid1/genli/Data_D2O/M1_data/BRN/analysis_25306-26233_M1_20251030-013056/subjob_25420-25438/run25426_20250905-19/lowlight/Run25426_M1_low_light_fits.png
Low-light fit data saved to /raid1/genli/Data_D2O/M1_data/BRN/analysis_25306-26233_M1_20251030-013056/subjob_25420-25438/run25426_20250905-19/lowlight/Run25426_M1_low_light_fits.pkl
Veto efficiency plot saved to /raid1/genli/Data_D2O/M1_data/BRN/analysis_25306-26233_M1_20251030-013056/subjob_25420-25438/run25426_20250905-19/histograms/25426_M1_veto_efficiency.png
Veto efficiency data saved to /raid1/genli/Data_D2O/M1_data/BRN/analysis_25306-26233_M1_20251030-013056/subjob_25420-25438/run25426_20250905-19/histograms/25426_M1_veto_efficiency.pkl
Run 25426: after NaN drop: 18882 events
Run 25426: after Δt cut: 9024 events
Run 25426: after total_pe cut: 9023 events
Run 25426: after time-std < 40.0 ns cut: 9023 events
Correlation map saved to /raid1/genli/Data_D2O/M1_data/BRN/analysis_25306-26233_M1_20251030-013056/subjob_25420-25438/run25426_20250905-19/cuthist/Run_25426_M1_correlation_map.png
--- Processing run 25427 ---
Low-light fits saved to /raid1/genli/Data_D2O/M1_data/BRN/analysis_25306-26233_M1_20251030-013056/subjob_25420-25438/run25427_20250905-20/lowlight/Run25427_M1_low_light_fits.png
Low-light fit data saved to /raid1/genli/Data_D2O/M1_data/BRN/analysis_25306-26233_M1_20251030-013056/subjob_25420-25438/run25427_20250905-20/lowlight/Run25427_M1_low_light_fits.pkl
Veto efficiency plot saved to /raid1/genli/Data_D2O/M1_data/BRN/analysis_25306-26233_M1_20251030-013056/subjob_25420-25438/run25427_20250905-20/histograms/25427_M1_veto_efficiency.png
Veto efficiency data saved to /raid1/genli/Data_D2O/M1_data/BRN/analysis_25306-26233_M1_20251030-013056/subjob_25420-25438/run25427_20250905-20/histograms/25427_M1_veto_efficiency.pkl
Run 25427: after NaN drop: 19056 events
Run 25427: after Δt cut: 9010 events
Run 25427: after total_pe cut: 9006 events
Run 25427: after time-std < 40.0 ns cut: 9006 events
Correlation map saved to /raid1/genli/Data_D2O/M1_data/BRN/analysis_25306-26233_M1_20251030-013056/subjob_25420-25438/run25427_20250905-20/cuthist/Run_25427_M1_correlation_map.png
--- Processing run 25428 ---
Low-light fits saved to /raid1/genli/Data_D2O/M1_data/BRN/analysis_25306-26233_M1_20251030-013056/subjob_25420-25438/run25428_20250905-21/lowlight/Run25428_M1_low_light_fits.png
Low-light fit data saved to /raid1/genli/Data_D2O/M1_data/BRN/analysis_25306-26233_M1_20251030-013056/subjob_25420-25438/run25428_20250905-21/lowlight/Run25428_M1_low_light_fits.pkl
Veto efficiency plot saved to /raid1/genli/Data_D2O/M1_data/BRN/analysis_25306-26233_M1_20251030-013056/subjob_25420-25438/run25428_20250905-21/histograms/25428_M1_veto_efficiency.png
Veto efficiency data saved to /raid1/genli/Data_D2O/M1_data/BRN/analysis_25306-26233_M1_20251030-013056/subjob_25420-25438/run25428_20250905-21/histograms/25428_M1_veto_efficiency.pkl
Run 25428: after NaN drop: 5774 events
Run 25428: after Δt cut: 2782 events
Run 25428: after total_pe cut: 2782 events
Run 25428: after time-std < 40.0 ns cut: 2782 events
Correlation map saved to /raid1/genli/Data_D2O/M1_data/BRN/analysis_25306-26233_M1_20251030-013056/subjob_25420-25438/run25428_20250905-21/cuthist/Run_25428_M1_correlation_map.png
--- Processing run 25429 ---
Low-light fits saved to /raid1/genli/Data_D2O/M1_data/BRN/analysis_25306-26233_M1_20251030-013056/subjob_25420-25438/run25429_20250905-23/lowlight/Run25429_M1_low_light_fits.png
Low-light fit data saved to /raid1/genli/Data_D2O/M1_data/BRN/analysis_25306-26233_M1_20251030-013056/subjob_25420-25438/run25429_20250905-23/lowlight/Run25429_M1_low_light_fits.pkl
Veto efficiency plot saved to /raid1/genli/Data_D2O/M1_data/BRN/analysis_25306-26233_M1_20251030-013056/subjob_25420-25438/run25429_20250905-23/histograms/25429_M1_veto_efficiency.png
Veto efficiency data saved to /raid1/genli/Data_D2O/M1_data/BRN/analysis_25306-26233_M1_20251030-013056/subjob_25420-25438/run25429_20250905-23/histograms/25429_M1_veto_efficiency.pkl
Run 25429: after NaN drop: 18555 events
Run 25429: after Δt cut: 9064 events
Run 25429: after total_pe cut: 9064 events
Run 25429: after time-std < 40.0 ns cut: 9064 events
Correlation map saved to /raid1/genli/Data_D2O/M1_data/BRN/analysis_25306-26233_M1_20251030-013056/subjob_25420-25438/run25429_20250905-23/cuthist/Run_25429_M1_correlation_map.png
--- Processing run 25430 ---
Low-light fits saved to /raid1/genli/Data_D2O/M1_data/BRN/analysis_25306-26233_M1_20251030-013056/subjob_25420-25438/run25430_20250906-00/lowlight/Run25430_M1_low_light_fits.png
Low-light fit data saved to /raid1/genli/Data_D2O/M1_data/BRN/analysis_25306-26233_M1_20251030-013056/subjob_25420-25438/run25430_20250906-00/lowlight/Run25430_M1_low_light_fits.pkl
Veto efficiency plot saved to /raid1/genli/Data_D2O/M1_data/BRN/analysis_25306-26233_M1_20251030-013056/subjob_25420-25438/run25430_20250906-00/histograms/25430_M1_veto_efficiency.png
Veto efficiency data saved to /raid1/genli/Data_D2O/M1_data/BRN/analysis_25306-26233_M1_20251030-013056/subjob_25420-25438/run25430_20250906-00/histograms/25430_M1_veto_efficiency.pkl
Run 25430: after NaN drop: 18432 events
Run 25430: after Δt cut: 9140 events
Run 25430: after total_pe cut: 9138 events
Run 25430: after time-std < 40.0 ns cut: 9138 events
Correlation map saved to /raid1/genli/Data_D2O/M1_data/BRN/analysis_25306-26233_M1_20251030-013056/subjob_25420-25438/run25430_20250906-00/cuthist/Run_25430_M1_correlation_map.png
--- Processing run 25431 ---
Low-light fits saved to /raid1/genli/Data_D2O/M1_data/BRN/analysis_25306-26233_M1_20251030-013056/subjob_25420-25438/run25431_20250906-01/lowlight/Run25431_M1_low_light_fits.png
Low-light fit data saved to /raid1/genli/Data_D2O/M1_data/BRN/analysis_25306-26233_M1_20251030-013056/subjob_25420-25438/run25431_20250906-01/lowlight/Run25431_M1_low_light_fits.pkl
Veto efficiency plot saved to /raid1/genli/Data_D2O/M1_data/BRN/analysis_25306-26233_M1_20251030-013056/subjob_25420-25438/run25431_20250906-01/histograms/25431_M1_veto_efficiency.png
Veto efficiency data saved to /raid1/genli/Data_D2O/M1_data/BRN/analysis_25306-26233_M1_20251030-013056/subjob_25420-25438/run25431_20250906-01/histograms/25431_M1_veto_efficiency.pkl
Run 25431: after NaN drop: 18594 events
Run 25431: after Δt cut: 9062 events
Run 25431: after total_pe cut: 9061 events
Run 25431: after time-std < 40.0 ns cut: 9061 events
Correlation map saved to /raid1/genli/Data_D2O/M1_data/BRN/analysis_25306-26233_M1_20251030-013056/subjob_25420-25438/run25431_20250906-01/cuthist/Run_25431_M1_correlation_map.png
--- Processing run 25432 ---
Low-light fits saved to /raid1/genli/Data_D2O/M1_data/BRN/analysis_25306-26233_M1_20251030-013056/subjob_25420-25438/run25432_20250906-02/lowlight/Run25432_M1_low_light_fits.png
Low-light fit data saved to /raid1/genli/Data_D2O/M1_data/BRN/analysis_25306-26233_M1_20251030-013056/subjob_25420-25438/run25432_20250906-02/lowlight/Run25432_M1_low_light_fits.pkl
Veto efficiency plot saved to /raid1/genli/Data_D2O/M1_data/BRN/analysis_25306-26233_M1_20251030-013056/subjob_25420-25438/run25432_20250906-02/histograms/25432_M1_veto_efficiency.png
Veto efficiency data saved to /raid1/genli/Data_D2O/M1_data/BRN/analysis_25306-26233_M1_20251030-013056/subjob_25420-25438/run25432_20250906-02/histograms/25432_M1_veto_efficiency.pkl
Run 25432: after NaN drop: 18634 events
Run 25432: after Δt cut: 9090 events
Run 25432: after total_pe cut: 9090 events
Run 25432: after time-std < 40.0 ns cut: 9090 events
Correlation map saved to /raid1/genli/Data_D2O/M1_data/BRN/analysis_25306-26233_M1_20251030-013056/subjob_25420-25438/run25432_20250906-02/cuthist/Run_25432_M1_correlation_map.png
--- Processing run 25433 ---
Low-light fits saved to /raid1/genli/Data_D2O/M1_data/BRN/analysis_25306-26233_M1_20251030-013056/subjob_25420-25438/run25433_20250906-03/lowlight/Run25433_M1_low_light_fits.png
Low-light fit data saved to /raid1/genli/Data_D2O/M1_data/BRN/analysis_25306-26233_M1_20251030-013056/subjob_25420-25438/run25433_20250906-03/lowlight/Run25433_M1_low_light_fits.pkl
Veto efficiency plot saved to /raid1/genli/Data_D2O/M1_data/BRN/analysis_25306-26233_M1_20251030-013056/subjob_25420-25438/run25433_20250906-03/histograms/25433_M1_veto_efficiency.png
Veto efficiency data saved to /raid1/genli/Data_D2O/M1_data/BRN/analysis_25306-26233_M1_20251030-013056/subjob_25420-25438/run25433_20250906-03/histograms/25433_M1_veto_efficiency.pkl
Run 25433: after NaN drop: 19022 events
Run 25433: after Δt cut: 9119 events
Run 25433: after total_pe cut: 9119 events
Run 25433: after time-std < 40.0 ns cut: 9119 events
Correlation map saved to /raid1/genli/Data_D2O/M1_data/BRN/analysis_25306-26233_M1_20251030-013056/subjob_25420-25438/run25433_20250906-03/cuthist/Run_25433_M1_correlation_map.png
--- Processing run 25434 ---
Low-light fits saved to /raid1/genli/Data_D2O/M1_data/BRN/analysis_25306-26233_M1_20251030-013056/subjob_25420-25438/run25434_20250906-04/lowlight/Run25434_M1_low_light_fits.png
Low-light fit data saved to /raid1/genli/Data_D2O/M1_data/BRN/analysis_25306-26233_M1_20251030-013056/subjob_25420-25438/run25434_20250906-04/lowlight/Run25434_M1_low_light_fits.pkl
Veto efficiency plot saved to /raid1/genli/Data_D2O/M1_data/BRN/analysis_25306-26233_M1_20251030-013056/subjob_25420-25438/run25434_20250906-04/histograms/25434_M1_veto_efficiency.png
Veto efficiency data saved to /raid1/genli/Data_D2O/M1_data/BRN/analysis_25306-26233_M1_20251030-013056/subjob_25420-25438/run25434_20250906-04/histograms/25434_M1_veto_efficiency.pkl
Run 25434: after NaN drop: 18758 events
Run 25434: after Δt cut: 9074 events
Run 25434: after total_pe cut: 9072 events
Run 25434: after time-std < 40.0 ns cut: 9072 events
Correlation map saved to /raid1/genli/Data_D2O/M1_data/BRN/analysis_25306-26233_M1_20251030-013056/subjob_25420-25438/run25434_20250906-04/cuthist/Run_25434_M1_correlation_map.png
--- Processing run 25435 ---
Low-light fits saved to /raid1/genli/Data_D2O/M1_data/BRN/analysis_25306-26233_M1_20251030-013056/subjob_25420-25438/run25435_20250906-05/lowlight/Run25435_M1_low_light_fits.png
Low-light fit data saved to /raid1/genli/Data_D2O/M1_data/BRN/analysis_25306-26233_M1_20251030-013056/subjob_25420-25438/run25435_20250906-05/lowlight/Run25435_M1_low_light_fits.pkl
Veto efficiency plot saved to /raid1/genli/Data_D2O/M1_data/BRN/analysis_25306-26233_M1_20251030-013056/subjob_25420-25438/run25435_20250906-05/histograms/25435_M1_veto_efficiency.png
Veto efficiency data saved to /raid1/genli/Data_D2O/M1_data/BRN/analysis_25306-26233_M1_20251030-013056/subjob_25420-25438/run25435_20250906-05/histograms/25435_M1_veto_efficiency.pkl
Run 25435: after NaN drop: 19025 events
Run 25435: after Δt cut: 9193 events
Run 25435: after total_pe cut: 9193 events
Run 25435: after time-std < 40.0 ns cut: 9193 events
Correlation map saved to /raid1/genli/Data_D2O/M1_data/BRN/analysis_25306-26233_M1_20251030-013056/subjob_25420-25438/run25435_20250906-05/cuthist/Run_25435_M1_correlation_map.png
--- Processing run 25436 ---
Low-light fits saved to /raid1/genli/Data_D2O/M1_data/BRN/analysis_25306-26233_M1_20251030-013056/subjob_25420-25438/run25436_20250906-06/lowlight/Run25436_M1_low_light_fits.png
Low-light fit data saved to /raid1/genli/Data_D2O/M1_data/BRN/analysis_25306-26233_M1_20251030-013056/subjob_25420-25438/run25436_20250906-06/lowlight/Run25436_M1_low_light_fits.pkl
Veto efficiency plot saved to /raid1/genli/Data_D2O/M1_data/BRN/analysis_25306-26233_M1_20251030-013056/subjob_25420-25438/run25436_20250906-06/histograms/25436_M1_veto_efficiency.png
Veto efficiency data saved to /raid1/genli/Data_D2O/M1_data/BRN/analysis_25306-26233_M1_20251030-013056/subjob_25420-25438/run25436_20250906-06/histograms/25436_M1_veto_efficiency.pkl
Run 25436: after NaN drop: 18737 events
Run 25436: after Δt cut: 8917 events
Run 25436: after total_pe cut: 8916 events
Run 25436: after time-std < 40.0 ns cut: 8916 events
Correlation map saved to /raid1/genli/Data_D2O/M1_data/BRN/analysis_25306-26233_M1_20251030-013056/subjob_25420-25438/run25436_20250906-06/cuthist/Run_25436_M1_correlation_map.png
--- Processing run 25437 ---
Low-light fits saved to /raid1/genli/Data_D2O/M1_data/BRN/analysis_25306-26233_M1_20251030-013056/subjob_25420-25438/run25437_20250906-07/lowlight/Run25437_M1_low_light_fits.png
Low-light fit data saved to /raid1/genli/Data_D2O/M1_data/BRN/analysis_25306-26233_M1_20251030-013056/subjob_25420-25438/run25437_20250906-07/lowlight/Run25437_M1_low_light_fits.pkl
Veto efficiency plot saved to /raid1/genli/Data_D2O/M1_data/BRN/analysis_25306-26233_M1_20251030-013056/subjob_25420-25438/run25437_20250906-07/histograms/25437_M1_veto_efficiency.png
Veto efficiency data saved to /raid1/genli/Data_D2O/M1_data/BRN/analysis_25306-26233_M1_20251030-013056/subjob_25420-25438/run25437_20250906-07/histograms/25437_M1_veto_efficiency.pkl
Run 25437: after NaN drop: 18662 events
Run 25437: after Δt cut: 8838 events
Run 25437: after total_pe cut: 8838 events
Run 25437: after time-std < 40.0 ns cut: 8838 events
Correlation map saved to /raid1/genli/Data_D2O/M1_data/BRN/analysis_25306-26233_M1_20251030-013056/subjob_25420-25438/run25437_20250906-07/cuthist/Run_25437_M1_correlation_map.png
--- Processing run 25438 ---
Low-light fits saved to /raid1/genli/Data_D2O/M1_data/BRN/analysis_25306-26233_M1_20251030-013056/subjob_25420-25438/run25438_20250906-08/lowlight/Run25438_M1_low_light_fits.png
Low-light fit data saved to /raid1/genli/Data_D2O/M1_data/BRN/analysis_25306-26233_M1_20251030-013056/subjob_25420-25438/run25438_20250906-08/lowlight/Run25438_M1_low_light_fits.pkl
Veto efficiency plot saved to /raid1/genli/Data_D2O/M1_data/BRN/analysis_25306-26233_M1_20251030-013056/subjob_25420-25438/run25438_20250906-08/histograms/25438_M1_veto_efficiency.png
Veto efficiency data saved to /raid1/genli/Data_D2O/M1_data/BRN/analysis_25306-26233_M1_20251030-013056/subjob_25420-25438/run25438_20250906-08/histograms/25438_M1_veto_efficiency.pkl
Run 25438: after NaN drop: 18757 events
Run 25438: after Δt cut: 9009 events
Run 25438: after total_pe cut: 9009 events
Run 25438: after time-std < 40.0 ns cut: 9009 events
Correlation map saved to /raid1/genli/Data_D2O/M1_data/BRN/analysis_25306-26233_M1_20251030-013056/subjob_25420-25438/run25438_20250906-08/cuthist/Run_25438_M1_correlation_map.png
Saving aggregated data for sub-job 25420-25438...
Successfully saved data for master aggregation.
--- Sub-job Analysis Complete ---
