No artists with labels found to put in legend.  Note that artists whose label start with an underscore are ignored when legend() is called with no argument.
No artists with labels found to put in legend.  Note that artists whose label start with an underscore are ignored when legend() is called with no argument.
Master output will be saved to: /raid1/genli/Data_D2O/M1_data/analysis_14977-14986_M1_20251118-163356/MASTER_RESULTS
Found 10 sub-job directories to aggregate.
Processing subjob_14977-14977...
Processing subjob_14978-14978...
Processing subjob_14979-14979...
Processing subjob_14980-14980...
Processing subjob_14981-14981...
Processing subjob_14982-14982...
Processing subjob_14983-14983...
Processing subjob_14984-14984...
Processing subjob_14985-14985...
Processing subjob_14986-14986...
Aggregating delta_t, total_pe, and fitting for tau...
Generating aggregate plots for Master Runs 14977-14986
Correlation map saved to /raid1/genli/Data_D2O/M1_data/analysis_14977-14986_M1_20251118-163356/MASTER_RESULTS/Master_Runs_14977_14986_M1_correlation_map.png
Aggregating veto efficiency data...
Veto efficiency plot saved to /raid1/genli/Data_D2O/M1_data/analysis_14977-14986_M1_20251118-163356/MASTER_RESULTS/Master_Runs_14977_14986_M1_veto_efficiency_master.png
Veto efficiency data saved to /raid1/genli/Data_D2O/M1_data/analysis_14977-14986_M1_20251118-163356/MASTER_RESULTS/Master_Runs_14977_14986_M1_veto_efficiency_master.pkl
Plotting aggregated Low-Light data...
Low-light fits saved to /raid1/genli/Data_D2O/M1_data/analysis_14977-14986_M1_20251118-163356/MASTER_RESULTS/Master_Runs_14977_14986_M1_low_light_fits.png
Low-light fit data saved to /raid1/genli/Data_D2O/M1_data/analysis_14977-14986_M1_20251118-163356/MASTER_RESULTS/Master_Runs_14977_14986_M1_low_light_fits.pkl
Plotting aggregated SiPM area data...
SiPM histograms saved to /raid1/genli/Data_D2O/M1_data/analysis_14977-14986_M1_20251118-163356/MASTER_RESULTS/Master_Runs_14977_14986_M1_sipm_area_histograms.png
SiPM histogram data saved to /raid1/genli/Data_D2O/M1_data/analysis_14977-14986_M1_20251118-163356/MASTER_RESULTS/Master_Runs_14977_14986_M1_sipm_area_histograms.pkl
Aggregating Thin Veto data...

--- Master Aggregation Complete ---
