/home/genli/.local/lib/python3.9/site-packages/numpy/lib/nanfunctions.py:1878: RuntimeWarning: Degrees of freedom <= 0 for slice.
  var = nanvar(a, axis=axis, dtype=dtype, out=out, ddof=ddof,
/home/genli/D2O_analysis/Codes/Read_Cut_Hist_D2O_multi_veto.py:411: UserWarning: Data has no positive values, and therefore cannot be log-scaled.
  ax.set_yscale('log')
/home/genli/.local/lib/python3.9/site-packages/numpy/lib/nanfunctions.py:1878: RuntimeWarning: Degrees of freedom <= 0 for slice.
  var = nanvar(a, axis=axis, dtype=dtype, out=out, ddof=ddof,
/home/genli/.local/lib/python3.9/site-packages/numpy/lib/nanfunctions.py:1878: RuntimeWarning: Degrees of freedom <= 0 for slice.
  var = nanvar(a, axis=axis, dtype=dtype, out=out, ddof=ddof,
/home/genli/.local/lib/python3.9/site-packages/numpy/lib/nanfunctions.py:1878: RuntimeWarning: Degrees of freedom <= 0 for slice.
  var = nanvar(a, axis=axis, dtype=dtype, out=out, ddof=ddof,
/home/genli/D2O_analysis/Codes/Read_Cut_Hist_D2O_multi_veto.py:411: UserWarning: Data has no positive values, and therefore cannot be log-scaled.
  ax.set_yscale('log')
/home/genli/.local/lib/python3.9/site-packages/numpy/lib/nanfunctions.py:1878: RuntimeWarning: Degrees of freedom <= 0 for slice.
  var = nanvar(a, axis=axis, dtype=dtype, out=out, ddof=ddof,
/home/genli/.local/lib/python3.9/site-packages/numpy/lib/nanfunctions.py:1878: RuntimeWarning: Degrees of freedom <= 0 for slice.
  var = nanvar(a, axis=axis, dtype=dtype, out=out, ddof=ddof,
/home/genli/.local/lib/python3.9/site-packages/numpy/lib/nanfunctions.py:1878: RuntimeWarning: Degrees of freedom <= 0 for slice.
  var = nanvar(a, axis=axis, dtype=dtype, out=out, ddof=ddof,
/home/genli/.local/lib/python3.9/site-packages/numpy/lib/nanfunctions.py:1878: RuntimeWarning: Degrees of freedom <= 0 for slice.
  var = nanvar(a, axis=axis, dtype=dtype, out=out, ddof=ddof,
/home/genli/.local/lib/python3.9/site-packages/numpy/lib/nanfunctions.py:1878: RuntimeWarning: Degrees of freedom <= 0 for slice.
  var = nanvar(a, axis=axis, dtype=dtype, out=out, ddof=ddof,
/home/genli/.local/lib/python3.9/site-packages/numpy/lib/nanfunctions.py:1878: RuntimeWarning: Degrees of freedom <= 0 for slice.
  var = nanvar(a, axis=axis, dtype=dtype, out=out, ddof=ddof,
/home/genli/.local/lib/python3.9/site-packages/numpy/lib/nanfunctions.py:1878: RuntimeWarning: Degrees of freedom <= 0 for slice.
  var = nanvar(a, axis=axis, dtype=dtype, out=out, ddof=ddof,
/home/genli/D2O_analysis/Codes/Read_Cut_Hist_D2O_multi_veto.py:411: UserWarning: Data has no positive values, and therefore cannot be log-scaled.
  ax.set_yscale('log')
/home/genli/.local/lib/python3.9/site-packages/numpy/lib/nanfunctions.py:1878: RuntimeWarning: Degrees of freedom <= 0 for slice.
  var = nanvar(a, axis=axis, dtype=dtype, out=out, ddof=ddof,
/home/genli/D2O_analysis/Codes/Read_Cut_Hist_D2O_multi_veto.py:411: UserWarning: Data has no positive values, and therefore cannot be log-scaled.
  ax.set_yscale('log')
/home/genli/.local/lib/python3.9/site-packages/numpy/lib/nanfunctions.py:1878: RuntimeWarning: Degrees of freedom <= 0 for slice.
  var = nanvar(a, axis=axis, dtype=dtype, out=out, ddof=ddof,
/home/genli/.local/lib/python3.9/site-packages/numpy/lib/nanfunctions.py:1878: RuntimeWarning: Degrees of freedom <= 0 for slice.
  var = nanvar(a, axis=axis, dtype=dtype, out=out, ddof=ddof,
/home/genli/.local/lib/python3.9/site-packages/numpy/lib/nanfunctions.py:1878: RuntimeWarning: Degrees of freedom <= 0 for slice.
  var = nanvar(a, axis=axis, dtype=dtype, out=out, ddof=ddof,
/home/genli/D2O_analysis/Codes/Read_Cut_Hist_D2O_multi_veto.py:411: UserWarning: Data has no positive values, and therefore cannot be log-scaled.
  ax.set_yscale('log')
/home/genli/.local/lib/python3.9/site-packages/numpy/lib/nanfunctions.py:1878: RuntimeWarning: Degrees of freedom <= 0 for slice.
  var = nanvar(a, axis=axis, dtype=dtype, out=out, ddof=ddof,
/home/genli/.local/lib/python3.9/site-packages/numpy/lib/nanfunctions.py:1878: RuntimeWarning: Degrees of freedom <= 0 for slice.
  var = nanvar(a, axis=axis, dtype=dtype, out=out, ddof=ddof,
/home/genli/D2O_analysis/Codes/Read_Cut_Hist_D2O_multi_veto.py:411: UserWarning: Data has no positive values, and therefore cannot be log-scaled.
  ax.set_yscale('log')
/home/genli/.local/lib/python3.9/site-packages/numpy/lib/nanfunctions.py:1878: RuntimeWarning: Degrees of freedom <= 0 for slice.
  var = nanvar(a, axis=axis, dtype=dtype, out=out, ddof=ddof,
/home/genli/D2O_analysis/Codes/Read_Cut_Hist_D2O_multi_veto.py:411: UserWarning: Data has no positive values, and therefore cannot be log-scaled.
  ax.set_yscale('log')
/home/genli/.local/lib/python3.9/site-packages/numpy/lib/nanfunctions.py:1878: RuntimeWarning: Degrees of freedom <= 0 for slice.
  var = nanvar(a, axis=axis, dtype=dtype, out=out, ddof=ddof,
=== Configuration ===
Analysis type: M1
Runs: 25686 to 25704
Output Directory for this job: /raid1/genli/Data_D2O/M1_data/BRN/analysis_25306-26233_M1_20251030-013056/subjob_25686-25704
Δt cut: (960, 10560) ns
Photoelectron cut: (0, 2000) P.E.
Time-std cut: < 40.0 ns
======================
--- Processing run 25686 ---
Low-light fits saved to /raid1/genli/Data_D2O/M1_data/BRN/analysis_25306-26233_M1_20251030-013056/subjob_25686-25704/run25686_20250916-16/lowlight/Run25686_M1_low_light_fits.png
Low-light fit data saved to /raid1/genli/Data_D2O/M1_data/BRN/analysis_25306-26233_M1_20251030-013056/subjob_25686-25704/run25686_20250916-16/lowlight/Run25686_M1_low_light_fits.pkl
Veto efficiency plot saved to /raid1/genli/Data_D2O/M1_data/BRN/analysis_25306-26233_M1_20251030-013056/subjob_25686-25704/run25686_20250916-16/histograms/25686_M1_veto_efficiency.png
Veto efficiency data saved to /raid1/genli/Data_D2O/M1_data/BRN/analysis_25306-26233_M1_20251030-013056/subjob_25686-25704/run25686_20250916-16/histograms/25686_M1_veto_efficiency.pkl
Run 25686: after NaN drop: 18676 events
Run 25686: after Δt cut: 9146 events
Run 25686: after total_pe cut: 9145 events
Run 25686: after time-std < 40.0 ns cut: 9145 events
Correlation map saved to /raid1/genli/Data_D2O/M1_data/BRN/analysis_25306-26233_M1_20251030-013056/subjob_25686-25704/run25686_20250916-16/cuthist/Run_25686_M1_correlation_map.png
--- Processing run 25687 ---
Low-light fits saved to /raid1/genli/Data_D2O/M1_data/BRN/analysis_25306-26233_M1_20251030-013056/subjob_25686-25704/run25687_20250916-17/lowlight/Run25687_M1_low_light_fits.png
Low-light fit data saved to /raid1/genli/Data_D2O/M1_data/BRN/analysis_25306-26233_M1_20251030-013056/subjob_25686-25704/run25687_20250916-17/lowlight/Run25687_M1_low_light_fits.pkl
Veto efficiency plot saved to /raid1/genli/Data_D2O/M1_data/BRN/analysis_25306-26233_M1_20251030-013056/subjob_25686-25704/run25687_20250916-17/histograms/25687_M1_veto_efficiency.png
Veto efficiency data saved to /raid1/genli/Data_D2O/M1_data/BRN/analysis_25306-26233_M1_20251030-013056/subjob_25686-25704/run25687_20250916-17/histograms/25687_M1_veto_efficiency.pkl
Run 25687: after NaN drop: 18542 events
Run 25687: after Δt cut: 9170 events
Run 25687: after total_pe cut: 9170 events
Run 25687: after time-std < 40.0 ns cut: 9170 events
Correlation map saved to /raid1/genli/Data_D2O/M1_data/BRN/analysis_25306-26233_M1_20251030-013056/subjob_25686-25704/run25687_20250916-17/cuthist/Run_25687_M1_correlation_map.png
--- Processing run 25688 ---
Low-light fits saved to /raid1/genli/Data_D2O/M1_data/BRN/analysis_25306-26233_M1_20251030-013056/subjob_25686-25704/run25688_20250916-18/lowlight/Run25688_M1_low_light_fits.png
Low-light fit data saved to /raid1/genli/Data_D2O/M1_data/BRN/analysis_25306-26233_M1_20251030-013056/subjob_25686-25704/run25688_20250916-18/lowlight/Run25688_M1_low_light_fits.pkl
Veto efficiency plot saved to /raid1/genli/Data_D2O/M1_data/BRN/analysis_25306-26233_M1_20251030-013056/subjob_25686-25704/run25688_20250916-18/histograms/25688_M1_veto_efficiency.png
Veto efficiency data saved to /raid1/genli/Data_D2O/M1_data/BRN/analysis_25306-26233_M1_20251030-013056/subjob_25686-25704/run25688_20250916-18/histograms/25688_M1_veto_efficiency.pkl
Run 25688: after NaN drop: 18505 events
Run 25688: after Δt cut: 9172 events
Run 25688: after total_pe cut: 9169 events
Run 25688: after time-std < 40.0 ns cut: 9169 events
Correlation map saved to /raid1/genli/Data_D2O/M1_data/BRN/analysis_25306-26233_M1_20251030-013056/subjob_25686-25704/run25688_20250916-18/cuthist/Run_25688_M1_correlation_map.png
--- Processing run 25689 ---
Low-light fits saved to /raid1/genli/Data_D2O/M1_data/BRN/analysis_25306-26233_M1_20251030-013056/subjob_25686-25704/run25689_20250916-19/lowlight/Run25689_M1_low_light_fits.png
Low-light fit data saved to /raid1/genli/Data_D2O/M1_data/BRN/analysis_25306-26233_M1_20251030-013056/subjob_25686-25704/run25689_20250916-19/lowlight/Run25689_M1_low_light_fits.pkl
Veto efficiency plot saved to /raid1/genli/Data_D2O/M1_data/BRN/analysis_25306-26233_M1_20251030-013056/subjob_25686-25704/run25689_20250916-19/histograms/25689_M1_veto_efficiency.png
Veto efficiency data saved to /raid1/genli/Data_D2O/M1_data/BRN/analysis_25306-26233_M1_20251030-013056/subjob_25686-25704/run25689_20250916-19/histograms/25689_M1_veto_efficiency.pkl
Run 25689: after NaN drop: 18615 events
Run 25689: after Δt cut: 9097 events
Run 25689: after total_pe cut: 9096 events
Run 25689: after time-std < 40.0 ns cut: 9096 events
Correlation map saved to /raid1/genli/Data_D2O/M1_data/BRN/analysis_25306-26233_M1_20251030-013056/subjob_25686-25704/run25689_20250916-19/cuthist/Run_25689_M1_correlation_map.png
--- Processing run 25690 ---
Low-light fits saved to /raid1/genli/Data_D2O/M1_data/BRN/analysis_25306-26233_M1_20251030-013056/subjob_25686-25704/run25690_20250916-20/lowlight/Run25690_M1_low_light_fits.png
Low-light fit data saved to /raid1/genli/Data_D2O/M1_data/BRN/analysis_25306-26233_M1_20251030-013056/subjob_25686-25704/run25690_20250916-20/lowlight/Run25690_M1_low_light_fits.pkl
Veto efficiency plot saved to /raid1/genli/Data_D2O/M1_data/BRN/analysis_25306-26233_M1_20251030-013056/subjob_25686-25704/run25690_20250916-20/histograms/25690_M1_veto_efficiency.png
Veto efficiency data saved to /raid1/genli/Data_D2O/M1_data/BRN/analysis_25306-26233_M1_20251030-013056/subjob_25686-25704/run25690_20250916-20/histograms/25690_M1_veto_efficiency.pkl
Run 25690: after NaN drop: 18529 events
Run 25690: after Δt cut: 9092 events
Run 25690: after total_pe cut: 9092 events
Run 25690: after time-std < 40.0 ns cut: 9092 events
Correlation map saved to /raid1/genli/Data_D2O/M1_data/BRN/analysis_25306-26233_M1_20251030-013056/subjob_25686-25704/run25690_20250916-20/cuthist/Run_25690_M1_correlation_map.png
--- Processing run 25691 ---
Low-light fits saved to /raid1/genli/Data_D2O/M1_data/BRN/analysis_25306-26233_M1_20251030-013056/subjob_25686-25704/run25691_20250916-21/lowlight/Run25691_M1_low_light_fits.png
Low-light fit data saved to /raid1/genli/Data_D2O/M1_data/BRN/analysis_25306-26233_M1_20251030-013056/subjob_25686-25704/run25691_20250916-21/lowlight/Run25691_M1_low_light_fits.pkl
Veto efficiency plot saved to /raid1/genli/Data_D2O/M1_data/BRN/analysis_25306-26233_M1_20251030-013056/subjob_25686-25704/run25691_20250916-21/histograms/25691_M1_veto_efficiency.png
Veto efficiency data saved to /raid1/genli/Data_D2O/M1_data/BRN/analysis_25306-26233_M1_20251030-013056/subjob_25686-25704/run25691_20250916-21/histograms/25691_M1_veto_efficiency.pkl
Run 25691: after NaN drop: 18634 events
Run 25691: after Δt cut: 9123 events
Run 25691: after total_pe cut: 9121 events
Run 25691: after time-std < 40.0 ns cut: 9121 events
Correlation map saved to /raid1/genli/Data_D2O/M1_data/BRN/analysis_25306-26233_M1_20251030-013056/subjob_25686-25704/run25691_20250916-21/cuthist/Run_25691_M1_correlation_map.png
--- Processing run 25692 ---
Low-light fits saved to /raid1/genli/Data_D2O/M1_data/BRN/analysis_25306-26233_M1_20251030-013056/subjob_25686-25704/run25692_20250916-22/lowlight/Run25692_M1_low_light_fits.png
Low-light fit data saved to /raid1/genli/Data_D2O/M1_data/BRN/analysis_25306-26233_M1_20251030-013056/subjob_25686-25704/run25692_20250916-22/lowlight/Run25692_M1_low_light_fits.pkl
Veto efficiency plot saved to /raid1/genli/Data_D2O/M1_data/BRN/analysis_25306-26233_M1_20251030-013056/subjob_25686-25704/run25692_20250916-22/histograms/25692_M1_veto_efficiency.png
Veto efficiency data saved to /raid1/genli/Data_D2O/M1_data/BRN/analysis_25306-26233_M1_20251030-013056/subjob_25686-25704/run25692_20250916-22/histograms/25692_M1_veto_efficiency.pkl
Run 25692: after NaN drop: 18356 events
Run 25692: after Δt cut: 8929 events
Run 25692: after total_pe cut: 8928 events
Run 25692: after time-std < 40.0 ns cut: 8928 events
Correlation map saved to /raid1/genli/Data_D2O/M1_data/BRN/analysis_25306-26233_M1_20251030-013056/subjob_25686-25704/run25692_20250916-22/cuthist/Run_25692_M1_correlation_map.png
--- Processing run 25693 ---
Low-light fits saved to /raid1/genli/Data_D2O/M1_data/BRN/analysis_25306-26233_M1_20251030-013056/subjob_25686-25704/run25693_20250916-23/lowlight/Run25693_M1_low_light_fits.png
Low-light fit data saved to /raid1/genli/Data_D2O/M1_data/BRN/analysis_25306-26233_M1_20251030-013056/subjob_25686-25704/run25693_20250916-23/lowlight/Run25693_M1_low_light_fits.pkl
Veto efficiency plot saved to /raid1/genli/Data_D2O/M1_data/BRN/analysis_25306-26233_M1_20251030-013056/subjob_25686-25704/run25693_20250916-23/histograms/25693_M1_veto_efficiency.png
Veto efficiency data saved to /raid1/genli/Data_D2O/M1_data/BRN/analysis_25306-26233_M1_20251030-013056/subjob_25686-25704/run25693_20250916-23/histograms/25693_M1_veto_efficiency.pkl
Run 25693: after NaN drop: 18565 events
Run 25693: after Δt cut: 9014 events
Run 25693: after total_pe cut: 9013 events
Run 25693: after time-std < 40.0 ns cut: 9013 events
Correlation map saved to /raid1/genli/Data_D2O/M1_data/BRN/analysis_25306-26233_M1_20251030-013056/subjob_25686-25704/run25693_20250916-23/cuthist/Run_25693_M1_correlation_map.png
--- Processing run 25694 ---
Low-light fits saved to /raid1/genli/Data_D2O/M1_data/BRN/analysis_25306-26233_M1_20251030-013056/subjob_25686-25704/run25694_20250917-00/lowlight/Run25694_M1_low_light_fits.png
Low-light fit data saved to /raid1/genli/Data_D2O/M1_data/BRN/analysis_25306-26233_M1_20251030-013056/subjob_25686-25704/run25694_20250917-00/lowlight/Run25694_M1_low_light_fits.pkl
Veto efficiency plot saved to /raid1/genli/Data_D2O/M1_data/BRN/analysis_25306-26233_M1_20251030-013056/subjob_25686-25704/run25694_20250917-00/histograms/25694_M1_veto_efficiency.png
Veto efficiency data saved to /raid1/genli/Data_D2O/M1_data/BRN/analysis_25306-26233_M1_20251030-013056/subjob_25686-25704/run25694_20250917-00/histograms/25694_M1_veto_efficiency.pkl
Run 25694: after NaN drop: 18816 events
Run 25694: after Δt cut: 9144 events
Run 25694: after total_pe cut: 9143 events
Run 25694: after time-std < 40.0 ns cut: 9143 events
Correlation map saved to /raid1/genli/Data_D2O/M1_data/BRN/analysis_25306-26233_M1_20251030-013056/subjob_25686-25704/run25694_20250917-00/cuthist/Run_25694_M1_correlation_map.png
--- Processing run 25695 ---
Low-light fits saved to /raid1/genli/Data_D2O/M1_data/BRN/analysis_25306-26233_M1_20251030-013056/subjob_25686-25704/run25695_20250917-01/lowlight/Run25695_M1_low_light_fits.png
Low-light fit data saved to /raid1/genli/Data_D2O/M1_data/BRN/analysis_25306-26233_M1_20251030-013056/subjob_25686-25704/run25695_20250917-01/lowlight/Run25695_M1_low_light_fits.pkl
Veto efficiency plot saved to /raid1/genli/Data_D2O/M1_data/BRN/analysis_25306-26233_M1_20251030-013056/subjob_25686-25704/run25695_20250917-01/histograms/25695_M1_veto_efficiency.png
Veto efficiency data saved to /raid1/genli/Data_D2O/M1_data/BRN/analysis_25306-26233_M1_20251030-013056/subjob_25686-25704/run25695_20250917-01/histograms/25695_M1_veto_efficiency.pkl
Run 25695: after NaN drop: 18743 events
Run 25695: after Δt cut: 9160 events
Run 25695: after total_pe cut: 9159 events
Run 25695: after time-std < 40.0 ns cut: 9159 events
Correlation map saved to /raid1/genli/Data_D2O/M1_data/BRN/analysis_25306-26233_M1_20251030-013056/subjob_25686-25704/run25695_20250917-01/cuthist/Run_25695_M1_correlation_map.png
--- Processing run 25696 ---
Low-light fits saved to /raid1/genli/Data_D2O/M1_data/BRN/analysis_25306-26233_M1_20251030-013056/subjob_25686-25704/run25696_20250917-02/lowlight/Run25696_M1_low_light_fits.png
Low-light fit data saved to /raid1/genli/Data_D2O/M1_data/BRN/analysis_25306-26233_M1_20251030-013056/subjob_25686-25704/run25696_20250917-02/lowlight/Run25696_M1_low_light_fits.pkl
Veto efficiency plot saved to /raid1/genli/Data_D2O/M1_data/BRN/analysis_25306-26233_M1_20251030-013056/subjob_25686-25704/run25696_20250917-02/histograms/25696_M1_veto_efficiency.png
Veto efficiency data saved to /raid1/genli/Data_D2O/M1_data/BRN/analysis_25306-26233_M1_20251030-013056/subjob_25686-25704/run25696_20250917-02/histograms/25696_M1_veto_efficiency.pkl
Run 25696: after NaN drop: 18859 events
Run 25696: after Δt cut: 9136 events
Run 25696: after total_pe cut: 9135 events
Run 25696: after time-std < 40.0 ns cut: 9135 events
Correlation map saved to /raid1/genli/Data_D2O/M1_data/BRN/analysis_25306-26233_M1_20251030-013056/subjob_25686-25704/run25696_20250917-02/cuthist/Run_25696_M1_correlation_map.png
--- Processing run 25697 ---
Low-light fits saved to /raid1/genli/Data_D2O/M1_data/BRN/analysis_25306-26233_M1_20251030-013056/subjob_25686-25704/run25697_20250917-03/lowlight/Run25697_M1_low_light_fits.png
Low-light fit data saved to /raid1/genli/Data_D2O/M1_data/BRN/analysis_25306-26233_M1_20251030-013056/subjob_25686-25704/run25697_20250917-03/lowlight/Run25697_M1_low_light_fits.pkl
Veto efficiency plot saved to /raid1/genli/Data_D2O/M1_data/BRN/analysis_25306-26233_M1_20251030-013056/subjob_25686-25704/run25697_20250917-03/histograms/25697_M1_veto_efficiency.png
Veto efficiency data saved to /raid1/genli/Data_D2O/M1_data/BRN/analysis_25306-26233_M1_20251030-013056/subjob_25686-25704/run25697_20250917-03/histograms/25697_M1_veto_efficiency.pkl
Run 25697: after NaN drop: 18694 events
Run 25697: after Δt cut: 9207 events
Run 25697: after total_pe cut: 9206 events
Run 25697: after time-std < 40.0 ns cut: 9206 events
Correlation map saved to /raid1/genli/Data_D2O/M1_data/BRN/analysis_25306-26233_M1_20251030-013056/subjob_25686-25704/run25697_20250917-03/cuthist/Run_25697_M1_correlation_map.png
--- Processing run 25698 ---
Low-light fits saved to /raid1/genli/Data_D2O/M1_data/BRN/analysis_25306-26233_M1_20251030-013056/subjob_25686-25704/run25698_20250917-04/lowlight/Run25698_M1_low_light_fits.png
Low-light fit data saved to /raid1/genli/Data_D2O/M1_data/BRN/analysis_25306-26233_M1_20251030-013056/subjob_25686-25704/run25698_20250917-04/lowlight/Run25698_M1_low_light_fits.pkl
Veto efficiency plot saved to /raid1/genli/Data_D2O/M1_data/BRN/analysis_25306-26233_M1_20251030-013056/subjob_25686-25704/run25698_20250917-04/histograms/25698_M1_veto_efficiency.png
Veto efficiency data saved to /raid1/genli/Data_D2O/M1_data/BRN/analysis_25306-26233_M1_20251030-013056/subjob_25686-25704/run25698_20250917-04/histograms/25698_M1_veto_efficiency.pkl
Run 25698: after NaN drop: 18655 events
Run 25698: after Δt cut: 9060 events
Run 25698: after total_pe cut: 9060 events
Run 25698: after time-std < 40.0 ns cut: 9060 events
Correlation map saved to /raid1/genli/Data_D2O/M1_data/BRN/analysis_25306-26233_M1_20251030-013056/subjob_25686-25704/run25698_20250917-04/cuthist/Run_25698_M1_correlation_map.png
--- Processing run 25699 ---
Low-light fits saved to /raid1/genli/Data_D2O/M1_data/BRN/analysis_25306-26233_M1_20251030-013056/subjob_25686-25704/run25699_20250917-05/lowlight/Run25699_M1_low_light_fits.png
Low-light fit data saved to /raid1/genli/Data_D2O/M1_data/BRN/analysis_25306-26233_M1_20251030-013056/subjob_25686-25704/run25699_20250917-05/lowlight/Run25699_M1_low_light_fits.pkl
Veto efficiency plot saved to /raid1/genli/Data_D2O/M1_data/BRN/analysis_25306-26233_M1_20251030-013056/subjob_25686-25704/run25699_20250917-05/histograms/25699_M1_veto_efficiency.png
Veto efficiency data saved to /raid1/genli/Data_D2O/M1_data/BRN/analysis_25306-26233_M1_20251030-013056/subjob_25686-25704/run25699_20250917-05/histograms/25699_M1_veto_efficiency.pkl
Run 25699: after NaN drop: 18741 events
Run 25699: after Δt cut: 9201 events
Run 25699: after total_pe cut: 9201 events
Run 25699: after time-std < 40.0 ns cut: 9201 events
Correlation map saved to /raid1/genli/Data_D2O/M1_data/BRN/analysis_25306-26233_M1_20251030-013056/subjob_25686-25704/run25699_20250917-05/cuthist/Run_25699_M1_correlation_map.png
--- Processing run 25700 ---
Low-light fits saved to /raid1/genli/Data_D2O/M1_data/BRN/analysis_25306-26233_M1_20251030-013056/subjob_25686-25704/run25700_20250917-06/lowlight/Run25700_M1_low_light_fits.png
Low-light fit data saved to /raid1/genli/Data_D2O/M1_data/BRN/analysis_25306-26233_M1_20251030-013056/subjob_25686-25704/run25700_20250917-06/lowlight/Run25700_M1_low_light_fits.pkl
Veto efficiency plot saved to /raid1/genli/Data_D2O/M1_data/BRN/analysis_25306-26233_M1_20251030-013056/subjob_25686-25704/run25700_20250917-06/histograms/25700_M1_veto_efficiency.png
Veto efficiency data saved to /raid1/genli/Data_D2O/M1_data/BRN/analysis_25306-26233_M1_20251030-013056/subjob_25686-25704/run25700_20250917-06/histograms/25700_M1_veto_efficiency.pkl
Run 25700: after NaN drop: 18988 events
Run 25700: after Δt cut: 9047 events
Run 25700: after total_pe cut: 9045 events
Run 25700: after time-std < 40.0 ns cut: 9045 events
Correlation map saved to /raid1/genli/Data_D2O/M1_data/BRN/analysis_25306-26233_M1_20251030-013056/subjob_25686-25704/run25700_20250917-06/cuthist/Run_25700_M1_correlation_map.png
--- Processing run 25701 ---
Low-light fits saved to /raid1/genli/Data_D2O/M1_data/BRN/analysis_25306-26233_M1_20251030-013056/subjob_25686-25704/run25701_20250917-07/lowlight/Run25701_M1_low_light_fits.png
Low-light fit data saved to /raid1/genli/Data_D2O/M1_data/BRN/analysis_25306-26233_M1_20251030-013056/subjob_25686-25704/run25701_20250917-07/lowlight/Run25701_M1_low_light_fits.pkl
Veto efficiency plot saved to /raid1/genli/Data_D2O/M1_data/BRN/analysis_25306-26233_M1_20251030-013056/subjob_25686-25704/run25701_20250917-07/histograms/25701_M1_veto_efficiency.png
Veto efficiency data saved to /raid1/genli/Data_D2O/M1_data/BRN/analysis_25306-26233_M1_20251030-013056/subjob_25686-25704/run25701_20250917-07/histograms/25701_M1_veto_efficiency.pkl
Run 25701: after NaN drop: 18765 events
Run 25701: after Δt cut: 9058 events
Run 25701: after total_pe cut: 9055 events
Run 25701: after time-std < 40.0 ns cut: 9055 events
Correlation map saved to /raid1/genli/Data_D2O/M1_data/BRN/analysis_25306-26233_M1_20251030-013056/subjob_25686-25704/run25701_20250917-07/cuthist/Run_25701_M1_correlation_map.png
--- Processing run 25702 ---
Low-light fits saved to /raid1/genli/Data_D2O/M1_data/BRN/analysis_25306-26233_M1_20251030-013056/subjob_25686-25704/run25702_20250917-08/lowlight/Run25702_M1_low_light_fits.png
Low-light fit data saved to /raid1/genli/Data_D2O/M1_data/BRN/analysis_25306-26233_M1_20251030-013056/subjob_25686-25704/run25702_20250917-08/lowlight/Run25702_M1_low_light_fits.pkl
Veto efficiency plot saved to /raid1/genli/Data_D2O/M1_data/BRN/analysis_25306-26233_M1_20251030-013056/subjob_25686-25704/run25702_20250917-08/histograms/25702_M1_veto_efficiency.png
Veto efficiency data saved to /raid1/genli/Data_D2O/M1_data/BRN/analysis_25306-26233_M1_20251030-013056/subjob_25686-25704/run25702_20250917-08/histograms/25702_M1_veto_efficiency.pkl
Run 25702: after NaN drop: 18573 events
Run 25702: after Δt cut: 9061 events
Run 25702: after total_pe cut: 9060 events
Run 25702: after time-std < 40.0 ns cut: 9060 events
Correlation map saved to /raid1/genli/Data_D2O/M1_data/BRN/analysis_25306-26233_M1_20251030-013056/subjob_25686-25704/run25702_20250917-08/cuthist/Run_25702_M1_correlation_map.png
--- Processing run 25703 ---
Low-light fits saved to /raid1/genli/Data_D2O/M1_data/BRN/analysis_25306-26233_M1_20251030-013056/subjob_25686-25704/run25703_20250917-09/lowlight/Run25703_M1_low_light_fits.png
Low-light fit data saved to /raid1/genli/Data_D2O/M1_data/BRN/analysis_25306-26233_M1_20251030-013056/subjob_25686-25704/run25703_20250917-09/lowlight/Run25703_M1_low_light_fits.pkl
Veto efficiency plot saved to /raid1/genli/Data_D2O/M1_data/BRN/analysis_25306-26233_M1_20251030-013056/subjob_25686-25704/run25703_20250917-09/histograms/25703_M1_veto_efficiency.png
Veto efficiency data saved to /raid1/genli/Data_D2O/M1_data/BRN/analysis_25306-26233_M1_20251030-013056/subjob_25686-25704/run25703_20250917-09/histograms/25703_M1_veto_efficiency.pkl
Run 25703: after NaN drop: 18893 events
Run 25703: after Δt cut: 9125 events
Run 25703: after total_pe cut: 9125 events
Run 25703: after time-std < 40.0 ns cut: 9125 events
Correlation map saved to /raid1/genli/Data_D2O/M1_data/BRN/analysis_25306-26233_M1_20251030-013056/subjob_25686-25704/run25703_20250917-09/cuthist/Run_25703_M1_correlation_map.png
--- Processing run 25704 ---
Low-light fits saved to /raid1/genli/Data_D2O/M1_data/BRN/analysis_25306-26233_M1_20251030-013056/subjob_25686-25704/run25704_20250917-10/lowlight/Run25704_M1_low_light_fits.png
Low-light fit data saved to /raid1/genli/Data_D2O/M1_data/BRN/analysis_25306-26233_M1_20251030-013056/subjob_25686-25704/run25704_20250917-10/lowlight/Run25704_M1_low_light_fits.pkl
Veto efficiency plot saved to /raid1/genli/Data_D2O/M1_data/BRN/analysis_25306-26233_M1_20251030-013056/subjob_25686-25704/run25704_20250917-10/histograms/25704_M1_veto_efficiency.png
Veto efficiency data saved to /raid1/genli/Data_D2O/M1_data/BRN/analysis_25306-26233_M1_20251030-013056/subjob_25686-25704/run25704_20250917-10/histograms/25704_M1_veto_efficiency.pkl
Run 25704: after NaN drop: 18583 events
Run 25704: after Δt cut: 8958 events
Run 25704: after total_pe cut: 8958 events
Run 25704: after time-std < 40.0 ns cut: 8958 events
Correlation map saved to /raid1/genli/Data_D2O/M1_data/BRN/analysis_25306-26233_M1_20251030-013056/subjob_25686-25704/run25704_20250917-10/cuthist/Run_25704_M1_correlation_map.png
Saving aggregated data for sub-job 25686-25704...
Successfully saved data for master aggregation.
--- Sub-job Analysis Complete ---
