/home/genli/.local/lib/python3.9/site-packages/numpy/lib/nanfunctions.py:1878: RuntimeWarning: Degrees of freedom <= 0 for slice.
  var = nanvar(a, axis=axis, dtype=dtype, out=out, ddof=ddof,
/usr/local/lib64/python3.9/site-packages/scipy/stats/_stats_py.py:4424: ConstantInputWarning: An input array is constant; the correlation coefficient is not defined.
  warnings.warn(stats.ConstantInputWarning(msg))
/usr/local/lib64/python3.9/site-packages/scipy/stats/_stats_py.py:4424: ConstantInputWarning: An input array is constant; the correlation coefficient is not defined.
  warnings.warn(stats.ConstantInputWarning(msg))
/usr/local/lib64/python3.9/site-packages/scipy/stats/_stats_py.py:4424: ConstantInputWarning: An input array is constant; the correlation coefficient is not defined.
  warnings.warn(stats.ConstantInputWarning(msg))
/usr/local/lib64/python3.9/site-packages/scipy/stats/_stats_py.py:4424: ConstantInputWarning: An input array is constant; the correlation coefficient is not defined.
  warnings.warn(stats.ConstantInputWarning(msg))
/home/genli/.local/lib/python3.9/site-packages/numpy/lib/nanfunctions.py:1878: RuntimeWarning: Degrees of freedom <= 0 for slice.
  var = nanvar(a, axis=axis, dtype=dtype, out=out, ddof=ddof,
/usr/local/lib64/python3.9/site-packages/scipy/stats/_stats_py.py:4424: ConstantInputWarning: An input array is constant; the correlation coefficient is not defined.
  warnings.warn(stats.ConstantInputWarning(msg))
/usr/local/lib64/python3.9/site-packages/scipy/stats/_stats_py.py:4424: ConstantInputWarning: An input array is constant; the correlation coefficient is not defined.
  warnings.warn(stats.ConstantInputWarning(msg))
/usr/local/lib64/python3.9/site-packages/scipy/stats/_stats_py.py:4424: ConstantInputWarning: An input array is constant; the correlation coefficient is not defined.
  warnings.warn(stats.ConstantInputWarning(msg))
/usr/local/lib64/python3.9/site-packages/scipy/stats/_stats_py.py:4424: ConstantInputWarning: An input array is constant; the correlation coefficient is not defined.
  warnings.warn(stats.ConstantInputWarning(msg))
/home/genli/.local/lib/python3.9/site-packages/numpy/lib/nanfunctions.py:1878: RuntimeWarning: Degrees of freedom <= 0 for slice.
  var = nanvar(a, axis=axis, dtype=dtype, out=out, ddof=ddof,
/usr/local/lib64/python3.9/site-packages/scipy/stats/_stats_py.py:4424: ConstantInputWarning: An input array is constant; the correlation coefficient is not defined.
  warnings.warn(stats.ConstantInputWarning(msg))
/usr/local/lib64/python3.9/site-packages/scipy/stats/_stats_py.py:4424: ConstantInputWarning: An input array is constant; the correlation coefficient is not defined.
  warnings.warn(stats.ConstantInputWarning(msg))
/usr/local/lib64/python3.9/site-packages/scipy/stats/_stats_py.py:4424: ConstantInputWarning: An input array is constant; the correlation coefficient is not defined.
  warnings.warn(stats.ConstantInputWarning(msg))
/usr/local/lib64/python3.9/site-packages/scipy/stats/_stats_py.py:4424: ConstantInputWarning: An input array is constant; the correlation coefficient is not defined.
  warnings.warn(stats.ConstantInputWarning(msg))
=== Configuration ===
Analysis type: M1
Runs: 15076 to 15078
Output Directory for this job: /raid1/genli/Data_D2O/M1_data/analysis_14977-15096_M1_20251202-213748/subjob_15076-15078
Δt cut: (2197, 10985) ns
Photoelectron cut: (0, 1000) P.E.
Time-std cut: < 40.0 ns
======================
--- Processing run 15076 ---
Length of time: 3597971346384.0 ns
Length of time: 59.966189106399995 minutes
Low-light fits saved to /raid1/genli/Data_D2O/M1_data/analysis_14977-15096_M1_20251202-213748/subjob_15076-15078/run15076_20240605-02/lowlight/Run15076_M1_low_light_fits.png
Low-light fit data saved to /raid1/genli/Data_D2O/M1_data/analysis_14977-15096_M1_20251202-213748/subjob_15076-15078/run15076_20240605-02/lowlight/Run15076_M1_low_light_fits.pkl
Applying 2000 ns time interval cut...
Time interval cut: Kept 2387434 / 2408897 events
Veto efficiency plot saved to /raid1/genli/Data_D2O/M1_data/analysis_14977-15096_M1_20251202-213748/subjob_15076-15078/run15076_20240605-02/histograms/15076_M1_veto_efficiency.png
Veto efficiency data saved to /raid1/genli/Data_D2O/M1_data/analysis_14977-15096_M1_20251202-213748/subjob_15076-15078/run15076_20240605-02/histograms/15076_M1_veto_efficiency.pkl
Run 15076: after NaN drop: 7427 events
Run 15076: after Δt cut: 5018 events
Run 15076: after total_pe cut: 5015 events
Run 15076: after time-std < 40.0 ns cut: 5015 events
Correlation map saved to /raid1/genli/Data_D2O/M1_data/analysis_14977-15096_M1_20251202-213748/subjob_15076-15078/run15076_20240605-02/cuthist/Run_15076_M1_correlation_map.png
--- Processing run 15077 ---
Length of time: 3597976129616.0 ns
Length of time: 59.96626882693333 minutes
Low-light fits saved to /raid1/genli/Data_D2O/M1_data/analysis_14977-15096_M1_20251202-213748/subjob_15076-15078/run15077_20240605-03/lowlight/Run15077_M1_low_light_fits.png
Low-light fit data saved to /raid1/genli/Data_D2O/M1_data/analysis_14977-15096_M1_20251202-213748/subjob_15076-15078/run15077_20240605-03/lowlight/Run15077_M1_low_light_fits.pkl
Applying 2000 ns time interval cut...
Time interval cut: Kept 2379719 / 2401277 events
Veto efficiency plot saved to /raid1/genli/Data_D2O/M1_data/analysis_14977-15096_M1_20251202-213748/subjob_15076-15078/run15077_20240605-03/histograms/15077_M1_veto_efficiency.png
Veto efficiency data saved to /raid1/genli/Data_D2O/M1_data/analysis_14977-15096_M1_20251202-213748/subjob_15076-15078/run15077_20240605-03/histograms/15077_M1_veto_efficiency.pkl
Run 15077: after NaN drop: 7373 events
Run 15077: after Δt cut: 4916 events
Run 15077: after total_pe cut: 4911 events
Run 15077: after time-std < 40.0 ns cut: 4911 events
Correlation map saved to /raid1/genli/Data_D2O/M1_data/analysis_14977-15096_M1_20251202-213748/subjob_15076-15078/run15077_20240605-03/cuthist/Run_15077_M1_correlation_map.png
--- Processing run 15078 ---
Length of time: 3597976029216.0 ns
Length of time: 59.9662671536 minutes
Low-light fits saved to /raid1/genli/Data_D2O/M1_data/analysis_14977-15096_M1_20251202-213748/subjob_15076-15078/run15078_20240605-04/lowlight/Run15078_M1_low_light_fits.png
Low-light fit data saved to /raid1/genli/Data_D2O/M1_data/analysis_14977-15096_M1_20251202-213748/subjob_15076-15078/run15078_20240605-04/lowlight/Run15078_M1_low_light_fits.pkl
Applying 2000 ns time interval cut...
Time interval cut: Kept 2362030 / 2383566 events
Veto efficiency plot saved to /raid1/genli/Data_D2O/M1_data/analysis_14977-15096_M1_20251202-213748/subjob_15076-15078/run15078_20240605-04/histograms/15078_M1_veto_efficiency.png
Veto efficiency data saved to /raid1/genli/Data_D2O/M1_data/analysis_14977-15096_M1_20251202-213748/subjob_15076-15078/run15078_20240605-04/histograms/15078_M1_veto_efficiency.pkl
Run 15078: after NaN drop: 7661 events
Run 15078: after Δt cut: 5151 events
Run 15078: after total_pe cut: 5146 events
Run 15078: after time-std < 40.0 ns cut: 5146 events
Correlation map saved to /raid1/genli/Data_D2O/M1_data/analysis_14977-15096_M1_20251202-213748/subjob_15076-15078/run15078_20240605-04/cuthist/Run_15078_M1_correlation_map.png
Saving aggregated data for sub-job 15076-15078...
Sub-job time length saved to /raid1/genli/Data_D2O/M1_data/analysis_14977-15096_M1_20251202-213748/subjob_15076-15078/subjob_time_length.json
Successfully saved data for master aggregation.
--- Sub-job Analysis Complete ---
